#
# A fatal error has been detected by the Java Runtime Environment:
#
#  SIGSEGV (0xb) at pc=0x000000011203c205, pid=18419, tid=25347
#
# JRE version: OpenJDK Runtime Environment (14.0) (build 14-internal+0-adhoc.jigga.loom)
# Java VM: OpenJDK 64-Bit Server VM (14-internal+0-adhoc.jigga.loom, mixed mode, sharing, tiered, compressed oops, g1 gc, bsd-amd64)
# Problematic frame:
# C  0x000000011203c205
#
# No core dump will be written. Core dumps have been disabled. To enable core dumping, try "ulimit -c unlimited" before starting Java again
#
# If you would like to submit a bug report, please visit:
#   http://bugreport.java.com/bugreport/crash.jsp
#

---------------  S U M M A R Y ------------

Command Line: -Dfile.encoding=UTF-8 -Duser.country=PL -Duser.language=en -Duser.variant loom.workshop.WorkshopService

Host: MacBookPro15,1 x86_64 2600 MHz, 12 cores, 16G, Darwin 18.6.0
Time: Tue Sep 17 11:22:30 2019 CEST elapsed time: 2001 seconds (0d 0h 33m 21s)

---------------  T H R E A D  ---------------

Current thread (0x00007fe2072c4800):  GCTaskThread "GC Thread#1" [stack: 0x0000700006e06000,0x0000700006f06000] [id=25347]

Stack: [0x0000700006e06000,0x0000700006f06000],  sp=0x0000700006f05bd8,  free space=1022k
Native frames: (J=compiled Java code, A=aot compiled Java code, j=interpreted, Vv=VM code, C=native code)
C  0x000000011203c205
V  [libjvm.dylib+0x3f53ad]  _ZN18G1CodeRootSetTable11nmethods_doEP15CodeBlobClosure+0x33
V  [libjvm.dylib+0x432b37]  _ZN32G1ScanCollectionSetRegionClosure14do_heap_regionEP10HeapRegion+0xd9
V  [libjvm.dylib+0x40238c]  _ZNK15G1CollectionSet29iterate_incremental_part_fromEP17HeapRegionClosureP17HeapRegionClaimerjj+0x84
V  [libjvm.dylib+0x430819]  _ZN8G1RemSet27scan_collection_set_regionsEP20G1ParScanThreadStatejN14G1GCPhaseTimes11GCParPhasesES3_S3_+0x8d
V  [libjvm.dylib+0x3fe6a0]  _ZN25G1EvacuateRegionsBaseTask4workEj+0x88
V  [libjvm.dylib+0x929bf1]  _ZN10GangWorker4loopEv+0x43
V  [libjvm.dylib+0x8acedd]  _ZN6Thread8call_runEv+0x71
V  [libjvm.dylib+0x73e617]  _ZL19thread_native_entryP6Thread+0x132
C  [libsystem_pthread.dylib+0x32eb]  _pthread_body+0x7e
C  [libsystem_pthread.dylib+0x6249]  _pthread_start+0x42
C  [libsystem_pthread.dylib+0x240d]  thread_start+0xd


siginfo: si_signo: 11 (SIGSEGV), si_code: 1 (SEGV_MAPERR), si_addr: 0x0000000012039780

Register to memory mapping:

RAX=0x0000000012039780 is an unknown value
RBX=0x0000000112018d10 points into unknown readable memory: 80 97 03 12 01 00 00 00
RCX=0x0001380292c96601 is an unknown value
RDX=0x0 is NULL
RSP=0x0000700006f05bd8 points into unknown readable memory: 4c 4e df 04 01 00 00 00
RBP=0x0000700006f05bf0 points into unknown readable memory: 20 5c f0 06 00 70 00 00
RSI=0x0000000112018d10 points into unknown readable memory: 80 97 03 12 01 00 00 00
RDI=0x0000000112018d10 points into unknown readable memory: 80 97 03 12 01 00 00 00
R8 =0x00000000000000ef is an unknown value
R9 =0x00000000dfffffff is an unknown value
R10=0x00007fe205700000 points into unknown readable memory: 40 ac 43 b1 ff 7f 00 00
R11=0x0000000000000007 is an unknown value
R12=0x00007fe20cf356e8 points into unknown readable memory: 60 a3 4a 05 01 00 00 00
R13=0x000000000000001f is an unknown value
R14=0x00007fe20cf356e8 points into unknown readable memory: 60 a3 4a 05 01 00 00 00
R15=0x000000000000000a is an unknown value


Registers:
RAX=0x0000000012039780, RBX=0x0000000112018d10, RCX=0x0001380292c96601, RDX=0x0000000000000000
RSP=0x0000700006f05bd8, RBP=0x0000700006f05bf0, RSI=0x0000000112018d10, RDI=0x0000000112018d10
R8 =0x00000000000000ef, R9 =0x00000000dfffffff, R10=0x00007fe205700000, R11=0x0000000000000007
R12=0x00007fe20cf356e8, R13=0x000000000000001f, R14=0x00007fe20cf356e8, R15=0x000000000000000a
RIP=0x000000011203c205, EFLAGS=0x0000000000010202, ERR=0x0000000000000006
  TRAPNO=0x000000000000000e

Top of Stack: (sp=0x0000700006f05bd8)
0x0000700006f05bd8:   0000000104df4e4c 00007fe20ce8cc30
0x0000700006f05be8:   00007fe20ce8bf80 0000700006f05c20
0x0000700006f05bf8:   0000000104df53ad 0000700006f05d10
0x0000700006f05c08:   000000000000001f 00007fe205615c20
0x0000700006f05c18:   0000000000000001 0000700006f05cb0
0x0000700006f05c28:   0000000104e32b37 00007fe20cf3f710
0x0000700006f05c38:   000001d1e7a94728 0000000000000000
0x0000700006f05c48:   0000700006f05d50 0000700006f05d60
0x0000700006f05c58:   0000700006f05d00 0000000000000000
0x0000700006f05c68:   0000000000000000 00007fe205413400
0x0000700006f05c78:   00007fe205810e00 0000700006f05cc0
0x0000700006f05c88:   0000000104e1f9d1 00007fe2058110a8
0x0000700006f05c98:   0000000000000003 0000700006f05d10
0x0000700006f05ca8:   0000000000000000 0000700006f05d00
0x0000700006f05cb8:   0000000104e0238c 0000700006f05d90
0x0000700006f05cc8:   0000000000000009 000000000000000e
0x0000700006f05cd8:   00007fe205413470 0000700006f05dd8
0x0000700006f05ce8:   0000000000000007 0000000000000013
0x0000700006f05cf8:   0000700006f05d10 0000700006f05dc0
0x0000700006f05d08:   0000000104e30819 00000001054ac6c8
0x0000700006f05d18:   0000000000000001 00007fe20cf3f710
0x0000700006f05d28:   00007fe2054134e0 0000001500000013
0x0000700006f05d38:   0000000000000007 0000000000000000
0x0000700006f05d48:   0000000000000000 0000000000019a15
0x0000700006f05d58:   0000000000000000 0000000000000000
0x0000700006f05d68:   0000000000000000 0000000000000000
0x0000700006f05d78:   0000000000000000 0000000000000000
0x0000700006f05d88:   0000000000000000 0000001500000017
0x0000700006f05d98:   00007000063e4748 0000700006f05dd8
0x0000700006f05da8:   00007fe20cf3f710 0000000000000007
0x0000700006f05db8:   0000700006f05e10 0000700006f05e60
0x0000700006f05dc8:   0000000104dfe6a0 0000000000000000 

Instructions: (pc=0x000000011203c205)
0x000000011203c105:   00 00 01 09 01 00 00 02 00 d2 03 00 92 00 01 00
0x000000011203c115:   0c 00 00 00 01 05 01 00 00 00 00 ff ff ff ff 00
0x000000011203c125:   00 00 00 00 00 00 00 00 00 00 00 cc 02 00 00 06
0x000000011203c135:   00 00 00 00 00 00 00 00 00 00 00 00 03 00 00 12
0x000000011203c145:   00 00 00 00 00 00 00 00 00 00 00 0e 03 00 00 18
0x000000011203c155:   00 00 00 00 00 00 00 00 00 00 00 13 03 00 00 06
0x000000011203c165:   00 00 00 00 00 00 00 00 00 00 00 09 04 00 00 00
0x000000011203c175:   00 00 00 00 00 00 00 00 00 00 00 02 02 00 00 00
0x000000011203c185:   00 00 00 01 00 00 00 18 02 00 00 0e 03 00 00 00
0x000000011203c195:   00 00 00 00 00 00 00 00 00 00 00 00 00 00 00 00
0x000000011203c1a5:   00 00 00 00 00 00 00 00 00 00 00 00 00 00 00 00
0x000000011203c1b5:   00 00 00 00 00 00 00 00 00 00 00 00 00 00 00 00
0x000000011203c1c5:   00 00 00 00 00 00 00 00 00 00 00 00 00 00 00 00
0x000000011203c1d5:   00 00 00 00 00 00 00 00 00 00 00 00 00 00 00 00
0x000000011203c1e5:   00 00 00 00 00 00 00 00 00 00 00 00 00 00 00 00
0x000000011203c1f5:   00 00 00 00 00 00 00 00 00 00 00 0d 00 00 00 00
0x000000011203c205:   00 00 00 00 00 00 00 00 00 00 00 80 ce 03 12 01
0x000000011203c215:   00 00 00 01 00 00 00 00 06 00 00 78 01 00 00 4c
0x000000011203c225:   00 00 00 d8 04 00 00 0a 00 00 00 e0 c3 03 12 01
0x000000011203c235:   00 00 00 e8 c6 03 12 01 00 00 00 e0 c3 03 12 01
0x000000011203c245:   00 00 00 10 c8 03 12 01 00 00 00 88 c3 03 12 01
0x000000011203c255:   00 00 00 e0 c3 03 12 01 00 00 00 01 00 00 00 00
0x000000011203c265:   00 00 00 00 00 00 00 00 00 00 00 00 00 00 00 00
0x000000011203c275:   00 00 00 31 47 38 05 01 00 00 00 00 00 00 00 00
0x000000011203c285:   00 00 00 00 00 00 00 00 00 00 00 18 c7 03 12 01
0x000000011203c295:   00 00 00 d0 c6 03 12 01 00 00 00 00 00 00 00 00
0x000000011203c2a5:   00 00 00 68 c7 03 12 01 00 00 00 58 c7 03 12 01
0x000000011203c2b5:   00 00 00 58 c7 03 12 01 00 00 00 58 c7 03 12 01
0x000000011203c2c5:   00 00 00 00 00 00 00 00 00 00 00 00 00 00 00 00
0x000000011203c2d5:   00 00 00 00 00 00 00 00 00 00 00 ff ff ff ff 00
0x000000011203c2e5:   00 00 00 00 00 00 00 00 00 00 00 00 00 00 00 00
0x000000011203c2f5:   00 00 00 00 00 00 00 00 00 00 00 e0 c3 03 12 01 


Stack slot to memory mapping:
stack at sp + 0 slots: 0x0000000104df4e4c: _ZN17G1CodeBlobClosure12do_code_blobEP8CodeBlob+0x16 in /Library/Java/JavaVirtualMachines/jdk-14-loom-20190902.jdk/Contents/Home/lib/server/libjvm.dylib at 0x0000000104a00000
stack at sp + 1 slots: 0x00007fe20ce8cc30 points into unknown readable memory: 0a 8e 25 10 00 00 00 00
stack at sp + 2 slots: 0x00007fe20ce8bf80 points into unknown readable memory: 00 02 00 00 00 00 00 30
stack at sp + 3 slots: 0x0000700006f05c20 points into unknown readable memory: b0 5c f0 06 00 70 00 00
stack at sp + 4 slots: 0x0000000104df53ad: _ZN18G1CodeRootSetTable11nmethods_doEP15CodeBlobClosure+0x33 in /Library/Java/JavaVirtualMachines/jdk-14-loom-20190902.jdk/Contents/Home/lib/server/libjvm.dylib at 0x0000000104a00000
stack at sp + 5 slots: 0x0000700006f05d10 points into unknown readable memory: c8 c6 4a 05 01 00 00 00
stack at sp + 6 slots: 0x000000000000001f is an unknown value
stack at sp + 7 slots: 0x00007fe205615c20 points into unknown readable memory: a0 ea 4a 05 01 00 00 00


---------------  P R O C E S S  ---------------

Threads class SMR info:
_java_thread_list=0x00007fe206d07ad0, length=31, elements={
0x00007fe208000000, 0x00007fe208802800, 0x00007fe2070c3800, 0x00007fe20600b000,
0x00007fe205867000, 0x00007fe2070c4800, 0x00007fe20588a800, 0x00007fe20780f800,
0x00007fe208b9d000, 0x00007fe207398800, 0x00007fe208ba3800, 0x00007fe207ad8000,
0x00007fe207503800, 0x00007fe206390800, 0x00007fe20750c000, 0x00007fe205c4a800,
0x00007fe205df5000, 0x00007fe207594800, 0x00007fe207bbc000, 0x00007fe207b01800,
0x00007fe207afd000, 0x00007fe208e68800, 0x00007fe208ba9800, 0x00007fe208a47000,
0x00007fe208003800, 0x00007fe208801000, 0x00007fe20db67000, 0x00007fe20db62800,
0x00007fe205a34000, 0x00007fe20dc28000, 0x00007fe20e0fc000
}

Java Threads: ( => current thread )
  0x00007fe208000000 JavaThread "Reference Handler" daemon [_thread_blocked, id=17667, stack(0x00007000063e8000,0x00007000064e8000)]
  0x00007fe208802800 JavaThread "Finalizer" daemon [_thread_blocked, id=17155, stack(0x00007000064eb000,0x00007000065eb000)]
  0x00007fe2070c3800 JavaThread "Signal Dispatcher" daemon [_thread_blocked, id=22019, stack(0x00007000065ee000,0x00007000066ee000)]
  0x00007fe20600b000 JavaThread "C2 CompilerThread0" daemon [_thread_blocked, id=22275, stack(0x00007000066f1000,0x00007000067f1000)]
  0x00007fe205867000 JavaThread "C1 CompilerThread0" daemon [_thread_blocked, id=23043, stack(0x00007000067f4000,0x00007000068f4000)]
  0x00007fe2070c4800 JavaThread "Sweeper thread" daemon [_thread_blocked, id=23555, stack(0x00007000068f7000,0x00007000069f7000)]
  0x00007fe20588a800 JavaThread "Service Thread" daemon [_thread_blocked, id=24323, stack(0x00007000069fa000,0x0000700006afa000)]
  0x00007fe20780f800 JavaThread "Common-Cleaner" daemon [_thread_blocked, id=24835, stack(0x0000700006c00000,0x0000700006d00000)]
  0x00007fe208b9d000 JavaThread "Catalina-utility-1" [_thread_blocked, id=26895, stack(0x0000700007418000,0x0000700007518000)]
  0x00007fe207398800 JavaThread "Catalina-utility-2" [_thread_blocked, id=27651, stack(0x000070000751b000,0x000070000761b000)]
  0x00007fe208ba3800 JavaThread "container-0" [_thread_blocked, id=28419, stack(0x000070000761e000,0x000070000771e000)]
  0x00007fe207ad8000 JavaThread "spring.cloud.inetutils" daemon [_thread_blocked, id=38915, stack(0x0000700007721000,0x0000700007821000)]
  0x00007fe207503800 JavaThread "HttpClient-1-SelectorManager" daemon [_thread_in_native, id=38147, stack(0x0000700007a2a000,0x0000700007b2a000)]
  0x00007fe206390800 JavaThread "Eureka-JerseyClient-Conn-Cleaner2" daemon [_thread_blocked, id=30211, stack(0x0000700007b2d000,0x0000700007c2d000)]
  0x00007fe20750c000 JavaThread "AsyncResolver-bootstrap-0" daemon [_thread_blocked, id=30467, stack(0x0000700007c30000,0x0000700007d30000)]
  0x00007fe205c4a800 JavaThread "DiscoveryClient-0" daemon [_thread_blocked, id=36611, stack(0x0000700007d33000,0x0000700007e33000)]
  0x00007fe205df5000 JavaThread "DiscoveryClient-1" daemon [_thread_blocked, id=35843, stack(0x0000700007e36000,0x0000700007f36000)]
  0x00007fe207594800 JavaThread "DiscoveryClient-InstanceInfoReplicator-0" daemon [_thread_blocked, id=30979, stack(0x0000700007f39000,0x0000700008039000)]
  0x00007fe207bbc000 JavaThread "http-nio-8080-BlockPoller" daemon [_thread_in_native, id=34819, stack(0x000070000803c000,0x000070000813c000)]
  0x00007fe207b01800 JavaThread "http-nio-8080-ClientPoller" daemon [_thread_in_native, id=32003, stack(0x000070000813f000,0x000070000823f000)]
  0x00007fe207afd000 JavaThread "http-nio-8080-Acceptor" daemon [_thread_in_native, id=34563, stack(0x0000700008242000,0x0000700008342000)]
  0x00007fe208e68800 JavaThread "DestroyJavaVM" [_thread_blocked, id=8451, stack(0x0000700005cd3000,0x0000700005dd3000)]
  0x00007fe208ba9800 JavaThread "pool-1-thread-1" [_thread_blocked, id=34051, stack(0x0000700008345000,0x0000700008445000)]
  0x00007fe208a47000 JavaThread "DiscoveryClient-HeartbeatExecutor-0" daemon [_thread_blocked, id=85763, stack(0x0000700008b5d000,0x0000700008c5d000)]
  0x00007fe208003800 JavaThread "DiscoveryClient-CacheRefreshExecutor-0" daemon [_thread_blocked, id=84995, stack(0x0000700008c60000,0x0000700008d60000)]
  0x00007fe208801000 JavaThread "AsyncResolver-bootstrap-executor-0" daemon [_thread_blocked, id=44555, stack(0x000070000854b000,0x000070000864b000)]
  0x00007fe20db67000 JavaThread "HttpClient-1-Worker-10" daemon [_thread_blocked, id=86023, stack(0x0000700008448000,0x0000700008548000)]
  0x00007fe20db62800 JavaThread "HttpClient-1-Worker-11" daemon [_thread_blocked, id=46343, stack(0x000070000864e000,0x000070000874e000)]
  0x00007fe205a34000 JavaThread "HttpClient-1-Worker-12" daemon [_thread_blocked, id=87051, stack(0x0000700008751000,0x0000700008851000)]
  0x00007fe20dc28000 JavaThread "HttpClient-1-Worker-13" daemon [_thread_blocked, id=83975, stack(0x0000700008a5a000,0x0000700008b5a000)]
  0x00007fe20e0fc000 JavaThread "HttpClient-1-Worker-14" daemon [_thread_blocked, id=32775, stack(0x0000700008d63000,0x0000700008e63000)]

Other Threads:
  0x00007fe206008000 VMThread "VM Thread" [stack: 0x00007000062e5000,0x00007000063e5000] [id=14595]
  0x00007fe205855800 WatcherThread [stack: 0x0000700006afd000,0x0000700006bfd000] [id=24579]
  0x00007fe205838800 GCTaskThread "GC Thread#0" [stack: 0x0000700005dd6000,0x0000700005ed6000] [id=11779]
=>0x00007fe2072c4800 GCTaskThread "GC Thread#1" [stack: 0x0000700006e06000,0x0000700006f06000] [id=25347]
  0x00007fe2072c5000 GCTaskThread "GC Thread#2" [stack: 0x0000700006f09000,0x0000700007009000] [id=40195]
  0x00007fe2072c6000 GCTaskThread "GC Thread#3" [stack: 0x000070000700c000,0x000070000710c000] [id=25603]
  0x00007fe2072c6800 GCTaskThread "GC Thread#4" [stack: 0x000070000710f000,0x000070000720f000] [id=25859]
  0x00007fe20a800000 GCTaskThread "GC Thread#5" [stack: 0x0000700007212000,0x0000700007312000] [id=39427]
  0x00007fe205c23000 GCTaskThread "GC Thread#6" [stack: 0x0000700007824000,0x0000700007924000] [id=29187]
  0x00007fe205c27000 GCTaskThread "GC Thread#7" [stack: 0x0000700007927000,0x0000700007a27000] [id=29699]
  0x00007fe2061cc800 GCTaskThread "GC Thread#8" [stack: 0x0000700008854000,0x0000700008954000] [id=86787]
  0x00007fe2061d4000 GCTaskThread "GC Thread#9" [stack: 0x0000700008957000,0x0000700008a57000] [id=45315]
  0x00007fe20584a000 ConcurrentGCThread "G1 Main Marker" [stack: 0x0000700005ed9000,0x0000700005fd9000] [id=12291]
  0x00007fe20700f000 ConcurrentGCThread "G1 Conc#0" [stack: 0x0000700005fdc000,0x00007000060dc000] [id=12803]
  0x00007fe208243800 ConcurrentGCThread "G1 Conc#1" [stack: 0x0000700006d03000,0x0000700006e03000] [id=40967]
  0x00007fe209802000 ConcurrentGCThread "G1 Conc#2" [stack: 0x0000700007315000,0x0000700007415000] [id=41223]
  0x00007fe2070b7800 ConcurrentGCThread "G1 Refine#0" [stack: 0x00007000060df000,0x00007000061df000] [id=19459]
  0x00007fe2070b8000 ConcurrentGCThread "G1 Young RemSet Sampling" [stack: 0x00007000061e2000,0x00007000062e2000] [id=18947]

Threads with active compile tasks:

VM state:at safepoint (normal execution)

VM Mutex/Monitor currently owned by a thread:  ([mutex/lock_event])
[0x00007fe206809740] Threads_lock - owner thread: 0x00007fe206008000
[0x00007fe20680a840] Heap_lock - owner thread: 0x00007fe20e0fc000

Heap address: 0x0000000700000000, size: 4096 MB, Compressed Oops mode: Zero based, Oop shift amount: 3
Narrow klass base: 0x0000000800000000, Narrow klass shift: 3
Compressed class space size: 1073741824 Address: 0x0000000800b47000

Heap:
 garbage-first heap   total 95232K, used 43575K [0x0000000700000000, 0x0000000800000000)
  region size 1024K, 2 young (2048K), 1 survivors (1024K)
 Metaspace       used 52439K, capacity 53616K, committed 53760K, reserved 1095680K
  class space    used 6174K, capacity 6634K, committed 6656K, reserved 1048576K
Heap Regions: E=young(eden), S=young(survivor), O=old, HS=humongous(starts), HC=humongous(continues), CS=collection set, F=free, A=archive, TAMS=top-at-mark-start (previous, next)
|   0|0x0000000700000000, 0x0000000700100000, 0x0000000700100000|100%| O|  |TAMS 0x0000000700100000, 0x0000000700000000| Untracked 
|   1|0x0000000700100000, 0x0000000700200000, 0x0000000700200000|100%| O|  |TAMS 0x0000000700200000, 0x0000000700100000| Untracked 
|   2|0x0000000700200000, 0x0000000700294c00, 0x0000000700300000| 58%| O|  |TAMS 0x0000000700294c00, 0x0000000700200000| Complete 
|   3|0x0000000700300000, 0x0000000700400000, 0x0000000700400000|100%| O|  |TAMS 0x0000000700400000, 0x0000000700300000| Complete 
|   4|0x0000000700400000, 0x0000000700500000, 0x0000000700500000|100%| O|  |TAMS 0x0000000700500000, 0x0000000700400000| Untracked 
|   5|0x0000000700500000, 0x0000000700600000, 0x0000000700600000|100%| O|  |TAMS 0x0000000700600000, 0x0000000700500000| Untracked 
|   6|0x0000000700600000, 0x0000000700700000, 0x0000000700700000|100%| O|  |TAMS 0x0000000700700000, 0x0000000700600000| Untracked 
|   7|0x0000000700700000, 0x0000000700800000, 0x0000000700800000|100%| O|  |TAMS 0x0000000700800000, 0x0000000700700000| Untracked 
|   8|0x0000000700800000, 0x0000000700900000, 0x0000000700900000|100%| O|  |TAMS 0x0000000700900000, 0x0000000700800000| Untracked 
|   9|0x0000000700900000, 0x0000000700a00000, 0x0000000700a00000|100%| O|  |TAMS 0x0000000700a00000, 0x0000000700900000| Complete 
|  10|0x0000000700a00000, 0x0000000700aab400, 0x0000000700b00000| 66%| O|CS|TAMS 0x0000000700aab400, 0x0000000700a00000| Complete 
|  11|0x0000000700b00000, 0x0000000700c00000, 0x0000000700c00000|100%| O|  |TAMS 0x0000000700c00000, 0x0000000700b00000| Untracked 
|  12|0x0000000700c00000, 0x0000000700d00000, 0x0000000700d00000|100%| O|  |TAMS 0x0000000700d00000, 0x0000000700c00000| Untracked 
|  13|0x0000000700d00000, 0x0000000700e00000, 0x0000000700e00000|100%| O|  |TAMS 0x0000000700e00000, 0x0000000700d00000| Untracked 
|  14|0x0000000700e00000, 0x0000000700f00000, 0x0000000700f00000|100%| O|  |TAMS 0x0000000700f00000, 0x0000000700e00000| Untracked 
|  15|0x0000000700f00000, 0x0000000701000000, 0x0000000701000000|100%| O|  |TAMS 0x0000000701000000, 0x0000000700f00000| Untracked 
|  16|0x0000000701000000, 0x0000000701100000, 0x0000000701100000|100%| O|  |TAMS 0x0000000701100000, 0x0000000701000000| Complete 
|  17|0x0000000701100000, 0x0000000701200000, 0x0000000701200000|100%| O|  |TAMS 0x0000000701200000, 0x0000000701100000| Untracked 
|  18|0x0000000701200000, 0x0000000701300000, 0x0000000701300000|100%| O|  |TAMS 0x0000000701300000, 0x0000000701200000| Untracked 
|  19|0x0000000701300000, 0x0000000701400000, 0x0000000701400000|100%| O|  |TAMS 0x0000000701400000, 0x0000000701300000| Untracked 
|  20|0x0000000701400000, 0x0000000701500000, 0x0000000701500000|100%| O|  |TAMS 0x0000000701500000, 0x0000000701400000| Untracked 
|  21|0x0000000701500000, 0x0000000701600000, 0x0000000701600000|100%| O|  |TAMS 0x0000000701600000, 0x0000000701500000| Complete 
|  22|0x0000000701600000, 0x0000000701700000, 0x0000000701700000|100%| O|  |TAMS 0x0000000701700000, 0x0000000701600000| Complete 
|  23|0x0000000701700000, 0x0000000701800000, 0x0000000701800000|100%| O|  |TAMS 0x0000000701800000, 0x0000000701700000| Untracked 
|  24|0x0000000701800000, 0x0000000701900000, 0x0000000701900000|100%| O|  |TAMS 0x0000000701900000, 0x0000000701800000| Untracked 
|  25|0x0000000701900000, 0x0000000701a00000, 0x0000000701a00000|100%| O|  |TAMS 0x0000000701a00000, 0x0000000701900000| Untracked 
|  26|0x0000000701a00000, 0x0000000701b00000, 0x0000000701b00000|100%| O|  |TAMS 0x0000000701b00000, 0x0000000701a00000| Untracked 
|  27|0x0000000701b00000, 0x0000000701c00000, 0x0000000701c00000|100%| O|  |TAMS 0x0000000701c00000, 0x0000000701b00000| Complete 
|  28|0x0000000701c00000, 0x0000000701d00000, 0x0000000701d00000|100%| O|CS|TAMS 0x0000000701d00000, 0x0000000701c00000| Complete 
|  29|0x0000000701d00000, 0x0000000701e00000, 0x0000000701e00000|100%| O|  |TAMS 0x0000000701e00000, 0x0000000701d00000| Complete 
|  30|0x0000000701e00000, 0x0000000701f00000, 0x0000000701f00000|100%| O|CS|TAMS 0x0000000701f00000, 0x0000000701e00000| Complete 
|  31|0x0000000701f00000, 0x0000000702000000, 0x0000000702000000|100%| O|CS|TAMS 0x0000000702000000, 0x0000000701f00000| Complete 
|  32|0x0000000702000000, 0x0000000702100000, 0x0000000702100000|100%| O|CS|TAMS 0x0000000702100000, 0x0000000702000000| Complete 
|  33|0x0000000702100000, 0x0000000702200000, 0x0000000702200000|100%| O|CS|TAMS 0x0000000702200000, 0x0000000702100000| Complete 
|  34|0x0000000702200000, 0x0000000702300000, 0x0000000702300000|100%| O|  |TAMS 0x0000000702300000, 0x0000000702200000| Untracked 
|  35|0x0000000702300000, 0x0000000702400000, 0x0000000702400000|100%| O|CS|TAMS 0x0000000702400000, 0x0000000702300000| Complete 
|  36|0x0000000702400000, 0x0000000702500000, 0x0000000702500000|100%| O|CS|TAMS 0x0000000702500000, 0x0000000702400000| Complete 
|  37|0x0000000702500000, 0x0000000702600000, 0x0000000702600000|100%| O|CS|TAMS 0x0000000702600000, 0x0000000702500000| Complete 
|  38|0x0000000702600000, 0x0000000702700000, 0x0000000702700000|100%| O|CS|TAMS 0x0000000702700000, 0x0000000702600000| Complete 
|  39|0x0000000702700000, 0x0000000702800000, 0x0000000702800000|100%| O|  |TAMS 0x0000000702700000, 0x0000000702700000| Untracked 
|  40|0x0000000702800000, 0x0000000702900000, 0x0000000702900000|100%| O|  |TAMS 0x0000000702800000, 0x0000000702800000| Untracked 
|  41|0x0000000702900000, 0x0000000702a00000, 0x0000000702a00000|100%| O|  |TAMS 0x0000000702900000, 0x0000000702900000| Untracked 
|  42|0x0000000702a00000, 0x0000000702b00000, 0x0000000702b00000|100%| O|  |TAMS 0x0000000702a00000, 0x0000000702a00000| Untracked 
|  43|0x0000000702b00000, 0x0000000702bae528, 0x0000000702c00000| 68%| O|  |TAMS 0x0000000702b00000, 0x0000000702b00000| Untracked 
|  44|0x0000000702c00000, 0x0000000702c00000, 0x0000000702d00000|  0%| F|  |TAMS 0x0000000702c00000, 0x0000000702c00000| Untracked 
|  45|0x0000000702d00000, 0x0000000702d00000, 0x0000000702e00000|  0%| F|  |TAMS 0x0000000702d00000, 0x0000000702d00000| Untracked 
|  46|0x0000000702e00000, 0x0000000702e00000, 0x0000000702f00000|  0%| F|  |TAMS 0x0000000702e00000, 0x0000000702e00000| Untracked 
|  47|0x0000000702f00000, 0x0000000702f00000, 0x0000000703000000|  0%| F|  |TAMS 0x0000000702f00000, 0x0000000702f00000| Untracked 
|  48|0x0000000703000000, 0x0000000703000000, 0x0000000703100000|  0%| F|  |TAMS 0x0000000703000000, 0x0000000703000000| Untracked 
|  49|0x0000000703100000, 0x0000000703100000, 0x0000000703200000|  0%| F|  |TAMS 0x0000000703100000, 0x0000000703100000| Untracked 
|  50|0x0000000703200000, 0x0000000703200000, 0x0000000703300000|  0%| F|  |TAMS 0x0000000703200000, 0x0000000703200000| Untracked 
|  51|0x0000000703300000, 0x0000000703300000, 0x0000000703400000|  0%| F|  |TAMS 0x0000000703300000, 0x0000000703300000| Untracked 
|  52|0x0000000703400000, 0x000000070348bfd8, 0x0000000703500000| 54%| E|CS|TAMS 0x0000000703400000, 0x0000000703400000| Complete 
|  53|0x0000000703500000, 0x0000000703500000, 0x0000000703600000|  0%| F|  |TAMS 0x0000000703500000, 0x0000000703500000| Untracked 
|  54|0x0000000703600000, 0x0000000703700000, 0x0000000703700000|100%| E|CS|TAMS 0x0000000703600000, 0x0000000703600000| Complete 
|  55|0x0000000703700000, 0x0000000703800000, 0x0000000703800000|100%| E|CS|TAMS 0x0000000703700000, 0x0000000703700000| Complete 
|  56|0x0000000703800000, 0x0000000703800000, 0x0000000703900000|  0%| F|  |TAMS 0x0000000703800000, 0x0000000703800000| Untracked 
|  57|0x0000000703900000, 0x0000000703900000, 0x0000000703a00000|  0%| F|  |TAMS 0x0000000703900000, 0x0000000703900000| Untracked 
|  58|0x0000000703a00000, 0x0000000703a00000, 0x0000000703b00000|  0%| F|  |TAMS 0x0000000703a00000, 0x0000000703a00000| Untracked 
|  59|0x0000000703b00000, 0x0000000703b00000, 0x0000000703c00000|  0%| F|  |TAMS 0x0000000703b00000, 0x0000000703b00000| Untracked 
|  60|0x0000000703c00000, 0x0000000703c00000, 0x0000000703d00000|  0%| F|  |TAMS 0x0000000703c00000, 0x0000000703c00000| Untracked 
|  61|0x0000000703d00000, 0x0000000703d00000, 0x0000000703e00000|  0%| F|  |TAMS 0x0000000703d00000, 0x0000000703d00000| Untracked 
|  62|0x0000000703e00000, 0x0000000703e00000, 0x0000000703f00000|  0%| F|  |TAMS 0x0000000703e00000, 0x0000000703e00000| Untracked 
|  63|0x0000000703f00000, 0x0000000703f00000, 0x0000000704000000|  0%| F|  |TAMS 0x0000000703f00000, 0x0000000703f00000| Untracked 
|  64|0x0000000704000000, 0x0000000704000000, 0x0000000704100000|  0%| F|  |TAMS 0x0000000704000000, 0x0000000704000000| Untracked 
|  65|0x0000000704100000, 0x0000000704100000, 0x0000000704200000|  0%| F|  |TAMS 0x0000000704100000, 0x0000000704100000| Untracked 
|  66|0x0000000704200000, 0x0000000704200000, 0x0000000704300000|  0%| F|  |TAMS 0x0000000704200000, 0x0000000704200000| Untracked 
|  67|0x0000000704300000, 0x0000000704300000, 0x0000000704400000|  0%| F|  |TAMS 0x0000000704300000, 0x0000000704300000| Untracked 
|  68|0x0000000704400000, 0x0000000704400000, 0x0000000704500000|  0%| F|  |TAMS 0x0000000704400000, 0x0000000704400000| Untracked 
|  69|0x0000000704500000, 0x0000000704500000, 0x0000000704600000|  0%| F|  |TAMS 0x0000000704500000, 0x0000000704500000| Untracked 
|  70|0x0000000704600000, 0x0000000704600000, 0x0000000704700000|  0%| F|  |TAMS 0x0000000704600000, 0x0000000704600000| Untracked 
|  71|0x0000000704700000, 0x0000000704700000, 0x0000000704800000|  0%| F|  |TAMS 0x0000000704700000, 0x0000000704700000| Untracked 
|  72|0x0000000704800000, 0x0000000704800000, 0x0000000704900000|  0%| F|  |TAMS 0x0000000704800000, 0x0000000704800000| Untracked 
|  73|0x0000000704900000, 0x0000000704900000, 0x0000000704a00000|  0%| F|  |TAMS 0x0000000704900000, 0x0000000704900000| Untracked 
|  74|0x0000000704a00000, 0x0000000704a00000, 0x0000000704b00000|  0%| F|  |TAMS 0x0000000704a00000, 0x0000000704a00000| Untracked 
|  75|0x0000000704b00000, 0x0000000704b00000, 0x0000000704c00000|  0%| F|  |TAMS 0x0000000704b00000, 0x0000000704b00000| Untracked 
|  76|0x0000000704c00000, 0x0000000704c00000, 0x0000000704d00000|  0%| F|  |TAMS 0x0000000704c00000, 0x0000000704c00000| Untracked 
|  77|0x0000000704d00000, 0x0000000704d00000, 0x0000000704e00000|  0%| F|  |TAMS 0x0000000704d00000, 0x0000000704d00000| Untracked 
|  78|0x0000000704e00000, 0x0000000704e00000, 0x0000000704f00000|  0%| F|  |TAMS 0x0000000704e00000, 0x0000000704e00000| Untracked 
|  79|0x0000000704f00000, 0x0000000704f00000, 0x0000000705000000|  0%| F|  |TAMS 0x0000000704f00000, 0x0000000704f00000| Untracked 
|  80|0x0000000705000000, 0x0000000705000000, 0x0000000705100000|  0%| F|  |TAMS 0x0000000705000000, 0x0000000705000000| Untracked 
|  81|0x0000000705100000, 0x0000000705100000, 0x0000000705200000|  0%| F|  |TAMS 0x0000000705100000, 0x0000000705100000| Untracked 
|  82|0x0000000705200000, 0x0000000705200000, 0x0000000705300000|  0%| F|  |TAMS 0x0000000705200000, 0x0000000705200000| Untracked 
|  83|0x0000000705300000, 0x0000000705300000, 0x0000000705400000|  0%| F|  |TAMS 0x0000000705300000, 0x0000000705300000| Untracked 
|  84|0x0000000705400000, 0x0000000705400000, 0x0000000705500000|  0%| F|  |TAMS 0x0000000705400000, 0x0000000705400000| Untracked 
|  85|0x0000000705500000, 0x0000000705500000, 0x0000000705600000|  0%| F|  |TAMS 0x0000000705500000, 0x0000000705500000| Untracked 
|  86|0x0000000705600000, 0x0000000705600000, 0x0000000705700000|  0%| F|  |TAMS 0x0000000705600000, 0x0000000705600000| Untracked 
|  87|0x0000000705700000, 0x0000000705700000, 0x0000000705800000|  0%| F|  |TAMS 0x0000000705700000, 0x0000000705700000| Untracked 
|  88|0x0000000705800000, 0x0000000705800000, 0x0000000705900000|  0%| F|  |TAMS 0x0000000705800000, 0x0000000705800000| Untracked 
|  89|0x0000000705900000, 0x0000000705963240, 0x0000000705a00000| 38%| S|  |TAMS 0x0000000705900000, 0x0000000705900000| Complete 
| 255|0x000000070ff00000, 0x0000000710000000, 0x0000000710000000|100%| E|CS|TAMS 0x000000070ff00000, 0x000000070ff00000| Complete 
|3070|0x00000007bfe00000, 0x00000007bfe49000, 0x00000007bff00000| 28%|OA|  |TAMS 0x00000007bfe49000, 0x00000007bfe00000| Untracked 
|3071|0x00000007bff00000, 0x00000007bff79000, 0x00000007c0000000| 47%|CA|  |TAMS 0x00000007bff79000, 0x00000007bff00000| Untracked 

Card table byte_map: [0x000000010f697000,0x000000010fe97000] _byte_map_base: 0x000000010be97000

Marking Bits (Prev, Next): (CMBitMap*) 0x00007fe205839458, (CMBitMap*) 0x00007fe205839418
 Prev Bits: [0x00000001239d4000, 0x00000001279d4000)
 Next Bits: [0x000000011f9d4000, 0x00000001239d4000)

Polling page: 0x00000001031d5000

Metaspace:

Usage:
  Non-class:     45.88 MB capacity,    45.18 MB ( 98%) used,   555.73 KB (  1%) free+waste,   161.75 KB ( <1%) overhead. 
      Class:      6.48 MB capacity,     6.03 MB ( 93%) used,   388.84 KB (  6%) free+waste,    70.25 KB (  1%) overhead. 
       Both:     52.36 MB capacity,    51.21 MB ( 98%) used,   944.58 KB (  2%) free+waste,   232.00 KB ( <1%) overhead. 

Virtual space:
  Non-class space:       46.00 MB reserved,      46.00 MB (100%) committed 
      Class space:        1.00 GB reserved,       6.50 MB ( <1%) committed 
             Both:        1.04 GB reserved,      52.50 MB (  5%) committed 

Chunk freelists:
   Non-Class:  46.00 KB
       Class:  3.00 KB
        Both:  49.00 KB

MaxMetaspaceSize: unlimited
CompressedClassSpaceSize: 1.00 GB

CodeHeap 'non-profiled nmethods': size=120032Kb used=6274Kb max_used=6450Kb free=113757Kb
 bounds [0x000000011849c000, 0x0000000118aec000, 0x000000011f9d4000]
CodeHeap 'profiled nmethods': size=120028Kb used=13375Kb max_used=18869Kb free=106652Kb
 bounds [0x0000000110f65000, 0x0000000112285000, 0x000000011849c000]
CodeHeap 'non-nmethods': size=5700Kb used=1418Kb max_used=1454Kb free=4282Kb
 bounds [0x00000001109d4000, 0x0000000110c44000, 0x0000000110f65000]
 total_blobs=14821 nmethods=7591 adapters=476
 compilation: enabled
              stopped_count=0, restarted_count=0
 full_count=0

Compilation events (20 events):
Event: 1996.149 Thread 0x00007fe20600b000 10001       4       loom.workshop.EchoClient::getEchoServiceUri (50 bytes)
Event: 1996.199 Thread 0x00007fe20600b000 nmethod 10001 0x00000001189e0390 code [0x00000001189e0780, 0x00000001189e3070]
Event: 1996.199 Thread 0x00007fe20600b000 10002       4       java.util.concurrent.ThreadLocalRandom::nextInt (74 bytes)
Event: 1996.200 Thread 0x00007fe20600b000 nmethod 10002 0x0000000118830310 code [0x00000001188304c0, 0x0000000118830668]
Event: 1996.200 Thread 0x00007fe20600b000 10003       4       org.springframework.cloud.client.discovery.composite.CompositeDiscoveryClient::getInstances (70 bytes)
Event: 1996.202 Thread 0x00007fe20600b000 nmethod 10003 0x000000011882fb90 code [0x000000011882fd60, 0x000000011882ffe8]
Event: 1996.202 Thread 0x00007fe20600b000 10007   !   4       jdk.internal.reflect.GeneratedMethodAccessor46::invoke (98 bytes)
Event: 1996.216 Thread 0x00007fe20600b000 nmethod 10007 0x000000011882e210 code [0x000000011882e480, 0x000000011882f1c0]
Event: 1996.216 Thread 0x00007fe20600b000 10008       4       com.netflix.discovery.DiscoveryClient::getInstancesByVipAddress (14 bytes)
Event: 1996.229 Thread 0x00007fe20600b000 nmethod 10008 0x00000001189dee90 code [0x00000001189df0e0, 0x00000001189dfc80]
Event: 1998.305 Thread 0x00007fe20600b000 10009       4       sun.security.provider.NativePRNG$RandomIO::ensureBufferValid (211 bytes)
Event: 1998.313 Thread 0x00007fe20600b000 nmethod 10009 0x00000001189de590 code [0x00000001189de740, 0x00000001189dec38]
Event: 1998.837 Thread 0x00007fe20600b000 10010   !   4       java.io.PrintStream::write (69 bytes)
Event: 1998.844 Thread 0x00007fe20600b000 nmethod 10010 0x00000001189dd410 code [0x00000001189dd620, 0x00000001189de130]
Event: 1998.863 Thread 0x00007fe20600b000 10011   !   4       ch.qos.logback.core.OutputStreamAppender::writeBytes (60 bytes)
Event: 1998.871 Thread 0x00007fe20600b000 nmethod 10011 0x00000001189dc290 code [0x00000001189dc4c0, 0x00000001189dce30]
Event: 2000.072 Thread 0x00007fe20600b000 10012   !   4       jdk.internal.net.http.SocketTube::readAvailable (217 bytes)
Event: 2000.096 Thread 0x00007fe20600b000 nmethod 10012 0x0000000118904590 code [0x0000000118904800, 0x0000000118905710]
Event: 2000.251 Thread 0x00007fe20600b000 10013       4       ch.qos.logback.core.encoder.LayoutWrappingEncoder::encode (17 bytes)
Event: 2000.254 Thread 0x00007fe20600b000 nmethod 10013 0x0000000118710490 code [0x0000000118710660, 0x0000000118710a58]

GC Heap History (20 events):
Event: 221.363 GC heap after
{Heap after GC invocations=29 (full 0):
 garbage-first heap   total 95232K, used 39093K [0x0000000700000000, 0x0000000800000000)
  region size 1024K, 3 young (3072K), 3 survivors (3072K)
 Metaspace       used 52217K, capacity 53490K, committed 53760K, reserved 1095680K
  class space    used 6170K, capacity 6635K, committed 6656K, reserved 1048576K
}
Event: 227.143 GC heap before
{Heap before GC invocations=29 (full 0):
 garbage-first heap   total 95232K, used 78005K [0x0000000700000000, 0x0000000800000000)
  region size 1024K, 41 young (41984K), 3 survivors (3072K)
 Metaspace       used 52221K, capacity 53490K, committed 53760K, reserved 1095680K
  class space    used 6170K, capacity 6635K, committed 6656K, reserved 1048576K
}
Event: 227.146 GC heap after
{Heap after GC invocations=30 (full 0):
 garbage-first heap   total 95232K, used 40509K [0x0000000700000000, 0x0000000800000000)
  region size 1024K, 4 young (4096K), 4 survivors (4096K)
 Metaspace       used 52221K, capacity 53490K, committed 53760K, reserved 1095680K
  class space    used 6170K, capacity 6635K, committed 6656K, reserved 1048576K
}
Event: 232.922 GC heap before
{Heap before GC invocations=30 (full 0):
 garbage-first heap   total 95232K, used 77373K [0x0000000700000000, 0x0000000800000000)
  region size 1024K, 40 young (40960K), 4 survivors (4096K)
 Metaspace       used 52229K, capacity 53490K, committed 53760K, reserved 1095680K
  class space    used 6171K, capacity 6635K, committed 6656K, reserved 1048576K
}
Event: 232.924 GC heap after
{Heap after GC invocations=31 (full 0):
 garbage-first heap   total 95232K, used 41002K [0x0000000700000000, 0x0000000800000000)
  region size 1024K, 3 young (3072K), 3 survivors (3072K)
 Metaspace       used 52229K, capacity 53490K, committed 53760K, reserved 1095680K
  class space    used 6171K, capacity 6635K, committed 6656K, reserved 1048576K
}
Event: 238.553 GC heap before
{Heap before GC invocations=31 (full 0):
 garbage-first heap   total 95232K, used 76842K [0x0000000700000000, 0x0000000800000000)
  region size 1024K, 38 young (38912K), 3 survivors (3072K)
 Metaspace       used 52229K, capacity 53490K, committed 53760K, reserved 1095680K
  class space    used 6171K, capacity 6635K, committed 6656K, reserved 1048576K
}
Event: 238.555 GC heap after
{Heap after GC invocations=32 (full 0):
 garbage-first heap   total 95232K, used 40870K [0x0000000700000000, 0x0000000800000000)
  region size 1024K, 2 young (2048K), 2 survivors (2048K)
 Metaspace       used 52229K, capacity 53490K, committed 53760K, reserved 1095680K
  class space    used 6171K, capacity 6635K, committed 6656K, reserved 1048576K
}
Event: 244.352 GC heap before
{Heap before GC invocations=32 (full 0):
 garbage-first heap   total 95232K, used 76710K [0x0000000700000000, 0x0000000800000000)
  region size 1024K, 37 young (37888K), 2 survivors (2048K)
 Metaspace       used 52236K, capacity 53496K, committed 53760K, reserved 1095680K
  class space    used 6172K, capacity 6637K, committed 6656K, reserved 1048576K
}
Event: 244.354 GC heap after
{Heap after GC invocations=33 (full 0):
 garbage-first heap   total 95232K, used 40898K [0x0000000700000000, 0x0000000800000000)
  region size 1024K, 2 young (2048K), 2 survivors (2048K)
 Metaspace       used 52236K, capacity 53496K, committed 53760K, reserved 1095680K
  class space    used 6172K, capacity 6637K, committed 6656K, reserved 1048576K
}
Event: 513.344 GC heap before
{Heap before GC invocations=33 (full 0):
 garbage-first heap   total 95232K, used 77762K [0x0000000700000000, 0x0000000800000000)
  region size 1024K, 38 young (38912K), 2 survivors (2048K)
 Metaspace       used 52288K, capacity 53496K, committed 53760K, reserved 1095680K
  class space    used 6172K, capacity 6637K, committed 6656K, reserved 1048576K
}
Event: 513.345 GC heap after
{Heap after GC invocations=34 (full 0):
 garbage-first heap   total 95232K, used 40075K [0x0000000700000000, 0x0000000800000000)
  region size 1024K, 1 young (1024K), 1 survivors (1024K)
 Metaspace       used 52288K, capacity 53496K, committed 53760K, reserved 1095680K
  class space    used 6172K, capacity 6637K, committed 6656K, reserved 1048576K
}
Event: 1983.366 GC heap before
{Heap before GC invocations=34 (full 0):
 garbage-first heap   total 95232K, used 77963K [0x0000000700000000, 0x0000000800000000)
  region size 1024K, 38 young (38912K), 1 survivors (1024K)
 Metaspace       used 52423K, capacity 53624K, committed 53760K, reserved 1095680K
  class space    used 6172K, capacity 6637K, committed 6656K, reserved 1048576K
}
Event: 1983.367 GC heap after
{Heap after GC invocations=35 (full 0):
 garbage-first heap   total 95232K, used 42291K [0x0000000700000000, 0x0000000800000000)
  region size 1024K, 3 young (3072K), 3 survivors (3072K)
 Metaspace       used 52423K, capacity 53624K, committed 53760K, reserved 1095680K
  class space    used 6172K, capacity 6637K, committed 6656K, reserved 1048576K
}
Event: 1989.277 GC heap before
{Heap before GC invocations=35 (full 0):
 garbage-first heap   total 95232K, used 78131K [0x0000000700000000, 0x0000000800000000)
  region size 1024K, 38 young (38912K), 3 survivors (3072K)
 Metaspace       used 52444K, capacity 53625K, committed 53760K, reserved 1095680K
  class space    used 6176K, capacity 6637K, committed 6656K, reserved 1048576K
}
Event: 1989.279 GC heap after
{Heap after GC invocations=36 (full 0):
 garbage-first heap   total 95232K, used 42471K [0x0000000700000000, 0x0000000800000000)
  region size 1024K, 3 young (3072K), 3 survivors (3072K)
 Metaspace       used 52444K, capacity 53625K, committed 53760K, reserved 1095680K
  class space    used 6176K, capacity 6637K, committed 6656K, reserved 1048576K
}
Event: 1995.055 GC heap before
{Heap before GC invocations=36 (full 0):
 garbage-first heap   total 95232K, used 77287K [0x0000000700000000, 0x0000000800000000)
  region size 1024K, 37 young (37888K), 3 survivors (3072K)
 Metaspace       used 52444K, capacity 53625K, committed 53760K, reserved 1095680K
  class space    used 6176K, capacity 6637K, committed 6656K, reserved 1048576K
}
Event: 1995.058 GC heap after
{Heap after GC invocations=37 (full 0):
 garbage-first heap   total 95232K, used 42590K [0x0000000700000000, 0x0000000800000000)
  region size 1024K, 3 young (3072K), 3 survivors (3072K)
 Metaspace       used 52444K, capacity 53625K, committed 53760K, reserved 1095680K
  class space    used 6176K, capacity 6637K, committed 6656K, reserved 1048576K
}
Event: 2000.901 GC heap before
{Heap before GC invocations=38 (full 0):
 garbage-first heap   total 95232K, used 77388K [0x0000000700000000, 0x0000000800000000)
  region size 1024K, 37 young (37888K), 3 survivors (3072K)
 Metaspace       used 52439K, capacity 53616K, committed 53760K, reserved 1095680K
  class space    used 6174K, capacity 6634K, committed 6656K, reserved 1048576K
}
Event: 2000.902 GC heap after
{Heap after GC invocations=39 (full 0):
 garbage-first heap   total 95232K, used 42551K [0x0000000700000000, 0x0000000800000000)
  region size 1024K, 3 young (3072K), 3 survivors (3072K)
 Metaspace       used 52439K, capacity 53616K, committed 53760K, reserved 1095680K
  class space    used 6174K, capacity 6634K, committed 6656K, reserved 1048576K
}
Event: 2001.045 GC heap before
{Heap before GC invocations=39 (full 0):
 garbage-first heap   total 95232K, used 43575K [0x0000000700000000, 0x0000000800000000)
  region size 1024K, 4 young (4096K), 3 survivors (3072K)
 Metaspace       used 52439K, capacity 53616K, committed 53760K, reserved 1095680K
  class space    used 6174K, capacity 6634K, committed 6656K, reserved 1048576K
}

Deoptimization events (20 events):
Event: 1653.596 Thread 0x00007fe208003800 DEOPT PACKING pc=0x0000000118731c60 sp=0x0000700008d5f190
Event: 1653.596 Thread 0x00007fe208003800 DEOPT UNPACKING pc=0x0000000110a2883b sp=0x0000700008d5f128 mode 2
Event: 1653.596 Thread 0x00007fe208003800 Uncommon trap: trap_request=0xffffffde fr.pc=0x0000000118731c60 relative=0x0000000000000a80
Event: 1653.596 Thread 0x00007fe208003800 Uncommon trap: reason=class_check action=maybe_recompile pc=0x0000000118731c60 method=java.util.concurrent.ConcurrentHashMap.replaceNode(Ljava/lang/Object;Ljava/lang/Object;Ljava/lang/Object;)Ljava/lang/Object; @ 147 c2
Event: 1653.596 Thread 0x00007fe208003800 DEOPT PACKING pc=0x0000000118731c60 sp=0x0000700008d5f190
Event: 1653.596 Thread 0x00007fe208003800 DEOPT UNPACKING pc=0x0000000110a2883b sp=0x0000700008d5f128 mode 2
Event: 1980.007 Thread 0x00007fe208ba9800 DEOPT PACKING pc=0x00000001114c7de8 sp=0x00007000084448b0
Event: 1980.007 Thread 0x00007fe208ba9800 DEOPT UNPACKING pc=0x0000000110a28d30 sp=0x0000700008443e38 mode 0
Event: 1983.355 Thread 0x00007fe207503800 DEOPT PACKING pc=0x000000011226d621 sp=0x0000700007b29790
Event: 1983.355 Thread 0x00007fe207503800 DEOPT UNPACKING pc=0x0000000110a28d30 sp=0x0000700007b28e98 mode 0
Event: 1983.847 Thread 0x00007fe20db62800 Uncommon trap: trap_request=0xffffff45 fr.pc=0x00000001186c4428 relative=0x0000000000000088
Event: 1983.847 Thread 0x00007fe20db62800 Uncommon trap: reason=unstable_if action=reinterpret pc=0x00000001186c4428 method=java.util.concurrent.SynchronousQueue$TransferStack.shouldSpin(Ljava/util/concurrent/SynchronousQueue$TransferStack$SNode;)Z @ 11 c2
Event: 1983.847 Thread 0x00007fe20db62800 DEOPT PACKING pc=0x00000001186c4428 sp=0x000070000874d680
Event: 1983.847 Thread 0x00007fe20db62800 DEOPT UNPACKING pc=0x0000000110a2883b sp=0x000070000874d628 mode 2
Event: 1989.085 Thread 0x00007fe207503800 DEOPT PACKING pc=0x000000011226d5c8 sp=0x0000700007b29790
Event: 1989.086 Thread 0x00007fe207503800 DEOPT UNPACKING pc=0x0000000110a28d30 sp=0x0000700007b28e88 mode 0
Event: 1993.535 Thread 0x00007fe208ba9800 DEOPT PACKING pc=0x00000001114c7de8 sp=0x00007000084448b0
Event: 1993.535 Thread 0x00007fe208ba9800 DEOPT UNPACKING pc=0x0000000110a28d30 sp=0x0000700008443e38 mode 0
Event: 1994.835 Thread 0x00007fe207503800 DEOPT PACKING pc=0x000000011225699c sp=0x0000700007b297b0
Event: 1994.835 Thread 0x00007fe207503800 DEOPT UNPACKING pc=0x0000000110a28d30 sp=0x0000700007b28e88 mode 0

Classes unloaded (4 events):
Event: 2.295 Thread 0x00007fe206008000 Unloading class 0x0000000800bf7040 'org/springframework/core/GenericTypeResolver$$Lambda$48'
Event: 1995.074 Thread 0x00007fe206008000 Unloading class 0x00000008011c2040 'jdk/internal/reflect/GeneratedMethodAccessor51'
Event: 1995.074 Thread 0x00007fe206008000 Unloading class 0x00000008011c0c40 'jdk/internal/reflect/GeneratedMethodAccessor47'
Event: 1995.074 Thread 0x00007fe206008000 Unloading class 0x00000008011a6c40 'jdk/internal/net/http/Http1Response$$Lambda$687'

Classes redefined (0 events):
No events

Internal exceptions (20 events):
Event: 3.056 Thread 0x00007fe207006000 Exception <a 'java/lang/NoClassDefFoundError'{0x0000000702beb078}: javax/xml/bind/PropertyException> (0x0000000702beb078) 
thrown [/Users/jigga/projects/openjdk/loom/src/hotspot/share/classfile/systemDictionary.cpp, line 221]
Event: 3.056 Thread 0x00007fe207006000 Exception <a 'java/lang/NoClassDefFoundError'{0x0000000702bf1718}: javax/xml/bind/PropertyException> (0x0000000702bf1718) 
thrown [/Users/jigga/projects/openjdk/loom/src/hotspot/share/classfile/systemDictionary.cpp, line 221]
Event: 3.245 Thread 0x00007fe207006000 Exception <a 'java/lang/NoSuchMethodError'{0x0000000703a7b310}: 'void java.lang.invoke.DirectMethodHandle$Holder.invokeSpecial(java.lang.Object, java.lang.Object)'> (0x0000000703a7b310) 
thrown [/Users/jigga/projects/openjdk/loom/src/hotspot/share/interpreter/linkResolver.cpp, line 767]
Event: 3.246 Thread 0x00007fe207006000 Exception <a 'java/lang/NoSuchMethodError'{0x0000000703a80918}: 'java.lang.Object java.lang.invoke.DirectMethodHandle$Holder.newInvokeSpecial(java.lang.Object, int)'> (0x0000000703a80918) 
thrown [/Users/jigga/projects/openjdk/loom/src/hotspot/share/interpreter/linkResolver.cpp, line 767]
Event: 14.515 Thread 0x00007fe207b01800 Exception <a 'java/lang/NoSuchMethodError'{0x0000000703855c80}: 'void java.lang.invoke.DirectMethodHandle$Holder.invokeStaticInit(java.lang.Object, java.lang.Object, java.lang.Object)'> (0x0000000703855c80) 
thrown [/Users/jigga/projects/openjdk/loom/src/hotspot/share/interpreter/linkResolver.cpp, line 767]
Event: 14.576 Thread 0x00007fe208ba9800 Exception <a 'java/lang/NoSuchMethodError'{0x00000007034c3ec8}: 'void java.lang.invoke.DirectMethodHandle$Holder.invokeStatic(java.lang.Object, java.lang.Object, java.lang.Object, java.lang.Object, java.lang.Object, java.lang.Object, java.lang.Object)'> (0x00000007034c3ec8) 
thrown [/Users/jigga/projects/openjdk/loom/src/hotspot/share/interpreter/linkResolver.cpp, line 767]
Event: 14.592 Thread 0x00007fe208ba9800 Implicit null exception at 0x00000001186220d7 to 0x00000001186221be
Event: 14.605 Thread 0x00007fe207503800 Exception <a 'java/lang/NoSuchMethodError'{0x0000000703809e08}: 'void java.lang.invoke.DirectMethodHandle$Holder.invokeStatic(java.lang.Object, java.lang.Object, int)'> (0x0000000703809e08) 
thrown [/Users/jigga/projects/openjdk/loom/src/hotspot/share/interpreter/linkResolver.cpp, line 767]
Event: 14.660 Thread 0x00007fe205b6d800 Exception <a 'java/lang/NoSuchMethodError'{0x00000007032665b8}: 'java.lang.Object java.lang.invoke.DirectMethodHandle$Holder.invokeStatic(java.lang.Object, java.lang.Object, long, java.lang.Object, java.lang.Object, java.lang.Object)'> (0x00000007032665b8) 
thrown [/Users/jigga/projects/openjdk/loom/src/hotspot/share/interpreter/linkResolver.cpp, line 767]
Event: 14.660 Thread 0x00007fe205b6d800 Exception <a 'java/lang/NoSuchMethodError'{0x000000070326cba8}: 'java.lang.Object java.lang.invoke.Invokers$Holder.linkToTargetMethod(java.lang.Object, long, java.lang.Object, java.lang.Object, java.lang.Object, java.lang.Object)'> (0x000000070326cba8) 
thrown [/Users/jigga/projects/openjdk/loom/src/hotspot/share/interpreter/linkResolver.cpp, line 767]
Event: 93.778 Thread 0x00007fe20a809800 Implicit null exception at 0x000000011873d6c3 to 0x000000011873de0e
Event: 104.637 Thread 0x00007fe205b6d800 Implicit null exception at 0x000000011873d6c3 to 0x000000011873de0e
Event: 105.313 Thread 0x00007fe205df8800 Implicit null exception at 0x000000011873d6c3 to 0x000000011873de0e
Event: 115.248 Thread 0x00007fe207398800 Implicit null exception at 0x000000011875e34c to 0x000000011875e3bb
Event: 143.495 Thread 0x00007fe20d8cf000 Implicit null exception at 0x000000011892454d to 0x0000000118924ca6
Event: 187.265 Thread 0x00007fe208ba9800 Implicit null exception at 0x0000000118a0af58 to 0x0000000118a0c17a
Event: 303.112 Thread 0x00007fe208801000 Implicit null exception at 0x00000001189567bd to 0x0000000118956dde
Event: 303.112 Thread 0x00007fe208801000 Implicit null exception at 0x00000001188bb554 to 0x00000001188be16a
Event: 303.112 Thread 0x00007fe208801000 Implicit null exception at 0x00000001188dd30f to 0x00000001188dd516
Event: 603.116 Thread 0x00007fe208801000 Implicit null exception at 0x0000000118850810 to 0x0000000118850f42

Events (20 events):
Event: 1998.880 Thread 0x00007fe2070c4800 flushing nmethod 0x00000001120e1910
Event: 1998.880 Thread 0x00007fe2070c4800 flushing nmethod 0x00000001120e4b10
Event: 1998.880 Thread 0x00007fe2070c4800 flushing nmethod 0x00000001120e7b90
Event: 1998.880 Thread 0x00007fe2070c4800 flushing nmethod 0x00000001120ea310
Event: 1998.880 Thread 0x00007fe2070c4800 flushing nmethod 0x00000001120ed010
Event: 1998.880 Thread 0x00007fe2070c4800 flushing nmethod 0x000000011211ea10
Event: 1998.880 Thread 0x00007fe2070c4800 flushing nmethod 0x0000000112160610
Event: 1998.880 Thread 0x00007fe2070c4800 flushing nmethod 0x0000000112161210
Event: 1998.880 Thread 0x00007fe2070c4800 flushing nmethod 0x0000000112161610
Event: 1998.880 Thread 0x00007fe2070c4800 flushing nmethod 0x0000000112163c10
Event: 1998.880 Thread 0x00007fe2070c4800 flushing nmethod 0x0000000112164490
Event: 1998.880 Thread 0x00007fe2070c4800 flushing nmethod 0x0000000112164990
Event: 1998.880 Thread 0x00007fe2070c4800 flushing nmethod 0x0000000112193a10
Event: 1998.880 Thread 0x00007fe2070c4800 flushing nmethod 0x0000000112249090
Event: 2000.095 Executing VM operation: HandshakeAllThreads
Event: 2000.095 Executing VM operation: HandshakeAllThreads done
Event: 2000.098 Thread 0x00007fe2070c4800 flushing nmethod 0x0000000111217190
Event: 2000.901 Executing VM operation: G1CollectForAllocation
Event: 2000.902 Executing VM operation: G1CollectForAllocation done
Event: 2001.045 Executing VM operation: G1CollectForAllocation


Dynamic libraries:
0x00007fff7a17b000 	/usr/lib/libz.1.dylib
0x000000010315c000 	/Library/Java/JavaVirtualMachines/jdk-14-loom-20190902.jdk/Contents/Home/lib/libjli.dylib
0x00007fff4e39d000 	/System/Library/Frameworks/Cocoa.framework/Versions/A/Cocoa
0x00007fff5a0b5000 	/System/Library/Frameworks/Security.framework/Versions/A/Security
0x00007fff4d032000 	/System/Library/Frameworks/ApplicationServices.framework/Versions/A/ApplicationServices
0x00007fff77ad5000 	/usr/lib/libSystem.B.dylib
0x00007fff7a971000 	/usr/lib/system/libcache.dylib
0x00007fff7a976000 	/usr/lib/system/libcommonCrypto.dylib
0x00007fff7a981000 	/usr/lib/system/libcompiler_rt.dylib
0x00007fff7a989000 	/usr/lib/system/libcopyfile.dylib
0x00007fff7a993000 	/usr/lib/system/libcorecrypto.dylib
0x00007fff7aa9e000 	/usr/lib/system/libdispatch.dylib
0x00007fff7aad8000 	/usr/lib/system/libdyld.dylib
0x00007fff7ab05000 	/usr/lib/system/libkeymgr.dylib
0x00007fff7ab13000 	/usr/lib/system/liblaunch.dylib
0x00007fff7ab14000 	/usr/lib/system/libmacho.dylib
0x00007fff7ab1a000 	/usr/lib/system/libquarantine.dylib
0x00007fff7ab1d000 	/usr/lib/system/libremovefile.dylib
0x00007fff7ab1f000 	/usr/lib/system/libsystem_asl.dylib
0x00007fff7ab37000 	/usr/lib/system/libsystem_blocks.dylib
0x00007fff7ab38000 	/usr/lib/system/libsystem_c.dylib
0x00007fff7abc0000 	/usr/lib/system/libsystem_configuration.dylib
0x00007fff7abc4000 	/usr/lib/system/libsystem_coreservices.dylib
0x00007fff7abc8000 	/usr/lib/system/libsystem_darwin.dylib
0x00007fff7abcf000 	/usr/lib/system/libsystem_dnssd.dylib
0x00007fff7abd6000 	/usr/lib/system/libsystem_info.dylib
0x00007fff7ac4b000 	/usr/lib/system/libsystem_m.dylib
0x00007fff7ac97000 	/usr/lib/system/libsystem_malloc.dylib
0x00007fff7acc2000 	/usr/lib/system/libsystem_networkextension.dylib
0x00007fff7accd000 	/usr/lib/system/libsystem_notify.dylib
0x00007fff7acea000 	/usr/lib/system/libsystem_sandbox.dylib
0x00007fff7acee000 	/usr/lib/system/libsystem_secinit.dylib
0x00007fff7ac22000 	/usr/lib/system/libsystem_kernel.dylib
0x00007fff7acd5000 	/usr/lib/system/libsystem_platform.dylib
0x00007fff7acdf000 	/usr/lib/system/libsystem_pthread.dylib
0x00007fff7acf1000 	/usr/lib/system/libsystem_symptoms.dylib
0x00007fff7acf9000 	/usr/lib/system/libsystem_trace.dylib
0x00007fff7ad10000 	/usr/lib/system/libunwind.dylib
0x00007fff7ad16000 	/usr/lib/system/libxpc.dylib
0x00007fff7930c000 	/usr/lib/libobjc.A.dylib
0x00007fff77d6c000 	/usr/lib/libc++abi.dylib
0x00007fff77d18000 	/usr/lib/libc++.1.dylib
0x00007fff4eb85000 	/System/Library/Frameworks/CoreFoundation.framework/Versions/A/CoreFoundation
0x00007fff50e07000 	/System/Library/Frameworks/Foundation.framework/Versions/C/Foundation
0x00007fff4c22b000 	/System/Library/Frameworks/AppKit.framework/Versions/C/AppKit
0x00007fff4e718000 	/System/Library/Frameworks/CoreData.framework/Versions/A/CoreData
0x00007fff715a8000 	/System/Library/PrivateFrameworks/RemoteViewServices.framework/Versions/A/RemoteViewServices
0x00007fff75815000 	/System/Library/PrivateFrameworks/UIFoundation.framework/Versions/A/UIFoundation
0x00007fff76ef7000 	/System/Library/PrivateFrameworks/XCTTargetBootstrap.framework/Versions/A/XCTTargetBootstrap
0x00007fff4ea9d000 	/System/Library/Frameworks/CoreDisplay.framework/Versions/A/CoreDisplay
0x00007fff6c2fb000 	/System/Library/PrivateFrameworks/IconServices.framework/Versions/A/IconServices
0x00007fff5372b000 	/System/Library/Frameworks/Metal.framework/Versions/A/Metal
0x00007fff63876000 	/System/Library/PrivateFrameworks/DesktopServicesPriv.framework/Versions/A/DesktopServicesPriv
0x00007fff7866f000 	/usr/lib/libenergytrace.dylib
0x00007fff73cfe000 	/System/Library/PrivateFrameworks/SkyLight.framework/Versions/A/SkyLight
0x00007fff4efcb000 	/System/Library/Frameworks/CoreGraphics.framework/Versions/A/CoreGraphics
0x00007fff4aff7000 	/System/Library/Frameworks/Accelerate.framework/Versions/A/Accelerate
0x00007fff5154f000 	/System/Library/Frameworks/IOSurface.framework/Versions/A/IOSurface
0x00007fff636e2000 	/System/Library/PrivateFrameworks/DFRFoundation.framework/Versions/A/DFRFoundation
0x00007fff4d515000 	/System/Library/Frameworks/AudioToolbox.framework/Versions/A/AudioToolbox
0x00007fff4d78e000 	/System/Library/Frameworks/AudioUnit.framework/Versions/A/AudioUnit
0x00007fff63777000 	/System/Library/PrivateFrameworks/DataDetectorsCore.framework/Versions/A/DataDetectorsCore
0x00007fff4dea1000 	/System/Library/Frameworks/Carbon.framework/Versions/A/Frameworks/HIToolbox.framework/Versions/A/HIToolbox
0x00007fff787c8000 	/usr/lib/libicucore.A.dylib
0x00007fff5962a000 	/System/Library/Frameworks/QuartzCore.framework/Versions/A/QuartzCore
0x00007fff4e275000 	/System/Library/Frameworks/Carbon.framework/Versions/A/Frameworks/SpeechRecognition.framework/Versions/A/SpeechRecognition
0x00007fff77c29000 	/usr/lib/libauto.dylib
0x00007fff7a06f000 	/usr/lib/libxml2.2.dylib
0x00007fff632bf000 	/System/Library/PrivateFrameworks/CoreUI.framework/Versions/A/CoreUI
0x00007fff4e603000 	/System/Library/Frameworks/CoreAudio.framework/Versions/A/CoreAudio
0x00007fff50c3c000 	/System/Library/Frameworks/DiskArbitration.framework/Versions/A/DiskArbitration
0x00007fff78a76000 	/usr/lib/liblangid.dylib
0x00007fff6d709000 	/System/Library/PrivateFrameworks/MultitouchSupport.framework/Versions/A/MultitouchSupport
0x00007fff514be000 	/System/Library/Frameworks/IOKit.framework/Versions/A/IOKit
0x00007fff77696000 	/usr/lib/libDiagnosticMessagesClient.dylib
0x00007fff4fdda000 	/System/Library/Frameworks/CoreServices.framework/Versions/A/CoreServices
0x00007fff6f3b0000 	/System/Library/PrivateFrameworks/PerformanceAnalysis.framework/Versions/A/PerformanceAnalysis
0x00007fff58818000 	/System/Library/Frameworks/OpenGL.framework/Versions/A/OpenGL
0x00007fff4e3ab000 	/System/Library/Frameworks/ColorSync.framework/Versions/A/ColorSync
0x00007fff4f65c000 	/System/Library/Frameworks/CoreImage.framework/Versions/A/CoreImage
0x00007fff507b3000 	/System/Library/Frameworks/CoreText.framework/Versions/A/CoreText
0x00007fff515b2000 	/System/Library/Frameworks/ImageIO.framework/Versions/A/ImageIO
0x00007fff5f914000 	/System/Library/PrivateFrameworks/Backup.framework/Versions/A/Backup
0x00007fff77b7c000 	/usr/lib/libarchive.2.dylib
0x00007fff4dae6000 	/System/Library/Frameworks/CFNetwork.framework/Versions/A/CFNetwork
0x00007fff5a80f000 	/System/Library/Frameworks/SystemConfiguration.framework/Versions/A/SystemConfiguration
0x00007fff775c7000 	/usr/lib/libCRFSuite.dylib
0x00007fff77cf9000 	/usr/lib/libbsm.0.dylib
0x00007fff7ab06000 	/usr/lib/system/libkxld.dylib
0x00007fff5ed05000 	/System/Library/PrivateFrameworks/AppleFSCompression.framework/Versions/A/AppleFSCompression
0x00007fff77995000 	/usr/lib/libOpenScriptingUtil.dylib
0x00007fff78021000 	/usr/lib/libcoretls.dylib
0x00007fff78038000 	/usr/lib/libcoretls_cfhelpers.dylib
0x00007fff79aa3000 	/usr/lib/libpam.2.dylib
0x00007fff79c63000 	/usr/lib/libsqlite3.dylib
0x00007fff7a05d000 	/usr/lib/libxar.1.dylib
0x00007fff77d0a000 	/usr/lib/libbz2.1.0.dylib
0x00007fff78a78000 	/usr/lib/liblzma.5.dylib
0x00007fff78f29000 	/usr/lib/libnetwork.dylib
0x00007fff77b65000 	/usr/lib/libapple_nghttp2.dylib
0x00007fff79aaa000 	/usr/lib/libpcap.A.dylib
0x00007fff50179000 	/System/Library/Frameworks/CoreServices.framework/Versions/A/Frameworks/FSEvents.framework/Versions/A/FSEvents
0x00007fff4fe58000 	/System/Library/Frameworks/CoreServices.framework/Versions/A/Frameworks/CarbonCore.framework/Versions/A/CarbonCore
0x00007fff50335000 	/System/Library/Frameworks/CoreServices.framework/Versions/A/Frameworks/Metadata.framework/Versions/A/Metadata
0x00007fff503d4000 	/System/Library/Frameworks/CoreServices.framework/Versions/A/Frameworks/OSServices.framework/Versions/A/OSServices
0x00007fff5041f000 	/System/Library/Frameworks/CoreServices.framework/Versions/A/Frameworks/SearchKit.framework/Versions/A/SearchKit
0x00007fff4fddb000 	/System/Library/Frameworks/CoreServices.framework/Versions/A/Frameworks/AE.framework/Versions/A/AE
0x00007fff50182000 	/System/Library/Frameworks/CoreServices.framework/Versions/A/Frameworks/LaunchServices.framework/Versions/A/LaunchServices
0x00007fff50130000 	/System/Library/Frameworks/CoreServices.framework/Versions/A/Frameworks/DictionaryServices.framework/Versions/A/DictionaryServices
0x00007fff50487000 	/System/Library/Frameworks/CoreServices.framework/Versions/A/Frameworks/SharedFileList.framework/Versions/A/SharedFileList
0x00007fff547f3000 	/System/Library/Frameworks/NetFS.framework/Versions/A/NetFS
0x00007fff6d96f000 	/System/Library/PrivateFrameworks/NetAuth.framework/Versions/A/NetAuth
0x00007fff772fb000 	/System/Library/PrivateFrameworks/login.framework/Versions/A/Frameworks/loginsupport.framework/Versions/A/loginsupport
0x00007fff7541e000 	/System/Library/PrivateFrameworks/TCC.framework/Versions/A/TCC
0x00007fff6291c000 	/System/Library/PrivateFrameworks/CoreNLP.framework/Versions/A/CoreNLP
0x00007fff6d402000 	/System/Library/PrivateFrameworks/MetadataUtilities.framework/Versions/A/MetadataUtilities
0x00007fff78b4d000 	/usr/lib/libmecabra.dylib
0x00007fff4d033000 	/System/Library/Frameworks/ApplicationServices.framework/Versions/A/Frameworks/ATS.framework/Versions/A/ATS
0x00007fff4d382000 	/System/Library/Frameworks/ApplicationServices.framework/Versions/A/Frameworks/ColorSyncLegacy.framework/Versions/A/ColorSyncLegacy
0x00007fff4d421000 	/System/Library/Frameworks/ApplicationServices.framework/Versions/A/Frameworks/HIServices.framework/Versions/A/HIServices
0x00007fff4d474000 	/System/Library/Frameworks/ApplicationServices.framework/Versions/A/Frameworks/LangAnalysis.framework/Versions/A/LangAnalysis
0x00007fff4d484000 	/System/Library/Frameworks/ApplicationServices.framework/Versions/A/Frameworks/PrintCore.framework/Versions/A/PrintCore
0x00007fff4d4ce000 	/System/Library/Frameworks/ApplicationServices.framework/Versions/A/Frameworks/QD.framework/Versions/A/QD
0x00007fff4d508000 	/System/Library/Frameworks/ApplicationServices.framework/Versions/A/Frameworks/SpeechSynthesis.framework/Versions/A/SpeechSynthesis
0x00007fff77d94000 	/usr/lib/libcompression.dylib
0x00007fff539fb000 	/System/Library/Frameworks/MetalPerformanceShaders.framework/Versions/A/MetalPerformanceShaders
0x00007fff4b00f000 	/System/Library/Frameworks/Accelerate.framework/Versions/A/Frameworks/vImage.framework/Versions/A/vImage
0x00007fff4c089000 	/System/Library/Frameworks/Accelerate.framework/Versions/A/Frameworks/vecLib.framework/Versions/A/vecLib
0x00007fff4bfd5000 	/System/Library/Frameworks/Accelerate.framework/Versions/A/Frameworks/vecLib.framework/Versions/A/libvMisc.dylib
0x00007fff4bded000 	/System/Library/Frameworks/Accelerate.framework/Versions/A/Frameworks/vecLib.framework/Versions/A/libvDSP.dylib
0x00007fff4b6a9000 	/System/Library/Frameworks/Accelerate.framework/Versions/A/Frameworks/vecLib.framework/Versions/A/libBLAS.dylib
0x00007fff4b996000 	/System/Library/Frameworks/Accelerate.framework/Versions/A/Frameworks/vecLib.framework/Versions/A/libLAPACK.dylib
0x00007fff4bd40000 	/System/Library/Frameworks/Accelerate.framework/Versions/A/Frameworks/vecLib.framework/Versions/A/libLinearAlgebra.dylib
0x00007fff4bdd9000 	/System/Library/Frameworks/Accelerate.framework/Versions/A/Frameworks/vecLib.framework/Versions/A/libSparseBLAS.dylib
0x00007fff4bd56000 	/System/Library/Frameworks/Accelerate.framework/Versions/A/Frameworks/vecLib.framework/Versions/A/libQuadrature.dylib
0x00007fff4b923000 	/System/Library/Frameworks/Accelerate.framework/Versions/A/Frameworks/vecLib.framework/Versions/A/libBNNS.dylib
0x00007fff4bd5c000 	/System/Library/Frameworks/Accelerate.framework/Versions/A/Frameworks/vecLib.framework/Versions/A/libSparse.dylib
0x00007fff69c5e000 	/System/Library/PrivateFrameworks/GPUWrangler.framework/Versions/A/GPUWrangler
0x00007fff6bf30000 	/System/Library/PrivateFrameworks/IOAccelerator.framework/Versions/A/IOAccelerator
0x00007fff6bf3b000 	/System/Library/PrivateFrameworks/IOPresentment.framework/Versions/A/IOPresentment
0x00007fff636f2000 	/System/Library/PrivateFrameworks/DSExternalDisplay.framework/Versions/A/DSExternalDisplay
0x00007fff57c6f000 	/System/Library/Frameworks/OpenGL.framework/Versions/A/Libraries/libCoreFSCache.dylib
0x00007fff537ef000 	/System/Library/Frameworks/MetalPerformanceShaders.framework/Frameworks/MPSCore.framework/Versions/A/MPSCore
0x00007fff5380f000 	/System/Library/Frameworks/MetalPerformanceShaders.framework/Frameworks/MPSImage.framework/Versions/A/MPSImage
0x00007fff538b4000 	/System/Library/Frameworks/MetalPerformanceShaders.framework/Frameworks/MPSNeuralNetwork.framework/Versions/A/MPSNeuralNetwork
0x00007fff5388c000 	/System/Library/Frameworks/MetalPerformanceShaders.framework/Frameworks/MPSMatrix.framework/Versions/A/MPSMatrix
0x00007fff539e0000 	/System/Library/Frameworks/MetalPerformanceShaders.framework/Frameworks/MPSRayIntersector.framework/Versions/A/MPSRayIntersector
0x00007fff6d42b000 	/System/Library/PrivateFrameworks/MetalTools.framework/Versions/A/MetalTools
0x00007fff5e5b2000 	/System/Library/PrivateFrameworks/AggregateDictionary.framework/Versions/A/AggregateDictionary
0x00007fff77976000 	/usr/lib/libMobileGestalt.dylib
0x00007fff50916000 	/System/Library/Frameworks/CoreVideo.framework/Versions/A/CoreVideo
0x00007fff6aa6e000 	/System/Library/PrivateFrameworks/GraphVisualizer.framework/Versions/A/GraphVisualizer
0x00007fff648ee000 	/System/Library/PrivateFrameworks/FaceCore.framework/Versions/A/FaceCore
0x00007fff5729d000 	/System/Library/Frameworks/OpenCL.framework/Versions/A/OpenCL
0x00007fff776ce000 	/usr/lib/libFosl_dynamic.dylib
0x00007fff6e1da000 	/System/Library/PrivateFrameworks/OTSVG.framework/Versions/A/OTSVG
0x00007fff4d137000 	/System/Library/Frameworks/ApplicationServices.framework/Versions/A/Frameworks/ATS.framework/Versions/A/Resources/libFontParser.dylib
0x00007fff4d24f000 	/System/Library/Frameworks/ApplicationServices.framework/Versions/A/Frameworks/ATS.framework/Versions/A/Resources/libFontRegistry.dylib
0x00007fff51820000 	/System/Library/Frameworks/ImageIO.framework/Versions/A/Resources/libJPEG.dylib
0x00007fff51b32000 	/System/Library/Frameworks/ImageIO.framework/Versions/A/Resources/libTIFF.dylib
0x00007fff51b08000 	/System/Library/Frameworks/ImageIO.framework/Versions/A/Resources/libPng.dylib
0x00007fff5173e000 	/System/Library/Frameworks/ImageIO.framework/Versions/A/Resources/libGIF.dylib
0x00007fff51743000 	/System/Library/Frameworks/ImageIO.framework/Versions/A/Resources/libJP2.dylib
0x00007fff51b2f000 	/System/Library/Frameworks/ImageIO.framework/Versions/A/Resources/libRadiance.dylib
0x00007fff5ee5c000 	/System/Library/PrivateFrameworks/AppleJPEG.framework/Versions/A/AppleJPEG
0x00007fff57c7a000 	/System/Library/Frameworks/OpenGL.framework/Versions/A/Libraries/libGFXShared.dylib
0x00007fff57e3d000 	/System/Library/Frameworks/OpenGL.framework/Versions/A/Libraries/libGLU.dylib
0x00007fff57c83000 	/System/Library/Frameworks/OpenGL.framework/Versions/A/Libraries/libGL.dylib
0x00007fff57c8f000 	/System/Library/Frameworks/OpenGL.framework/Versions/A/Libraries/libGLImage.dylib
0x00007fff57c6c000 	/System/Library/Frameworks/OpenGL.framework/Versions/A/Libraries/libCVMSPluginSupport.dylib
0x00007fff57c75000 	/System/Library/Frameworks/OpenGL.framework/Versions/A/Libraries/libCoreVMClient.dylib
0x00007fff784e5000 	/usr/lib/libcups.2.dylib
0x00007fff52cf6000 	/System/Library/Frameworks/Kerberos.framework/Versions/A/Kerberos
0x00007fff51223000 	/System/Library/Frameworks/GSS.framework/Versions/A/GSS
0x00007fff79bf8000 	/usr/lib/libresolv.9.dylib
0x00007fff786d7000 	/usr/lib/libiconv.2.dylib
0x00007fff6abcd000 	/System/Library/PrivateFrameworks/Heimdal.framework/Versions/A/Heimdal
0x00007fff786a7000 	/usr/lib/libheimdal-asn1.dylib
0x00007fff57311000 	/System/Library/Frameworks/OpenDirectory.framework/Versions/A/OpenDirectory
0x00007fff61681000 	/System/Library/PrivateFrameworks/CommonAuth.framework/Versions/A/CommonAuth
0x00007fff572f5000 	/System/Library/Frameworks/OpenDirectory.framework/Versions/A/Frameworks/CFOpenDirectory.framework/Versions/A/CFOpenDirectory
0x00007fff5a3b5000 	/System/Library/Frameworks/SecurityFoundation.framework/Versions/A/SecurityFoundation
0x00007fff5dafb000 	/System/Library/PrivateFrameworks/APFS.framework/Versions/A/APFS
0x00007fff7a059000 	/usr/lib/libutil.dylib
0x00007fff77d82000 	/usr/lib/libcharset.1.dylib
0x00007fff5f0f9000 	/System/Library/PrivateFrameworks/AppleSauce.framework/Versions/A/AppleSauce
0x00007fff5f27a000 	/System/Library/PrivateFrameworks/AssertionServices.framework/Versions/A/AssertionServices
0x00007fff5f9aa000 	/System/Library/PrivateFrameworks/BaseBoard.framework/Versions/A/BaseBoard
0x00007fff78aa8000 	/usr/lib/libmecab.1.0.0.dylib
0x00007fff786a1000 	/usr/lib/libgermantok.dylib
0x00007fff77b52000 	/usr/lib/libThaiTokenizer.dylib
0x00007fff775fe000 	/usr/lib/libChineseTokenizer.dylib
0x00007fff6c5e9000 	/System/Library/PrivateFrameworks/LanguageModeling.framework/Versions/A/LanguageModeling
0x00007fff62362000 	/System/Library/PrivateFrameworks/CoreEmoji.framework/Versions/A/CoreEmoji
0x00007fff6c6c5000 	/System/Library/PrivateFrameworks/Lexicon.framework/Versions/A/Lexicon
0x00007fff6c708000 	/System/Library/PrivateFrameworks/LinguisticData.framework/Versions/A/LinguisticData
0x00007fff77d83000 	/usr/lib/libcmph.dylib
0x00007fff5a473000 	/System/Library/Frameworks/ServiceManagement.framework/Versions/A/ServiceManagement
0x00007fff5f90b000 	/System/Library/PrivateFrameworks/BackgroundTaskManagement.framework/Versions/A/BackgroundTaskManagement
0x00007fff7a152000 	/usr/lib/libxslt.1.dylib
0x00007fff4e1a2000 	/System/Library/Frameworks/Carbon.framework/Versions/A/Frameworks/Ink.framework/Versions/A/Ink
0x00007fff75690000 	/System/Library/PrivateFrameworks/TextureIO.framework/Versions/A/TextureIO
0x00007fff77ba6000 	/usr/lib/libate.dylib
0x00007fff63641000 	/System/Library/PrivateFrameworks/CrashReporterSupport.framework/Versions/A/CrashReporterSupport
0x00007fff72dcf000 	/System/Library/PrivateFrameworks/Sharing.framework/Versions/A/Sharing
0x00007fff5f65d000 	/System/Library/PrivateFrameworks/AuthKit.framework/Versions/A/AuthKit
0x00007fff5ebb1000 	/System/Library/PrivateFrameworks/Apple80211.framework/Versions/A/Apple80211
0x00007fff633eb000 	/System/Library/PrivateFrameworks/CoreUtils.framework/Versions/A/CoreUtils
0x00007fff50956000 	/System/Library/Frameworks/CoreWLAN.framework/Versions/A/CoreWLAN
0x00007fff51352000 	/System/Library/Frameworks/IOBluetooth.framework/Versions/A/IOBluetooth
0x00007fff7124f000 	/System/Library/PrivateFrameworks/ProtocolBuffer.framework/Versions/A/ProtocolBuffer
0x00007fff6d665000 	/System/Library/PrivateFrameworks/MobileKeyBag.framework/Versions/A/MobileKeyBag
0x00007fff62c2f000 	/System/Library/PrivateFrameworks/CorePhoneNumbers.framework/Versions/A/CorePhoneNumbers
0x00007fff5ee10000 	/System/Library/PrivateFrameworks/AppleIDAuthSupport.framework/Versions/A/AppleIDAuthSupport
0x00007fff6c5bc000 	/System/Library/PrivateFrameworks/KeychainCircle.framework/Versions/A/KeychainCircle
0x00007fff71405000 	/System/Library/PrivateFrameworks/ROCKit.framework/Versions/A/ROCKit
0x00007fff635dd000 	/System/Library/PrivateFrameworks/CoreWiFi.framework/Versions/A/CoreWiFi
0x00007fff4e6ed000 	/System/Library/Frameworks/CoreBluetooth.framework/Versions/A/CoreBluetooth
0x00007fff63838000 	/System/Library/PrivateFrameworks/DebugSymbols.framework/Versions/A/DebugSymbols
0x00007fff631ab000 	/System/Library/PrivateFrameworks/CoreSymbolication.framework/Versions/A/CoreSymbolication
0x00007fff74eab000 	/System/Library/PrivateFrameworks/Symbolication.framework/Versions/A/Symbolication
0x00007fff7474e000 	/System/Library/PrivateFrameworks/SpeechRecognitionCore.framework/Versions/A/SpeechRecognitionCore
0x0000000104a00000 	/Library/Java/JavaVirtualMachines/jdk-14-loom-20190902.jdk/Contents/Home/lib/server/libjvm.dylib
0x000000010318e000 	/Library/Java/JavaVirtualMachines/jdk-14-loom-20190902.jdk/Contents/Home/lib/libverify.dylib
0x000000010319a000 	/Library/Java/JavaVirtualMachines/jdk-14-loom-20190902.jdk/Contents/Home/lib/libjava.dylib
0x00000001031df000 	/Library/Java/JavaVirtualMachines/jdk-14-loom-20190902.jdk/Contents/Home/lib/libzip.dylib
0x00000001031e6000 	/Library/Java/JavaVirtualMachines/jdk-14-loom-20190902.jdk/Contents/Home/lib/libjimage.dylib
0x000000012ac0d000 	/Library/Java/JavaVirtualMachines/jdk-14-loom-20190902.jdk/Contents/Home/lib/libnio.dylib
0x000000012ac1b000 	/Library/Java/JavaVirtualMachines/jdk-14-loom-20190902.jdk/Contents/Home/lib/./libnet.dylib
0x000000012ad11000 	/Library/Java/JavaVirtualMachines/jdk-14-loom-20190902.jdk/Contents/Home/lib/libmanagement.dylib
0x000000012ad16000 	/Library/Java/JavaVirtualMachines/jdk-14-loom-20190902.jdk/Contents/Home/lib/libmanagement_ext.dylib
0x000000012c943000 	/Library/Java/JavaVirtualMachines/jdk-14-loom-20190902.jdk/Contents/Home/lib/libsunec.dylib
0x00000001031fd000 	/Library/Java/JavaVirtualMachines/jdk-14-loom-20190902.jdk/Contents/Home/lib/libextnet.dylib


VM Arguments:
jvm_args: -Dfile.encoding=UTF-8 -Duser.country=PL -Duser.language=en -Duser.variant 
java_command: loom.workshop.WorkshopService
java_class_path (initial): /Users/jigga/projects/pl.jigga/loom-academy/workshop-service/build/classes/java/main:/Users/jigga/projects/pl.jigga/loom-academy/workshop-service/build/resources/main:/Users/jigga/.gradle/caches/modules-2/files-2.1/org.springframework.boot/spring-boot-starter-web/2.1.2.RELEASE/33749ef5bf458829eef0e0c45615bf536521a97a/spring-boot-starter-web-2.1.2.RELEASE.jar:/Users/jigga/.gradle/caches/modules-2/files-2.1/org.springframework.cloud/spring-cloud-starter-netflix-eureka-client/2.1.0.RELEASE/a61b33193531acf406a4e3cbb9c76e3ec6c77abd/spring-cloud-starter-netflix-eureka-client-2.1.0.RELEASE.jar:/Users/jigga/.gradle/caches/modules-2/files-2.1/org.springframework.boot/spring-boot-starter-json/2.1.2.RELEASE/db59b1857966985cec2cdb81cd6cfeb315f1c849/spring-boot-starter-json-2.1.2.RELEASE.jar:/Users/jigga/.gradle/caches/modules-2/files-2.1/org.springframework.cloud/spring-cloud-starter-netflix-ribbon/2.1.0.RELEASE/979c991d77b2f8fe9092f8d56d2f64d5f30cf385/spring-cloud-starter-netflix-ribbon-2.1.0.RELEASE.jar:/Users/jigga/.gradle/caches/modules-2/files-2.1/org.springframework.cloud/spring-cloud-starter-netflix-archaius/2.1.0.RELEASE/1e894ff28bca79c0581972797ca521cc276db08b/spring-cloud-starter-netflix-archaius-2.1.0.RELEASE.jar:/Users/jigga/.gradle/caches/modules-2/files-2.1/org.springframework.cloud/spring-cloud-starter/2.1.0.RELEASE/bc5df6550f2108f99ef5b62c7656123aee44c0d9/spring-cloud-starter-2.1.0.RELEASE.jar:/Users/jigga/.gradle/caches/modules-2/files-2.1/org.springframework.cloud/spring-cloud-netflix-eureka-client/2.1.0.RELEASE/90d9174bfdb439f47feb7b1fa2d597cfebfb3ea8/spring-cloud-netflix-eureka-client-2.1.0.RELEASE.jar:/Users/jigga/.gradle/caches/modules-2/files-2.1/org.springframework.cloud/spring-cloud-netflix-hystrix/2.1.0.RELEASE/475af941f77e5ef3e35fa3533bbd7aa1ec4f4cf7/spring-cloud-netflix-hystrix-2.1.0.RELEASE.jar:/Users/jigga/.gradle/caches/modules-2/files-2.1/org.springframework.boot/spring-boot-starter-aop/2.1.2.RELEASE/d4266d045585b54b0
Launcher Type: SUN_STANDARD

[Global flags]
     intx CICompilerCount                          = 4                                         {product} {ergonomic}
     uint ConcGCThreads                            = 3                                         {product} {ergonomic}
     uint G1ConcRefinementThreads                  = 10                                        {product} {ergonomic}
   size_t G1HeapRegionSize                         = 1048576                                   {product} {ergonomic}
    uintx GCDrainStackTargetSize                   = 64                                        {product} {ergonomic}
   size_t InitialHeapSize                          = 268435456                                 {product} {ergonomic}
   size_t MarkStackSize                            = 4194304                                   {product} {ergonomic}
   size_t MaxHeapSize                              = 4294967296                                {product} {ergonomic}
   size_t MaxNewSize                               = 2576351232                                {product} {ergonomic}
   size_t MinHeapDeltaBytes                        = 1048576                                   {product} {ergonomic}
   size_t MinHeapSize                              = 8388608                                   {product} {ergonomic}
    uintx NonNMethodCodeHeapSize                   = 5836300                                {pd product} {ergonomic}
    uintx NonProfiledCodeHeapSize                  = 122910970                              {pd product} {ergonomic}
    uintx ProfiledCodeHeapSize                     = 122910970                              {pd product} {ergonomic}
    uintx ReservedCodeCacheSize                    = 251658240                              {pd product} {ergonomic}
     bool SegmentedCodeCache                       = true                                      {product} {ergonomic}
   size_t SoftMaxHeapSize                          = 4294967296                             {manageable} {ergonomic}
     bool UseCompressedClassPointers               = true                                 {lp64_product} {ergonomic}
     bool UseCompressedOops                        = true                                 {lp64_product} {ergonomic}
     bool UseG1GC                                  = true                                      {product} {ergonomic}

Logging:
Log output configuration:
 #0: stdout all=warning uptime,level,tags
 #1: stderr all=off uptime,level,tags

Environment Variables:
PATH=/Users/jigga/google-cloud-sdk/bin:/usr/local/bin:/usr/bin:/bin:/usr/sbin:/sbin
SHELL=/bin/bash

Signal Handlers:
SIGSEGV: [libjvm.dylib+0x902aa0], sa_mask[0]=11111111011111110111111111111111, sa_flags=SA_ONSTACK|SA_RESTART|SA_SIGINFO
SIGBUS: [libjvm.dylib+0x902aa0], sa_mask[0]=11111111011111110111111111111111, sa_flags=SA_RESTART|SA_SIGINFO
SIGFPE: [libjvm.dylib+0x902aa0], sa_mask[0]=11111111011111110111111111111111, sa_flags=SA_RESTART|SA_SIGINFO
SIGPIPE: [libjvm.dylib+0x740253], sa_mask[0]=11111111011111110111111111111111, sa_flags=SA_RESTART|SA_SIGINFO
SIGXFSZ: [libjvm.dylib+0x740253], sa_mask[0]=11111111011111110111111111111111, sa_flags=SA_RESTART|SA_SIGINFO
SIGILL: [libjvm.dylib+0x902aa0], sa_mask[0]=11111111011111110111111111111111, sa_flags=SA_RESTART|SA_SIGINFO
SIGUSR2: [libjvm.dylib+0x74083b], sa_mask[0]=00100000000000000000000000000000, sa_flags=SA_RESTART|SA_SIGINFO
SIGHUP: [libjvm.dylib+0x73f84b], sa_mask[0]=11111111011111110111111111111111, sa_flags=SA_RESTART|SA_SIGINFO
SIGINT: [libjvm.dylib+0x73f84b], sa_mask[0]=11111111011111110111111111111111, sa_flags=SA_RESTART|SA_SIGINFO
SIGTERM: [libjvm.dylib+0x73f84b], sa_mask[0]=11111111011111110111111111111111, sa_flags=SA_RESTART|SA_SIGINFO
SIGQUIT: [libjvm.dylib+0x73f84b], sa_mask[0]=11111111011111110111111111111111, sa_flags=SA_RESTART|SA_SIGINFO


---------------  S Y S T E M  ---------------

OS:uname:Darwin 18.6.0 Darwin Kernel Version 18.6.0: Thu Apr 25 23:16:27 PDT 2019; root:xnu-4903.261.4~2/RELEASE_X86_64 x86_64
rlimit: STACK 8192k, CORE 0k, NPROC 1418, NOFILE 10240, AS infinity, DATA infinity, FSIZE infinity
load average:3.32 3.43 3.25

CPU:total 12 (initial active 12) (6 cores per cpu, 2 threads per core) family 6 model 158 stepping 10, cmov, cx8, fxsr, mmx, sse, sse2, sse3, ssse3, sse4.1, sse4.2, popcnt, avx, avx2, aes, clmul, erms, rtm, 3dnowpref, lzcnt, ht, tsc, tscinvbit, bmi1, bmi2, adx, fma

Memory: 4k page, physical 16777216k(191784k free), swap 5242880k(1418496k free)

vm_info: OpenJDK 64-Bit Server VM (14-internal+0-adhoc.jigga.loom) for bsd-amd64 JRE (14-internal+0-adhoc.jigga.loom), built on Sep  2 2019 21:37:06 by "jigga" with clang 4.2.1 Compatible Apple LLVM 10.0.1 (clang-1001.0.46.4)

END.
