#
# A fatal error has been detected by the Java Runtime Environment:
#
#  SIGSEGV (0xb) at pc=0x000000011023bfb4, pid=4142, tid=39427
#
# JRE version: OpenJDK Runtime Environment (14.0) (build 14-internal+0-adhoc.jigga.loom)
# Java VM: OpenJDK 64-Bit Server VM (14-internal+0-adhoc.jigga.loom, mixed mode, sharing, tiered, compressed oops, g1 gc, bsd-amd64)
# Problematic frame:
# V  [libjvm.dylib+0x43bfb4]  void G1ParCopyClosure<(G1Barrier)0, (G1Mark)1>::do_oop_work<oopDesc*>(oopDesc**)+0xe
#
# No core dump will be written. Core dumps have been disabled. To enable core dumping, try "ulimit -c unlimited" before starting Java again
#
# If you would like to submit a bug report, please visit:
#   http://bugreport.java.com/bugreport/crash.jsp
#

---------------  S U M M A R Y ------------

Command Line: -agentlib:jdwp=transport=dt_socket,server=n,suspend=y,address=60051 -Dfile.encoding=UTF-8 -Duser.country=PL -Duser.language=en -Duser.variant loom.workshop.WorkshopService

Host: MacBookPro15,1 x86_64 2600 MHz, 12 cores, 16G, Darwin 18.7.0
Time: Sat Sep 21 21:12:39 2019 CEST elapsed time: 30 seconds (0d 0h 0m 30s)

---------------  T H R E A D  ---------------

Current thread (0x00007fc14b9ae000):  GCTaskThread "GC Thread#2" [stack: 0x0000700010c03000,0x0000700010d03000] [id=39427]

Stack: [0x0000700010c03000,0x0000700010d03000],  sp=0x0000700010d015e0,  free space=1017k
Native frames: (J=compiled Java code, A=aot compiled Java code, j=interpreted, Vv=VM code, C=native code)
V  [libjvm.dylib+0x43bfb4]  void G1ParCopyClosure<(G1Barrier)0, (G1Mark)1>::do_oop_work<oopDesc*>(oopDesc**)+0xe
V  [libjvm.dylib+0x3ea3ce]  CompiledArgumentOopFinder::oops_do()+0x18
V  [libjvm.dylib+0x3ea3a4]  frame::oops_compiled_arguments_do(Symbol*, bool, bool, RegisterMap const*, OopClosure*)+0x64
V  [libjvm.dylib+0x233b69]  CompiledMethod::preserve_callee_argument_oops(frame, RegisterMap const*, OopClosure*)+0x15f
V  [libjvm.dylib+0x3ea2b7]  frame::oops_code_blob_do(OopClosure*, CodeBlobClosure*, DerivedOopClosure*, RegisterMap const*)+0xbf
V  [libjvm.dylib+0x8b0f23]  JavaThread::oops_do(OopClosure*, CodeBlobClosure*)+0x12b
V  [libjvm.dylib+0x8b1ec6]  Threads::possibly_parallel_threads_do(bool, ThreadClosure*)+0x82
V  [libjvm.dylib+0x8b3874]  Threads::possibly_parallel_oops_do(bool, OopClosure*, CodeBlobClosure*)+0x26
V  [libjvm.dylib+0x43db86]  G1RootProcessor::process_java_roots(G1RootClosures*, G1GCPhaseTimes*, unsigned int)+0xc2
V  [libjvm.dylib+0x43d976]  G1RootProcessor::evacuate_roots(G1ParScanThreadState*, unsigned int)+0x60
V  [libjvm.dylib+0x3fe774]  G1EvacuateRegionsTask::scan_roots(G1ParScanThreadState*, unsigned int)+0x1c
V  [libjvm.dylib+0x3fe6a0]  G1EvacuateRegionsBaseTask::work(unsigned int)+0x88
V  [libjvm.dylib+0x929bf1]  GangWorker::loop()+0x43
V  [libjvm.dylib+0x8acedd]  Thread::call_run()+0x71
V  [libjvm.dylib+0x73e617]  thread_native_entry(Thread*)+0x132
C  [libsystem_pthread.dylib+0x32eb]  _pthread_body+0x7e
C  [libsystem_pthread.dylib+0x6249]  _pthread_start+0x42
C  [libsystem_pthread.dylib+0x240d]  thread_start+0xd

JavaThread 0x00007fc14b819000 (nid = 28943) was being processed
Java frames: (J=compiled Java code, j=interpreted, Vv=VM code)
J 7278 c1 java.lang.Continuation.run()V java.base@14-internal (723 bytes) @ 0x000000011adbff1c [0x000000011adbf460+0x0000000000000abc]
J 6789 c1 java.lang.Fiber.runContinuation()V java.base@14-internal (134 bytes) @ 0x000000011ac32a4c [0x000000011ac318e0+0x000000000000116c]
J 6788 c1 java.lang.Fiber$$Lambda$603.run()V java.base@14-internal (8 bytes) @ 0x000000011ac311e4 [0x000000011ac31140+0x00000000000000a4]
j  java.util.concurrent.ThreadPoolExecutor.runWorker(Ljava/util/concurrent/ThreadPoolExecutor$Worker;)V+92 java.base@14-internal
j  java.util.concurrent.ThreadPoolExecutor$Worker.run()V+5 java.base@14-internal
j  java.lang.Thread.run()V+11 java.base@14-internal
v  ~StubRoutines::call_stub

siginfo: si_signo: 11 (SIGSEGV), si_code: 1 (SEGV_MAPERR), si_addr: 0x0000000000000000

Register to memory mapping:

RAX=0x000000011023bf92: _ZN16G1ParCopyClosureIL9G1Barrier0EL6G1Mark1EE6do_oopEPP7oopDesc+0 in /Library/Java/JavaVirtualMachines/jdk-14-loom-20190902.jdk/Contents/Home/lib/server/libjvm.dylib at 0x000000010fe00000
RBX=0x0000700010d01640 points into unknown readable memory: 08 9c 8a 10 01 00 00 00
RCX=0x0000000000000030 is an unknown value
RDX=0x0000000000000130 is an unknown value
RSP=0x0000700010d015e0 points into unknown readable memory: 92 bf 23 10 01 00 00 00
RBP=0x0000700010d01610 points into unknown readable memory: 30 16 d0 10 00 70 00 00
RSI=0x0 is NULL
RDI=0x00007fc14c633408 points into unknown readable memory: 00 ca 8a 10 01 00 00 00
R8 =0xffffffffffffffff is an unknown value
R9 =0x0000000000000001 is an unknown value
R10=0x000000011096be60: _ZZN13SharedRuntime23java_calling_conventionEPK9BasicTypeP9VMRegPairiiE10INT_ArgReg+0 in /Library/Java/JavaVirtualMachines/jdk-14-loom-20190902.jdk/Contents/Home/lib/server/libjvm.dylib at 0x000000010fe00000
R11=0xffffffffffffffff is an unknown value
R12=0x000000011adbef90 is at entry_point+-1232 in (nmethod*)0x000000011adbef90
R13=0x000070001110e5f0 is pointing into the stack for thread: 0x00007fc14b819000
R14=0x000000011adbff1c is at entry_point+2748 in (nmethod*)0x000000011adbef90
R15=0x000070001110e9a0 is pointing into the stack for thread: 0x00007fc14b819000


Registers:
RAX=0x000000011023bf92, RBX=0x0000700010d01640, RCX=0x0000000000000030, RDX=0x0000000000000130
RSP=0x0000700010d015e0, RBP=0x0000700010d01610, RSI=0x0000000000000000, RDI=0x00007fc14c633408
R8 =0xffffffffffffffff, R9 =0x0000000000000001, R10=0x000000011096be60, R11=0xffffffffffffffff
R12=0x000000011adbef90, R13=0x000070001110e5f0, R14=0x000000011adbff1c, R15=0x000070001110e9a0
RIP=0x000000011023bfb4, EFLAGS=0x0000000000010202, ERR=0x0000000000000004
  TRAPNO=0x000000000000000e

Top of Stack: (sp=0x0000700010d015e0)
0x0000700010d015e0:   000000011023bf92 0000700010d01640
0x0000700010d015f0:   000000011adbef90 000070001110e5f0
0x0000700010d01600:   000000011adbff1c 000070001110e9a0
0x0000700010d01610:   0000700010d01630 00000001101ea3ce
0x0000700010d01620:   00007fc14d9f0410 0000700000000000
0x0000700010d01630:   0000700010d016f0 00000001101ea3a4
0x0000700010d01640:   00000001108a9c08 0000000800419c98
0x0000700010d01650:   000000001adbef90 0000000000000063
0x0000700010d01660:   0000700000000000 00007fc14c633408
0x0000700010d01670:   0000000100000000 000070001110e5f0
0x0000700010d01680:   000000011adbff1c 000000011adbef90
0x0000700010d01690:   00007fc14cdc86b0 0000700000000000
0x0000700010d016a0:   000070001110e9a0 000070001110e5f0
0x0000700010d016b0:   0000700010d01868 0000000100000001
0x0000700010d016c0:   00007fc14d9f0410 000000011adbef90
0x0000700010d016d0:   0000000000000000 000000011adbff17
0x0000700010d016e0:   0000700010d01701 0000000800419c98
0x0000700010d016f0:   0000700010d01770 0000000110033b69
0x0000700010d01700:   000000080039acb0 000000010000009b
0x0000700010d01710:   0000000800a80b33 00000001000000b6
0x0000700010d01720:   000000080039acb0 000000080039acb0
0x0000700010d01730:   00007fc14b9ae000 00007fc14c633408
0x0000700010d01740:   0000700010d01868 0000700010d01830
0x0000700010d01750:   000000011adbff1c 000070001110e5f0
0x0000700010d01760:   00007fc14c633488 0000700010d01868
0x0000700010d01770:   0000700010d01820 00000001101ea2b7
0x0000700010d01780:   000070001110e5f0 000000011adbff1c
0x0000700010d01790:   000000011adbef90 00007fc14cdc86b0
0x0000700010d017a0:   0000700000000000 000070001110e9a0
0x0000700010d017b0:   000070001110e5f0 00000001101ea236
0x0000700010d017c0:   000070001110e5f0 000000011adbff1c
0x0000700010d017d0:   000000011adbef90 00007fc14cdc86b0 

Instructions: (pc=0x000000011023bfb4)
0x000000011023beb4:   fe ff 48 8d 05 43 0b 67 00 48 89 03 4c 8d 73 30
0x000000011023bec4:   4c 89 f7 4c 89 ee 4c 89 e2 e8 86 c1 fe ff 48 8d
0x000000011023bed4:   05 47 0b 67 00 48 89 43 30 48 8d 05 4c 04 67 00
0x000000011023bee4:   48 83 c0 10 48 89 43 60 4c 89 73 68 44 88 7b 70
0x000000011023bef4:   8b 45 c0 89 43 74 c7 43 78 00 00 00 00 48 8d 05
0x000000011023bf04:   28 e4 66 00 48 83 c0 10 66 48 0f 6e c0 48 8d 05
0x000000011023bf14:   38 e4 66 00 48 83 c0 10 66 48 0f 6e c8 66 0f 6c
0x000000011023bf24:   c8 66 0f 7f 4d c0 f3 0f 7f 8b 80 00 00 00 e8 c5
0x000000011023bf34:   e6 fb ff 48 89 83 90 00 00 00 48 89 9b 98 00 00
0x000000011023bf44:   00 45 31 f6 4c 89 b3 a0 00 00 00 c6 83 a8 00 00
0x000000011023bf54:   00 01 0f 28 45 c0 0f 11 83 b0 00 00 00 e8 96 e6
0x000000011023bf64:   fb ff 48 89 83 c0 00 00 00 48 89 9b c8 00 00 00
0x000000011023bf74:   4c 89 b3 d0 00 00 00 c6 83 d8 00 00 00 00 48 83
0x000000011023bf84:   c4 18 5b 41 5c 41 5d 41 5e 41 5f 5d c3 90 55 48
0x000000011023bf94:   89 e5 5d e9 0a 00 00 00 55 48 89 e5 5d e9 80 02
0x000000011023bfa4:   00 00 55 48 89 e5 41 57 41 56 41 55 41 54 53 50
0x000000011023bfb4:   48 8b 1e 48 85 db 0f 84 57 02 00 00 49 89 f7 49
0x000000011023bfc4:   89 fe 48 8b 47 08 8a 88 a0 05 00 00 48 89 da 48
0x000000011023bfd4:   d3 ea 48 8b 88 90 05 00 00 0f b7 34 51 89 f1 c1
0x000000011023bfe4:   e9 08 84 c9 78 35 48 8b 0b 89 c8 83 e0 03 ba 03
0x000000011023bff4:   00 00 00 48 39 d0 75 6c 48 8d 15 4f 64 69 00 89
0x000000011023c004:   ce 83 e6 07 48 83 e1 fc 31 c0 80 3a 00 48 0f 44
0x000000011023c014:   c1 48 83 fe 05 48 0f 45 c1 eb 55 80 f9 fd 74 58
0x000000011023c024:   80 f9 fe 0f 85 2c 01 00 00 48 89 da 48 2b 50 10
0x000000011023c034:   48 8d 0d 35 78 6f 00 8a 09 48 d3 ea 89 d1 48 8b
0x000000011023c044:   90 28 02 00 00 80 3c 0a 00 0f 84 06 01 00 00 c6
0x000000011023c054:   04 0a 00 48 8b 80 80 05 00 00 c6 44 48 01 ff e9
0x000000011023c064:   f1 00 00 00 49 8b 7e 10 48 89 da e8 d8 db fe ff
0x000000011023c074:   49 89 07 e9 09 01 00 00 49 8b 46 10 48 8b 48 08
0x000000011023c084:   48 8b 91 f8 00 00 00 8a 4a 68 48 89 de 48 d3 ee
0x000000011023c094:   48 8b 4a 58 48 8b 0c f1 8b 89 20 01 00 00 48 8b
0x000000011023c0a4:   80 10 02 00 00 48 8d 0c 89 4c 8d 24 c8 4d 8b 6c 


Stack slot to memory mapping:
stack at sp + 0 slots: 0x000000011023bf92: _ZN16G1ParCopyClosureIL9G1Barrier0EL6G1Mark1EE6do_oopEPP7oopDesc+0 in /Library/Java/JavaVirtualMachines/jdk-14-loom-20190902.jdk/Contents/Home/lib/server/libjvm.dylib at 0x000000010fe00000
stack at sp + 1 slots: 0x0000700010d01640 points into unknown readable memory: 08 9c 8a 10 01 00 00 00
stack at sp + 2 slots: 0x000000011adbef90 is at entry_point+-1232 in (nmethod*)0x000000011adbef90
stack at sp + 3 slots: 0x000070001110e5f0 is pointing into the stack for thread: 0x00007fc14b819000
stack at sp + 4 slots: 0x000000011adbff1c is at entry_point+2748 in (nmethod*)0x000000011adbef90
stack at sp + 5 slots: 0x000070001110e9a0 is pointing into the stack for thread: 0x00007fc14b819000
stack at sp + 6 slots: 0x0000700010d01630 points into unknown readable memory: f0 16 d0 10 00 70 00 00
stack at sp + 7 slots: 0x00000001101ea3ce: _ZN25CompiledArgumentOopFinder7oops_doEv+0x18 in /Library/Java/JavaVirtualMachines/jdk-14-loom-20190902.jdk/Contents/Home/lib/server/libjvm.dylib at 0x000000010fe00000


---------------  P R O C E S S  ---------------

Threads class SMR info:
_java_thread_list=0x00007fc151d33f00, length=38, elements={
0x00007fc14b811800, 0x00007fc14c803000, 0x00007fc14c806000, 0x00007fc14e002800,
0x00007fc14e003000, 0x00007fc14b00a800, 0x00007fc14b00d800, 0x00007fc14b81e800,
0x00007fc14e024000, 0x00007fc14b00b000, 0x00007fc14d82b000, 0x00007fc14ccb9000,
0x00007fc14e563000, 0x00007fc14af94000, 0x00007fc14ccef000, 0x00007fc14af97800,
0x00007fc14af9d000, 0x00007fc14ddd7800, 0x00007fc14a870800, 0x00007fc14b867800,
0x00007fc14af91800, 0x00007fc14ce66000, 0x00007fc14af8e800, 0x00007fc14e79d000,
0x00007fc15215c000, 0x00007fc14b1ab800, 0x00007fc14ca28000, 0x00007fc14dbf2000,
0x00007fc14bb89000, 0x00007fc1521d7800, 0x00007fc14b819000, 0x00007fc14bd08000,
0x00007fc152800800, 0x00007fc14ccbc800, 0x00007fc152051000, 0x00007fc14e818800,
0x00007fc150038000, 0x00007fc14bbea800
}
_to_delete_list=0x00007fc151e2b780, length=37, elements={
0x00007fc14b811800, 0x00007fc14c803000, 0x00007fc14c806000, 0x00007fc14e002800,
0x00007fc14e003000, 0x00007fc14b00a800, 0x00007fc14b00d800, 0x00007fc14b81e800,
0x00007fc14e024000, 0x00007fc14b00b000, 0x00007fc14d82b000, 0x00007fc14ccb9000,
0x00007fc14e563000, 0x00007fc14af94000, 0x00007fc14ccef000, 0x00007fc14af97800,
0x00007fc14af9d000, 0x00007fc14ddd7800, 0x00007fc14a870800, 0x00007fc14b867800,
0x00007fc14af91800, 0x00007fc14ce66000, 0x00007fc14af8e800, 0x00007fc14e79d000,
0x00007fc15215c000, 0x00007fc14b1ab800, 0x00007fc14ca28000, 0x00007fc14dbf2000,
0x00007fc14bb89000, 0x00007fc1521d7800, 0x00007fc14b819000, 0x00007fc14bd08000,
0x00007fc152800800, 0x00007fc14ccbc800, 0x00007fc152051000, 0x00007fc14e818800,
0x00007fc150038000
}

Java Threads: ( => current thread )
  0x00007fc14b811800 JavaThread "Reference Handler" daemon [_thread_blocked, id=18691, stack(0x000070000fcd6000,0x000070000fdd6000)]
  0x00007fc14c803000 JavaThread "Finalizer" daemon [_thread_blocked, id=18179, stack(0x000070000fdd9000,0x000070000fed9000)]
  0x00007fc14c806000 JavaThread "Signal Dispatcher" daemon [_thread_blocked, id=42755, stack(0x000070000fedc000,0x000070000ffdc000)]
  0x00007fc14e002800 JavaThread "C2 CompilerThread0" daemon [_thread_blocked, id=22531, stack(0x000070000ffdf000,0x00007000100df000)]
  0x00007fc14e003000 JavaThread "C1 CompilerThread0" daemon [_thread_blocked, id=23043, stack(0x00007000100e2000,0x00007000101e2000)]
  0x00007fc14b00a800 JavaThread "Sweeper thread" daemon [_thread_blocked, id=23811, stack(0x00007000101e5000,0x00007000102e5000)]
  0x00007fc14b00d800 JavaThread "Common-Cleaner" daemon [_thread_blocked, id=24323, stack(0x00007000102e8000,0x00007000103e8000)]
  0x00007fc14b81e800 JavaThread "JDWP Transport Listener: dt_socket" daemon [_thread_blocked, id=24835, stack(0x00007000103eb000,0x00007000104eb000)]
  0x00007fc14e024000 JavaThread "JDWP Event Helper Thread" daemon [_thread_blocked, id=41475, stack(0x00007000104ee000,0x00007000105ee000)]
  0x00007fc14b00b000 JavaThread "JDWP Command Reader" daemon [_thread_in_native, id=25859, stack(0x00007000105f1000,0x00007000106f1000)]
  0x00007fc14d82b000 JavaThread "Service Thread" daemon [_thread_blocked, id=26371, stack(0x00007000106f4000,0x00007000107f4000)]
  0x00007fc14ccb9000 JavaThread "http-nio-8081-BlockPoller" daemon [_thread_in_native, id=40207, stack(0x00007000109fd000,0x0000700010afd000)]
  0x00007fc14e563000 JavaThread "Catalina-utility-1" [_thread_blocked, id=29699, stack(0x0000700011318000,0x0000700011418000)]
  0x00007fc14af94000 JavaThread "Catalina-utility-2" [_thread_blocked, id=36867, stack(0x000070001141b000,0x000070001151b000)]
  0x00007fc14ccef000 JavaThread "container-0" [_thread_blocked, id=30723, stack(0x000070001151e000,0x000070001161e000)]
  0x00007fc14af97800 JavaThread "spring.cloud.inetutils" daemon [_thread_blocked, id=31235, stack(0x0000700011621000,0x0000700011721000)]
  0x00007fc14af9d000 JavaThread "HttpClient-1-SelectorManager" daemon [_thread_blocked, id=35587, stack(0x000070001192a000,0x0000700011a2a000)]
  0x00007fc14ddd7800 JavaThread "Eureka-JerseyClient-Conn-Cleaner2" daemon [_thread_blocked, id=32515, stack(0x0000700011a2d000,0x0000700011b2d000)]
  0x00007fc14a870800 JavaThread "AsyncResolver-bootstrap-0" daemon [_thread_blocked, id=32771, stack(0x0000700011b30000,0x0000700011c30000)]
  0x00007fc14b867800 JavaThread "DiscoveryClient-0" daemon [_thread_blocked, id=33027, stack(0x0000700011c33000,0x0000700011d33000)]
  0x00007fc14af91800 JavaThread "http-nio-8080-BlockPoller" daemon [_thread_in_native, id=33795, stack(0x0000700011d36000,0x0000700011e36000)]
  0x00007fc14ce66000 JavaThread "http-nio-8080-ClientPoller" daemon [_thread_in_native, id=43779, stack(0x0000700011e39000,0x0000700011f39000)]
  0x00007fc14af8e800 JavaThread "http-nio-8080-Acceptor" daemon [_thread_blocked, id=86787, stack(0x0000700011f3c000,0x000070001203c000)]
  0x00007fc14e79d000 JavaThread "http-nio-8081-ClientPoller" daemon [_thread_in_native, id=86531, stack(0x000070001203f000,0x000070001213f000)]
  0x00007fc15215c000 JavaThread "http-nio-8081-Acceptor" daemon [_thread_in_native, id=86019, stack(0x0000700012142000,0x0000700012242000)]
  0x00007fc14b1ab800 JavaThread "DestroyJavaVM" [_thread_blocked, id=8707, stack(0x000070000f5c1000,0x000070000f6c1000)]
  0x00007fc14ca28000 JavaThread "fiber-carrier-thread-0" [_thread_blocked, id=40455, stack(0x00007000108fa000,0x00007000109fa000)]
  0x00007fc14dbf2000 JavaThread "HttpClient-1-Worker-0" daemon [_thread_blocked, id=45059, stack(0x0000700012245000,0x0000700012345000)]
  0x00007fc14bb89000 JavaThread "HttpClient-1-Worker-1" daemon [_thread_blocked, id=45571, stack(0x0000700012348000,0x0000700012448000)]
  0x00007fc1521d7800 JavaThread "HttpClient-1-Worker-2" daemon [_thread_blocked, id=46083, stack(0x000070001244b000,0x000070001254b000)]
  0x00007fc14b819000 JavaThread "fiber-carrier-thread-1" [_thread_blocked, id=28943, stack(0x000070001100f000,0x000070001110f000)]
  0x00007fc14bd08000 JavaThread "fiber-carrier-thread-2" [_thread_blocked, id=46851, stack(0x000070001254e000,0x000070001264e000)]
  0x00007fc152800800 JavaThread "fiber-carrier-thread-3" [_thread_blocked, id=84227, stack(0x0000700012754000,0x0000700012854000)]
  0x00007fc14ccbc800 JavaThread "HttpClient-1-Worker-3" daemon [_thread_blocked, id=84743, stack(0x0000700012651000,0x0000700012751000)]
  0x00007fc152051000 JavaThread "HttpClient-1-Worker-4" daemon [_thread_blocked, id=83971, stack(0x0000700012857000,0x0000700012957000)]
  0x00007fc14e818800 JavaThread "HttpClient-1-Worker-5" daemon [_thread_blocked, id=83715, stack(0x000070001295a000,0x0000700012a5a000)]
  0x00007fc150038000 JavaThread "C2 CompilerThread1" daemon [_thread_blocked, id=50179, stack(0x0000700012c63000,0x0000700012d63000)]
  0x00007fc14bbea800 JavaThread "HttpClient-1-Worker-6" daemon [_thread_blocked, id=50435, stack(0x0000700012d66000,0x0000700012e66000)]

Other Threads:
  0x00007fc14a867000 VMThread "VM Thread" [stack: 0x000070000fbd3000,0x000070000fcd3000] [id=18947]
  0x00007fc14b81f800 WatcherThread [stack: 0x00007000107f7000,0x00007000108f7000] [id=40963]
  0x00007fc14a842000 GCTaskThread "GC Thread#0" [stack: 0x000070000f6c4000,0x000070000f7c4000] [id=20227]
  0x00007fc14e319800 GCTaskThread "GC Thread#1" [stack: 0x0000700010b00000,0x0000700010c00000] [id=27651]
=>0x00007fc14b9ae000 GCTaskThread "GC Thread#2" [stack: 0x0000700010c03000,0x0000700010d03000] [id=39427]
  0x00007fc14b9ae800 GCTaskThread "GC Thread#3" [stack: 0x0000700010d06000,0x0000700010e06000] [id=28163]
  0x00007fc14b9af800 GCTaskThread "GC Thread#4" [stack: 0x0000700010e09000,0x0000700010f09000] [id=38915]
  0x00007fc14c9f2000 GCTaskThread "GC Thread#5" [stack: 0x0000700010f0c000,0x000070001100c000] [id=38659]
  0x00007fc14dcb4000 GCTaskThread "GC Thread#6" [stack: 0x0000700011724000,0x0000700011824000] [id=36099]
  0x00007fc14dcb4800 GCTaskThread "GC Thread#7" [stack: 0x0000700011827000,0x0000700011927000] [id=35843]
  0x00007fc14bd09800 GCTaskThread "GC Thread#8" [stack: 0x0000700012a5d000,0x0000700012b5d000] [id=48899]
  0x00007fc14e52d800 GCTaskThread "GC Thread#9" [stack: 0x0000700012b60000,0x0000700012c60000] [id=49411]
  0x00007fc14a853800 ConcurrentGCThread "G1 Main Marker" [stack: 0x000070000f7c7000,0x000070000f8c7000] [id=12291]
  0x00007fc14a854000 ConcurrentGCThread "G1 Conc#0" [stack: 0x000070000f8ca000,0x000070000f9ca000] [id=13059]
  0x00007fc14abee800 ConcurrentGCThread "G1 Conc#1" [stack: 0x0000700011112000,0x0000700011212000] [id=28679]
  0x00007fc14b185800 ConcurrentGCThread "G1 Conc#2" [stack: 0x0000700011215000,0x0000700011315000] [id=37891]
  0x00007fc14b0b6800 ConcurrentGCThread "G1 Refine#0" [stack: 0x000070000f9cd000,0x000070000facd000] [id=13571]
  0x00007fc14bbe7000 ConcurrentGCThread "G1 Refine#1" [stack: 0x0000700012e69000,0x0000700012f69000] [id=82691]
  0x00007fc152158800 ConcurrentGCThread "G1 Refine#2" [stack: 0x0000700012f6c000,0x000070001306c000] [id=50947]
  0x00007fc14b0b7000 ConcurrentGCThread "G1 Young RemSet Sampling" [stack: 0x000070000fad0000,0x000070000fbd0000] [id=19715]

Threads with active compile tasks:
C2 CompilerThread0    30792 7286       4       org.apache.coyote.http11.Http11OutputBuffer::write (93 bytes)
C1 CompilerThread0    30792 7292       3       java.lang.System$2::currentCarrierThread (4 bytes)
C2 CompilerThread1    30792 7297       4       org.apache.tomcat.util.buf.AbstractChunk::indexOf (104 bytes)

VM state:at safepoint (normal execution)

VM Mutex/Monitor currently owned by a thread:  ([mutex/lock_event])
[0x00007fc14a70a510] Threads_lock - owner thread: 0x00007fc14a867000
[0x00007fc14a70b610] Heap_lock - owner thread: 0x00007fc14bd08000

Heap address: 0x0000000700000000, size: 4096 MB, Compressed Oops mode: Zero based, Oop shift amount: 3
Narrow klass base: 0x0000000800000000, Narrow klass shift: 3
Compressed class space size: 1073741824 Address: 0x0000000800b47000

Heap:
 garbage-first heap   total 124928K, used 87932K [0x0000000700000000, 0x0000000800000000)
  region size 1024K, 12 young (12288K), 1 survivors (1024K)
 Metaspace       used 51022K, capacity 52242K, committed 52480K, reserved 1095680K
  class space    used 6064K, capacity 6533K, committed 6656K, reserved 1048576K
Heap Regions: E=young(eden), S=young(survivor), O=old, HS=humongous(starts), HC=humongous(continues), CS=collection set, F=free, A=archive, TAMS=top-at-mark-start (previous, next)
|   0|0x0000000700000000, 0x0000000700100000, 0x0000000700100000|100%| O|  |TAMS 0x0000000700100000, 0x0000000700100000| Untracked 
|   1|0x0000000700100000, 0x0000000700200000, 0x0000000700200000|100%| O|  |TAMS 0x0000000700200000, 0x0000000700200000| Untracked 
|   2|0x0000000700200000, 0x0000000700300000, 0x0000000700300000|100%| O|  |TAMS 0x0000000700200000, 0x0000000700300000| Untracked 
|   3|0x0000000700300000, 0x0000000700400000, 0x0000000700400000|100%| O|  |TAMS 0x0000000700400000, 0x0000000700400000| Untracked 
|   4|0x0000000700400000, 0x0000000700500000, 0x0000000700500000|100%| O|  |TAMS 0x0000000700500000, 0x0000000700500000| Untracked 
|   5|0x0000000700500000, 0x0000000700600000, 0x0000000700600000|100%| O|  |TAMS 0x0000000700600000, 0x0000000700600000| Untracked 
|   6|0x0000000700600000, 0x0000000700700000, 0x0000000700700000|100%| O|  |TAMS 0x0000000700700000, 0x0000000700700000| Untracked 
|   7|0x0000000700700000, 0x0000000700800000, 0x0000000700800000|100%| O|  |TAMS 0x0000000700800000, 0x0000000700800000| Untracked 
|   8|0x0000000700800000, 0x0000000700900000, 0x0000000700900000|100%| O|  |TAMS 0x0000000700900000, 0x0000000700900000| Untracked 
|   9|0x0000000700900000, 0x0000000700a00000, 0x0000000700a00000|100%| O|  |TAMS 0x0000000700a00000, 0x0000000700a00000| Untracked 
|  10|0x0000000700a00000, 0x0000000700b00000, 0x0000000700b00000|100%| O|  |TAMS 0x0000000700a00000, 0x0000000700b00000| Untracked 
|  11|0x0000000700b00000, 0x0000000700c00000, 0x0000000700c00000|100%| O|  |TAMS 0x0000000700c00000, 0x0000000700c00000| Untracked 
|  12|0x0000000700c00000, 0x0000000700d00000, 0x0000000700d00000|100%| O|  |TAMS 0x0000000700d00000, 0x0000000700d00000| Untracked 
|  13|0x0000000700d00000, 0x0000000700e00000, 0x0000000700e00000|100%| O|  |TAMS 0x0000000700e00000, 0x0000000700e00000| Untracked 
|  14|0x0000000700e00000, 0x0000000700f00000, 0x0000000700f00000|100%| O|  |TAMS 0x0000000700f00000, 0x0000000700f00000| Untracked 
|  15|0x0000000700f00000, 0x0000000701000000, 0x0000000701000000|100%| O|  |TAMS 0x0000000701000000, 0x0000000701000000| Untracked 
|  16|0x0000000701000000, 0x0000000701100000, 0x0000000701100000|100%| O|  |TAMS 0x0000000701100000, 0x0000000701100000| Untracked 
|  17|0x0000000701100000, 0x0000000701200000, 0x0000000701200000|100%| O|  |TAMS 0x0000000701100000, 0x0000000701200000| Untracked 
|  18|0x0000000701200000, 0x0000000701300000, 0x0000000701300000|100%| O|  |TAMS 0x0000000701300000, 0x0000000701300000| Untracked 
|  19|0x0000000701300000, 0x0000000701400000, 0x0000000701400000|100%| O|  |TAMS 0x0000000701300000, 0x0000000701400000| Untracked 
|  20|0x0000000701400000, 0x0000000701500000, 0x0000000701500000|100%| O|  |TAMS 0x0000000701500000, 0x0000000701500000| Untracked 
|  21|0x0000000701500000, 0x0000000701600000, 0x0000000701600000|100%| O|  |TAMS 0x0000000701500000, 0x0000000701600000| Untracked 
|  22|0x0000000701600000, 0x0000000701700000, 0x0000000701700000|100%| O|  |TAMS 0x0000000701600000, 0x0000000701700000| Untracked 
|  23|0x0000000701700000, 0x0000000701800000, 0x0000000701800000|100%| O|  |TAMS 0x0000000701800000, 0x0000000701800000| Untracked 
|  24|0x0000000701800000, 0x0000000701900000, 0x0000000701900000|100%| O|  |TAMS 0x0000000701900000, 0x0000000701900000| Untracked 
|  25|0x0000000701900000, 0x0000000701a00000, 0x0000000701a00000|100%| O|  |TAMS 0x0000000701a00000, 0x0000000701a00000| Untracked 
|  26|0x0000000701a00000, 0x0000000701b00000, 0x0000000701b00000|100%| O|  |TAMS 0x0000000701b00000, 0x0000000701b00000| Untracked 
|  27|0x0000000701b00000, 0x0000000701c00000, 0x0000000701c00000|100%| O|  |TAMS 0x0000000701c00000, 0x0000000701c00000| Untracked 
|  28|0x0000000701c00000, 0x0000000701d00000, 0x0000000701d00000|100%| O|  |TAMS 0x0000000701d00000, 0x0000000701d00000| Untracked 
|  29|0x0000000701d00000, 0x0000000701e00000, 0x0000000701e00000|100%| O|  |TAMS 0x0000000701e00000, 0x0000000701e00000| Untracked 
|  30|0x0000000701e00000, 0x0000000701f00000, 0x0000000701f00000|100%| O|  |TAMS 0x0000000701f00000, 0x0000000701f00000| Untracked 
|  31|0x0000000701f00000, 0x0000000702000000, 0x0000000702000000|100%| O|  |TAMS 0x0000000702000000, 0x0000000702000000| Untracked 
|  32|0x0000000702000000, 0x0000000702100000, 0x0000000702100000|100%| O|  |TAMS 0x0000000702000000, 0x0000000702100000| Untracked 
|  33|0x0000000702100000, 0x0000000702200000, 0x0000000702200000|100%| O|  |TAMS 0x0000000702200000, 0x0000000702200000| Untracked 
|  34|0x0000000702200000, 0x0000000702300000, 0x0000000702300000|100%| O|  |TAMS 0x0000000702300000, 0x0000000702300000| Untracked 
|  35|0x0000000702300000, 0x0000000702400000, 0x0000000702400000|100%| O|  |TAMS 0x0000000702300000, 0x0000000702400000| Untracked 
|  36|0x0000000702400000, 0x0000000702500000, 0x0000000702500000|100%| O|  |TAMS 0x0000000702500000, 0x0000000702500000| Untracked 
|  37|0x0000000702500000, 0x0000000702600000, 0x0000000702600000|100%| O|  |TAMS 0x0000000702600000, 0x0000000702600000| Untracked 
|  38|0x0000000702600000, 0x0000000702700000, 0x0000000702700000|100%| O|  |TAMS 0x0000000702700000, 0x0000000702700000| Untracked 
|  39|0x0000000702700000, 0x0000000702800000, 0x0000000702800000|100%| O|  |TAMS 0x0000000702800000, 0x0000000702800000| Untracked 
|  40|0x0000000702800000, 0x0000000702900000, 0x0000000702900000|100%| O|  |TAMS 0x0000000702900000, 0x0000000702900000| Untracked 
|  41|0x0000000702900000, 0x0000000702a00000, 0x0000000702a00000|100%| O|  |TAMS 0x0000000702a00000, 0x0000000702a00000| Untracked 
|  42|0x0000000702a00000, 0x0000000702b00000, 0x0000000702b00000|100%| O|  |TAMS 0x0000000702b00000, 0x0000000702b00000| Untracked 
|  43|0x0000000702b00000, 0x0000000702c00000, 0x0000000702c00000|100%| O|  |TAMS 0x0000000702c00000, 0x0000000702c00000| Untracked 
|  44|0x0000000702c00000, 0x0000000702d00000, 0x0000000702d00000|100%| O|  |TAMS 0x0000000702d00000, 0x0000000702d00000| Untracked 
|  45|0x0000000702d00000, 0x0000000702e00000, 0x0000000702e00000|100%| O|  |TAMS 0x0000000702e00000, 0x0000000702e00000| Untracked 
|  46|0x0000000702e00000, 0x0000000702f00000, 0x0000000702f00000|100%| O|  |TAMS 0x0000000702f00000, 0x0000000702f00000| Untracked 
|  47|0x0000000702f00000, 0x0000000703000000, 0x0000000703000000|100%| O|  |TAMS 0x0000000702f00000, 0x0000000703000000| Untracked 
|  48|0x0000000703000000, 0x0000000703100000, 0x0000000703100000|100%| O|  |TAMS 0x0000000703100000, 0x0000000703100000| Untracked 
|  49|0x0000000703100000, 0x0000000703200000, 0x0000000703200000|100%| O|  |TAMS 0x0000000703100000, 0x0000000703200000| Untracked 
|  50|0x0000000703200000, 0x0000000703300000, 0x0000000703300000|100%| O|  |TAMS 0x0000000703200000, 0x0000000703300000| Untracked 
|  51|0x0000000703300000, 0x0000000703400000, 0x0000000703400000|100%| O|  |TAMS 0x0000000703400000, 0x0000000703400000| Untracked 
|  52|0x0000000703400000, 0x0000000703500000, 0x0000000703500000|100%| O|  |TAMS 0x0000000703500000, 0x0000000703500000| Untracked 
|  53|0x0000000703500000, 0x0000000703600000, 0x0000000703600000|100%| O|  |TAMS 0x0000000703600000, 0x0000000703600000| Untracked 
|  54|0x0000000703600000, 0x0000000703700000, 0x0000000703700000|100%| O|  |TAMS 0x0000000703700000, 0x0000000703700000| Untracked 
|  55|0x0000000703700000, 0x0000000703800000, 0x0000000703800000|100%| O|  |TAMS 0x0000000703800000, 0x0000000703800000| Untracked 
|  56|0x0000000703800000, 0x0000000703900000, 0x0000000703900000|100%| O|  |TAMS 0x0000000703900000, 0x0000000703900000| Untracked 
|  57|0x0000000703900000, 0x0000000703a00000, 0x0000000703a00000|100%| O|  |TAMS 0x0000000703a00000, 0x0000000703a00000| Untracked 
|  58|0x0000000703a00000, 0x0000000703b00000, 0x0000000703b00000|100%| O|  |TAMS 0x0000000703b00000, 0x0000000703b00000| Untracked 
|  59|0x0000000703b00000, 0x0000000703c00000, 0x0000000703c00000|100%| O|  |TAMS 0x0000000703c00000, 0x0000000703c00000| Untracked 
|  60|0x0000000703c00000, 0x0000000703d00000, 0x0000000703d00000|100%| O|  |TAMS 0x0000000703d00000, 0x0000000703d00000| Untracked 
|  61|0x0000000703d00000, 0x0000000703e00000, 0x0000000703e00000|100%| O|  |TAMS 0x0000000703e00000, 0x0000000703e00000| Untracked 
|  62|0x0000000703e00000, 0x0000000703f00000, 0x0000000703f00000|100%| O|  |TAMS 0x0000000703f00000, 0x0000000703f00000| Untracked 
|  63|0x0000000703f00000, 0x0000000704000000, 0x0000000704000000|100%| O|  |TAMS 0x0000000704000000, 0x0000000704000000| Untracked 
|  64|0x0000000704000000, 0x0000000704100000, 0x0000000704100000|100%| O|  |TAMS 0x0000000704100000, 0x0000000704100000| Untracked 
|  65|0x0000000704100000, 0x0000000704200000, 0x0000000704200000|100%| O|  |TAMS 0x0000000704200000, 0x0000000704200000| Untracked 
|  66|0x0000000704200000, 0x0000000704300000, 0x0000000704300000|100%| O|  |TAMS 0x0000000704300000, 0x0000000704300000| Untracked 
|  67|0x0000000704300000, 0x0000000704400000, 0x0000000704400000|100%| O|  |TAMS 0x0000000704400000, 0x0000000704400000| Untracked 
|  68|0x0000000704400000, 0x0000000704500000, 0x0000000704500000|100%| O|  |TAMS 0x0000000704500000, 0x0000000704500000| Untracked 
|  69|0x0000000704500000, 0x0000000704600000, 0x0000000704600000|100%| O|  |TAMS 0x0000000704600000, 0x0000000704600000| Untracked 
|  70|0x0000000704600000, 0x0000000704700000, 0x0000000704700000|100%| O|  |TAMS 0x00000007046b0400, 0x0000000704700000| Untracked 
|  71|0x0000000704700000, 0x0000000704800000, 0x0000000704800000|100%| O|  |TAMS 0x0000000704700000, 0x0000000704800000| Untracked 
|  72|0x0000000704800000, 0x0000000704838ba8, 0x0000000704900000| 22%| O|  |TAMS 0x0000000704800000, 0x000000070481ee00| Untracked 
|  73|0x0000000704900000, 0x0000000704900000, 0x0000000704a00000|  0%| F|  |TAMS 0x0000000704900000, 0x0000000704900000| Untracked 
|  74|0x0000000704a00000, 0x0000000704a00000, 0x0000000704b00000|  0%| F|  |TAMS 0x0000000704a00000, 0x0000000704a00000| Untracked 
|  75|0x0000000704b00000, 0x0000000704b00000, 0x0000000704c00000|  0%| F|  |TAMS 0x0000000704b00000, 0x0000000704b00000| Untracked 
|  76|0x0000000704c00000, 0x0000000704c00000, 0x0000000704d00000|  0%| F|  |TAMS 0x0000000704c00000, 0x0000000704c00000| Untracked 
|  77|0x0000000704d00000, 0x0000000704d00000, 0x0000000704e00000|  0%| F|  |TAMS 0x0000000704d00000, 0x0000000704d00000| Untracked 
|  78|0x0000000704e00000, 0x0000000704e00000, 0x0000000704f00000|  0%| F|  |TAMS 0x0000000704e00000, 0x0000000704e00000| Untracked 
|  79|0x0000000704f00000, 0x0000000704f00000, 0x0000000705000000|  0%| F|  |TAMS 0x0000000704f00000, 0x0000000704f00000| Untracked 
|  80|0x0000000705000000, 0x0000000705000000, 0x0000000705100000|  0%| F|  |TAMS 0x0000000705000000, 0x0000000705000000| Untracked 
|  81|0x0000000705100000, 0x0000000705100000, 0x0000000705200000|  0%| F|  |TAMS 0x0000000705100000, 0x0000000705100000| Untracked 
|  82|0x0000000705200000, 0x0000000705200000, 0x0000000705300000|  0%| F|  |TAMS 0x0000000705200000, 0x0000000705200000| Untracked 
|  83|0x0000000705300000, 0x0000000705300000, 0x0000000705400000|  0%| F|  |TAMS 0x0000000705300000, 0x0000000705300000| Untracked 
|  84|0x0000000705400000, 0x0000000705400000, 0x0000000705500000|  0%| F|  |TAMS 0x0000000705400000, 0x0000000705400000| Untracked 
|  85|0x0000000705500000, 0x0000000705500000, 0x0000000705600000|  0%| F|  |TAMS 0x0000000705500000, 0x0000000705500000| Untracked 
|  86|0x0000000705600000, 0x0000000705600000, 0x0000000705700000|  0%| F|  |TAMS 0x0000000705600000, 0x0000000705600000| Untracked 
|  87|0x0000000705700000, 0x0000000705700000, 0x0000000705800000|  0%| F|  |TAMS 0x0000000705700000, 0x0000000705700000| Untracked 
|  88|0x0000000705800000, 0x0000000705800000, 0x0000000705900000|  0%| F|  |TAMS 0x0000000705800000, 0x0000000705800000| Untracked 
|  89|0x0000000705900000, 0x0000000705900000, 0x0000000705a00000|  0%| F|  |TAMS 0x0000000705900000, 0x0000000705900000| Untracked 
|  90|0x0000000705a00000, 0x0000000705a00000, 0x0000000705b00000|  0%| F|  |TAMS 0x0000000705a00000, 0x0000000705a00000| Untracked 
|  91|0x0000000705b00000, 0x0000000705b00000, 0x0000000705c00000|  0%| F|  |TAMS 0x0000000705b00000, 0x0000000705b00000| Untracked 
|  92|0x0000000705c00000, 0x0000000705c00000, 0x0000000705d00000|  0%| F|  |TAMS 0x0000000705c00000, 0x0000000705c00000| Untracked 
|  93|0x0000000705d00000, 0x0000000705d00000, 0x0000000705e00000|  0%| F|  |TAMS 0x0000000705d00000, 0x0000000705d00000| Untracked 
|  94|0x0000000705e00000, 0x0000000705e00000, 0x0000000705f00000|  0%| F|  |TAMS 0x0000000705e00000, 0x0000000705e00000| Untracked 
|  95|0x0000000705f00000, 0x0000000705f00000, 0x0000000706000000|  0%| F|  |TAMS 0x0000000705f00000, 0x0000000705f00000| Untracked 
|  96|0x0000000706000000, 0x0000000706000000, 0x0000000706100000|  0%| F|  |TAMS 0x0000000706000000, 0x0000000706000000| Untracked 
|  97|0x0000000706100000, 0x0000000706100000, 0x0000000706200000|  0%| F|  |TAMS 0x0000000706100000, 0x0000000706100000| Untracked 
|  98|0x0000000706200000, 0x0000000706200000, 0x0000000706300000|  0%| F|  |TAMS 0x0000000706200000, 0x0000000706200000| Untracked 
|  99|0x0000000706300000, 0x0000000706300000, 0x0000000706400000|  0%| F|  |TAMS 0x0000000706300000, 0x0000000706300000| Untracked 
| 100|0x0000000706400000, 0x0000000706400000, 0x0000000706500000|  0%| F|  |TAMS 0x0000000706400000, 0x0000000706400000| Untracked 
| 101|0x0000000706500000, 0x0000000706500000, 0x0000000706600000|  0%| F|  |TAMS 0x0000000706500000, 0x0000000706500000| Untracked 
| 102|0x0000000706600000, 0x0000000706600000, 0x0000000706700000|  0%| F|  |TAMS 0x0000000706600000, 0x0000000706600000| Untracked 
| 103|0x0000000706700000, 0x0000000706700000, 0x0000000706800000|  0%| F|  |TAMS 0x0000000706700000, 0x0000000706700000| Untracked 
| 104|0x0000000706800000, 0x0000000706800000, 0x0000000706900000|  0%| F|  |TAMS 0x0000000706800000, 0x0000000706800000| Untracked 
| 105|0x0000000706900000, 0x0000000706900000, 0x0000000706a00000|  0%| F|  |TAMS 0x0000000706900000, 0x0000000706900000| Untracked 
| 106|0x0000000706a00000, 0x0000000706a14e08, 0x0000000706b00000|  8%| S|  |TAMS 0x0000000706a00000, 0x0000000706a00000| Complete 
| 107|0x0000000706b00000, 0x0000000706bfe288, 0x0000000706c00000| 99%| E|CS|TAMS 0x0000000706b00000, 0x0000000706bfe288| Complete 
| 108|0x0000000706c00000, 0x0000000706d00000, 0x0000000706d00000|100%| E|CS|TAMS 0x0000000706c00000, 0x0000000706d00000| Complete 
| 109|0x0000000706d00000, 0x0000000706e00000, 0x0000000706e00000|100%| E|CS|TAMS 0x0000000706d00000, 0x0000000706e00000| Complete 
| 110|0x0000000706e00000, 0x0000000706f00000, 0x0000000706f00000|100%| E|CS|TAMS 0x0000000706e00000, 0x0000000706f00000| Complete 
| 111|0x0000000706f00000, 0x0000000707000000, 0x0000000707000000|100%| E|CS|TAMS 0x0000000706f00000, 0x0000000707000000| Complete 
| 112|0x0000000707000000, 0x0000000707100000, 0x0000000707100000|100%| E|CS|TAMS 0x0000000707000000, 0x0000000707100000| Complete 
| 113|0x0000000707100000, 0x0000000707200000, 0x0000000707200000|100%| E|CS|TAMS 0x0000000707100000, 0x0000000707200000| Complete 
| 114|0x0000000707200000, 0x0000000707300000, 0x0000000707300000|100%| E|CS|TAMS 0x0000000707200000, 0x0000000707300000| Complete 
| 115|0x0000000707300000, 0x0000000707400000, 0x0000000707400000|100%| E|CS|TAMS 0x0000000707300000, 0x0000000707400000| Complete 
| 116|0x0000000707400000, 0x0000000707500000, 0x0000000707500000|100%| E|CS|TAMS 0x0000000707400000, 0x0000000707500000| Complete 
| 117|0x0000000707500000, 0x0000000707600000, 0x0000000707600000|100%| E|CS|TAMS 0x0000000707500000, 0x0000000707600000| Complete 
| 118|0x0000000707600000, 0x0000000707700000, 0x0000000707700000|100%| E|CS|TAMS 0x0000000707600000, 0x0000000707700000| Complete 
| 255|0x000000070ff00000, 0x0000000710000000, 0x0000000710000000|100%| E|CS|TAMS 0x000000070ff00000, 0x0000000710000000| Complete 
|3070|0x00000007bfe00000, 0x00000007bfe49000, 0x00000007bff00000| 28%|OA|  |TAMS 0x00000007bfe49000, 0x00000007bfe49000| Untracked 
|3071|0x00000007bff00000, 0x00000007bff79000, 0x00000007c0000000| 47%|CA|  |TAMS 0x00000007bff79000, 0x00000007bff79000| Untracked 

Card table byte_map: [0x0000000129b24000,0x000000012a324000] _byte_map_base: 0x0000000126324000

Marking Bits (Prev, Next): (CMBitMap*) 0x00007fc14a842c58, (CMBitMap*) 0x00007fc14a842c18
 Prev Bits: [0x000000012eb24000, 0x0000000132b24000)
 Next Bits: [0x000000012ab24000, 0x000000012eb24000)

Polling page: 0x000000010e48f000

Metaspace:

Usage:
  Non-class:     44.64 MB capacity,    43.90 MB ( 98%) used,   594.77 KB (  1%) free+waste,   156.81 KB ( <1%) overhead. 
      Class:      6.38 MB capacity,     5.92 MB ( 93%) used,   398.38 KB (  6%) free+waste,    69.75 KB (  1%) overhead. 
       Both:     51.02 MB capacity,    49.83 MB ( 98%) used,   993.15 KB (  2%) free+waste,   226.56 KB ( <1%) overhead. 

Virtual space:
  Non-class space:       46.00 MB reserved,      44.75 MB ( 97%) committed 
      Class space:        1.00 GB reserved,       6.50 MB ( <1%) committed 
             Both:        1.04 GB reserved,      51.25 MB (  5%) committed 

Chunk freelists:
   Non-Class:  111.00 KB
       Class:  0 bytes
        Both:  111.00 KB

MaxMetaspaceSize: unlimited
CompressedClassSpaceSize: 1.00 GB

CodeHeap 'non-profiled nmethods': size=120032Kb used=3773Kb max_used=3773Kb free=116258Kb
 bounds [0x0000000121301000, 0x00000001216b1000, 0x0000000128839000]
CodeHeap 'profiled nmethods': size=120028Kb used=16387Kb max_used=16387Kb free=103640Kb
 bounds [0x0000000119dca000, 0x000000011adda000, 0x0000000121301000]
CodeHeap 'non-nmethods': size=5700Kb used=1457Kb max_used=1491Kb free=4242Kb
 bounds [0x0000000119839000, 0x0000000119aa9000, 0x0000000119dca000]
 total_blobs=10002 nmethods=6588 adapters=469
 compilation: enabled
              stopped_count=0, restarted_count=0
 full_count=0

Compilation events (20 events):
Event: 30.695 Thread 0x00007fc14e002800 nmethod 7283 0x00000001216af810 code [0x00000001216af9e0, 0x00000001216afcd8]
Event: 30.695 Thread 0x00007fc14e002800 7286       4       org.apache.coyote.http11.Http11OutputBuffer::write (93 bytes)
Event: 30.699 Thread 0x00007fc150038000 nmethod 7285 0x00000001216afe90 code [0x00000001216b0040, 0x00000001216b04b8]
Event: 30.699 Thread 0x00007fc150038000 7297       4       org.apache.tomcat.util.buf.AbstractChunk::indexOf (104 bytes)
Event: 30.711 Thread 0x00007fc14e003000 nmethod 7295 0x000000011adc6b10 code [0x000000011adc6f40, 0x000000011adc9328]
Event: 30.712 Thread 0x00007fc14e003000 7300       3       java.util.stream.ForEachOps::makeRef (15 bytes)
Event: 30.713 Thread 0x00007fc14e003000 nmethod 7300 0x000000011adc9d10 code [0x000000011adc9f00, 0x000000011adca3a8]
Event: 30.713 Thread 0x00007fc14e003000 7301       3       java.util.stream.ForEachOps$ForEachOp$OfRef::<init> (11 bytes)
Event: 30.714 Thread 0x00007fc14e003000 nmethod 7301 0x000000011adca590 code [0x000000011adca760, 0x000000011adca9f0]
Event: 30.715 Thread 0x00007fc14e003000 7302       3       java.util.stream.ForEachOps$ForEachOp$OfRef::evaluateSequential (7 bytes)
Event: 30.716 Thread 0x00007fc14e003000 nmethod 7302 0x000000011adcab10 code [0x000000011adcace0, 0x000000011adcb1a8]
Event: 30.716 Thread 0x00007fc14e003000 7299       3       java.util.stream.ReferencePipeline::forEach (11 bytes)
Event: 30.718 Thread 0x00007fc14e003000 nmethod 7299 0x000000011adcb310 code [0x000000011adcb520, 0x000000011adcbab8]
Event: 30.718 Thread 0x00007fc14e003000 7289       3       java.util.concurrent.ConcurrentSkipListMap$KeyIterator::<init> (11 bytes)
Event: 30.719 Thread 0x00007fc14e003000 nmethod 7289 0x000000011adcbd10 code [0x000000011adcbf00, 0x000000011adcc3a8]
Event: 30.720 Thread 0x00007fc14e003000 7290       3       java.util.concurrent.ConcurrentSkipListMap::baseHead (21 bytes)
Event: 30.721 Thread 0x00007fc14e003000 nmethod 7290 0x000000011adcc590 code [0x000000011adcc760, 0x000000011adcc9d0]
Event: 30.721 Thread 0x00007fc14e003000 7291       3       java.util.concurrent.ConcurrentSkipListMap$Iter::hasNext (13 bytes)
Event: 30.722 Thread 0x00007fc14e003000 nmethod 7291 0x000000011adcca90 code [0x000000011adccc40, 0x000000011adcce10]
Event: 30.722 Thread 0x00007fc14e003000 7292       3       java.lang.System$2::currentCarrierThread (4 bytes)

GC Heap History (20 events):
Event: 4.051 GC heap after
{Heap after GC invocations=10 (full 0):
 garbage-first heap   total 71680K, used 23838K [0x0000000700000000, 0x0000000800000000)
  region size 1024K, 3 young (3072K), 3 survivors (3072K)
 Metaspace       used 42538K, capacity 43643K, committed 43776K, reserved 1087488K
  class space    used 5156K, capacity 5557K, committed 5632K, reserved 1048576K
}
Event: 4.595 GC heap before
{Heap before GC invocations=10 (full 0):
 garbage-first heap   total 71680K, used 52510K [0x0000000700000000, 0x0000000800000000)
  region size 1024K, 31 young (31744K), 3 survivors (3072K)
 Metaspace       used 46331K, capacity 47412K, committed 47616K, reserved 1091584K
  class space    used 5688K, capacity 6084K, committed 6144K, reserved 1048576K
}
Event: 4.599 GC heap after
{Heap after GC invocations=11 (full 0):
 garbage-first heap   total 71680K, used 25210K [0x0000000700000000, 0x0000000800000000)
  region size 1024K, 2 young (2048K), 2 survivors (2048K)
 Metaspace       used 46331K, capacity 47412K, committed 47616K, reserved 1091584K
  class space    used 5688K, capacity 6084K, committed 6144K, reserved 1048576K
}
Event: 28.180 GC heap before
{Heap before GC invocations=11 (full 0):
 garbage-first heap   total 71680K, used 52858K [0x0000000700000000, 0x0000000800000000)
  region size 1024K, 30 young (30720K), 2 survivors (2048K)
 Metaspace       used 49845K, capacity 51039K, committed 51200K, reserved 1093632K
  class space    used 6064K, capacity 6533K, committed 6656K, reserved 1048576K
}
Event: 28.191 GC heap after
{Heap after GC invocations=12 (full 0):
 garbage-first heap   total 71680K, used 38064K [0x0000000700000000, 0x0000000800000000)
  region size 1024K, 4 young (4096K), 4 survivors (4096K)
 Metaspace       used 49845K, capacity 51039K, committed 51200K, reserved 1093632K
  class space    used 6064K, capacity 6533K, committed 6656K, reserved 1048576K
}
Event: 28.746 GC heap before
{Heap before GC invocations=12 (full 0):
 garbage-first heap   total 71680K, used 49328K [0x0000000700000000, 0x0000000800000000)
  region size 1024K, 16 young (16384K), 4 survivors (4096K)
 Metaspace       used 50048K, capacity 51299K, committed 51712K, reserved 1093632K
  class space    used 6064K, capacity 6533K, committed 6656K, reserved 1048576K
}
Event: 28.762 GC heap after
{Heap after GC invocations=13 (full 0):
 garbage-first heap   total 71680K, used 47412K [0x0000000700000000, 0x0000000800000000)
  region size 1024K, 2 young (2048K), 2 survivors (2048K)
 Metaspace       used 50048K, capacity 51299K, committed 51712K, reserved 1093632K
  class space    used 6064K, capacity 6533K, committed 6656K, reserved 1048576K
}
Event: 28.964 GC heap before
{Heap before GC invocations=14 (full 0):
 garbage-first heap   total 87040K, used 52532K [0x0000000700000000, 0x0000000800000000)
  region size 1024K, 8 young (8192K), 2 survivors (2048K)
 Metaspace       used 50131K, capacity 51366K, committed 51712K, reserved 1093632K
  class space    used 6064K, capacity 6533K, committed 6656K, reserved 1048576K
}
Event: 28.975 GC heap after
{Heap after GC invocations=15 (full 0):
 garbage-first heap   total 87040K, used 52598K [0x0000000700000000, 0x0000000800000000)
  region size 1024K, 1 young (1024K), 1 survivors (1024K)
 Metaspace       used 50131K, capacity 51366K, committed 51712K, reserved 1093632K
  class space    used 6064K, capacity 6533K, committed 6656K, reserved 1048576K
}
Event: 29.313 GC heap before
{Heap before GC invocations=15 (full 0):
 garbage-first heap   total 87040K, used 59766K [0x0000000700000000, 0x0000000800000000)
  region size 1024K, 9 young (9216K), 1 survivors (1024K)
 Metaspace       used 50275K, capacity 51438K, committed 51712K, reserved 1093632K
  class space    used 6064K, capacity 6533K, committed 6656K, reserved 1048576K
}
Event: 29.323 GC heap after
{Heap after GC invocations=16 (full 0):
 garbage-first heap   total 87040K, used 58853K [0x0000000700000000, 0x0000000800000000)
  region size 1024K, 2 young (2048K), 2 survivors (2048K)
 Metaspace       used 50275K, capacity 51438K, committed 51712K, reserved 1093632K
  class space    used 6064K, capacity 6533K, committed 6656K, reserved 1048576K
}
Event: 29.573 GC heap before
{Heap before GC invocations=17 (full 0):
 garbage-first heap   total 106496K, used 63973K [0x0000000700000000, 0x0000000800000000)
  region size 1024K, 8 young (8192K), 2 survivors (2048K)
 Metaspace       used 50375K, capacity 51635K, committed 51968K, reserved 1095680K
  class space    used 6064K, capacity 6533K, committed 6656K, reserved 1048576K
}
Event: 29.577 GC heap after
{Heap after GC invocations=18 (full 0):
 garbage-first heap   total 106496K, used 63559K [0x0000000700000000, 0x0000000800000000)
  region size 1024K, 1 young (1024K), 1 survivors (1024K)
 Metaspace       used 50375K, capacity 51635K, committed 51968K, reserved 1095680K
  class space    used 6064K, capacity 6533K, committed 6656K, reserved 1048576K
}
Event: 29.667 GC heap before
{Heap before GC invocations=18 (full 0):
 garbage-first heap   total 106496K, used 66631K [0x0000000700000000, 0x0000000800000000)
  region size 1024K, 5 young (5120K), 1 survivors (1024K)
 Metaspace       used 50455K, capacity 51765K, committed 52224K, reserved 1095680K
  class space    used 6064K, capacity 6533K, committed 6656K, reserved 1048576K
}
Event: 29.674 GC heap after
{Heap after GC invocations=19 (full 0):
 garbage-first heap   total 106496K, used 62921K [0x0000000700000000, 0x0000000800000000)
  region size 1024K, 1 young (1024K), 1 survivors (1024K)
 Metaspace       used 50455K, capacity 51765K, committed 52224K, reserved 1095680K
  class space    used 6064K, capacity 6533K, committed 6656K, reserved 1048576K
}
Event: 29.991 GC heap before
{Heap before GC invocations=19 (full 0):
 garbage-first heap   total 106496K, used 73161K [0x0000000700000000, 0x0000000800000000)
  region size 1024K, 11 young (11264K), 1 survivors (1024K)
 Metaspace       used 50635K, capacity 51902K, committed 52224K, reserved 1095680K
  class space    used 6064K, capacity 6533K, committed 6656K, reserved 1048576K
}
Event: 30.006 GC heap after
{Heap after GC invocations=20 (full 0):
 garbage-first heap   total 106496K, used 70708K [0x0000000700000000, 0x0000000800000000)
  region size 1024K, 2 young (2048K), 2 survivors (2048K)
 Metaspace       used 50635K, capacity 51902K, committed 52224K, reserved 1095680K
  class space    used 6064K, capacity 6533K, committed 6656K, reserved 1048576K
}
Event: 30.360 GC heap before
{Heap before GC invocations=21 (full 0):
 garbage-first heap   total 124928K, used 76852K [0x0000000700000000, 0x0000000800000000)
  region size 1024K, 9 young (9216K), 2 survivors (2048K)
 Metaspace       used 50704K, capacity 51903K, committed 52224K, reserved 1095680K
  class space    used 6064K, capacity 6533K, committed 6656K, reserved 1048576K
}
Event: 30.367 GC heap after
{Heap after GC invocations=22 (full 0):
 garbage-first heap   total 124928K, used 76675K [0x0000000700000000, 0x0000000800000000)
  region size 1024K, 2 young (2048K), 2 survivors (2048K)
 Metaspace       used 50704K, capacity 51903K, committed 52224K, reserved 1095680K
  class space    used 6064K, capacity 6533K, committed 6656K, reserved 1048576K
}
Event: 30.726 GC heap before
{Heap before GC invocations=22 (full 0):
 garbage-first heap   total 124928K, used 86915K [0x0000000700000000, 0x0000000800000000)
  region size 1024K, 13 young (13312K), 2 survivors (2048K)
 Metaspace       used 51022K, capacity 52242K, committed 52480K, reserved 1095680K
  class space    used 6064K, capacity 6533K, committed 6656K, reserved 1048576K
}

Deoptimization events (20 events):
Event: 30.215 Thread 0x00007fc14bbea800 Uncommon trap: trap_request=0xffffff66 fr.pc=0x0000000121697560 relative=0x00000000000004c0
Event: 30.215 Thread 0x00007fc1521d7800 DEOPT PACKING pc=0x0000000121697560 sp=0x000070001254a300
Event: 30.215 Thread 0x00007fc14bbea800 Uncommon trap: reason=speculate_class_check action=maybe_recompile pc=0x0000000121697560 method=java.util.concurrent.CompletableFuture.postComplete()V @ 76 c2
Event: 30.215 Thread 0x00007fc14bbea800 DEOPT PACKING pc=0x0000000121697560 sp=0x0000700012e65300
Event: 30.215 Thread 0x00007fc14bbea800 DEOPT UNPACKING pc=0x000000011988d83b sp=0x0000700012e652e0 mode 2
Event: 30.215 Thread 0x00007fc1521d7800 DEOPT UNPACKING pc=0x000000011988d83b sp=0x000070001254a2e0 mode 2
Event: 30.215 Thread 0x00007fc14bbea800 Uncommon trap: trap_request=0xffffff66 fr.pc=0x0000000121697560 relative=0x00000000000004c0
Event: 30.215 Thread 0x00007fc14bbea800 Uncommon trap: reason=speculate_class_check action=maybe_recompile pc=0x0000000121697560 method=java.util.concurrent.CompletableFuture.postComplete()V @ 76 c2
Event: 30.215 Thread 0x00007fc14bbea800 DEOPT PACKING pc=0x0000000121697560 sp=0x0000700012e64dd0
Event: 30.215 Thread 0x00007fc14bbea800 DEOPT UNPACKING pc=0x000000011988d83b sp=0x0000700012e64db0 mode 2
Event: 30.519 Thread 0x00007fc152800800 DEOPT PACKING pc=0x000000011aaeb1e2 sp=0x000070001284fe50
Event: 30.520 Thread 0x00007fc152800800 DEOPT UNPACKING pc=0x000000011988dd30 sp=0x000070001284f360 mode 0
Event: 30.627 Thread 0x00007fc14b819000 Uncommon trap: trap_request=0xffffff45 fr.pc=0x000000012168f4ac relative=0x0000000000000a6c
Event: 30.627 Thread 0x00007fc14b819000 Uncommon trap: reason=unstable_if action=reinterpret pc=0x000000012168f4ac method=java.util.concurrent.locks.ReentrantReadWriteLock$Sync.tryReleaseShared(I)Z @ 59 c2
Event: 30.627 Thread 0x00007fc14b819000 DEOPT PACKING pc=0x000000012168f4ac sp=0x000070001110c530
Event: 30.627 Thread 0x00007fc14b819000 DEOPT UNPACKING pc=0x000000011988d83b sp=0x000070001110c528 mode 2
Event: 30.692 Thread 0x00007fc1521d7800 Uncommon trap: trap_request=0xffffff45 fr.pc=0x00000001216aaabc relative=0x0000000000000c9c
Event: 30.692 Thread 0x00007fc1521d7800 Uncommon trap: reason=unstable_if action=reinterpret pc=0x00000001216aaabc method=jdk.internal.net.http.common.SequentialScheduler$TryEndDeferredCompleter.complete()V @ 72 c2
Event: 30.692 Thread 0x00007fc1521d7800 DEOPT PACKING pc=0x00000001216aaabc sp=0x000070001254a670
Event: 30.692 Thread 0x00007fc1521d7800 DEOPT UNPACKING pc=0x000000011988d83b sp=0x000070001254a4e0 mode 2

Classes unloaded (0 events):
No events

Classes redefined (0 events):
No events

Internal exceptions (20 events):
Event: 4.331 Thread 0x00007fc14a808000 Exception <a 'java/lang/NoClassDefFoundError'{0x00000007037454c0}: javax/xml/bind/PropertyException> (0x00000007037454c0) 
thrown [/Users/jigga/projects/openjdk/loom/src/hotspot/share/classfile/systemDictionary.cpp, line 221]
Event: 4.331 Thread 0x00007fc14a808000 Exception <a 'java/lang/NoClassDefFoundError'{0x000000070374bbc0}: javax/xml/bind/PropertyException> (0x000000070374bbc0) 
thrown [/Users/jigga/projects/openjdk/loom/src/hotspot/share/classfile/systemDictionary.cpp, line 221]
Event: 4.344 Thread 0x00007fc14a808000 Exception <a 'java/lang/NoClassDefFoundError'{0x00000007037a2938}: javax/activation/DataSource> (0x00000007037a2938) 
thrown [/Users/jigga/projects/openjdk/loom/src/hotspot/share/classfile/systemDictionary.cpp, line 221]
Event: 4.344 Thread 0x00007fc14a808000 Exception <a 'java/lang/NoClassDefFoundError'{0x00000007037a9370}: javax/mail/internet/ParseException> (0x00000007037a9370) 
thrown [/Users/jigga/projects/openjdk/loom/src/hotspot/share/classfile/systemDictionary.cpp, line 221]
Event: 4.344 Thread 0x00007fc14a808000 Exception <a 'java/lang/NoClassDefFoundError'{0x00000007037afa48}: javax/xml/bind/PropertyException> (0x00000007037afa48) 
thrown [/Users/jigga/projects/openjdk/loom/src/hotspot/share/classfile/systemDictionary.cpp, line 221]
Event: 4.344 Thread 0x00007fc14a808000 Exception <a 'java/lang/NoClassDefFoundError'{0x00000007037b60e0}: javax/xml/bind/PropertyException> (0x00000007037b60e0) 
thrown [/Users/jigga/projects/openjdk/loom/src/hotspot/share/classfile/systemDictionary.cpp, line 221]
Event: 4.345 Thread 0x00007fc14a808000 Exception <a 'java/lang/NoClassDefFoundError'{0x00000007037bc780}: javax/xml/bind/PropertyException> (0x00000007037bc780) 
thrown [/Users/jigga/projects/openjdk/loom/src/hotspot/share/classfile/systemDictionary.cpp, line 221]
Event: 4.345 Thread 0x00007fc14a808000 Exception <a 'java/lang/NoClassDefFoundError'{0x00000007037c2e30}: javax/xml/bind/PropertyException> (0x00000007037c2e30) 
thrown [/Users/jigga/projects/openjdk/loom/src/hotspot/share/classfile/systemDictionary.cpp, line 221]
Event: 4.345 Thread 0x00007fc14a808000 Exception <a 'java/lang/NoClassDefFoundError'{0x00000007037c94c8}: javax/xml/bind/PropertyException> (0x00000007037c94c8) 
thrown [/Users/jigga/projects/openjdk/loom/src/hotspot/share/classfile/systemDictionary.cpp, line 221]
Event: 4.345 Thread 0x00007fc14a808000 Exception <a 'java/lang/NoClassDefFoundError'{0x00000007037cfb68}: javax/xml/bind/PropertyException> (0x00000007037cfb68) 
thrown [/Users/jigga/projects/openjdk/loom/src/hotspot/share/classfile/systemDictionary.cpp, line 221]
Event: 4.346 Thread 0x00007fc14a808000 Exception <a 'java/lang/NoClassDefFoundError'{0x00000007037d6218}: javax/xml/bind/PropertyException> (0x00000007037d6218) 
thrown [/Users/jigga/projects/openjdk/loom/src/hotspot/share/classfile/systemDictionary.cpp, line 221]
Event: 4.346 Thread 0x00007fc14a808000 Exception <a 'java/lang/NoClassDefFoundError'{0x00000007037dc8b0}: javax/xml/bind/PropertyException> (0x00000007037dc8b0) 
thrown [/Users/jigga/projects/openjdk/loom/src/hotspot/share/classfile/systemDictionary.cpp, line 221]
Event: 4.346 Thread 0x00007fc14a808000 Exception <a 'java/lang/NoClassDefFoundError'{0x00000007037e2f50}: javax/xml/bind/PropertyException> (0x00000007037e2f50) 
thrown [/Users/jigga/projects/openjdk/loom/src/hotspot/share/classfile/systemDictionary.cpp, line 221]
Event: 4.650 Thread 0x00007fc14a808000 Exception <a 'java/lang/NoSuchMethodError'{0x00000007050b7c30}: 'void java.lang.invoke.DirectMethodHandle$Holder.invokeSpecial(java.lang.Object, java.lang.Object)'> (0x00000007050b7c30) 
thrown [/Users/jigga/projects/openjdk/loom/src/hotspot/share/interpreter/linkResolver.cpp, line 767]
Event: 4.651 Thread 0x00007fc14a808000 Exception <a 'java/lang/NoSuchMethodError'{0x00000007050bd238}: 'java.lang.Object java.lang.invoke.DirectMethodHandle$Holder.newInvokeSpecial(java.lang.Object, int)'> (0x00000007050bd238) 
thrown [/Users/jigga/projects/openjdk/loom/src/hotspot/share/interpreter/linkResolver.cpp, line 767]
Event: 9.662 Thread 0x00007fc14ca28000 Exception <a 'java/lang/NoSuchMethodError'{0x0000000703b01fd0}: 'void java.lang.invoke.DirectMethodHandle$Holder.invokeStatic(java.lang.Object, java.lang.Object, java.lang.Object, java.lang.Object, java.lang.Object, java.lang.Object, java.lang.Object)'> (0x0000000703b01fd0) 
thrown [/Users/jigga/projects/openjdk/loom/src/hotspot/share/interpreter/linkResolver.cpp, line 767]
Event: 9.686 Thread 0x00007fc14ca28000 Implicit null exception at 0x00000001214a0aee to 0x00000001214a0bb6
Event: 9.703 Thread 0x00007fc14af9d000 Exception <a 'java/lang/NoSuchMethodError'{0x0000000704e09d08}: 'void java.lang.invoke.DirectMethodHandle$Holder.invokeStatic(java.lang.Object, java.lang.Object, int)'> (0x0000000704e09d08) 
thrown [/Users/jigga/projects/openjdk/loom/src/hotspot/share/interpreter/linkResolver.cpp, line 767]
Event: 10.378 Thread 0x00007fc14dbf2000 Exception <a 'java/lang/NoSuchMethodError'{0x0000000703a79818}: 'java.lang.Object java.lang.invoke.DirectMethodHandle$Holder.invokeStatic(java.lang.Object, java.lang.Object, long, java.lang.Object, java.lang.Object, java.lang.Object)'> (0x0000000703a79818) 
thrown [/Users/jigga/projects/openjdk/loom/src/hotspot/share/interpreter/linkResolver.cpp, line 767]
Event: 10.379 Thread 0x00007fc14dbf2000 Exception <a 'java/lang/NoSuchMethodError'{0x0000000703a7fe08}: 'java.lang.Object java.lang.invoke.Invokers$Holder.linkToTargetMethod(java.lang.Object, long, java.lang.Object, java.lang.Object, java.lang.Object, java.lang.Object)'> (0x0000000703a7fe08) 
thrown [/Users/jigga/projects/openjdk/loom/src/hotspot/share/interpreter/linkResolver.cpp, line 767]

Events (20 events):
Event: 30.016 Executing VM operation: G1CollectForAllocation done
Event: 30.022 Executing VM operation: HandshakeOneThread
Event: 30.022 Executing VM operation: HandshakeOneThread done
Event: 30.104 Executing VM operation: G1Concurrent
Event: 30.122 Executing VM operation: G1Concurrent done
Event: 30.167 Executing VM operation: G1Concurrent
Event: 30.171 Executing VM operation: G1Concurrent done
Event: 30.355 loading class org/slf4j/Marker
Event: 30.355 loading class org/slf4j/Marker done
Event: 30.355 Executing VM operation: HandshakeOneThread
Event: 30.355 Executing VM operation: HandshakeOneThread done
Event: 30.355 Executing VM operation: HandshakeOneThread
Event: 30.355 Executing VM operation: HandshakeOneThread done
Event: 30.355 Executing VM operation: G1CollectForAllocation
Event: 30.374 Executing VM operation: G1CollectForAllocation done
Event: 30.473 Executing VM operation: HandshakeOneThread
Event: 30.474 Executing VM operation: HandshakeOneThread done
Event: 30.632 Executing VM operation: HandshakeOneThread
Event: 30.632 Executing VM operation: HandshakeOneThread done
Event: 30.723 Executing VM operation: G1CollectForAllocation


Dynamic libraries:
0x00007fff7c282000 	/usr/lib/libz.1.dylib
0x000000010e417000 	/Library/Java/JavaVirtualMachines/jdk-14-loom-20190902.jdk/Contents/Home/lib/libjli.dylib
0x00007fff503ec000 	/System/Library/Frameworks/Cocoa.framework/Versions/A/Cocoa
0x00007fff5c190000 	/System/Library/Frameworks/Security.framework/Versions/A/Security
0x00007fff4f07f000 	/System/Library/Frameworks/ApplicationServices.framework/Versions/A/ApplicationServices
0x00007fff79bdc000 	/usr/lib/libSystem.B.dylib
0x00007fff7ca78000 	/usr/lib/system/libcache.dylib
0x00007fff7ca7d000 	/usr/lib/system/libcommonCrypto.dylib
0x00007fff7ca88000 	/usr/lib/system/libcompiler_rt.dylib
0x00007fff7ca90000 	/usr/lib/system/libcopyfile.dylib
0x00007fff7ca9a000 	/usr/lib/system/libcorecrypto.dylib
0x00007fff7cba5000 	/usr/lib/system/libdispatch.dylib
0x00007fff7cbdf000 	/usr/lib/system/libdyld.dylib
0x00007fff7cc0c000 	/usr/lib/system/libkeymgr.dylib
0x00007fff7cc1a000 	/usr/lib/system/liblaunch.dylib
0x00007fff7cc1b000 	/usr/lib/system/libmacho.dylib
0x00007fff7cc21000 	/usr/lib/system/libquarantine.dylib
0x00007fff7cc24000 	/usr/lib/system/libremovefile.dylib
0x00007fff7cc26000 	/usr/lib/system/libsystem_asl.dylib
0x00007fff7cc3e000 	/usr/lib/system/libsystem_blocks.dylib
0x00007fff7cc3f000 	/usr/lib/system/libsystem_c.dylib
0x00007fff7ccc7000 	/usr/lib/system/libsystem_configuration.dylib
0x00007fff7cccb000 	/usr/lib/system/libsystem_coreservices.dylib
0x00007fff7cccf000 	/usr/lib/system/libsystem_darwin.dylib
0x00007fff7ccd6000 	/usr/lib/system/libsystem_dnssd.dylib
0x00007fff7ccdd000 	/usr/lib/system/libsystem_info.dylib
0x00007fff7cd52000 	/usr/lib/system/libsystem_m.dylib
0x00007fff7cd9e000 	/usr/lib/system/libsystem_malloc.dylib
0x00007fff7cdc9000 	/usr/lib/system/libsystem_networkextension.dylib
0x00007fff7cdd4000 	/usr/lib/system/libsystem_notify.dylib
0x00007fff7cdf1000 	/usr/lib/system/libsystem_sandbox.dylib
0x00007fff7cdf5000 	/usr/lib/system/libsystem_secinit.dylib
0x00007fff7cd29000 	/usr/lib/system/libsystem_kernel.dylib
0x00007fff7cddc000 	/usr/lib/system/libsystem_platform.dylib
0x00007fff7cde6000 	/usr/lib/system/libsystem_pthread.dylib
0x00007fff7cdf8000 	/usr/lib/system/libsystem_symptoms.dylib
0x00007fff7ce00000 	/usr/lib/system/libsystem_trace.dylib
0x00007fff7ce17000 	/usr/lib/system/libunwind.dylib
0x00007fff7ce1d000 	/usr/lib/system/libxpc.dylib
0x00007fff7b413000 	/usr/lib/libobjc.A.dylib
0x00007fff79e73000 	/usr/lib/libc++abi.dylib
0x00007fff79e1f000 	/usr/lib/libc++.1.dylib
0x00007fff50c61000 	/System/Library/Frameworks/CoreFoundation.framework/Versions/A/CoreFoundation
0x00007fff52ee3000 	/System/Library/Frameworks/Foundation.framework/Versions/C/Foundation
0x00007fff4e278000 	/System/Library/Frameworks/AppKit.framework/Versions/C/AppKit
0x00007fff507ea000 	/System/Library/Frameworks/CoreData.framework/Versions/A/CoreData
0x00007fff736a2000 	/System/Library/PrivateFrameworks/RemoteViewServices.framework/Versions/A/RemoteViewServices
0x00007fff77919000 	/System/Library/PrivateFrameworks/UIFoundation.framework/Versions/A/UIFoundation
0x00007fff78ffd000 	/System/Library/PrivateFrameworks/XCTTargetBootstrap.framework/Versions/A/XCTTargetBootstrap
0x00007fff50b70000 	/System/Library/Frameworks/CoreDisplay.framework/Versions/A/CoreDisplay
0x00007fff6e3d8000 	/System/Library/PrivateFrameworks/IconServices.framework/Versions/A/IconServices
0x00007fff55804000 	/System/Library/Frameworks/Metal.framework/Versions/A/Metal
0x00007fff6591b000 	/System/Library/PrivateFrameworks/DesktopServicesPriv.framework/Versions/A/DesktopServicesPriv
0x00007fff7a776000 	/usr/lib/libenergytrace.dylib
0x00007fff75e00000 	/System/Library/PrivateFrameworks/SkyLight.framework/Versions/A/SkyLight
0x00007fff510a7000 	/System/Library/Frameworks/CoreGraphics.framework/Versions/A/CoreGraphics
0x00007fff4d044000 	/System/Library/Frameworks/Accelerate.framework/Versions/A/Accelerate
0x00007fff5362c000 	/System/Library/Frameworks/IOSurface.framework/Versions/A/IOSurface
0x00007fff65787000 	/System/Library/PrivateFrameworks/DFRFoundation.framework/Versions/A/DFRFoundation
0x00007fff4f562000 	/System/Library/Frameworks/AudioToolbox.framework/Versions/A/AudioToolbox
0x00007fff4f7db000 	/System/Library/Frameworks/AudioUnit.framework/Versions/A/AudioUnit
0x00007fff6581c000 	/System/Library/PrivateFrameworks/DataDetectorsCore.framework/Versions/A/DataDetectorsCore
0x00007fff4feef000 	/System/Library/Frameworks/Carbon.framework/Versions/A/Frameworks/HIToolbox.framework/Versions/A/HIToolbox
0x00007fff7a8cf000 	/usr/lib/libicucore.A.dylib
0x00007fff5b703000 	/System/Library/Frameworks/QuartzCore.framework/Versions/A/QuartzCore
0x00007fff502c4000 	/System/Library/Frameworks/Carbon.framework/Versions/A/Frameworks/SpeechRecognition.framework/Versions/A/SpeechRecognition
0x00007fff79d30000 	/usr/lib/libauto.dylib
0x00007fff7c176000 	/usr/lib/libxml2.2.dylib
0x00007fff65362000 	/System/Library/PrivateFrameworks/CoreUI.framework/Versions/A/CoreUI
0x00007fff506d5000 	/System/Library/Frameworks/CoreAudio.framework/Versions/A/CoreAudio
0x00007fff52d18000 	/System/Library/Frameworks/DiskArbitration.framework/Versions/A/DiskArbitration
0x00007fff7ab7d000 	/usr/lib/liblangid.dylib
0x00007fff6f7e3000 	/System/Library/PrivateFrameworks/MultitouchSupport.framework/Versions/A/MultitouchSupport
0x00007fff5359b000 	/System/Library/Frameworks/IOKit.framework/Versions/A/IOKit
0x00007fff7979c000 	/usr/lib/libDiagnosticMessagesClient.dylib
0x00007fff51eb6000 	/System/Library/Frameworks/CoreServices.framework/Versions/A/CoreServices
0x00007fff7149d000 	/System/Library/PrivateFrameworks/PerformanceAnalysis.framework/Versions/A/PerformanceAnalysis
0x00007fff5a8f1000 	/System/Library/Frameworks/OpenGL.framework/Versions/A/OpenGL
0x00007fff503fa000 	/System/Library/Frameworks/ColorSync.framework/Versions/A/ColorSync
0x00007fff51738000 	/System/Library/Frameworks/CoreImage.framework/Versions/A/CoreImage
0x00007fff5288e000 	/System/Library/Frameworks/CoreText.framework/Versions/A/CoreText
0x00007fff5368f000 	/System/Library/Frameworks/ImageIO.framework/Versions/A/ImageIO
0x00007fff619b4000 	/System/Library/PrivateFrameworks/Backup.framework/Versions/A/Backup
0x00007fff79c83000 	/usr/lib/libarchive.2.dylib
0x00007fff4fb34000 	/System/Library/Frameworks/CFNetwork.framework/Versions/A/CFNetwork
0x00007fff5c8ec000 	/System/Library/Frameworks/SystemConfiguration.framework/Versions/A/SystemConfiguration
0x00007fff796cd000 	/usr/lib/libCRFSuite.dylib
0x00007fff79e00000 	/usr/lib/libbsm.0.dylib
0x00007fff7cc0d000 	/usr/lib/system/libkxld.dylib
0x00007fff60da5000 	/System/Library/PrivateFrameworks/AppleFSCompression.framework/Versions/A/AppleFSCompression
0x00007fff79a9c000 	/usr/lib/libOpenScriptingUtil.dylib
0x00007fff7a128000 	/usr/lib/libcoretls.dylib
0x00007fff7a13f000 	/usr/lib/libcoretls_cfhelpers.dylib
0x00007fff7bbaa000 	/usr/lib/libpam.2.dylib
0x00007fff7bd6a000 	/usr/lib/libsqlite3.dylib
0x00007fff7c164000 	/usr/lib/libxar.1.dylib
0x00007fff79e11000 	/usr/lib/libbz2.1.0.dylib
0x00007fff7ab7f000 	/usr/lib/liblzma.5.dylib
0x00007fff7b030000 	/usr/lib/libnetwork.dylib
0x00007fff79c6c000 	/usr/lib/libapple_nghttp2.dylib
0x00007fff7bbb1000 	/usr/lib/libpcap.A.dylib
0x00007fff52255000 	/System/Library/Frameworks/CoreServices.framework/Versions/A/Frameworks/FSEvents.framework/Versions/A/FSEvents
0x00007fff51f34000 	/System/Library/Frameworks/CoreServices.framework/Versions/A/Frameworks/CarbonCore.framework/Versions/A/CarbonCore
0x00007fff52410000 	/System/Library/Frameworks/CoreServices.framework/Versions/A/Frameworks/Metadata.framework/Versions/A/Metadata
0x00007fff524af000 	/System/Library/Frameworks/CoreServices.framework/Versions/A/Frameworks/OSServices.framework/Versions/A/OSServices
0x00007fff524fa000 	/System/Library/Frameworks/CoreServices.framework/Versions/A/Frameworks/SearchKit.framework/Versions/A/SearchKit
0x00007fff51eb7000 	/System/Library/Frameworks/CoreServices.framework/Versions/A/Frameworks/AE.framework/Versions/A/AE
0x00007fff5225e000 	/System/Library/Frameworks/CoreServices.framework/Versions/A/Frameworks/LaunchServices.framework/Versions/A/LaunchServices
0x00007fff5220c000 	/System/Library/Frameworks/CoreServices.framework/Versions/A/Frameworks/DictionaryServices.framework/Versions/A/DictionaryServices
0x00007fff52562000 	/System/Library/Frameworks/CoreServices.framework/Versions/A/Frameworks/SharedFileList.framework/Versions/A/SharedFileList
0x00007fff568cc000 	/System/Library/Frameworks/NetFS.framework/Versions/A/NetFS
0x00007fff6fa49000 	/System/Library/PrivateFrameworks/NetAuth.framework/Versions/A/NetAuth
0x00007fff79401000 	/System/Library/PrivateFrameworks/login.framework/Versions/A/Frameworks/loginsupport.framework/Versions/A/loginsupport
0x00007fff77522000 	/System/Library/PrivateFrameworks/TCC.framework/Versions/A/TCC
0x00007fff649bf000 	/System/Library/PrivateFrameworks/CoreNLP.framework/Versions/A/CoreNLP
0x00007fff6f4de000 	/System/Library/PrivateFrameworks/MetadataUtilities.framework/Versions/A/MetadataUtilities
0x00007fff7ac54000 	/usr/lib/libmecabra.dylib
0x00007fff4f080000 	/System/Library/Frameworks/ApplicationServices.framework/Versions/A/Frameworks/ATS.framework/Versions/A/ATS
0x00007fff4f3cf000 	/System/Library/Frameworks/ApplicationServices.framework/Versions/A/Frameworks/ColorSyncLegacy.framework/Versions/A/ColorSyncLegacy
0x00007fff4f46e000 	/System/Library/Frameworks/ApplicationServices.framework/Versions/A/Frameworks/HIServices.framework/Versions/A/HIServices
0x00007fff4f4c1000 	/System/Library/Frameworks/ApplicationServices.framework/Versions/A/Frameworks/LangAnalysis.framework/Versions/A/LangAnalysis
0x00007fff4f4d1000 	/System/Library/Frameworks/ApplicationServices.framework/Versions/A/Frameworks/PrintCore.framework/Versions/A/PrintCore
0x00007fff4f51b000 	/System/Library/Frameworks/ApplicationServices.framework/Versions/A/Frameworks/QD.framework/Versions/A/QD
0x00007fff4f555000 	/System/Library/Frameworks/ApplicationServices.framework/Versions/A/Frameworks/SpeechSynthesis.framework/Versions/A/SpeechSynthesis
0x00007fff79e9b000 	/usr/lib/libcompression.dylib
0x00007fff55ad4000 	/System/Library/Frameworks/MetalPerformanceShaders.framework/Versions/A/MetalPerformanceShaders
0x00007fff4d05c000 	/System/Library/Frameworks/Accelerate.framework/Versions/A/Frameworks/vImage.framework/Versions/A/vImage
0x00007fff4e0d6000 	/System/Library/Frameworks/Accelerate.framework/Versions/A/Frameworks/vecLib.framework/Versions/A/vecLib
0x00007fff4e022000 	/System/Library/Frameworks/Accelerate.framework/Versions/A/Frameworks/vecLib.framework/Versions/A/libvMisc.dylib
0x00007fff4de3a000 	/System/Library/Frameworks/Accelerate.framework/Versions/A/Frameworks/vecLib.framework/Versions/A/libvDSP.dylib
0x00007fff4d6f6000 	/System/Library/Frameworks/Accelerate.framework/Versions/A/Frameworks/vecLib.framework/Versions/A/libBLAS.dylib
0x00007fff4d9e3000 	/System/Library/Frameworks/Accelerate.framework/Versions/A/Frameworks/vecLib.framework/Versions/A/libLAPACK.dylib
0x00007fff4dd8d000 	/System/Library/Frameworks/Accelerate.framework/Versions/A/Frameworks/vecLib.framework/Versions/A/libLinearAlgebra.dylib
0x00007fff4de26000 	/System/Library/Frameworks/Accelerate.framework/Versions/A/Frameworks/vecLib.framework/Versions/A/libSparseBLAS.dylib
0x00007fff4dda3000 	/System/Library/Frameworks/Accelerate.framework/Versions/A/Frameworks/vecLib.framework/Versions/A/libQuadrature.dylib
0x00007fff4d970000 	/System/Library/Frameworks/Accelerate.framework/Versions/A/Frameworks/vecLib.framework/Versions/A/libBNNS.dylib
0x00007fff4dda9000 	/System/Library/Frameworks/Accelerate.framework/Versions/A/Frameworks/vecLib.framework/Versions/A/libSparse.dylib
0x00007fff6bd0d000 	/System/Library/PrivateFrameworks/GPUWrangler.framework/Versions/A/GPUWrangler
0x00007fff6e00d000 	/System/Library/PrivateFrameworks/IOAccelerator.framework/Versions/A/IOAccelerator
0x00007fff6e018000 	/System/Library/PrivateFrameworks/IOPresentment.framework/Versions/A/IOPresentment
0x00007fff65797000 	/System/Library/PrivateFrameworks/DSExternalDisplay.framework/Versions/A/DSExternalDisplay
0x00007fff59d48000 	/System/Library/Frameworks/OpenGL.framework/Versions/A/Libraries/libCoreFSCache.dylib
0x00007fff558c8000 	/System/Library/Frameworks/MetalPerformanceShaders.framework/Frameworks/MPSCore.framework/Versions/A/MPSCore
0x00007fff558e8000 	/System/Library/Frameworks/MetalPerformanceShaders.framework/Frameworks/MPSImage.framework/Versions/A/MPSImage
0x00007fff5598d000 	/System/Library/Frameworks/MetalPerformanceShaders.framework/Frameworks/MPSNeuralNetwork.framework/Versions/A/MPSNeuralNetwork
0x00007fff55965000 	/System/Library/Frameworks/MetalPerformanceShaders.framework/Frameworks/MPSMatrix.framework/Versions/A/MPSMatrix
0x00007fff55ab9000 	/System/Library/Frameworks/MetalPerformanceShaders.framework/Frameworks/MPSRayIntersector.framework/Versions/A/MPSRayIntersector
0x00007fff6f507000 	/System/Library/PrivateFrameworks/MetalTools.framework/Versions/A/MetalTools
0x00007fff6064f000 	/System/Library/PrivateFrameworks/AggregateDictionary.framework/Versions/A/AggregateDictionary
0x00007fff79a7c000 	/usr/lib/libMobileGestalt.dylib
0x00007fff529f1000 	/System/Library/Frameworks/CoreVideo.framework/Versions/A/CoreVideo
0x00007fff6cb1e000 	/System/Library/PrivateFrameworks/GraphVisualizer.framework/Versions/A/GraphVisualizer
0x00007fff6699d000 	/System/Library/PrivateFrameworks/FaceCore.framework/Versions/A/FaceCore
0x00007fff59376000 	/System/Library/Frameworks/OpenCL.framework/Versions/A/OpenCL
0x00007fff797d4000 	/usr/lib/libFosl_dynamic.dylib
0x00007fff702b4000 	/System/Library/PrivateFrameworks/OTSVG.framework/Versions/A/OTSVG
0x00007fff4f184000 	/System/Library/Frameworks/ApplicationServices.framework/Versions/A/Frameworks/ATS.framework/Versions/A/Resources/libFontParser.dylib
0x00007fff4f29c000 	/System/Library/Frameworks/ApplicationServices.framework/Versions/A/Frameworks/ATS.framework/Versions/A/Resources/libFontRegistry.dylib
0x00007fff538fd000 	/System/Library/Frameworks/ImageIO.framework/Versions/A/Resources/libJPEG.dylib
0x00007fff53c0f000 	/System/Library/Frameworks/ImageIO.framework/Versions/A/Resources/libTIFF.dylib
0x00007fff53be5000 	/System/Library/Frameworks/ImageIO.framework/Versions/A/Resources/libPng.dylib
0x00007fff5381b000 	/System/Library/Frameworks/ImageIO.framework/Versions/A/Resources/libGIF.dylib
0x00007fff53820000 	/System/Library/Frameworks/ImageIO.framework/Versions/A/Resources/libJP2.dylib
0x00007fff53c0c000 	/System/Library/Frameworks/ImageIO.framework/Versions/A/Resources/libRadiance.dylib
0x00007fff60efc000 	/System/Library/PrivateFrameworks/AppleJPEG.framework/Versions/A/AppleJPEG
0x00007fff59d53000 	/System/Library/Frameworks/OpenGL.framework/Versions/A/Libraries/libGFXShared.dylib
0x00007fff59f16000 	/System/Library/Frameworks/OpenGL.framework/Versions/A/Libraries/libGLU.dylib
0x00007fff59d5c000 	/System/Library/Frameworks/OpenGL.framework/Versions/A/Libraries/libGL.dylib
0x00007fff59d68000 	/System/Library/Frameworks/OpenGL.framework/Versions/A/Libraries/libGLImage.dylib
0x00007fff59d45000 	/System/Library/Frameworks/OpenGL.framework/Versions/A/Libraries/libCVMSPluginSupport.dylib
0x00007fff59d4e000 	/System/Library/Frameworks/OpenGL.framework/Versions/A/Libraries/libCoreVMClient.dylib
0x00007fff7a5ec000 	/usr/lib/libcups.2.dylib
0x00007fff54dcf000 	/System/Library/Frameworks/Kerberos.framework/Versions/A/Kerberos
0x00007fff532ff000 	/System/Library/Frameworks/GSS.framework/Versions/A/GSS
0x00007fff7bcff000 	/usr/lib/libresolv.9.dylib
0x00007fff7a7de000 	/usr/lib/libiconv.2.dylib
0x00007fff6cc93000 	/System/Library/PrivateFrameworks/Heimdal.framework/Versions/A/Heimdal
0x00007fff7a7ae000 	/usr/lib/libheimdal-asn1.dylib
0x00007fff593ea000 	/System/Library/Frameworks/OpenDirectory.framework/Versions/A/OpenDirectory
0x00007fff63722000 	/System/Library/PrivateFrameworks/CommonAuth.framework/Versions/A/CommonAuth
0x00007fff593ce000 	/System/Library/Frameworks/OpenDirectory.framework/Versions/A/Frameworks/CFOpenDirectory.framework/Versions/A/CFOpenDirectory
0x00007fff5c491000 	/System/Library/Frameworks/SecurityFoundation.framework/Versions/A/SecurityFoundation
0x00007fff5fb95000 	/System/Library/PrivateFrameworks/APFS.framework/Versions/A/APFS
0x00007fff7c160000 	/usr/lib/libutil.dylib
0x00007fff79e89000 	/usr/lib/libcharset.1.dylib
0x00007fff61199000 	/System/Library/PrivateFrameworks/AppleSauce.framework/Versions/A/AppleSauce
0x00007fff6131a000 	/System/Library/PrivateFrameworks/AssertionServices.framework/Versions/A/AssertionServices
0x00007fff61a4a000 	/System/Library/PrivateFrameworks/BaseBoard.framework/Versions/A/BaseBoard
0x00007fff7abaf000 	/usr/lib/libmecab.1.0.0.dylib
0x00007fff7a7a8000 	/usr/lib/libgermantok.dylib
0x00007fff79c59000 	/usr/lib/libThaiTokenizer.dylib
0x00007fff79704000 	/usr/lib/libChineseTokenizer.dylib
0x00007fff6e6c5000 	/System/Library/PrivateFrameworks/LanguageModeling.framework/Versions/A/LanguageModeling
0x00007fff64404000 	/System/Library/PrivateFrameworks/CoreEmoji.framework/Versions/A/CoreEmoji
0x00007fff6e7a1000 	/System/Library/PrivateFrameworks/Lexicon.framework/Versions/A/Lexicon
0x00007fff6e7e4000 	/System/Library/PrivateFrameworks/LinguisticData.framework/Versions/A/LinguisticData
0x00007fff79e8a000 	/usr/lib/libcmph.dylib
0x00007fff5c54f000 	/System/Library/Frameworks/ServiceManagement.framework/Versions/A/ServiceManagement
0x00007fff619ab000 	/System/Library/PrivateFrameworks/BackgroundTaskManagement.framework/Versions/A/BackgroundTaskManagement
0x00007fff7c259000 	/usr/lib/libxslt.1.dylib
0x00007fff501f1000 	/System/Library/Frameworks/Carbon.framework/Versions/A/Frameworks/Ink.framework/Versions/A/Ink
0x00007fff77794000 	/System/Library/PrivateFrameworks/TextureIO.framework/Versions/A/TextureIO
0x00007fff79cad000 	/usr/lib/libate.dylib
0x00007fff656e6000 	/System/Library/PrivateFrameworks/CrashReporterSupport.framework/Versions/A/CrashReporterSupport
0x00007fff74ece000 	/System/Library/PrivateFrameworks/Sharing.framework/Versions/A/Sharing
0x00007fff616fd000 	/System/Library/PrivateFrameworks/AuthKit.framework/Versions/A/AuthKit
0x00007fff60c51000 	/System/Library/PrivateFrameworks/Apple80211.framework/Versions/A/Apple80211
0x00007fff6548e000 	/System/Library/PrivateFrameworks/CoreUtils.framework/Versions/A/CoreUtils
0x00007fff52a32000 	/System/Library/Frameworks/CoreWLAN.framework/Versions/A/CoreWLAN
0x00007fff5342e000 	/System/Library/Frameworks/IOBluetooth.framework/Versions/A/IOBluetooth
0x00007fff7333e000 	/System/Library/PrivateFrameworks/ProtocolBuffer.framework/Versions/A/ProtocolBuffer
0x00007fff6f73f000 	/System/Library/PrivateFrameworks/MobileKeyBag.framework/Versions/A/MobileKeyBag
0x00007fff64cd2000 	/System/Library/PrivateFrameworks/CorePhoneNumbers.framework/Versions/A/CorePhoneNumbers
0x00007fff60eb0000 	/System/Library/PrivateFrameworks/AppleIDAuthSupport.framework/Versions/A/AppleIDAuthSupport
0x00007fff6e698000 	/System/Library/PrivateFrameworks/KeychainCircle.framework/Versions/A/KeychainCircle
0x00007fff734f4000 	/System/Library/PrivateFrameworks/ROCKit.framework/Versions/A/ROCKit
0x00007fff65682000 	/System/Library/PrivateFrameworks/CoreWiFi.framework/Versions/A/CoreWiFi
0x00007fff507bf000 	/System/Library/Frameworks/CoreBluetooth.framework/Versions/A/CoreBluetooth
0x00007fff658dd000 	/System/Library/PrivateFrameworks/DebugSymbols.framework/Versions/A/DebugSymbols
0x00007fff6524e000 	/System/Library/PrivateFrameworks/CoreSymbolication.framework/Versions/A/CoreSymbolication
0x00007fff76faf000 	/System/Library/PrivateFrameworks/Symbolication.framework/Versions/A/Symbolication
0x00007fff76852000 	/System/Library/PrivateFrameworks/SpeechRecognitionCore.framework/Versions/A/SpeechRecognitionCore
0x000000010fe00000 	/Library/Java/JavaVirtualMachines/jdk-14-loom-20190902.jdk/Contents/Home/lib/server/libjvm.dylib
0x000000010e448000 	/Library/Java/JavaVirtualMachines/jdk-14-loom-20190902.jdk/Contents/Home/lib/libverify.dylib
0x000000010e454000 	/Library/Java/JavaVirtualMachines/jdk-14-loom-20190902.jdk/Contents/Home/lib/libjava.dylib
0x000000010e491000 	/Library/Java/JavaVirtualMachines/jdk-14-loom-20190902.jdk/Contents/Home/lib/libjdwp.dylib
0x000000010e514000 	/Library/Java/JavaVirtualMachines/jdk-14-loom-20190902.jdk/Contents/Home/lib/libzip.dylib
0x000000010e51b000 	/Library/Java/JavaVirtualMachines/jdk-14-loom-20190902.jdk/Contents/Home/lib/libjimage.dylib
0x0000000110f53000 	/Library/Java/JavaVirtualMachines/jdk-14-loom-20190902.jdk/Contents/Home/lib/libdt_socket.dylib
0x0000000135f23000 	/Library/Java/JavaVirtualMachines/jdk-14-loom-20190902.jdk/Contents/Home/lib/libnio.dylib
0x0000000135f31000 	/Library/Java/JavaVirtualMachines/jdk-14-loom-20190902.jdk/Contents/Home/lib/./libnet.dylib
0x0000000135fcd000 	/Library/Java/JavaVirtualMachines/jdk-14-loom-20190902.jdk/Contents/Home/lib/libmanagement.dylib
0x00000001360e1000 	/Library/Java/JavaVirtualMachines/jdk-14-loom-20190902.jdk/Contents/Home/lib/libmanagement_ext.dylib
0x0000000135f9d000 	/Library/Java/JavaVirtualMachines/jdk-14-loom-20190902.jdk/Contents/Home/lib/libextnet.dylib
0x0000000138086000 	/Library/Java/JavaVirtualMachines/jdk-14-loom-20190902.jdk/Contents/Home/lib/libsunec.dylib


VM Arguments:
jvm_args: -agentlib:jdwp=transport=dt_socket,server=n,suspend=y,address=60051 -Dfile.encoding=UTF-8 -Duser.country=PL -Duser.language=en -Duser.variant 
java_command: loom.workshop.WorkshopService
java_class_path (initial): /Users/jigga/projects/pl.jigga/loom-academy/workshop-service/build/classes/java/main:/Users/jigga/projects/pl.jigga/loom-academy/workshop-service/build/resources/main:/Users/jigga/.gradle/caches/modules-2/files-2.1/org.springframework.boot/spring-boot-starter-web/2.1.2.RELEASE/33749ef5bf458829eef0e0c45615bf536521a97a/spring-boot-starter-web-2.1.2.RELEASE.jar:/Users/jigga/.gradle/caches/modules-2/files-2.1/org.springframework.cloud/spring-cloud-starter-netflix-eureka-client/2.1.0.RELEASE/a61b33193531acf406a4e3cbb9c76e3ec6c77abd/spring-cloud-starter-netflix-eureka-client-2.1.0.RELEASE.jar:/Users/jigga/.gradle/caches/modules-2/files-2.1/org.springframework.boot/spring-boot-starter-json/2.1.2.RELEASE/db59b1857966985cec2cdb81cd6cfeb315f1c849/spring-boot-starter-json-2.1.2.RELEASE.jar:/Users/jigga/.gradle/caches/modules-2/files-2.1/org.springframework.cloud/spring-cloud-starter-netflix-ribbon/2.1.0.RELEASE/979c991d77b2f8fe9092f8d56d2f64d5f30cf385/spring-cloud-starter-netflix-ribbon-2.1.0.RELEASE.jar:/Users/jigga/.gradle/caches/modules-2/files-2.1/org.springframework.cloud/spring-cloud-starter-netflix-archaius/2.1.0.RELEASE/1e894ff28bca79c0581972797ca521cc276db08b/spring-cloud-starter-netflix-archaius-2.1.0.RELEASE.jar:/Users/jigga/.gradle/caches/modules-2/files-2.1/org.springframework.cloud/spring-cloud-starter/2.1.0.RELEASE/bc5df6550f2108f99ef5b62c7656123aee44c0d9/spring-cloud-starter-2.1.0.RELEASE.jar:/Users/jigga/.gradle/caches/modules-2/files-2.1/org.springframework.cloud/spring-cloud-netflix-eureka-client/2.1.0.RELEASE/90d9174bfdb439f47feb7b1fa2d597cfebfb3ea8/spring-cloud-netflix-eureka-client-2.1.0.RELEASE.jar:/Users/jigga/.gradle/caches/modules-2/files-2.1/org.springframework.cloud/spring-cloud-netflix-hystrix/2.1.0.RELEASE/475af941f77e5ef3e35fa3533bbd7aa1ec4f4cf7/spring-cloud-netflix-hystrix-2.1.0.RELEASE.jar:/Users/jigga/.gradle/caches/modules-2/files-2.1/org.springframework.boot/spring-boot-starter-aop/2.1.2.RELEASE/d4266d045585b54b0
Launcher Type: SUN_STANDARD

[Global flags]
     intx CICompilerCount                          = 4                                         {product} {ergonomic}
     uint ConcGCThreads                            = 3                                         {product} {ergonomic}
     uint G1ConcRefinementThreads                  = 10                                        {product} {ergonomic}
   size_t G1HeapRegionSize                         = 1048576                                   {product} {ergonomic}
    uintx GCDrainStackTargetSize                   = 64                                        {product} {ergonomic}
   size_t InitialHeapSize                          = 268435456                                 {product} {ergonomic}
   size_t MarkStackSize                            = 4194304                                   {product} {ergonomic}
   size_t MaxHeapSize                              = 4294967296                                {product} {ergonomic}
   size_t MaxNewSize                               = 2576351232                                {product} {ergonomic}
   size_t MinHeapDeltaBytes                        = 1048576                                   {product} {ergonomic}
   size_t MinHeapSize                              = 8388608                                   {product} {ergonomic}
    uintx NonNMethodCodeHeapSize                   = 5836300                                {pd product} {ergonomic}
    uintx NonProfiledCodeHeapSize                  = 122910970                              {pd product} {ergonomic}
    uintx ProfiledCodeHeapSize                     = 122910970                              {pd product} {ergonomic}
    uintx ReservedCodeCacheSize                    = 251658240                              {pd product} {ergonomic}
     bool SegmentedCodeCache                       = true                                      {product} {ergonomic}
   size_t SoftMaxHeapSize                          = 4294967296                             {manageable} {ergonomic}
     bool UseCompressedClassPointers               = true                                 {lp64_product} {ergonomic}
     bool UseCompressedOops                        = true                                 {lp64_product} {ergonomic}
     bool UseG1GC                                  = true                                      {product} {ergonomic}

Logging:
Log output configuration:
 #0: stdout all=warning uptime,level,tags
 #1: stderr all=off uptime,level,tags

Environment Variables:
PATH=/Users/jigga/google-cloud-sdk/bin:/usr/local/bin:/usr/bin:/bin:/usr/sbin:/sbin
SHELL=/bin/bash

Signal Handlers:
SIGSEGV: [libjvm.dylib+0x902aa0], sa_mask[0]=11111111011111110111111111111111, sa_flags=SA_ONSTACK|SA_RESTART|SA_SIGINFO
SIGBUS: [libjvm.dylib+0x902aa0], sa_mask[0]=11111111011111110111111111111111, sa_flags=SA_RESTART|SA_SIGINFO
SIGFPE: [libjvm.dylib+0x902aa0], sa_mask[0]=11111111011111110111111111111111, sa_flags=SA_RESTART|SA_SIGINFO
SIGPIPE: [libjvm.dylib+0x740253], sa_mask[0]=11111111011111110111111111111111, sa_flags=SA_RESTART|SA_SIGINFO
SIGXFSZ: [libjvm.dylib+0x740253], sa_mask[0]=11111111011111110111111111111111, sa_flags=SA_RESTART|SA_SIGINFO
SIGILL: [libjvm.dylib+0x902aa0], sa_mask[0]=11111111011111110111111111111111, sa_flags=SA_RESTART|SA_SIGINFO
SIGUSR2: [libjvm.dylib+0x74083b], sa_mask[0]=00100000000000000000000000000000, sa_flags=SA_RESTART|SA_SIGINFO
SIGHUP: [libjvm.dylib+0x73f84b], sa_mask[0]=11111111011111110111111111111111, sa_flags=SA_RESTART|SA_SIGINFO
SIGINT: [libjvm.dylib+0x73f84b], sa_mask[0]=11111111011111110111111111111111, sa_flags=SA_RESTART|SA_SIGINFO
SIGTERM: [libjvm.dylib+0x73f84b], sa_mask[0]=11111111011111110111111111111111, sa_flags=SA_RESTART|SA_SIGINFO
SIGQUIT: [libjvm.dylib+0x73f84b], sa_mask[0]=11111111011111110111111111111111, sa_flags=SA_RESTART|SA_SIGINFO


---------------  S Y S T E M  ---------------

OS:uname:Darwin 18.7.0 Darwin Kernel Version 18.7.0: Tue Aug 20 16:57:14 PDT 2019; root:xnu-4903.271.2~2/RELEASE_X86_64 x86_64
rlimit: STACK 8192k, CORE 0k, NPROC 1418, NOFILE 10240, AS infinity, DATA infinity, FSIZE infinity
load average:3.84 3.41 3.41

CPU:total 12 (initial active 12) (6 cores per cpu, 2 threads per core) family 6 model 158 stepping 10, cmov, cx8, fxsr, mmx, sse, sse2, sse3, ssse3, sse4.1, sse4.2, popcnt, avx, avx2, aes, clmul, erms, rtm, 3dnowpref, lzcnt, ht, tsc, tscinvbit, bmi1, bmi2, adx, fma

Memory: 4k page, physical 16777216k(196524k free), swap 4194304k(360704k free)

vm_info: OpenJDK 64-Bit Server VM (14-internal+0-adhoc.jigga.loom) for bsd-amd64 JRE (14-internal+0-adhoc.jigga.loom), built on Sep  2 2019 21:37:06 by "jigga" with clang 4.2.1 Compatible Apple LLVM 10.0.1 (clang-1001.0.46.4)

END.
