#
# A fatal error has been detected by the Java Runtime Environment:
#
#  SIGSEGV (0xb) at pc=0x000000011076601b, pid=1389, tid=38659
#
# JRE version: OpenJDK Runtime Environment (14.0) (build 14-internal+0-adhoc.jigga.loom)
# Java VM: OpenJDK 64-Bit Server VM (14-internal+0-adhoc.jigga.loom, mixed mode, sharing, tiered, compressed oops, g1 gc, bsd-amd64)
# Problematic frame:
# C  0x000000011076601b
#
# No core dump will be written. Core dumps have been disabled. To enable core dumping, try "ulimit -c unlimited" before starting Java again
#
# If you would like to submit a bug report, please visit:
#   http://bugreport.java.com/bugreport/crash.jsp
#

---------------  S U M M A R Y ------------

Command Line: -Dfile.encoding=UTF-8 -Duser.country=PL -Duser.language=en -Duser.variant loom.workshop.WorkshopService

Host: MacBookPro15,1 x86_64 2600 MHz, 12 cores, 16G, Darwin 18.7.0
Time: Sat Sep 21 13:15:18 2019 CEST elapsed time: 456 seconds (0d 0h 7m 36s)

---------------  T H R E A D  ---------------

Current thread (0x00007fa2aca30800):  GCTaskThread "GC Thread#5" [stack: 0x000070000da56000,0x000070000db56000] [id=38659]

Stack: [0x000070000da56000,0x000070000db56000],  sp=0x000070000db55bd8,  free space=1022k
Native frames: (J=compiled Java code, A=aot compiled Java code, j=interpreted, Vv=VM code, C=native code)
C  0x000000011076601b
V  [libjvm.dylib+0x3f53ad]  _ZN18G1CodeRootSetTable11nmethods_doEP15CodeBlobClosure+0x33
V  [libjvm.dylib+0x432b37]  _ZN32G1ScanCollectionSetRegionClosure14do_heap_regionEP10HeapRegion+0xd9
V  [libjvm.dylib+0x40238c]  _ZNK15G1CollectionSet29iterate_incremental_part_fromEP17HeapRegionClosureP17HeapRegionClaimerjj+0x84
V  [libjvm.dylib+0x430819]  _ZN8G1RemSet27scan_collection_set_regionsEP20G1ParScanThreadStatejN14G1GCPhaseTimes11GCParPhasesES3_S3_+0x8d
V  [libjvm.dylib+0x3fe6a0]  _ZN25G1EvacuateRegionsBaseTask4workEj+0x88
V  [libjvm.dylib+0x929bf1]  _ZN10GangWorker4loopEv+0x43
V  [libjvm.dylib+0x8acedd]  _ZN6Thread8call_runEv+0x71
V  [libjvm.dylib+0x73e617]  _ZL19thread_native_entryP6Thread+0x132
C  [libsystem_pthread.dylib+0x32eb]  _pthread_body+0x7e
C  [libsystem_pthread.dylib+0x6249]  _pthread_start+0x42
C  [libsystem_pthread.dylib+0x240d]  thread_start+0xd


siginfo: si_signo: 11 (SIGSEGV), si_code: 1 (SEGV_MAPERR), si_addr: 0x0000000188764d11

Register to memory mapping:

RAX=0x0000000110764d00 points into unknown readable memory: 08 00 00 00 00 00 00 00
RBX=0x0000000110764190 points into unknown readable memory: 00 4d 76 10 01 00 00 00
RCX=0x000000010fbb5c01 is at entry_point+2497 in (nmethod*)0x000000010fbb4f90
RDX=0x0000000000000076 is an unknown value
RSP=0x000070000db55bd8 points into unknown readable memory: 4c be b9 05 01 00 00 00
RBP=0x000070000db55bf0 points into unknown readable memory: 20 5c b5 0d 00 70 00 00
RSI=0x0000000110764190 points into unknown readable memory: 00 4d 76 10 01 00 00 00
RDI=0x0000000110764190 points into unknown readable memory: 00 4d 76 10 01 00 00 00
R8 =0x000000010fbb5200 is at entry_point+-64 in (nmethod*)0x000000010fbb4f90
R9 =0x00000000fffffffb is an unknown value
R10=0x00007fa2b0000000 points into unknown readable memory: 00 00 00 00 00 00 00 00
R11=0x0000000000000009 is an unknown value
R12=0x00007fa2b0d734c8 points into unknown readable memory: 60 13 25 06 01 00 00 00
R13=0x0000000000000013 is an unknown value
R14=0x00007fa2b0d734c8 points into unknown readable memory: 60 13 25 06 01 00 00 00
R15=0x0000000000000113 is an unknown value


Registers:
RAX=0x0000000110764d00, RBX=0x0000000110764190, RCX=0x000000010fbb5c01, RDX=0x0000000000000076
RSP=0x000070000db55bd8, RBP=0x000070000db55bf0, RSI=0x0000000110764190, RDI=0x0000000110764190
R8 =0x000000010fbb5200, R9 =0x00000000fffffffb, R10=0x00007fa2b0000000, R11=0x0000000000000009
R12=0x00007fa2b0d734c8, R13=0x0000000000000013, R14=0x00007fa2b0d734c8, R15=0x0000000000000113
RIP=0x000000011076601b, EFLAGS=0x0000000000010202, ERR=0x0000000000000006
  TRAPNO=0x000000000000000e

Top of Stack: (sp=0x000070000db55bd8)
0x000070000db55bd8:   0000000105b9be4c 00007fa2abd732e0
0x000070000db55be8:   00007fa2b0e32060 000070000db55c20
0x000070000db55bf8:   0000000105b9c3ad 000070000db55d10
0x000070000db55c08:   0000000000000013 00007fa2a9407ac0
0x000070000db55c18:   0000000000000001 000070000db55cb0
0x000070000db55c28:   0000000105bd9b37 00007fa2b0d59e00
0x000070000db55c38:   0000006a4707427d 0000000000000000
0x000070000db55c48:   000070000db55d50 000070000db55d60
0x000070000db55c58:   000070000db55d00 0000000000000000
0x000070000db55c68:   0000000000000000 00007fa2a9709500
0x000070000db55c78:   00007fa2aa001400 000070000db55cc0
0x000070000db55c88:   0000000105bc69d1 00007fa2aa0016a8
0x000070000db55c98:   0000000000000000 000070000db55d10
0x000070000db55ca8:   0000000000000000 000070000db55d00
0x000070000db55cb8:   0000000105ba938c 000070000db55d90
0x000070000db55cc8:   0000000000000010 0000000000000017
0x000070000db55cd8:   00007fa2a9709560 000070000db55dd8
0x000070000db55ce8:   0000000000000007 0000000000000013
0x000070000db55cf8:   000070000db55d10 000070000db55dc0
0x000070000db55d08:   0000000105bd7819 00000001062536c8
0x000070000db55d18:   0000000000000301 00007fa2b0d59e00
0x000070000db55d28:   00007fa2a97095d0 0000001500000013
0x000070000db55d38:   0000000000000007 0000000000000000
0x000070000db55d48:   0000000000000000 0000000000000695
0x000070000db55d58:   0000000000000000 0000000000000000
0x000070000db55d68:   0000000000000000 0000000000000000
0x000070000db55d78:   0000000000000000 0000000000000000
0x000070000db55d88:   0000000000000000 0000001500000017
0x000070000db55d98:   000070000cc28748 000070000db55dd8
0x000070000db55da8:   00007fa2b0d59e00 0000000000000007
0x000070000db55db8:   000070000db55e10 000070000db55e60
0x000070000db55dc8:   0000000105ba56a0 0000000000000000 

Instructions: (pc=0x000000011076601b)
0x0000000110765f1b:   4c 24 30 4c 89 54 24 28 4c 89 5c 24 20 4c 89 64
0x0000000110765f2b:   24 18 4c 89 6c 24 10 4c 89 74 24 08 4c 89 3c 24
0x0000000110765f3b:   48 bf 58 c2 12 06 01 00 00 00 48 be e5 5e 76 10
0x0000000110765f4b:   01 00 00 00 48 8b d4 48 83 e4 f0 e8 f9 4f 6c f5
0x0000000110765f5b:   f4 49 ba 5c 5f 76 10 01 00 00 00 41 52 e9 33 6b
0x0000000110765f6b:   8f fe f4 f4 f4 38 e7 d0 01 07 00 00 00 78 ee d5
0x0000000110765f7b:   2d 01 00 00 00 88 3a 41 00 08 00 00 00 ff 02 00
0x0000000110765f8b:   d2 03 00 92 00 01 00 01 00 00 00 01 02 01 00 00
0x0000000110765f9b:   01 00 d2 03 0d 02 00 13 00 00 00 00 00 ff ff ff
0x0000000110765fab:   ff 00 00 00 00 00 00 00 00 00 00 00 00 0a 01 00
0x0000000110765fbb:   00 07 00 00 00 00 00 00 00 00 00 00 00 2b 01 00
0x0000000110765fcb:   00 17 00 00 00 00 00 00 00 00 00 00 00 31 02 00
0x0000000110765fdb:   00 00 00 00 00 00 00 00 00 00 00 00 00 00 00 00
0x0000000110765feb:   00 00 00 00 00 00 00 00 00 00 00 00 00 00 00 00
0x0000000110765ffb:   00 00 00 00 00 24 00 00 00 00 00 00 00 00 00 00
0x000000011076600b:   00 00 00 00 00 80 f2 76 10 01 00 00 00 01 00 00
0x000000011076601b:   00 a0 11 00 00 78 01 00 00 0c 00 00 00 68 0e 00
0x000000011076602b:   00 0e 00 00 00 a0 62 76 10 01 00 00 00 78 6e 76
0x000000011076603b:   10 01 00 00 00 a0 62 76 10 01 00 00 00 b0 71 76
0x000000011076604b:   10 01 00 00 00 88 61 76 10 01 00 00 00 88 62 76
0x000000011076605b:   10 01 00 00 00 01 00 00 00 00 00 00 00 00 00 00
0x000000011076606b:   00 00 00 00 00 00 00 00 00 00 00 00 00 31 b7 12
0x000000011076607b:   06 01 00 00 00 00 00 00 00 00 00 00 00 00 00 00
0x000000011076608b:   00 00 00 00 00 d0 6e 76 10 01 00 00 00 60 6e 76
0x000000011076609b:   10 01 00 00 00 00 00 00 00 00 00 00 00 b8 6f 76
0x00000001107660ab:   10 01 00 00 00 a8 6f 76 10 01 00 00 00 98 6f 76
0x00000001107660bb:   10 01 00 00 00 98 6f 76 10 01 00 00 00 00 00 00
0x00000001107660cb:   00 00 00 00 00 00 00 00 00 00 00 00 00 00 00 00
0x00000001107660db:   00 00 00 00 00 ff ff ff ff 00 00 00 00 00 00 00
0x00000001107660eb:   00 00 00 00 00 00 00 00 00 00 00 00 00 00 00 00
0x00000001107660fb:   00 00 00 00 00 a0 62 76 10 01 00 00 00 a0 62 76
0x000000011076610b:   10 01 00 00 00 a0 62 76 10 01 00 00 00 d4 0d 00 


Stack slot to memory mapping:
stack at sp + 0 slots: 0x0000000105b9be4c: _ZN17G1CodeBlobClosure12do_code_blobEP8CodeBlob+0x16 in /Library/Java/JavaVirtualMachines/jdk-14-loom-20190902.jdk/Contents/Home/lib/server/libjvm.dylib at 0x00000001057a7000
stack at sp + 1 slots: 0x00007fa2abd732e0 points into unknown readable memory: 13 ad 56 12 00 00 00 b0
stack at sp + 2 slots: 0x00007fa2b0e32060 points into unknown readable memory: 00 02 00 00 00 00 00 00
stack at sp + 3 slots: 0x000070000db55c20 points into unknown readable memory: b0 5c b5 0d 00 70 00 00
stack at sp + 4 slots: 0x0000000105b9c3ad: _ZN18G1CodeRootSetTable11nmethods_doEP15CodeBlobClosure+0x33 in /Library/Java/JavaVirtualMachines/jdk-14-loom-20190902.jdk/Contents/Home/lib/server/libjvm.dylib at 0x00000001057a7000
stack at sp + 5 slots: 0x000070000db55d10 points into unknown readable memory: c8 36 25 06 01 00 00 00
stack at sp + 6 slots: 0x0000000000000013 is an unknown value
stack at sp + 7 slots: 0x00007fa2a9407ac0 points into unknown readable memory: a0 5a 25 06 01 00 00 00


---------------  P R O C E S S  ---------------

Threads class SMR info:
_java_thread_list=0x00007fa2ab98bf20, length=44, elements={
0x00007fa2ae800000, 0x00007fa2aa051800, 0x00007fa2ae010000, 0x00007fa2aa802800,
0x00007fa2ab00b800, 0x00007fa2a9806800, 0x00007fa2ac879800, 0x00007fa2ac87b000,
0x00007fa2ad30c800, 0x00007fa2ada63800, 0x00007fa2acac1000, 0x00007fa2adb5e000,
0x00007fa2acac0000, 0x00007fa2a99e5000, 0x00007fa2acca4800, 0x00007fa2a9ecd000,
0x00007fa2acca8800, 0x00007fa2ab228800, 0x00007fa2ab195000, 0x00007fa2ab192800,
0x00007fa2ab2ba000, 0x00007fa2ad043800, 0x00007fa2ab191000, 0x00007fa2ad8b9800,
0x00007fa2a9ecf000, 0x00007fa2acb80800, 0x00007fa2ab012800, 0x00007fa2a985c000,
0x00007fa2acb83800, 0x00007fa2a984c000, 0x00007fa2ad196800, 0x00007fa2ada83800,
0x00007fa2ada85000, 0x00007fa2ad338000, 0x00007fa2ac968800, 0x00007fa2ab018800,
0x00007fa2acb82800, 0x00007fa2af002800, 0x00007fa2accbc000, 0x00007fa2aa841800,
0x00007fa2ae828000, 0x00007fa2aa83d000, 0x00007fa2adc89000, 0x00007fa2aa979000
}

Java Threads: ( => current thread )
  0x00007fa2ae800000 JavaThread "Reference Handler" daemon [_thread_blocked, id=17155, stack(0x000070000cc2c000,0x000070000cd2c000)]
  0x00007fa2aa051800 JavaThread "Finalizer" daemon [_thread_blocked, id=16387, stack(0x000070000cd2f000,0x000070000ce2f000)]
  0x00007fa2ae010000 JavaThread "Signal Dispatcher" daemon [_thread_blocked, id=43011, stack(0x000070000ce32000,0x000070000cf32000)]
  0x00007fa2aa802800 JavaThread "C2 CompilerThread0" daemon [_thread_blocked, id=22531, stack(0x000070000cf35000,0x000070000d035000)]
  0x00007fa2ab00b800 JavaThread "C1 CompilerThread0" daemon [_thread_blocked, id=41987, stack(0x000070000d038000,0x000070000d138000)]
  0x00007fa2a9806800 JavaThread "Sweeper thread" daemon [_thread_blocked, id=23043, stack(0x000070000d13b000,0x000070000d23b000)]
  0x00007fa2ac879800 JavaThread "Service Thread" daemon [_thread_blocked, id=23555, stack(0x000070000d23e000,0x000070000d33e000)]
  0x00007fa2ac87b000 JavaThread "Common-Cleaner" daemon [_thread_blocked, id=24067, stack(0x000070000d444000,0x000070000d544000)]
  0x00007fa2ad30c800 JavaThread "http-nio-8081-BlockPoller" daemon [_thread_in_native, id=24335, stack(0x000070000d547000,0x000070000d647000)]
  0x00007fa2ada63800 JavaThread "Catalina-utility-1" [_thread_blocked, id=37635, stack(0x000070000dd5f000,0x000070000de5f000)]
  0x00007fa2acac1000 JavaThread "Catalina-utility-2" [_thread_blocked, id=26627, stack(0x000070000de62000,0x000070000df62000)]
  0x00007fa2adb5e000 JavaThread "container-0" [_thread_blocked, id=36867, stack(0x000070000df65000,0x000070000e065000)]
  0x00007fa2acac0000 JavaThread "spring.cloud.inetutils" daemon [_thread_blocked, id=27651, stack(0x000070000e068000,0x000070000e168000)]
  0x00007fa2a99e5000 JavaThread "HttpClient-1-SelectorManager" daemon [_thread_blocked, id=28675, stack(0x000070000e371000,0x000070000e471000)]
  0x00007fa2acca4800 JavaThread "Eureka-JerseyClient-Conn-Cleaner2" daemon [_thread_blocked, id=35587, stack(0x000070000e474000,0x000070000e574000)]
  0x00007fa2a9ecd000 JavaThread "AsyncResolver-bootstrap-0" daemon [_thread_blocked, id=34819, stack(0x000070000e577000,0x000070000e677000)]
  0x00007fa2acca8800 JavaThread "DiscoveryClient-0" daemon [_thread_blocked, id=29187, stack(0x000070000e67a000,0x000070000e77a000)]
  0x00007fa2ab228800 JavaThread "http-nio-8080-BlockPoller" daemon [_thread_in_native, id=29955, stack(0x000070000e77d000,0x000070000e87d000)]
  0x00007fa2ab195000 JavaThread "http-nio-8080-ClientPoller" daemon [_thread_blocked, id=34051, stack(0x000070000e880000,0x000070000e980000)]
  0x00007fa2ab192800 JavaThread "http-nio-8080-Acceptor" daemon [_thread_in_native, id=33539, stack(0x000070000e983000,0x000070000ea83000)]
  0x00007fa2ab2ba000 JavaThread "http-nio-8081-ClientPoller" daemon [_thread_in_native, id=30723, stack(0x000070000ea86000,0x000070000eb86000)]
  0x00007fa2ad043800 JavaThread "http-nio-8081-Acceptor" daemon [_thread_in_native, id=32515, stack(0x000070000eb89000,0x000070000ec89000)]
  0x00007fa2ab191000 JavaThread "DestroyJavaVM" [_thread_blocked, id=8451, stack(0x000070000c517000,0x000070000c617000)]
  0x00007fa2ad8b9800 JavaThread "DiscoveryClient-CacheRefreshExecutor-0" daemon [_thread_blocked, id=31747, stack(0x000070000ec8c000,0x000070000ed8c000)]
  0x00007fa2a9ecf000 JavaThread "DiscoveryClient-1" daemon [_thread_blocked, id=43523, stack(0x000070000ed8f000,0x000070000ee8f000)]
  0x00007fa2acb80800 JavaThread "Attach Listener" daemon [_thread_blocked, id=86787, stack(0x000070000ee92000,0x000070000ef92000)]
  0x00007fa2ab012800 JavaThread "RMI TCP Accept-0" daemon [_thread_in_native, id=44035, stack(0x000070000ef95000,0x000070000f095000)]
  0x00007fa2a985c000 JavaThread "RMI TCP Connection(3)-192.168.86.48" daemon [_thread_in_native, id=85507, stack(0x000070000f098000,0x000070000f198000)]
  0x00007fa2acb83800 JavaThread "RMI Scheduler(0)" daemon [_thread_blocked, id=84739, stack(0x000070000f19b000,0x000070000f29b000)]
  0x00007fa2a984c000 JavaThread "JMX server connection timeout 39" daemon [_thread_blocked, id=84227, stack(0x000070000f29e000,0x000070000f39e000)]
  0x00007fa2ad196800 JavaThread "RMI TCP Connection(2)-192.168.86.48" daemon [_thread_in_native, id=83715, stack(0x000070000f3a1000,0x000070000f4a1000)]
  0x00007fa2ada83800 JavaThread "AsyncResolver-bootstrap-executor-0" daemon [_thread_blocked, id=82947, stack(0x000070000f4a4000,0x000070000f5a4000)]
  0x00007fa2ada85000 JavaThread "pool-2-thread-1" [_thread_blocked, id=82435, stack(0x000070000f5a7000,0x000070000f6a7000)]
  0x00007fa2ad338000 JavaThread "HttpClient-1-Worker-0" daemon [_thread_blocked, id=81411, stack(0x000070000f8b0000,0x000070000f9b0000)]
  0x00007fa2ac968800 JavaThread "HttpClient-1-Worker-1" daemon [_thread_blocked, id=80643, stack(0x000070000f9b3000,0x000070000fab3000)]
  0x00007fa2ab018800 JavaThread "HttpClient-1-Worker-2" daemon [_thread_blocked, id=80131, stack(0x000070000fab6000,0x000070000fbb6000)]
  0x00007fa2acb82800 JavaThread "pool-2-thread-2" [_thread_blocked, id=45831, stack(0x000070000f7ad000,0x000070000f8ad000)]
  0x00007fa2af002800 JavaThread "pool-2-thread-3" [_thread_blocked, id=79619, stack(0x000070000fbb9000,0x000070000fcb9000)]
  0x00007fa2accbc000 JavaThread "pool-2-thread-4" [_thread_blocked, id=45067, stack(0x000070000f6aa000,0x000070000f7aa000)]
  0x00007fa2aa841800 JavaThread "HttpClient-1-Worker-3" daemon [_thread_blocked, id=79107, stack(0x000070000fec2000,0x000070000ffc2000)]
  0x00007fa2ae828000 JavaThread "HttpClient-1-Worker-4" daemon [_thread_blocked, id=78083, stack(0x00007000100c8000,0x00007000101c8000)]
  0x00007fa2aa83d000 JavaThread "HttpClient-1-Worker-5" daemon [_thread_blocked, id=48899, stack(0x00007000101cb000,0x00007000102cb000)]
  0x00007fa2adc89000 JavaThread "HttpClient-1-Worker-6" daemon [_thread_blocked, id=77315, stack(0x00007000102ce000,0x00007000103ce000)]
  0x00007fa2aa979000 JavaThread "HttpClient-1-Worker-7" daemon [_thread_blocked, id=49923, stack(0x00007000103d1000,0x00007000104d1000)]

Other Threads:
  0x00007fa2aa804800 VMThread "VM Thread" [stack: 0x000070000cb29000,0x000070000cc29000] [id=17667]
  0x00007fa2ac87a800 WatcherThread [stack: 0x000070000d341000,0x000070000d441000] [id=41219]
  0x00007fa2ac80a800 GCTaskThread "GC Thread#0" [stack: 0x000070000c61a000,0x000070000c71a000] [id=19971]
  0x00007fa2ac956000 GCTaskThread "GC Thread#1" [stack: 0x000070000d64a000,0x000070000d74a000] [id=24835]
  0x00007fa2ab011000 GCTaskThread "GC Thread#2" [stack: 0x000070000d74d000,0x000070000d84d000] [id=39939]
  0x00007fa2ab0c3800 GCTaskThread "GC Thread#3" [stack: 0x000070000d850000,0x000070000d950000] [id=39427]
  0x00007fa2ac00f000 GCTaskThread "GC Thread#4" [stack: 0x000070000d953000,0x000070000da53000] [id=38915]
=>0x00007fa2aca30800 GCTaskThread "GC Thread#5" [stack: 0x000070000da56000,0x000070000db56000] [id=38659]
  0x00007fa2a99fc800 GCTaskThread "GC Thread#6" [stack: 0x000070000e16b000,0x000070000e26b000] [id=36611]
  0x00007fa2a99e6000 GCTaskThread "GC Thread#7" [stack: 0x000070000e26e000,0x000070000e36e000] [id=28163]
  0x00007fa2accc1000 GCTaskThread "GC Thread#8" [stack: 0x000070000fcbc000,0x000070000fdbc000] [id=47107]
  0x00007fa2ab103000 GCTaskThread "GC Thread#9" [stack: 0x000070000fdbf000,0x000070000febf000] [id=47619]
  0x00007fa2ac81b800 ConcurrentGCThread "G1 Main Marker" [stack: 0x000070000c71d000,0x000070000c81d000] [id=11779]
  0x00007fa2ac81c000 ConcurrentGCThread "G1 Conc#0" [stack: 0x000070000c820000,0x000070000c920000] [id=12547]
  0x00007fa2aca46800 ConcurrentGCThread "G1 Conc#1" [stack: 0x000070000db59000,0x000070000dc59000] [id=25607]
  0x00007fa2af828800 ConcurrentGCThread "G1 Conc#2" [stack: 0x000070000dc5c000,0x000070000dd5c000] [id=26119]
  0x00007fa2ad880000 ConcurrentGCThread "G1 Refine#0" [stack: 0x000070000c923000,0x000070000ca23000] [id=18947]
  0x00007fa2ab000800 ConcurrentGCThread "G1 Young RemSet Sampling" [stack: 0x000070000ca26000,0x000070000cb26000] [id=13059]

Threads with active compile tasks:

VM state:at safepoint (normal execution)

VM Mutex/Monitor currently owned by a thread:  ([mutex/lock_event])
[0x00007fa2a9504f10] Threads_lock - owner thread: 0x00007fa2aa804800
[0x00007fa2a9506010] Heap_lock - owner thread: 0x00007fa2af002800

Heap address: 0x0000000700000000, size: 4096 MB, Compressed Oops mode: Zero based, Oop shift amount: 3
Narrow klass base: 0x0000000800000000, Narrow klass shift: 3
Compressed class space size: 1073741824 Address: 0x0000000800b47000

Heap:
 garbage-first heap   total 157696K, used 68851K [0x0000000700000000, 0x0000000800000000)
  region size 1024K, 7 young (7168K), 1 survivors (1024K)
 Metaspace       used 53409K, capacity 54843K, committed 55040K, reserved 1097728K
  class space    used 6258K, capacity 6788K, committed 6912K, reserved 1048576K
Heap Regions: E=young(eden), S=young(survivor), O=old, HS=humongous(starts), HC=humongous(continues), CS=collection set, F=free, A=archive, TAMS=top-at-mark-start (previous, next)
|   0|0x0000000700000000, 0x0000000700100000, 0x0000000700100000|100%| O|  |TAMS 0x0000000700100000, 0x0000000700000000| Untracked 
|   1|0x0000000700100000, 0x0000000700200000, 0x0000000700200000|100%| O|  |TAMS 0x0000000700200000, 0x0000000700100000| Complete 
|   2|0x0000000700200000, 0x00000007002f1200, 0x0000000700300000| 94%| O|  |TAMS 0x00000007002f1200, 0x0000000700200000| Untracked 
|   3|0x0000000700300000, 0x0000000700400000, 0x0000000700400000|100%| O|  |TAMS 0x0000000700400000, 0x0000000700300000| Untracked 
|   4|0x0000000700400000, 0x0000000700500000, 0x0000000700500000|100%| O|  |TAMS 0x0000000700500000, 0x0000000700400000| Untracked 
|   5|0x0000000700500000, 0x0000000700600000, 0x0000000700600000|100%| O|  |TAMS 0x0000000700600000, 0x0000000700500000| Untracked 
|   6|0x0000000700600000, 0x0000000700700000, 0x0000000700700000|100%| O|  |TAMS 0x0000000700700000, 0x0000000700600000| Untracked 
|   7|0x0000000700700000, 0x0000000700800000, 0x0000000700800000|100%| O|  |TAMS 0x0000000700800000, 0x0000000700700000| Untracked 
|   8|0x0000000700800000, 0x0000000700900000, 0x0000000700900000|100%| O|  |TAMS 0x0000000700900000, 0x0000000700800000| Untracked 
|   9|0x0000000700900000, 0x0000000700a00000, 0x0000000700a00000|100%| O|  |TAMS 0x0000000700a00000, 0x0000000700900000| Complete 
|  10|0x0000000700a00000, 0x0000000700b00000, 0x0000000700b00000|100%| O|  |TAMS 0x0000000700b00000, 0x0000000700a00000| Complete 
|  11|0x0000000700b00000, 0x0000000700c00000, 0x0000000700c00000|100%| O|  |TAMS 0x0000000700b00000, 0x0000000700b00000| Untracked 
|  12|0x0000000700c00000, 0x0000000700d00000, 0x0000000700d00000|100%| O|  |TAMS 0x0000000700d00000, 0x0000000700c00000| Untracked 
|  13|0x0000000700d00000, 0x0000000700e00000, 0x0000000700e00000|100%| O|  |TAMS 0x0000000700e00000, 0x0000000700d00000| Untracked 
|  14|0x0000000700e00000, 0x0000000700f00000, 0x0000000700f00000|100%| O|  |TAMS 0x0000000700f00000, 0x0000000700e00000| Untracked 
|  15|0x0000000700f00000, 0x0000000701000000, 0x0000000701000000|100%| O|  |TAMS 0x0000000701000000, 0x0000000700f00000| Untracked 
|  16|0x0000000701000000, 0x0000000701100000, 0x0000000701100000|100%| O|  |TAMS 0x0000000701100000, 0x0000000701000000| Untracked 
|  17|0x0000000701100000, 0x0000000701200000, 0x0000000701200000|100%| O|  |TAMS 0x0000000701200000, 0x0000000701100000| Complete 
|  18|0x0000000701200000, 0x0000000701300000, 0x0000000701300000|100%| O|  |TAMS 0x0000000701300000, 0x0000000701200000| Untracked 
|  19|0x0000000701300000, 0x0000000701400000, 0x0000000701400000|100%| O|CS|TAMS 0x0000000701400000, 0x0000000701300000| Complete 
|  20|0x0000000701400000, 0x0000000701500000, 0x0000000701500000|100%| O|  |TAMS 0x0000000701500000, 0x0000000701400000| Complete 
|  21|0x0000000701500000, 0x0000000701600000, 0x0000000701600000|100%| O|  |TAMS 0x0000000701600000, 0x0000000701500000| Untracked 
|  22|0x0000000701600000, 0x0000000701700000, 0x0000000701700000|100%| O|  |TAMS 0x0000000701600000, 0x0000000701600000| Untracked 
|  23|0x0000000701700000, 0x0000000701800000, 0x0000000701800000|100%| O|  |TAMS 0x0000000701800000, 0x0000000701700000| Untracked 
|  24|0x0000000701800000, 0x0000000701900000, 0x0000000701900000|100%| O|  |TAMS 0x0000000701900000, 0x0000000701800000| Untracked 
|  25|0x0000000701900000, 0x0000000701a00000, 0x0000000701a00000|100%| O|  |TAMS 0x0000000701a00000, 0x0000000701900000| Untracked 
|  26|0x0000000701a00000, 0x0000000701b00000, 0x0000000701b00000|100%| O|  |TAMS 0x0000000701b00000, 0x0000000701a00000| Untracked 
|  27|0x0000000701b00000, 0x0000000701c00000, 0x0000000701c00000|100%| O|  |TAMS 0x0000000701c00000, 0x0000000701b00000| Untracked 
|  28|0x0000000701c00000, 0x0000000701d00000, 0x0000000701d00000|100%| O|  |TAMS 0x0000000701d00000, 0x0000000701c00000| Complete 
|  29|0x0000000701d00000, 0x0000000701e00000, 0x0000000701e00000|100%| O|  |TAMS 0x0000000701e00000, 0x0000000701d00000| Untracked 
|  30|0x0000000701e00000, 0x0000000701f00000, 0x0000000701f00000|100%| O|  |TAMS 0x0000000701f00000, 0x0000000701e00000| Untracked 
|  31|0x0000000701f00000, 0x0000000702000000, 0x0000000702000000|100%| O|  |TAMS 0x0000000702000000, 0x0000000701f00000| Untracked 
|  32|0x0000000702000000, 0x0000000702100000, 0x0000000702100000|100%| O|  |TAMS 0x0000000702100000, 0x0000000702000000| Untracked 
|  33|0x0000000702100000, 0x0000000702200000, 0x0000000702200000|100%| O|  |TAMS 0x0000000702200000, 0x0000000702100000| Untracked 
|  34|0x0000000702200000, 0x0000000702300000, 0x0000000702300000|100%| O|  |TAMS 0x0000000702300000, 0x0000000702200000| Untracked 
|  35|0x0000000702300000, 0x0000000702400000, 0x0000000702400000|100%| O|  |TAMS 0x0000000702400000, 0x0000000702300000| Untracked 
|  36|0x0000000702400000, 0x0000000702500000, 0x0000000702500000|100%| O|  |TAMS 0x0000000702500000, 0x0000000702400000| Untracked 
|  37|0x0000000702500000, 0x0000000702600000, 0x0000000702600000|100%| O|CS|TAMS 0x0000000702600000, 0x0000000702500000| Complete 
|  38|0x0000000702600000, 0x0000000702700000, 0x0000000702700000|100%| O|  |TAMS 0x0000000702700000, 0x0000000702600000| Untracked 
|  39|0x0000000702700000, 0x0000000702800000, 0x0000000702800000|100%| O|CS|TAMS 0x0000000702800000, 0x0000000702700000| Complete 
|  40|0x0000000702800000, 0x0000000702900000, 0x0000000702900000|100%| O|  |TAMS 0x0000000702900000, 0x0000000702800000| Untracked 
|  41|0x0000000702900000, 0x0000000702a00000, 0x0000000702a00000|100%| O|  |TAMS 0x0000000702a00000, 0x0000000702900000| Untracked 
|  42|0x0000000702a00000, 0x0000000702b00000, 0x0000000702b00000|100%| O|  |TAMS 0x0000000702a00000, 0x0000000702a00000| Untracked 
|  43|0x0000000702b00000, 0x0000000702c00000, 0x0000000702c00000|100%| O|CS|TAMS 0x0000000702c00000, 0x0000000702b00000| Complete 
|  44|0x0000000702c00000, 0x0000000702d00000, 0x0000000702d00000|100%| O|CS|TAMS 0x0000000702d00000, 0x0000000702c00000| Complete 
|  45|0x0000000702d00000, 0x0000000702e00000, 0x0000000702e00000|100%| O|CS|TAMS 0x0000000702e00000, 0x0000000702d00000| Complete 
|  46|0x0000000702e00000, 0x0000000702f00000, 0x0000000702f00000|100%| O|CS|TAMS 0x0000000702f00000, 0x0000000702e00000| Complete 
|  47|0x0000000702f00000, 0x0000000703000000, 0x0000000703000000|100%| O|  |TAMS 0x0000000702f00000, 0x0000000702f00000| Untracked 
|  48|0x0000000703000000, 0x0000000703100000, 0x0000000703100000|100%| O|CS|TAMS 0x0000000703100000, 0x0000000703000000| Complete 
|  49|0x0000000703100000, 0x0000000703200000, 0x0000000703200000|100%| O|CS|TAMS 0x0000000703200000, 0x0000000703100000| Complete 
|  50|0x0000000703200000, 0x0000000703300000, 0x0000000703300000|100%| O|  |TAMS 0x0000000703200000, 0x0000000703200000| Untracked 
|  51|0x0000000703300000, 0x0000000703400000, 0x0000000703400000|100%| O|  |TAMS 0x0000000703300000, 0x0000000703300000| Untracked 
|  52|0x0000000703400000, 0x0000000703500000, 0x0000000703500000|100%| O|  |TAMS 0x0000000703400000, 0x0000000703400000| Untracked 
|  53|0x0000000703500000, 0x0000000703600000, 0x0000000703600000|100%| O|CS|TAMS 0x0000000703600000, 0x0000000703500000| Complete 
|  54|0x0000000703600000, 0x0000000703700000, 0x0000000703700000|100%| O|  |TAMS 0x0000000703600000, 0x0000000703600000| Untracked 
|  55|0x0000000703700000, 0x0000000703800000, 0x0000000703800000|100%| O|  |TAMS 0x0000000703700000, 0x0000000703700000| Untracked 
|  56|0x0000000703800000, 0x0000000703900000, 0x0000000703900000|100%| O|  |TAMS 0x0000000703900000, 0x0000000703800000| Complete 
|  57|0x0000000703900000, 0x0000000703a00000, 0x0000000703a00000|100%| O|CS|TAMS 0x0000000703a00000, 0x0000000703900000| Complete 
|  58|0x0000000703a00000, 0x0000000703b00000, 0x0000000703b00000|100%| O|  |TAMS 0x0000000703a00000, 0x0000000703a00000| Untracked 
|  59|0x0000000703b00000, 0x0000000703c00000, 0x0000000703c00000|100%| O|CS|TAMS 0x0000000703c00000, 0x0000000703b00000| Complete 
|  60|0x0000000703c00000, 0x0000000703d00000, 0x0000000703d00000|100%| O|  |TAMS 0x0000000703c00000, 0x0000000703c00000| Untracked 
|  61|0x0000000703d00000, 0x0000000703e00000, 0x0000000703e00000|100%| O|  |TAMS 0x0000000703d00000, 0x0000000703d00000| Untracked 
|  62|0x0000000703e00000, 0x0000000703e15820, 0x0000000703f00000|  8%| O|  |TAMS 0x0000000703e00000, 0x0000000703e00000| Untracked 
|  63|0x0000000703f00000, 0x0000000704000000, 0x0000000704000000|100%| O|CS|TAMS 0x0000000704000000, 0x0000000703f00000| Complete 
|  64|0x0000000704000000, 0x0000000704100000, 0x0000000704100000|100%| O|CS|TAMS 0x0000000704100000, 0x0000000704000000| Complete 
|  65|0x0000000704100000, 0x0000000704100000, 0x0000000704200000|  0%| F|  |TAMS 0x0000000704100000, 0x0000000704100000| Untracked 
|  66|0x0000000704200000, 0x0000000704200000, 0x0000000704300000|  0%| F|  |TAMS 0x0000000704200000, 0x0000000704200000| Untracked 
|  67|0x0000000704300000, 0x0000000704300000, 0x0000000704400000|  0%| F|  |TAMS 0x0000000704300000, 0x0000000704300000| Untracked 
|  68|0x0000000704400000, 0x0000000704400000, 0x0000000704500000|  0%| F|  |TAMS 0x0000000704400000, 0x0000000704400000| Untracked 
|  69|0x0000000704500000, 0x0000000704500000, 0x0000000704600000|  0%| F|  |TAMS 0x0000000704500000, 0x0000000704500000| Untracked 
|  70|0x0000000704600000, 0x0000000704600000, 0x0000000704700000|  0%| F|  |TAMS 0x0000000704600000, 0x0000000704600000| Untracked 
|  71|0x0000000704700000, 0x0000000704700000, 0x0000000704800000|  0%| F|  |TAMS 0x0000000704700000, 0x0000000704700000| Untracked 
|  72|0x0000000704800000, 0x0000000704800000, 0x0000000704900000|  0%| F|  |TAMS 0x0000000704800000, 0x0000000704800000| Untracked 
|  73|0x0000000704900000, 0x0000000704900000, 0x0000000704a00000|  0%| F|  |TAMS 0x0000000704900000, 0x0000000704900000| Untracked 
|  74|0x0000000704a00000, 0x0000000704a00000, 0x0000000704b00000|  0%| F|  |TAMS 0x0000000704a00000, 0x0000000704a00000| Untracked 
|  75|0x0000000704b00000, 0x0000000704b00000, 0x0000000704c00000|  0%| F|  |TAMS 0x0000000704b00000, 0x0000000704b00000| Untracked 
|  76|0x0000000704c00000, 0x0000000704c00000, 0x0000000704d00000|  0%| F|  |TAMS 0x0000000704c00000, 0x0000000704c00000| Untracked 
|  77|0x0000000704d00000, 0x0000000704d00000, 0x0000000704e00000|  0%| F|  |TAMS 0x0000000704d00000, 0x0000000704d00000| Untracked 
|  78|0x0000000704e00000, 0x0000000704e00000, 0x0000000704f00000|  0%| F|  |TAMS 0x0000000704e00000, 0x0000000704e00000| Untracked 
|  79|0x0000000704f00000, 0x0000000704f00000, 0x0000000705000000|  0%| F|  |TAMS 0x0000000704f00000, 0x0000000704f00000| Untracked 
|  80|0x0000000705000000, 0x0000000705000000, 0x0000000705100000|  0%| F|  |TAMS 0x0000000705000000, 0x0000000705000000| Untracked 
|  81|0x0000000705100000, 0x0000000705100000, 0x0000000705200000|  0%| F|  |TAMS 0x0000000705100000, 0x0000000705100000| Untracked 
|  82|0x0000000705200000, 0x0000000705200000, 0x0000000705300000|  0%| F|  |TAMS 0x0000000705200000, 0x0000000705200000| Untracked 
|  83|0x0000000705300000, 0x0000000705300000, 0x0000000705400000|  0%| F|  |TAMS 0x0000000705300000, 0x0000000705300000| Untracked 
|  84|0x0000000705400000, 0x0000000705500000, 0x0000000705500000|100%| O|CS|TAMS 0x0000000705500000, 0x0000000705400000| Complete 
|  85|0x0000000705500000, 0x0000000705600000, 0x0000000705600000|100%| O|CS|TAMS 0x0000000705600000, 0x0000000705500000| Complete 
|  86|0x0000000705600000, 0x0000000705700000, 0x0000000705700000|100%| O|  |TAMS 0x0000000705674200, 0x0000000705600000| Complete 
|  87|0x0000000705700000, 0x0000000705800000, 0x0000000705800000|100%| O|  |TAMS 0x0000000705700000, 0x0000000705700000| Untracked 
|  88|0x0000000705800000, 0x0000000705900000, 0x0000000705900000|100%| O|  |TAMS 0x0000000705800000, 0x0000000705800000| Untracked 
|  89|0x0000000705900000, 0x0000000705a00000, 0x0000000705a00000|100%| O|  |TAMS 0x0000000705900000, 0x0000000705900000| Untracked 
|  90|0x0000000705a00000, 0x0000000705a00000, 0x0000000705b00000|  0%| F|  |TAMS 0x0000000705a00000, 0x0000000705a00000| Untracked 
|  91|0x0000000705b00000, 0x0000000705b00000, 0x0000000705c00000|  0%| F|  |TAMS 0x0000000705b00000, 0x0000000705b00000| Untracked 
|  92|0x0000000705c00000, 0x0000000705c00000, 0x0000000705d00000|  0%| F|  |TAMS 0x0000000705c00000, 0x0000000705c00000| Untracked 
|  93|0x0000000705d00000, 0x0000000705d00000, 0x0000000705e00000|  0%| F|  |TAMS 0x0000000705d00000, 0x0000000705d00000| Untracked 
|  94|0x0000000705e00000, 0x0000000705e00000, 0x0000000705f00000|  0%| F|  |TAMS 0x0000000705e00000, 0x0000000705e00000| Untracked 
|  95|0x0000000705f00000, 0x0000000705f00000, 0x0000000706000000|  0%| F|  |TAMS 0x0000000705f00000, 0x0000000705f00000| Untracked 
|  96|0x0000000706000000, 0x0000000706000000, 0x0000000706100000|  0%| F|  |TAMS 0x0000000706000000, 0x0000000706000000| Untracked 
|  97|0x0000000706100000, 0x0000000706100000, 0x0000000706200000|  0%| F|  |TAMS 0x0000000706100000, 0x0000000706100000| Untracked 
|  98|0x0000000706200000, 0x0000000706200000, 0x0000000706300000|  0%| F|  |TAMS 0x0000000706200000, 0x0000000706200000| Untracked 
|  99|0x0000000706300000, 0x0000000706300000, 0x0000000706400000|  0%| F|  |TAMS 0x0000000706300000, 0x0000000706300000| Untracked 
| 100|0x0000000706400000, 0x0000000706400000, 0x0000000706500000|  0%| F|  |TAMS 0x0000000706400000, 0x0000000706400000| Untracked 
| 101|0x0000000706500000, 0x0000000706500000, 0x0000000706600000|  0%| F|  |TAMS 0x0000000706500000, 0x0000000706500000| Untracked 
| 102|0x0000000706600000, 0x0000000706600000, 0x0000000706700000|  0%| F|  |TAMS 0x0000000706600000, 0x0000000706600000| Untracked 
| 103|0x0000000706700000, 0x0000000706700000, 0x0000000706800000|  0%| F|  |TAMS 0x0000000706700000, 0x0000000706700000| Untracked 
| 104|0x0000000706800000, 0x0000000706800000, 0x0000000706900000|  0%| F|  |TAMS 0x0000000706800000, 0x0000000706800000| Untracked 
| 105|0x0000000706900000, 0x0000000706900000, 0x0000000706a00000|  0%| F|  |TAMS 0x0000000706900000, 0x0000000706900000| Untracked 
| 106|0x0000000706a00000, 0x0000000706a00000, 0x0000000706b00000|  0%| F|  |TAMS 0x0000000706a00000, 0x0000000706a00000| Untracked 
| 107|0x0000000706b00000, 0x0000000706b00000, 0x0000000706c00000|  0%| F|  |TAMS 0x0000000706b00000, 0x0000000706b00000| Untracked 
| 108|0x0000000706c00000, 0x0000000706c00000, 0x0000000706d00000|  0%| F|  |TAMS 0x0000000706c00000, 0x0000000706c00000| Untracked 
| 109|0x0000000706d00000, 0x0000000706d00000, 0x0000000706e00000|  0%| F|  |TAMS 0x0000000706d00000, 0x0000000706d00000| Untracked 
| 110|0x0000000706e00000, 0x0000000706e00000, 0x0000000706f00000|  0%| F|  |TAMS 0x0000000706e00000, 0x0000000706e00000| Untracked 
| 111|0x0000000706f00000, 0x0000000706f00000, 0x0000000707000000|  0%| F|  |TAMS 0x0000000706f00000, 0x0000000706f00000| Untracked 
| 112|0x0000000707000000, 0x0000000707000000, 0x0000000707100000|  0%| F|  |TAMS 0x0000000707000000, 0x0000000707000000| Untracked 
| 113|0x0000000707100000, 0x0000000707100000, 0x0000000707200000|  0%| F|  |TAMS 0x0000000707100000, 0x0000000707100000| Untracked 
| 114|0x0000000707200000, 0x0000000707200000, 0x0000000707300000|  0%| F|  |TAMS 0x0000000707200000, 0x0000000707200000| Untracked 
| 115|0x0000000707300000, 0x0000000707300000, 0x0000000707400000|  0%| F|  |TAMS 0x0000000707300000, 0x0000000707300000| Untracked 
| 116|0x0000000707400000, 0x0000000707400000, 0x0000000707500000|  0%| F|  |TAMS 0x0000000707400000, 0x0000000707400000| Untracked 
| 117|0x0000000707500000, 0x0000000707500000, 0x0000000707600000|  0%| F|  |TAMS 0x0000000707500000, 0x0000000707500000| Untracked 
| 118|0x0000000707600000, 0x0000000707600000, 0x0000000707700000|  0%| F|  |TAMS 0x0000000707600000, 0x0000000707600000| Untracked 
| 119|0x0000000707700000, 0x0000000707700000, 0x0000000707800000|  0%| F|  |TAMS 0x0000000707700000, 0x0000000707700000| Untracked 
| 120|0x0000000707800000, 0x0000000707800000, 0x0000000707900000|  0%| F|  |TAMS 0x0000000707800000, 0x0000000707800000| Untracked 
| 121|0x0000000707900000, 0x0000000707900000, 0x0000000707a00000|  0%| F|  |TAMS 0x0000000707900000, 0x0000000707900000| Untracked 
| 122|0x0000000707a00000, 0x0000000707a00000, 0x0000000707b00000|  0%| F|  |TAMS 0x0000000707a00000, 0x0000000707a00000| Untracked 
| 123|0x0000000707b00000, 0x0000000707b00000, 0x0000000707c00000|  0%| F|  |TAMS 0x0000000707b00000, 0x0000000707b00000| Untracked 
| 124|0x0000000707c00000, 0x0000000707c00000, 0x0000000707d00000|  0%| F|  |TAMS 0x0000000707c00000, 0x0000000707c00000| Untracked 
| 125|0x0000000707d00000, 0x0000000707d00000, 0x0000000707e00000|  0%| F|  |TAMS 0x0000000707d00000, 0x0000000707d00000| Untracked 
| 126|0x0000000707e00000, 0x0000000707e00000, 0x0000000707f00000|  0%| F|  |TAMS 0x0000000707e00000, 0x0000000707e00000| Untracked 
| 127|0x0000000707f00000, 0x0000000707f00000, 0x0000000708000000|  0%| F|  |TAMS 0x0000000707f00000, 0x0000000707f00000| Untracked 
| 128|0x0000000708000000, 0x0000000708000000, 0x0000000708100000|  0%| F|  |TAMS 0x0000000708000000, 0x0000000708000000| Untracked 
| 129|0x0000000708100000, 0x0000000708100000, 0x0000000708200000|  0%| F|  |TAMS 0x0000000708100000, 0x0000000708100000| Untracked 
| 130|0x0000000708200000, 0x0000000708200000, 0x0000000708300000|  0%| F|  |TAMS 0x0000000708200000, 0x0000000708200000| Untracked 
| 131|0x0000000708300000, 0x0000000708300000, 0x0000000708400000|  0%| F|  |TAMS 0x0000000708300000, 0x0000000708300000| Untracked 
| 132|0x0000000708400000, 0x0000000708400000, 0x0000000708500000|  0%| F|  |TAMS 0x0000000708400000, 0x0000000708400000| Untracked 
| 133|0x0000000708500000, 0x0000000708500000, 0x0000000708600000|  0%| F|  |TAMS 0x0000000708500000, 0x0000000708500000| Untracked 
| 134|0x0000000708600000, 0x0000000708600000, 0x0000000708700000|  0%| F|  |TAMS 0x0000000708600000, 0x0000000708600000| Untracked 
| 135|0x0000000708700000, 0x0000000708700000, 0x0000000708800000|  0%| F|  |TAMS 0x0000000708700000, 0x0000000708700000| Untracked 
| 136|0x0000000708800000, 0x0000000708800000, 0x0000000708900000|  0%| F|  |TAMS 0x0000000708800000, 0x0000000708800000| Untracked 
| 137|0x0000000708900000, 0x0000000708900000, 0x0000000708a00000|  0%| F|  |TAMS 0x0000000708900000, 0x0000000708900000| Untracked 
| 138|0x0000000708a00000, 0x0000000708a00000, 0x0000000708b00000|  0%| F|  |TAMS 0x0000000708a00000, 0x0000000708a00000| Untracked 
| 139|0x0000000708b00000, 0x0000000708b00000, 0x0000000708c00000|  0%| F|  |TAMS 0x0000000708b00000, 0x0000000708b00000| Untracked 
| 140|0x0000000708c00000, 0x0000000708c00000, 0x0000000708d00000|  0%| F|  |TAMS 0x0000000708c00000, 0x0000000708c00000| Untracked 
| 141|0x0000000708d00000, 0x0000000708d00000, 0x0000000708e00000|  0%| F|  |TAMS 0x0000000708d00000, 0x0000000708d00000| Untracked 
| 142|0x0000000708e00000, 0x0000000708e00000, 0x0000000708f00000|  0%| F|  |TAMS 0x0000000708e00000, 0x0000000708e00000| Untracked 
| 143|0x0000000708f00000, 0x0000000708f00000, 0x0000000709000000|  0%| F|  |TAMS 0x0000000708f00000, 0x0000000708f00000| Untracked 
| 144|0x0000000709000000, 0x0000000709100000, 0x0000000709100000|100%| S|  |TAMS 0x0000000709000000, 0x0000000709000000| Complete 
| 145|0x0000000709100000, 0x0000000709200000, 0x0000000709200000|100%| E|CS|TAMS 0x0000000709100000, 0x0000000709100000| Complete 
| 146|0x0000000709200000, 0x0000000709300000, 0x0000000709300000|100%| E|CS|TAMS 0x0000000709200000, 0x0000000709200000| Complete 
| 147|0x0000000709300000, 0x0000000709400000, 0x0000000709400000|100%| E|CS|TAMS 0x0000000709300000, 0x0000000709300000| Complete 
| 148|0x0000000709400000, 0x0000000709500000, 0x0000000709500000|100%| E|CS|TAMS 0x0000000709400000, 0x0000000709400000| Complete 
| 149|0x0000000709500000, 0x0000000709600000, 0x0000000709600000|100%| E|CS|TAMS 0x0000000709500000, 0x0000000709500000| Complete 
| 150|0x0000000709600000, 0x0000000709700000, 0x0000000709700000|100%| E|CS|TAMS 0x0000000709600000, 0x0000000709600000| Complete 
| 255|0x000000070ff00000, 0x0000000710000000, 0x0000000710000000|100%| E|CS|TAMS 0x000000070ff00000, 0x000000070ff00000| Complete 
|3070|0x00000007bfe00000, 0x00000007bfe49000, 0x00000007bff00000| 28%|OA|  |TAMS 0x00000007bfe49000, 0x00000007bfe00000| Untracked 
|3071|0x00000007bff00000, 0x00000007bff79000, 0x00000007c0000000| 47%|CA|  |TAMS 0x00000007bff79000, 0x00000007bff00000| Untracked 

Card table byte_map: [0x000000011f008000,0x000000011f808000] _byte_map_base: 0x000000011b808000

Marking Bits (Prev, Next): (CMBitMap*) 0x00007fa2ac80ae58, (CMBitMap*) 0x00007fa2ac80ae18
 Prev Bits: [0x0000000124008000, 0x0000000128008000)
 Next Bits: [0x0000000120008000, 0x0000000124008000)

Polling page: 0x0000000105200000

Metaspace:

Usage:
  Non-class:     46.93 MB capacity,    46.05 MB ( 98%) used,   725.08 KB (  2%) free+waste,   178.75 KB ( <1%) overhead. 
      Class:      6.63 MB capacity,     6.11 MB ( 92%) used,   452.00 KB (  7%) free+waste,    77.88 KB (  1%) overhead. 
       Both:     53.56 MB capacity,    52.16 MB ( 97%) used,     1.15 MB (  2%) free+waste,   256.62 KB ( <1%) overhead. 

Virtual space:
  Non-class space:       48.00 MB reserved,      47.00 MB ( 98%) committed 
      Class space:        1.00 GB reserved,       6.75 MB ( <1%) committed 
             Both:        1.05 GB reserved,      53.75 MB (  5%) committed 

Chunk freelists:
   Non-Class:  17.00 KB
       Class:  0 bytes
        Both:  17.00 KB

MaxMetaspaceSize: unlimited
CompressedClassSpaceSize: 1.00 GB

CodeHeap 'non-profiled nmethods': size=120032Kb used=5485Kb max_used=5485Kb free=114546Kb
 bounds [0x0000000116ad0000, 0x0000000117030000, 0x000000011e008000]
CodeHeap 'profiled nmethods': size=120028Kb used=16215Kb max_used=20968Kb free=103812Kb
 bounds [0x000000010f599000, 0x0000000110a69000, 0x0000000116ad0000]
CodeHeap 'non-nmethods': size=5700Kb used=1406Kb max_used=1447Kb free=4293Kb
 bounds [0x000000010f008000, 0x000000010f278000, 0x000000010f599000]
 total_blobs=14496 nmethods=7764 adapters=472
 compilation: enabled
              stopped_count=0, restarted_count=0
 full_count=0

Compilation events (20 events):
Event: 455.909 Thread 0x00007fa2aa802800 10046       4       java.util.TreeMap::deleteEntry (246 bytes)
Event: 455.920 Thread 0x00007fa2aa802800 nmethod 10046 0x0000000116e2cd10 code [0x0000000116e2cec0, 0x0000000116e2d8d8]
Event: 455.921 Thread 0x00007fa2aa802800 10047       4       java.util.concurrent.ConcurrentLinkedDeque::skipDeletedSuccessors (87 bytes)
Event: 455.923 Thread 0x00007fa2aa802800 nmethod 10047 0x0000000116dba610 code [0x0000000116dba7c0, 0x0000000116dbaa58]
Event: 455.923 Thread 0x00007fa2aa802800 10048       4       java.util.concurrent.ConcurrentLinkedDeque::updateHead (71 bytes)
Event: 455.924 Thread 0x00007fa2aa802800 nmethod 10048 0x0000000116e2c910 code [0x0000000116e2caa0, 0x0000000116e2cb78]
Event: 455.924 Thread 0x00007fa2aa802800 10049       4       java.util.concurrent.ConcurrentLinkedDeque::updateTail (71 bytes)
Event: 455.925 Thread 0x00007fa2aa802800 nmethod 10049 0x0000000116ea6d90 code [0x0000000116ea6f20, 0x0000000116ea6ff8]
Event: 455.951 Thread 0x00007fa2ab00b800 10050       3       java.util.concurrent.locks.AbstractQueuedSynchronizer::enq (37 bytes)
Event: 455.955 Thread 0x00007fa2ab00b800 nmethod 10050 0x000000010f734110 code [0x000000010f734540, 0x000000010f736448]
Event: 456.017 Thread 0x00007fa2aa802800 10051       4       java.lang.Double::toString (8 bytes)
Event: 456.025 Thread 0x00007fa2aa802800 nmethod 10051 0x0000000116dd4f10 code [0x0000000116dd5120, 0x0000000116dd5a40]
Event: 456.069 Thread 0x00007fa2aa802800 10052       4       jdk.internal.math.FloatingDecimal$BinaryToASCIIBuffer::getChars (502 bytes)
Event: 456.081 Thread 0x00007fa2aa802800 nmethod 10052 0x0000000116e18f10 code [0x0000000116e19100, 0x0000000116e19808]
Event: 456.139 Thread 0x00007fa2aa802800 10053       4       jdk.internal.math.FloatingDecimal$1::initialValue (5 bytes)
Event: 456.142 Thread 0x00007fa2aa802800 nmethod 10053 0x0000000116dd4610 code [0x0000000116dd47c0, 0x0000000116dd4b98]
Event: 456.155 Thread 0x00007fa2aa802800 10054       4       org.apache.tomcat.util.buf.ByteChunk::startsWithIgnoreCase (83 bytes)
Event: 456.157 Thread 0x00007fa2aa802800 nmethod 10054 0x0000000116e18910 code [0x0000000116e18ac0, 0x0000000116e18ce8]
Event: 456.338 Thread 0x00007fa2aa802800 10055       4       java.util.Collection::removeIf (51 bytes)
Event: 456.345 Thread 0x00007fa2aa802800 nmethod 10055 0x0000000116f5d010 code [0x0000000116f5d220, 0x0000000116f5d6c0]

GC Heap History (20 events):
Event: 454.583 GC heap after
{Heap after GC invocations=57 (full 0):
 garbage-first heap   total 104448K, used 85367K [0x0000000700000000, 0x0000000800000000)
  region size 1024K, 1 young (1024K), 1 survivors (1024K)
 Metaspace       used 53408K, capacity 54843K, committed 55040K, reserved 1097728K
  class space    used 6257K, capacity 6788K, committed 6912K, reserved 1048576K
}
Event: 454.755 GC heap before
{Heap before GC invocations=57 (full 0):
 garbage-first heap   total 104448K, used 89463K [0x0000000700000000, 0x0000000800000000)
  region size 1024K, 5 young (5120K), 1 survivors (1024K)
 Metaspace       used 53408K, capacity 54843K, committed 55040K, reserved 1097728K
  class space    used 6257K, capacity 6788K, committed 6912K, reserved 1048576K
}
Event: 454.757 GC heap after
{Heap after GC invocations=58 (full 0):
 garbage-first heap   total 104448K, used 86406K [0x0000000700000000, 0x0000000800000000)
  region size 1024K, 1 young (1024K), 1 survivors (1024K)
 Metaspace       used 53408K, capacity 54843K, committed 55040K, reserved 1097728K
  class space    used 6257K, capacity 6788K, committed 6912K, reserved 1048576K
}
Event: 454.917 GC heap before
{Heap before GC invocations=58 (full 0):
 garbage-first heap   total 104448K, used 89478K [0x0000000700000000, 0x0000000800000000)
  region size 1024K, 5 young (5120K), 1 survivors (1024K)
 Metaspace       used 53408K, capacity 54843K, committed 55040K, reserved 1097728K
  class space    used 6257K, capacity 6788K, committed 6912K, reserved 1048576K
}
Event: 454.919 GC heap after
{Heap after GC invocations=59 (full 0):
 garbage-first heap   total 104448K, used 87467K [0x0000000700000000, 0x0000000800000000)
  region size 1024K, 1 young (1024K), 1 survivors (1024K)
 Metaspace       used 53408K, capacity 54843K, committed 55040K, reserved 1097728K
  class space    used 6257K, capacity 6788K, committed 6912K, reserved 1048576K
}
Event: 455.045 GC heap before
{Heap before GC invocations=59 (full 0):
 garbage-first heap   total 104448K, used 91563K [0x0000000700000000, 0x0000000800000000)
  region size 1024K, 5 young (5120K), 1 survivors (1024K)
 Metaspace       used 53408K, capacity 54843K, committed 55040K, reserved 1097728K
  class space    used 6258K, capacity 6788K, committed 6912K, reserved 1048576K
}
Event: 455.047 GC heap after
{Heap after GC invocations=60 (full 0):
 garbage-first heap   total 104448K, used 88280K [0x0000000700000000, 0x0000000800000000)
  region size 1024K, 1 young (1024K), 1 survivors (1024K)
 Metaspace       used 53408K, capacity 54843K, committed 55040K, reserved 1097728K
  class space    used 6258K, capacity 6788K, committed 6912K, reserved 1048576K
}
Event: 455.213 GC heap before
{Heap before GC invocations=60 (full 0):
 garbage-first heap   total 104448K, used 91352K [0x0000000700000000, 0x0000000800000000)
  region size 1024K, 5 young (5120K), 1 survivors (1024K)
 Metaspace       used 53408K, capacity 54843K, committed 55040K, reserved 1097728K
  class space    used 6258K, capacity 6788K, committed 6912K, reserved 1048576K
}
Event: 455.215 GC heap after
{Heap after GC invocations=61 (full 0):
 garbage-first heap   total 104448K, used 89258K [0x0000000700000000, 0x0000000800000000)
  region size 1024K, 1 young (1024K), 1 survivors (1024K)
 Metaspace       used 53408K, capacity 54843K, committed 55040K, reserved 1097728K
  class space    used 6258K, capacity 6788K, committed 6912K, reserved 1048576K
}
Event: 455.376 GC heap before
{Heap before GC invocations=61 (full 0):
 garbage-first heap   total 104448K, used 92330K [0x0000000700000000, 0x0000000800000000)
  region size 1024K, 5 young (5120K), 1 survivors (1024K)
 Metaspace       used 53408K, capacity 54843K, committed 55040K, reserved 1097728K
  class space    used 6258K, capacity 6788K, committed 6912K, reserved 1048576K
}
Event: 455.377 GC heap after
{Heap after GC invocations=62 (full 0):
 garbage-first heap   total 104448K, used 90269K [0x0000000700000000, 0x0000000800000000)
  region size 1024K, 1 young (1024K), 1 survivors (1024K)
 Metaspace       used 53408K, capacity 54843K, committed 55040K, reserved 1097728K
  class space    used 6258K, capacity 6788K, committed 6912K, reserved 1048576K
}
Event: 455.531 GC heap before
{Heap before GC invocations=62 (full 0):
 garbage-first heap   total 104448K, used 94365K [0x0000000700000000, 0x0000000800000000)
  region size 1024K, 5 young (5120K), 1 survivors (1024K)
 Metaspace       used 53409K, capacity 54843K, committed 55040K, reserved 1097728K
  class space    used 6258K, capacity 6788K, committed 6912K, reserved 1048576K
}
Event: 455.533 GC heap after
{Heap after GC invocations=63 (full 0):
 garbage-first heap   total 104448K, used 91147K [0x0000000700000000, 0x0000000800000000)
  region size 1024K, 1 young (1024K), 1 survivors (1024K)
 Metaspace       used 53409K, capacity 54843K, committed 55040K, reserved 1097728K
  class space    used 6258K, capacity 6788K, committed 6912K, reserved 1048576K
}
Event: 455.701 GC heap before
{Heap before GC invocations=64 (full 0):
 garbage-first heap   total 157696K, used 95243K [0x0000000700000000, 0x0000000800000000)
  region size 1024K, 5 young (5120K), 1 survivors (1024K)
 Metaspace       used 53409K, capacity 54843K, committed 55040K, reserved 1097728K
  class space    used 6258K, capacity 6788K, committed 6912K, reserved 1048576K
}
Event: 455.703 GC heap after
{Heap after GC invocations=65 (full 0):
 garbage-first heap   total 157696K, used 91990K [0x0000000700000000, 0x0000000800000000)
  region size 1024K, 1 young (1024K), 1 survivors (1024K)
 Metaspace       used 53409K, capacity 54843K, committed 55040K, reserved 1097728K
  class space    used 6258K, capacity 6788K, committed 6912K, reserved 1048576K
}
Event: 455.951 GC heap before
{Heap before GC invocations=65 (full 0):
 garbage-first heap   total 157696K, used 98134K [0x0000000700000000, 0x0000000800000000)
  region size 1024K, 7 young (7168K), 1 survivors (1024K)
 Metaspace       used 53409K, capacity 54843K, committed 55040K, reserved 1097728K
  class space    used 6258K, capacity 6788K, committed 6912K, reserved 1048576K
}
Event: 455.953 GC heap after
{Heap after GC invocations=66 (full 0):
 garbage-first heap   total 157696K, used 76967K [0x0000000700000000, 0x0000000800000000)
  region size 1024K, 1 young (1024K), 1 survivors (1024K)
 Metaspace       used 53409K, capacity 54843K, committed 55040K, reserved 1097728K
  class space    used 6258K, capacity 6788K, committed 6912K, reserved 1048576K
}
Event: 456.198 GC heap before
{Heap before GC invocations=66 (full 0):
 garbage-first heap   total 157696K, used 83111K [0x0000000700000000, 0x0000000800000000)
  region size 1024K, 7 young (7168K), 1 survivors (1024K)
 Metaspace       used 53409K, capacity 54843K, committed 55040K, reserved 1097728K
  class space    used 6258K, capacity 6788K, committed 6912K, reserved 1048576K
}
Event: 456.201 GC heap after
{Heap after GC invocations=67 (full 0):
 garbage-first heap   total 157696K, used 62707K [0x0000000700000000, 0x0000000800000000)
  region size 1024K, 1 young (1024K), 1 survivors (1024K)
 Metaspace       used 53409K, capacity 54843K, committed 55040K, reserved 1097728K
  class space    used 6258K, capacity 6788K, committed 6912K, reserved 1048576K
}
Event: 456.455 GC heap before
{Heap before GC invocations=67 (full 0):
 garbage-first heap   total 157696K, used 67827K [0x0000000700000000, 0x0000000800000000)
  region size 1024K, 7 young (7168K), 1 survivors (1024K)
 Metaspace       used 53409K, capacity 54843K, committed 55040K, reserved 1097728K
  class space    used 6258K, capacity 6788K, committed 6912K, reserved 1048576K
}

Deoptimization events (20 events):
Event: 454.792 Thread 0x00007fa2a99e5000 Uncommon trap: trap_request=0xffffff45 fr.pc=0x0000000116f74bac relative=0x00000000000002ac
Event: 454.792 Thread 0x00007fa2a99e5000 Uncommon trap: reason=unstable_if action=reinterpret pc=0x0000000116f74bac method=jdk.internal.net.http.SocketTube.readAvailable(Ljdk/internal/net/http/SocketTube$BufferSource;)Ljava/util/List; @ 61 c2
Event: 454.792 Thread 0x00007fa2a99e5000 DEOPT PACKING pc=0x0000000116f74bac sp=0x000070000e4705c0
Event: 454.792 Thread 0x00007fa2a99e5000 DEOPT UNPACKING pc=0x000000010f05c83b sp=0x000070000e470578 mode 2
Event: 454.793 Thread 0x00007fa2adc89000 Uncommon trap: trap_request=0xffffff45 fr.pc=0x0000000116f5cdd4 relative=0x0000000000000b54
Event: 454.793 Thread 0x00007fa2adc89000 Uncommon trap: reason=unstable_if action=reinterpret pc=0x0000000116f5cdd4 method=jdk.internal.net.http.common.Utils.sliceWithLimitedCapacity(Ljava/nio/ByteBuffer;I)Ljava/nio/ByteBuffer; @ 14 c2
Event: 454.793 Thread 0x00007fa2adc89000 DEOPT PACKING pc=0x0000000116f5cdd4 sp=0x00007000103cd6a0
Event: 454.793 Thread 0x00007fa2adc89000 DEOPT UNPACKING pc=0x000000010f05c83b sp=0x00007000103cd5d0 mode 2
Event: 454.793 Thread 0x00007fa2adc89000 Uncommon trap: trap_request=0xffffff45 fr.pc=0x0000000116ea6fc8 relative=0x0000000000000088
Event: 454.793 Thread 0x00007fa2adc89000 Uncommon trap: reason=unstable_if action=reinterpret pc=0x0000000116ea6fc8 method=java.util.concurrent.ConcurrentLinkedDeque.unlink(Ljava/util/concurrent/ConcurrentLinkedDeque$Node;)V @ 24 c2
Event: 454.793 Thread 0x00007fa2adc89000 DEOPT PACKING pc=0x0000000116ea6fc8 sp=0x00007000103cd7d0
Event: 454.793 Thread 0x00007fa2adc89000 DEOPT UNPACKING pc=0x000000010f05c83b sp=0x00007000103cd748 mode 2
Event: 454.793 Thread 0x00007fa2adc89000 Uncommon trap: trap_request=0xffffff45 fr.pc=0x0000000116e18aa0 relative=0x0000000000000740
Event: 454.793 Thread 0x00007fa2adc89000 Uncommon trap: reason=unstable_if action=reinterpret pc=0x0000000116e18aa0 method=jdk.internal.net.http.Http1AsyncReceiver.flush()V @ 275 c2
Event: 454.793 Thread 0x00007fa2adc89000 DEOPT PACKING pc=0x0000000116e18aa0 sp=0x00007000103cd850
Event: 454.793 Thread 0x00007fa2adc89000 DEOPT UNPACKING pc=0x000000010f05c83b sp=0x00007000103cd7f8 mode 2
Event: 455.773 Thread 0x00007fa2acb82800 Uncommon trap: trap_request=0xffffff45 fr.pc=0x0000000116ed6f18 relative=0x00000000000001d8
Event: 455.773 Thread 0x00007fa2acb82800 Uncommon trap: reason=unstable_if action=reinterpret pc=0x0000000116ed6f18 method=java.util.concurrent.locks.AbstractQueuedSynchronizer.enq(Ljava/util/concurrent/locks/AbstractQueuedSynchronizer$Node;)Ljava/util/concurrent/locks/AbstractQueuedSynchronizer
Event: 455.773 Thread 0x00007fa2acb82800 DEOPT PACKING pc=0x0000000116ed6f18 sp=0x000070000f8ac500
Event: 455.773 Thread 0x00007fa2acb82800 DEOPT UNPACKING pc=0x000000010f05c83b sp=0x000070000f8ac4b8 mode 2

Classes unloaded (1 events):
Event: 5.038 Thread 0x00007fa2aa804800 Unloading class 0x0000000800bf7040 'org/springframework/core/GenericTypeResolver$$Lambda$48'

Classes redefined (0 events):
No events

Internal exceptions (20 events):
Event: 6.864 Thread 0x00007fa2ad004800 Exception <a 'java/lang/NoSuchMethodError'{0x0000000702ddec98}: 'void java.lang.invoke.DirectMethodHandle$Holder.invokeSpecial(java.lang.Object, java.lang.Object)'> (0x0000000702ddec98) 
thrown [/Users/jigga/projects/openjdk/loom/src/hotspot/share/interpreter/linkResolver.cpp, line 767]
Event: 6.865 Thread 0x00007fa2ad004800 Exception <a 'java/lang/NoSuchMethodError'{0x0000000702de42a0}: 'java.lang.Object java.lang.invoke.DirectMethodHandle$Holder.newInvokeSpecial(java.lang.Object, int)'> (0x0000000702de42a0) 
thrown [/Users/jigga/projects/openjdk/loom/src/hotspot/share/interpreter/linkResolver.cpp, line 767]
Event: 180.307 Thread 0x00007fa2acb80800 Exception <a 'java/lang/ClassNotFoundException'{0x00000007064e7ad0}: javax/management/remote/rmi/RMIServerImpl_Skel> (0x00000007064e7ad0) 
thrown [/Users/jigga/projects/openjdk/loom/src/hotspot/share/classfile/systemDictionary.cpp, line 232]
Event: 180.331 Thread 0x00007fa2a985c000 Exception <a 'java/lang/NoSuchMethodError'{0x0000000706382b18}: static [B.<clinit>()V> (0x0000000706382b18) 
thrown [/Users/jigga/projects/openjdk/loom/src/hotspot/share/prims/jni.cpp, line 1347]
Event: 180.335 Thread 0x00007fa2a985c000 Exception <a 'java/lang/ClassNotFoundException'{0x000000070638b1a8}: javax/management/remote/rmi/RMIConnectionImpl_Skel> (0x000000070638b1a8) 
thrown [/Users/jigga/projects/openjdk/loom/src/hotspot/share/classfile/systemDictionary.cpp, line 232]
Event: 180.336 Thread 0x00007fa2a984c000 Exception <a 'java/lang/NoSuchMethodError'{0x00000007063caf90}: 'java.lang.Object java.lang.invoke.Invokers$Holder.linkToTargetMethod(java.lang.Object, long, java.lang.Object)'> (0x00000007063caf90) 
thrown [/Users/jigga/projects/openjdk/loom/src/hotspot/share/interpreter/linkResolver.cpp, line 767]
Event: 180.357 Thread 0x00007fa2a985c000 Exception <a 'java/lang/NoSuchMethodError'{0x0000000706275538}: static [Ljavax/management/MBeanAttributeInfo;.<clinit>()V> (0x0000000706275538) 
thrown [/Users/jigga/projects/openjdk/loom/src/hotspot/share/prims/jni.cpp, line 1347]
Event: 180.358 Thread 0x00007fa2a985c000 Exception <a 'java/lang/NoSuchMethodError'{0x0000000706285470}: static [Ljava/lang/String;.<clinit>()V> (0x0000000706285470) 
thrown [/Users/jigga/projects/openjdk/loom/src/hotspot/share/prims/jni.cpp, line 1347]
Event: 180.358 Thread 0x00007fa2a985c000 Exception <a 'java/lang/NoSuchMethodError'{0x0000000706286380}: static [Ljava/lang/Object;.<clinit>()V> (0x0000000706286380) 
thrown [/Users/jigga/projects/openjdk/loom/src/hotspot/share/prims/jni.cpp, line 1347]
Event: 180.361 Thread 0x00007fa2a985c000 Exception <a 'java/lang/NoSuchMethodError'{0x00000007062a5550}: static [Ljavax/management/MBeanConstructorInfo;.<clinit>()V> (0x00000007062a5550) 
thrown [/Users/jigga/projects/openjdk/loom/src/hotspot/share/prims/jni.cpp, line 1347]
Event: 180.361 Thread 0x00007fa2a985c000 Exception <a 'java/lang/NoSuchMethodError'{0x00000007062a6440}: static [Ljavax/management/MBeanNotificationInfo;.<clinit>()V> (0x00000007062a6440) 
thrown [/Users/jigga/projects/openjdk/loom/src/hotspot/share/prims/jni.cpp, line 1347]
Event: 180.361 Thread 0x00007fa2a985c000 Exception <a 'java/lang/NoSuchMethodError'{0x00000007062a7300}: static [Ljavax/management/MBeanOperationInfo;.<clinit>()V> (0x00000007062a7300) 
thrown [/Users/jigga/projects/openjdk/loom/src/hotspot/share/prims/jni.cpp, line 1347]
Event: 181.383 Thread 0x00007fa2a985c000 Exception <a 'java/lang/NoSuchMethodError'{0x00000007062f76f0}: static [J.<clinit>()V> (0x00000007062f76f0) 
thrown [/Users/jigga/projects/openjdk/loom/src/hotspot/share/prims/jni.cpp, line 1347]
Event: 181.394 Thread 0x00007fa2a985c000 Exception <a 'java/lang/NoSuchMethodError'{0x0000000706169258}: static [Ljavax/management/openmbean/CompositeData;.<clinit>()V> (0x0000000706169258) 
thrown [/Users/jigga/projects/openjdk/loom/src/hotspot/share/prims/jni.cpp, line 1347]
Event: 414.523 Thread 0x00007fa2ab195000 Exception <a 'java/lang/NoSuchMethodError'{0x000000070ff9aea8}: 'void java.lang.invoke.DirectMethodHandle$Holder.invokeStaticInit(java.lang.Object, java.lang.Object, java.lang.Object)'> (0x000000070ff9aea8) 
thrown [/Users/jigga/projects/openjdk/loom/src/hotspot/share/interpreter/linkResolver.cpp, line 767]
Event: 414.609 Thread 0x00007fa2ada85000 Exception <a 'java/lang/NoSuchMethodError'{0x0000000704175d68}: 'void java.lang.invoke.DirectMethodHandle$Holder.invokeStatic(java.lang.Object, java.lang.Object, java.lang.Object, java.lang.Object, java.lang.Object, java.lang.Object, java.lang.Object)'> (0x0000000704175d68) 
thrown [/Users/jigga/projects/openjdk/loom/src/hotspot/share/interpreter/linkResolver.cpp, line 767]
Event: 414.633 Thread 0x00007fa2ada85000 Implicit null exception at 0x0000000116c287d8 to 0x0000000116c288be
Event: 414.647 Thread 0x00007fa2a99e5000 Exception <a 'java/lang/NoSuchMethodError'{0x0000000704047de0}: 'void java.lang.invoke.DirectMethodHandle$Holder.invokeStatic(java.lang.Object, java.lang.Object, int)'> (0x0000000704047de0) 
thrown [/Users/jigga/projects/openjdk/loom/src/hotspot/share/interpreter/linkResolver.cpp, line 767]
Event: 415.741 Thread 0x00007fa2ad338000 Exception <a 'java/lang/NoSuchMethodError'{0x0000000703f03518}: 'java.lang.Object java.lang.invoke.DirectMethodHandle$Holder.invokeStatic(java.lang.Object, java.lang.Object, long, java.lang.Object, java.lang.Object, java.lang.Object)'> (0x0000000703f03518) 
thrown [/Users/jigga/projects/openjdk/loom/src/hotspot/share/interpreter/linkResolver.cpp, line 767]
Event: 415.742 Thread 0x00007fa2ad338000 Exception <a 'java/lang/NoSuchMethodError'{0x0000000703f09b08}: 'java.lang.Object java.lang.invoke.Invokers$Holder.linkToTargetMethod(java.lang.Object, long, java.lang.Object, java.lang.Object, java.lang.Object, java.lang.Object)'> (0x0000000703f09b08) 
thrown [/Users/jigga/projects/openjdk/loom/src/hotspot/share/interpreter/linkResolver.cpp, line 767]

Events (20 events):
Event: 455.571 Executing VM operation: G1Concurrent done
Event: 455.701 Executing VM operation: G1CollectForAllocation
Event: 455.703 Executing VM operation: G1CollectForAllocation done
Event: 455.882 Executing VM operation: HandshakeAllThreads
Event: 455.882 Executing VM operation: HandshakeAllThreads done
Event: 455.894 Thread 0x00007fa2a9806800 flushing nmethod 0x00000001104f1710
Event: 455.894 Thread 0x00007fa2a9806800 flushing nmethod 0x00000001104f4d10
Event: 455.894 Thread 0x00007fa2a9806800 flushing nmethod 0x00000001105e5110
Event: 455.894 Thread 0x00007fa2a9806800 flushing nmethod 0x0000000110645b90
Event: 455.895 Thread 0x00007fa2a9806800 flushing nmethod 0x0000000110764190
Event: 455.895 Thread 0x00007fa2a9806800 flushing nmethod 0x0000000110856e90
Event: 455.895 Thread 0x00007fa2a9806800 flushing nmethod 0x00000001108afb90
Event: 455.895 Thread 0x00007fa2a9806800 flushing nmethod 0x00000001108b4510
Event: 455.951 Executing VM operation: G1CollectForAllocation
Event: 455.953 Executing VM operation: G1CollectForAllocation done
Event: 456.020 Executing VM operation: ThreadDump
Event: 456.020 Executing VM operation: ThreadDump done
Event: 456.198 Executing VM operation: G1CollectForAllocation
Event: 456.201 Executing VM operation: G1CollectForAllocation done
Event: 456.455 Executing VM operation: G1CollectForAllocation


Dynamic libraries:
0x00007fff7c282000 	/usr/lib/libz.1.dylib
0x0000000103985000 	/Library/Java/JavaVirtualMachines/jdk-14-loom-20190902.jdk/Contents/Home/lib/libjli.dylib
0x00007fff503ec000 	/System/Library/Frameworks/Cocoa.framework/Versions/A/Cocoa
0x00007fff5c190000 	/System/Library/Frameworks/Security.framework/Versions/A/Security
0x00007fff4f07f000 	/System/Library/Frameworks/ApplicationServices.framework/Versions/A/ApplicationServices
0x00007fff79bdc000 	/usr/lib/libSystem.B.dylib
0x00007fff7ca78000 	/usr/lib/system/libcache.dylib
0x00007fff7ca7d000 	/usr/lib/system/libcommonCrypto.dylib
0x00007fff7ca88000 	/usr/lib/system/libcompiler_rt.dylib
0x00007fff7ca90000 	/usr/lib/system/libcopyfile.dylib
0x00007fff7ca9a000 	/usr/lib/system/libcorecrypto.dylib
0x00007fff7cba5000 	/usr/lib/system/libdispatch.dylib
0x00007fff7cbdf000 	/usr/lib/system/libdyld.dylib
0x00007fff7cc0c000 	/usr/lib/system/libkeymgr.dylib
0x00007fff7cc1a000 	/usr/lib/system/liblaunch.dylib
0x00007fff7cc1b000 	/usr/lib/system/libmacho.dylib
0x00007fff7cc21000 	/usr/lib/system/libquarantine.dylib
0x00007fff7cc24000 	/usr/lib/system/libremovefile.dylib
0x00007fff7cc26000 	/usr/lib/system/libsystem_asl.dylib
0x00007fff7cc3e000 	/usr/lib/system/libsystem_blocks.dylib
0x00007fff7cc3f000 	/usr/lib/system/libsystem_c.dylib
0x00007fff7ccc7000 	/usr/lib/system/libsystem_configuration.dylib
0x00007fff7cccb000 	/usr/lib/system/libsystem_coreservices.dylib
0x00007fff7cccf000 	/usr/lib/system/libsystem_darwin.dylib
0x00007fff7ccd6000 	/usr/lib/system/libsystem_dnssd.dylib
0x00007fff7ccdd000 	/usr/lib/system/libsystem_info.dylib
0x00007fff7cd52000 	/usr/lib/system/libsystem_m.dylib
0x00007fff7cd9e000 	/usr/lib/system/libsystem_malloc.dylib
0x00007fff7cdc9000 	/usr/lib/system/libsystem_networkextension.dylib
0x00007fff7cdd4000 	/usr/lib/system/libsystem_notify.dylib
0x00007fff7cdf1000 	/usr/lib/system/libsystem_sandbox.dylib
0x00007fff7cdf5000 	/usr/lib/system/libsystem_secinit.dylib
0x00007fff7cd29000 	/usr/lib/system/libsystem_kernel.dylib
0x00007fff7cddc000 	/usr/lib/system/libsystem_platform.dylib
0x00007fff7cde6000 	/usr/lib/system/libsystem_pthread.dylib
0x00007fff7cdf8000 	/usr/lib/system/libsystem_symptoms.dylib
0x00007fff7ce00000 	/usr/lib/system/libsystem_trace.dylib
0x00007fff7ce17000 	/usr/lib/system/libunwind.dylib
0x00007fff7ce1d000 	/usr/lib/system/libxpc.dylib
0x00007fff7b413000 	/usr/lib/libobjc.A.dylib
0x00007fff79e73000 	/usr/lib/libc++abi.dylib
0x00007fff79e1f000 	/usr/lib/libc++.1.dylib
0x00007fff50c61000 	/System/Library/Frameworks/CoreFoundation.framework/Versions/A/CoreFoundation
0x00007fff52ee3000 	/System/Library/Frameworks/Foundation.framework/Versions/C/Foundation
0x00007fff4e278000 	/System/Library/Frameworks/AppKit.framework/Versions/C/AppKit
0x00007fff507ea000 	/System/Library/Frameworks/CoreData.framework/Versions/A/CoreData
0x00007fff736a2000 	/System/Library/PrivateFrameworks/RemoteViewServices.framework/Versions/A/RemoteViewServices
0x00007fff77919000 	/System/Library/PrivateFrameworks/UIFoundation.framework/Versions/A/UIFoundation
0x00007fff78ffd000 	/System/Library/PrivateFrameworks/XCTTargetBootstrap.framework/Versions/A/XCTTargetBootstrap
0x00007fff50b70000 	/System/Library/Frameworks/CoreDisplay.framework/Versions/A/CoreDisplay
0x00007fff6e3d8000 	/System/Library/PrivateFrameworks/IconServices.framework/Versions/A/IconServices
0x00007fff55804000 	/System/Library/Frameworks/Metal.framework/Versions/A/Metal
0x00007fff6591b000 	/System/Library/PrivateFrameworks/DesktopServicesPriv.framework/Versions/A/DesktopServicesPriv
0x00007fff7a776000 	/usr/lib/libenergytrace.dylib
0x00007fff75e00000 	/System/Library/PrivateFrameworks/SkyLight.framework/Versions/A/SkyLight
0x00007fff510a7000 	/System/Library/Frameworks/CoreGraphics.framework/Versions/A/CoreGraphics
0x00007fff4d044000 	/System/Library/Frameworks/Accelerate.framework/Versions/A/Accelerate
0x00007fff5362c000 	/System/Library/Frameworks/IOSurface.framework/Versions/A/IOSurface
0x00007fff65787000 	/System/Library/PrivateFrameworks/DFRFoundation.framework/Versions/A/DFRFoundation
0x00007fff4f562000 	/System/Library/Frameworks/AudioToolbox.framework/Versions/A/AudioToolbox
0x00007fff4f7db000 	/System/Library/Frameworks/AudioUnit.framework/Versions/A/AudioUnit
0x00007fff6581c000 	/System/Library/PrivateFrameworks/DataDetectorsCore.framework/Versions/A/DataDetectorsCore
0x00007fff4feef000 	/System/Library/Frameworks/Carbon.framework/Versions/A/Frameworks/HIToolbox.framework/Versions/A/HIToolbox
0x00007fff7a8cf000 	/usr/lib/libicucore.A.dylib
0x00007fff5b703000 	/System/Library/Frameworks/QuartzCore.framework/Versions/A/QuartzCore
0x00007fff502c4000 	/System/Library/Frameworks/Carbon.framework/Versions/A/Frameworks/SpeechRecognition.framework/Versions/A/SpeechRecognition
0x00007fff79d30000 	/usr/lib/libauto.dylib
0x00007fff7c176000 	/usr/lib/libxml2.2.dylib
0x00007fff65362000 	/System/Library/PrivateFrameworks/CoreUI.framework/Versions/A/CoreUI
0x00007fff506d5000 	/System/Library/Frameworks/CoreAudio.framework/Versions/A/CoreAudio
0x00007fff52d18000 	/System/Library/Frameworks/DiskArbitration.framework/Versions/A/DiskArbitration
0x00007fff7ab7d000 	/usr/lib/liblangid.dylib
0x00007fff6f7e3000 	/System/Library/PrivateFrameworks/MultitouchSupport.framework/Versions/A/MultitouchSupport
0x00007fff5359b000 	/System/Library/Frameworks/IOKit.framework/Versions/A/IOKit
0x00007fff7979c000 	/usr/lib/libDiagnosticMessagesClient.dylib
0x00007fff51eb6000 	/System/Library/Frameworks/CoreServices.framework/Versions/A/CoreServices
0x00007fff7149d000 	/System/Library/PrivateFrameworks/PerformanceAnalysis.framework/Versions/A/PerformanceAnalysis
0x00007fff5a8f1000 	/System/Library/Frameworks/OpenGL.framework/Versions/A/OpenGL
0x00007fff503fa000 	/System/Library/Frameworks/ColorSync.framework/Versions/A/ColorSync
0x00007fff51738000 	/System/Library/Frameworks/CoreImage.framework/Versions/A/CoreImage
0x00007fff5288e000 	/System/Library/Frameworks/CoreText.framework/Versions/A/CoreText
0x00007fff5368f000 	/System/Library/Frameworks/ImageIO.framework/Versions/A/ImageIO
0x00007fff619b4000 	/System/Library/PrivateFrameworks/Backup.framework/Versions/A/Backup
0x00007fff79c83000 	/usr/lib/libarchive.2.dylib
0x00007fff4fb34000 	/System/Library/Frameworks/CFNetwork.framework/Versions/A/CFNetwork
0x00007fff5c8ec000 	/System/Library/Frameworks/SystemConfiguration.framework/Versions/A/SystemConfiguration
0x00007fff796cd000 	/usr/lib/libCRFSuite.dylib
0x00007fff79e00000 	/usr/lib/libbsm.0.dylib
0x00007fff7cc0d000 	/usr/lib/system/libkxld.dylib
0x00007fff60da5000 	/System/Library/PrivateFrameworks/AppleFSCompression.framework/Versions/A/AppleFSCompression
0x00007fff79a9c000 	/usr/lib/libOpenScriptingUtil.dylib
0x00007fff7a128000 	/usr/lib/libcoretls.dylib
0x00007fff7a13f000 	/usr/lib/libcoretls_cfhelpers.dylib
0x00007fff7bbaa000 	/usr/lib/libpam.2.dylib
0x00007fff7bd6a000 	/usr/lib/libsqlite3.dylib
0x00007fff7c164000 	/usr/lib/libxar.1.dylib
0x00007fff79e11000 	/usr/lib/libbz2.1.0.dylib
0x00007fff7ab7f000 	/usr/lib/liblzma.5.dylib
0x00007fff7b030000 	/usr/lib/libnetwork.dylib
0x00007fff79c6c000 	/usr/lib/libapple_nghttp2.dylib
0x00007fff7bbb1000 	/usr/lib/libpcap.A.dylib
0x00007fff52255000 	/System/Library/Frameworks/CoreServices.framework/Versions/A/Frameworks/FSEvents.framework/Versions/A/FSEvents
0x00007fff51f34000 	/System/Library/Frameworks/CoreServices.framework/Versions/A/Frameworks/CarbonCore.framework/Versions/A/CarbonCore
0x00007fff52410000 	/System/Library/Frameworks/CoreServices.framework/Versions/A/Frameworks/Metadata.framework/Versions/A/Metadata
0x00007fff524af000 	/System/Library/Frameworks/CoreServices.framework/Versions/A/Frameworks/OSServices.framework/Versions/A/OSServices
0x00007fff524fa000 	/System/Library/Frameworks/CoreServices.framework/Versions/A/Frameworks/SearchKit.framework/Versions/A/SearchKit
0x00007fff51eb7000 	/System/Library/Frameworks/CoreServices.framework/Versions/A/Frameworks/AE.framework/Versions/A/AE
0x00007fff5225e000 	/System/Library/Frameworks/CoreServices.framework/Versions/A/Frameworks/LaunchServices.framework/Versions/A/LaunchServices
0x00007fff5220c000 	/System/Library/Frameworks/CoreServices.framework/Versions/A/Frameworks/DictionaryServices.framework/Versions/A/DictionaryServices
0x00007fff52562000 	/System/Library/Frameworks/CoreServices.framework/Versions/A/Frameworks/SharedFileList.framework/Versions/A/SharedFileList
0x00007fff568cc000 	/System/Library/Frameworks/NetFS.framework/Versions/A/NetFS
0x00007fff6fa49000 	/System/Library/PrivateFrameworks/NetAuth.framework/Versions/A/NetAuth
0x00007fff79401000 	/System/Library/PrivateFrameworks/login.framework/Versions/A/Frameworks/loginsupport.framework/Versions/A/loginsupport
0x00007fff77522000 	/System/Library/PrivateFrameworks/TCC.framework/Versions/A/TCC
0x00007fff649bf000 	/System/Library/PrivateFrameworks/CoreNLP.framework/Versions/A/CoreNLP
0x00007fff6f4de000 	/System/Library/PrivateFrameworks/MetadataUtilities.framework/Versions/A/MetadataUtilities
0x00007fff7ac54000 	/usr/lib/libmecabra.dylib
0x00007fff4f080000 	/System/Library/Frameworks/ApplicationServices.framework/Versions/A/Frameworks/ATS.framework/Versions/A/ATS
0x00007fff4f3cf000 	/System/Library/Frameworks/ApplicationServices.framework/Versions/A/Frameworks/ColorSyncLegacy.framework/Versions/A/ColorSyncLegacy
0x00007fff4f46e000 	/System/Library/Frameworks/ApplicationServices.framework/Versions/A/Frameworks/HIServices.framework/Versions/A/HIServices
0x00007fff4f4c1000 	/System/Library/Frameworks/ApplicationServices.framework/Versions/A/Frameworks/LangAnalysis.framework/Versions/A/LangAnalysis
0x00007fff4f4d1000 	/System/Library/Frameworks/ApplicationServices.framework/Versions/A/Frameworks/PrintCore.framework/Versions/A/PrintCore
0x00007fff4f51b000 	/System/Library/Frameworks/ApplicationServices.framework/Versions/A/Frameworks/QD.framework/Versions/A/QD
0x00007fff4f555000 	/System/Library/Frameworks/ApplicationServices.framework/Versions/A/Frameworks/SpeechSynthesis.framework/Versions/A/SpeechSynthesis
0x00007fff79e9b000 	/usr/lib/libcompression.dylib
0x00007fff55ad4000 	/System/Library/Frameworks/MetalPerformanceShaders.framework/Versions/A/MetalPerformanceShaders
0x00007fff4d05c000 	/System/Library/Frameworks/Accelerate.framework/Versions/A/Frameworks/vImage.framework/Versions/A/vImage
0x00007fff4e0d6000 	/System/Library/Frameworks/Accelerate.framework/Versions/A/Frameworks/vecLib.framework/Versions/A/vecLib
0x00007fff4e022000 	/System/Library/Frameworks/Accelerate.framework/Versions/A/Frameworks/vecLib.framework/Versions/A/libvMisc.dylib
0x00007fff4de3a000 	/System/Library/Frameworks/Accelerate.framework/Versions/A/Frameworks/vecLib.framework/Versions/A/libvDSP.dylib
0x00007fff4d6f6000 	/System/Library/Frameworks/Accelerate.framework/Versions/A/Frameworks/vecLib.framework/Versions/A/libBLAS.dylib
0x00007fff4d9e3000 	/System/Library/Frameworks/Accelerate.framework/Versions/A/Frameworks/vecLib.framework/Versions/A/libLAPACK.dylib
0x00007fff4dd8d000 	/System/Library/Frameworks/Accelerate.framework/Versions/A/Frameworks/vecLib.framework/Versions/A/libLinearAlgebra.dylib
0x00007fff4de26000 	/System/Library/Frameworks/Accelerate.framework/Versions/A/Frameworks/vecLib.framework/Versions/A/libSparseBLAS.dylib
0x00007fff4dda3000 	/System/Library/Frameworks/Accelerate.framework/Versions/A/Frameworks/vecLib.framework/Versions/A/libQuadrature.dylib
0x00007fff4d970000 	/System/Library/Frameworks/Accelerate.framework/Versions/A/Frameworks/vecLib.framework/Versions/A/libBNNS.dylib
0x00007fff4dda9000 	/System/Library/Frameworks/Accelerate.framework/Versions/A/Frameworks/vecLib.framework/Versions/A/libSparse.dylib
0x00007fff6bd0d000 	/System/Library/PrivateFrameworks/GPUWrangler.framework/Versions/A/GPUWrangler
0x00007fff6e00d000 	/System/Library/PrivateFrameworks/IOAccelerator.framework/Versions/A/IOAccelerator
0x00007fff6e018000 	/System/Library/PrivateFrameworks/IOPresentment.framework/Versions/A/IOPresentment
0x00007fff65797000 	/System/Library/PrivateFrameworks/DSExternalDisplay.framework/Versions/A/DSExternalDisplay
0x00007fff59d48000 	/System/Library/Frameworks/OpenGL.framework/Versions/A/Libraries/libCoreFSCache.dylib
0x00007fff558c8000 	/System/Library/Frameworks/MetalPerformanceShaders.framework/Frameworks/MPSCore.framework/Versions/A/MPSCore
0x00007fff558e8000 	/System/Library/Frameworks/MetalPerformanceShaders.framework/Frameworks/MPSImage.framework/Versions/A/MPSImage
0x00007fff5598d000 	/System/Library/Frameworks/MetalPerformanceShaders.framework/Frameworks/MPSNeuralNetwork.framework/Versions/A/MPSNeuralNetwork
0x00007fff55965000 	/System/Library/Frameworks/MetalPerformanceShaders.framework/Frameworks/MPSMatrix.framework/Versions/A/MPSMatrix
0x00007fff55ab9000 	/System/Library/Frameworks/MetalPerformanceShaders.framework/Frameworks/MPSRayIntersector.framework/Versions/A/MPSRayIntersector
0x00007fff6f507000 	/System/Library/PrivateFrameworks/MetalTools.framework/Versions/A/MetalTools
0x00007fff6064f000 	/System/Library/PrivateFrameworks/AggregateDictionary.framework/Versions/A/AggregateDictionary
0x00007fff79a7c000 	/usr/lib/libMobileGestalt.dylib
0x00007fff529f1000 	/System/Library/Frameworks/CoreVideo.framework/Versions/A/CoreVideo
0x00007fff6cb1e000 	/System/Library/PrivateFrameworks/GraphVisualizer.framework/Versions/A/GraphVisualizer
0x00007fff6699d000 	/System/Library/PrivateFrameworks/FaceCore.framework/Versions/A/FaceCore
0x00007fff59376000 	/System/Library/Frameworks/OpenCL.framework/Versions/A/OpenCL
0x00007fff797d4000 	/usr/lib/libFosl_dynamic.dylib
0x00007fff702b4000 	/System/Library/PrivateFrameworks/OTSVG.framework/Versions/A/OTSVG
0x00007fff4f184000 	/System/Library/Frameworks/ApplicationServices.framework/Versions/A/Frameworks/ATS.framework/Versions/A/Resources/libFontParser.dylib
0x00007fff4f29c000 	/System/Library/Frameworks/ApplicationServices.framework/Versions/A/Frameworks/ATS.framework/Versions/A/Resources/libFontRegistry.dylib
0x00007fff538fd000 	/System/Library/Frameworks/ImageIO.framework/Versions/A/Resources/libJPEG.dylib
0x00007fff53c0f000 	/System/Library/Frameworks/ImageIO.framework/Versions/A/Resources/libTIFF.dylib
0x00007fff53be5000 	/System/Library/Frameworks/ImageIO.framework/Versions/A/Resources/libPng.dylib
0x00007fff5381b000 	/System/Library/Frameworks/ImageIO.framework/Versions/A/Resources/libGIF.dylib
0x00007fff53820000 	/System/Library/Frameworks/ImageIO.framework/Versions/A/Resources/libJP2.dylib
0x00007fff53c0c000 	/System/Library/Frameworks/ImageIO.framework/Versions/A/Resources/libRadiance.dylib
0x00007fff60efc000 	/System/Library/PrivateFrameworks/AppleJPEG.framework/Versions/A/AppleJPEG
0x00007fff59d53000 	/System/Library/Frameworks/OpenGL.framework/Versions/A/Libraries/libGFXShared.dylib
0x00007fff59f16000 	/System/Library/Frameworks/OpenGL.framework/Versions/A/Libraries/libGLU.dylib
0x00007fff59d5c000 	/System/Library/Frameworks/OpenGL.framework/Versions/A/Libraries/libGL.dylib
0x00007fff59d68000 	/System/Library/Frameworks/OpenGL.framework/Versions/A/Libraries/libGLImage.dylib
0x00007fff59d45000 	/System/Library/Frameworks/OpenGL.framework/Versions/A/Libraries/libCVMSPluginSupport.dylib
0x00007fff59d4e000 	/System/Library/Frameworks/OpenGL.framework/Versions/A/Libraries/libCoreVMClient.dylib
0x00007fff7a5ec000 	/usr/lib/libcups.2.dylib
0x00007fff54dcf000 	/System/Library/Frameworks/Kerberos.framework/Versions/A/Kerberos
0x00007fff532ff000 	/System/Library/Frameworks/GSS.framework/Versions/A/GSS
0x00007fff7bcff000 	/usr/lib/libresolv.9.dylib
0x00007fff7a7de000 	/usr/lib/libiconv.2.dylib
0x00007fff6cc93000 	/System/Library/PrivateFrameworks/Heimdal.framework/Versions/A/Heimdal
0x00007fff7a7ae000 	/usr/lib/libheimdal-asn1.dylib
0x00007fff593ea000 	/System/Library/Frameworks/OpenDirectory.framework/Versions/A/OpenDirectory
0x00007fff63722000 	/System/Library/PrivateFrameworks/CommonAuth.framework/Versions/A/CommonAuth
0x00007fff593ce000 	/System/Library/Frameworks/OpenDirectory.framework/Versions/A/Frameworks/CFOpenDirectory.framework/Versions/A/CFOpenDirectory
0x00007fff5c491000 	/System/Library/Frameworks/SecurityFoundation.framework/Versions/A/SecurityFoundation
0x00007fff5fb95000 	/System/Library/PrivateFrameworks/APFS.framework/Versions/A/APFS
0x00007fff7c160000 	/usr/lib/libutil.dylib
0x00007fff79e89000 	/usr/lib/libcharset.1.dylib
0x00007fff61199000 	/System/Library/PrivateFrameworks/AppleSauce.framework/Versions/A/AppleSauce
0x00007fff6131a000 	/System/Library/PrivateFrameworks/AssertionServices.framework/Versions/A/AssertionServices
0x00007fff61a4a000 	/System/Library/PrivateFrameworks/BaseBoard.framework/Versions/A/BaseBoard
0x00007fff7abaf000 	/usr/lib/libmecab.1.0.0.dylib
0x00007fff7a7a8000 	/usr/lib/libgermantok.dylib
0x00007fff79c59000 	/usr/lib/libThaiTokenizer.dylib
0x00007fff79704000 	/usr/lib/libChineseTokenizer.dylib
0x00007fff6e6c5000 	/System/Library/PrivateFrameworks/LanguageModeling.framework/Versions/A/LanguageModeling
0x00007fff64404000 	/System/Library/PrivateFrameworks/CoreEmoji.framework/Versions/A/CoreEmoji
0x00007fff6e7a1000 	/System/Library/PrivateFrameworks/Lexicon.framework/Versions/A/Lexicon
0x00007fff6e7e4000 	/System/Library/PrivateFrameworks/LinguisticData.framework/Versions/A/LinguisticData
0x00007fff79e8a000 	/usr/lib/libcmph.dylib
0x00007fff5c54f000 	/System/Library/Frameworks/ServiceManagement.framework/Versions/A/ServiceManagement
0x00007fff619ab000 	/System/Library/PrivateFrameworks/BackgroundTaskManagement.framework/Versions/A/BackgroundTaskManagement
0x00007fff7c259000 	/usr/lib/libxslt.1.dylib
0x00007fff501f1000 	/System/Library/Frameworks/Carbon.framework/Versions/A/Frameworks/Ink.framework/Versions/A/Ink
0x00007fff77794000 	/System/Library/PrivateFrameworks/TextureIO.framework/Versions/A/TextureIO
0x00007fff79cad000 	/usr/lib/libate.dylib
0x00007fff656e6000 	/System/Library/PrivateFrameworks/CrashReporterSupport.framework/Versions/A/CrashReporterSupport
0x00007fff74ece000 	/System/Library/PrivateFrameworks/Sharing.framework/Versions/A/Sharing
0x00007fff616fd000 	/System/Library/PrivateFrameworks/AuthKit.framework/Versions/A/AuthKit
0x00007fff60c51000 	/System/Library/PrivateFrameworks/Apple80211.framework/Versions/A/Apple80211
0x00007fff6548e000 	/System/Library/PrivateFrameworks/CoreUtils.framework/Versions/A/CoreUtils
0x00007fff52a32000 	/System/Library/Frameworks/CoreWLAN.framework/Versions/A/CoreWLAN
0x00007fff5342e000 	/System/Library/Frameworks/IOBluetooth.framework/Versions/A/IOBluetooth
0x00007fff7333e000 	/System/Library/PrivateFrameworks/ProtocolBuffer.framework/Versions/A/ProtocolBuffer
0x00007fff6f73f000 	/System/Library/PrivateFrameworks/MobileKeyBag.framework/Versions/A/MobileKeyBag
0x00007fff64cd2000 	/System/Library/PrivateFrameworks/CorePhoneNumbers.framework/Versions/A/CorePhoneNumbers
0x00007fff60eb0000 	/System/Library/PrivateFrameworks/AppleIDAuthSupport.framework/Versions/A/AppleIDAuthSupport
0x00007fff6e698000 	/System/Library/PrivateFrameworks/KeychainCircle.framework/Versions/A/KeychainCircle
0x00007fff734f4000 	/System/Library/PrivateFrameworks/ROCKit.framework/Versions/A/ROCKit
0x00007fff65682000 	/System/Library/PrivateFrameworks/CoreWiFi.framework/Versions/A/CoreWiFi
0x00007fff507bf000 	/System/Library/Frameworks/CoreBluetooth.framework/Versions/A/CoreBluetooth
0x00007fff658dd000 	/System/Library/PrivateFrameworks/DebugSymbols.framework/Versions/A/DebugSymbols
0x00007fff6524e000 	/System/Library/PrivateFrameworks/CoreSymbolication.framework/Versions/A/CoreSymbolication
0x00007fff76faf000 	/System/Library/PrivateFrameworks/Symbolication.framework/Versions/A/Symbolication
0x00007fff76852000 	/System/Library/PrivateFrameworks/SpeechRecognitionCore.framework/Versions/A/SpeechRecognitionCore
0x00000001057a7000 	/Library/Java/JavaVirtualMachines/jdk-14-loom-20190902.jdk/Contents/Home/lib/server/libjvm.dylib
0x00000001039b9000 	/Library/Java/JavaVirtualMachines/jdk-14-loom-20190902.jdk/Contents/Home/lib/libverify.dylib
0x00000001039c5000 	/Library/Java/JavaVirtualMachines/jdk-14-loom-20190902.jdk/Contents/Home/lib/libjava.dylib
0x000000010524a000 	/Library/Java/JavaVirtualMachines/jdk-14-loom-20190902.jdk/Contents/Home/lib/libzip.dylib
0x0000000105251000 	/Library/Java/JavaVirtualMachines/jdk-14-loom-20190902.jdk/Contents/Home/lib/libjimage.dylib
0x000000012b436000 	/Library/Java/JavaVirtualMachines/jdk-14-loom-20190902.jdk/Contents/Home/lib/libnio.dylib
0x000000012b444000 	/Library/Java/JavaVirtualMachines/jdk-14-loom-20190902.jdk/Contents/Home/lib/./libnet.dylib
0x000000012b4b2000 	/Library/Java/JavaVirtualMachines/jdk-14-loom-20190902.jdk/Contents/Home/lib/libmanagement.dylib
0x000000012b4b7000 	/Library/Java/JavaVirtualMachines/jdk-14-loom-20190902.jdk/Contents/Home/lib/libmanagement_ext.dylib
0x000000012b4f0000 	/Library/Java/JavaVirtualMachines/jdk-14-loom-20190902.jdk/Contents/Home/lib/libextnet.dylib
0x000000012b5a0000 	/Library/Java/JavaVirtualMachines/jdk-14-loom-20190902.jdk/Contents/Home/lib/libsunec.dylib


VM Arguments:
jvm_args: -Dfile.encoding=UTF-8 -Duser.country=PL -Duser.language=en -Duser.variant 
java_command: loom.workshop.WorkshopService
java_class_path (initial): /Users/jigga/projects/pl.jigga/loom-academy/workshop-service/build/classes/java/main:/Users/jigga/projects/pl.jigga/loom-academy/workshop-service/build/resources/main:/Users/jigga/.gradle/caches/modules-2/files-2.1/org.springframework.boot/spring-boot-starter-web/2.1.2.RELEASE/33749ef5bf458829eef0e0c45615bf536521a97a/spring-boot-starter-web-2.1.2.RELEASE.jar:/Users/jigga/.gradle/caches/modules-2/files-2.1/org.springframework.cloud/spring-cloud-starter-netflix-eureka-client/2.1.0.RELEASE/a61b33193531acf406a4e3cbb9c76e3ec6c77abd/spring-cloud-starter-netflix-eureka-client-2.1.0.RELEASE.jar:/Users/jigga/.gradle/caches/modules-2/files-2.1/org.springframework.boot/spring-boot-starter-json/2.1.2.RELEASE/db59b1857966985cec2cdb81cd6cfeb315f1c849/spring-boot-starter-json-2.1.2.RELEASE.jar:/Users/jigga/.gradle/caches/modules-2/files-2.1/org.springframework.cloud/spring-cloud-starter-netflix-ribbon/2.1.0.RELEASE/979c991d77b2f8fe9092f8d56d2f64d5f30cf385/spring-cloud-starter-netflix-ribbon-2.1.0.RELEASE.jar:/Users/jigga/.gradle/caches/modules-2/files-2.1/org.springframework.cloud/spring-cloud-starter-netflix-archaius/2.1.0.RELEASE/1e894ff28bca79c0581972797ca521cc276db08b/spring-cloud-starter-netflix-archaius-2.1.0.RELEASE.jar:/Users/jigga/.gradle/caches/modules-2/files-2.1/org.springframework.cloud/spring-cloud-starter/2.1.0.RELEASE/bc5df6550f2108f99ef5b62c7656123aee44c0d9/spring-cloud-starter-2.1.0.RELEASE.jar:/Users/jigga/.gradle/caches/modules-2/files-2.1/org.springframework.cloud/spring-cloud-netflix-eureka-client/2.1.0.RELEASE/90d9174bfdb439f47feb7b1fa2d597cfebfb3ea8/spring-cloud-netflix-eureka-client-2.1.0.RELEASE.jar:/Users/jigga/.gradle/caches/modules-2/files-2.1/org.springframework.cloud/spring-cloud-netflix-hystrix/2.1.0.RELEASE/475af941f77e5ef3e35fa3533bbd7aa1ec4f4cf7/spring-cloud-netflix-hystrix-2.1.0.RELEASE.jar:/Users/jigga/.gradle/caches/modules-2/files-2.1/org.springframework.boot/spring-boot-starter-aop/2.1.2.RELEASE/d4266d045585b54b0
Launcher Type: SUN_STANDARD

[Global flags]
     intx CICompilerCount                          = 4                                         {product} {ergonomic}
     uint ConcGCThreads                            = 3                                         {product} {ergonomic}
     uint G1ConcRefinementThreads                  = 10                                        {product} {ergonomic}
   size_t G1HeapRegionSize                         = 1048576                                   {product} {ergonomic}
    uintx GCDrainStackTargetSize                   = 64                                        {product} {ergonomic}
   size_t InitialHeapSize                          = 268435456                                 {product} {ergonomic}
   size_t MarkStackSize                            = 4194304                                   {product} {ergonomic}
   size_t MaxHeapSize                              = 4294967296                                {product} {ergonomic}
   size_t MaxNewSize                               = 2576351232                                {product} {ergonomic}
   size_t MinHeapDeltaBytes                        = 1048576                                   {product} {ergonomic}
   size_t MinHeapSize                              = 8388608                                   {product} {ergonomic}
    uintx NonNMethodCodeHeapSize                   = 5836300                                {pd product} {ergonomic}
    uintx NonProfiledCodeHeapSize                  = 122910970                              {pd product} {ergonomic}
    uintx ProfiledCodeHeapSize                     = 122910970                              {pd product} {ergonomic}
    uintx ReservedCodeCacheSize                    = 251658240                              {pd product} {ergonomic}
     bool SegmentedCodeCache                       = true                                      {product} {ergonomic}
   size_t SoftMaxHeapSize                          = 4294967296                             {manageable} {ergonomic}
     bool UseCompressedClassPointers               = true                                 {lp64_product} {ergonomic}
     bool UseCompressedOops                        = true                                 {lp64_product} {ergonomic}
     bool UseG1GC                                  = true                                      {product} {ergonomic}

Logging:
Log output configuration:
 #0: stdout all=warning uptime,level,tags
 #1: stderr all=off uptime,level,tags

Environment Variables:
PATH=/Users/jigga/google-cloud-sdk/bin:/usr/local/bin:/usr/bin:/bin:/usr/sbin:/sbin
SHELL=/bin/bash

Signal Handlers:
SIGSEGV: [libjvm.dylib+0x902aa0], sa_mask[0]=11111111011111110111111111111111, sa_flags=SA_ONSTACK|SA_RESTART|SA_SIGINFO
SIGBUS: [libjvm.dylib+0x902aa0], sa_mask[0]=11111111011111110111111111111111, sa_flags=SA_RESTART|SA_SIGINFO
SIGFPE: [libjvm.dylib+0x902aa0], sa_mask[0]=11111111011111110111111111111111, sa_flags=SA_RESTART|SA_SIGINFO
SIGPIPE: [libjvm.dylib+0x740253], sa_mask[0]=11111111011111110111111111111111, sa_flags=SA_RESTART|SA_SIGINFO
SIGXFSZ: [libjvm.dylib+0x740253], sa_mask[0]=11111111011111110111111111111111, sa_flags=SA_RESTART|SA_SIGINFO
SIGILL: [libjvm.dylib+0x902aa0], sa_mask[0]=11111111011111110111111111111111, sa_flags=SA_RESTART|SA_SIGINFO
SIGUSR2: [libjvm.dylib+0x74083b], sa_mask[0]=00100000000000000000000000000000, sa_flags=SA_RESTART|SA_SIGINFO
SIGHUP: [libjvm.dylib+0x73f84b], sa_mask[0]=11111111011111110111111111111111, sa_flags=SA_RESTART|SA_SIGINFO
SIGINT: [libjvm.dylib+0x73f84b], sa_mask[0]=11111111011111110111111111111111, sa_flags=SA_RESTART|SA_SIGINFO
SIGTERM: [libjvm.dylib+0x73f84b], sa_mask[0]=11111111011111110111111111111111, sa_flags=SA_RESTART|SA_SIGINFO
SIGQUIT: [libjvm.dylib+0x73f84b], sa_mask[0]=11111111011111110111111111111111, sa_flags=SA_RESTART|SA_SIGINFO


---------------  S Y S T E M  ---------------

OS:uname:Darwin 18.7.0 Darwin Kernel Version 18.7.0: Tue Aug 20 16:57:14 PDT 2019; root:xnu-4903.271.2~2/RELEASE_X86_64 x86_64
rlimit: STACK 8192k, CORE 0k, NPROC 1418, NOFILE 10240, AS infinity, DATA infinity, FSIZE infinity
load average:2.98 2.96 3.23

CPU:total 12 (initial active 12) (6 cores per cpu, 2 threads per core) family 6 model 158 stepping 10, cmov, cx8, fxsr, mmx, sse, sse2, sse3, ssse3, sse4.1, sse4.2, popcnt, avx, avx2, aes, clmul, erms, rtm, 3dnowpref, lzcnt, ht, tsc, tscinvbit, bmi1, bmi2, adx, fma

Memory: 4k page, physical 16777216k(79924k free), swap 2097152k(1438464k free)

vm_info: OpenJDK 64-Bit Server VM (14-internal+0-adhoc.jigga.loom) for bsd-amd64 JRE (14-internal+0-adhoc.jigga.loom), built on Sep  2 2019 21:37:06 by "jigga" with clang 4.2.1 Compatible Apple LLVM 10.0.1 (clang-1001.0.46.4)

END.
