#
# A fatal error has been detected by the Java Runtime Environment:
#
#  SIGSEGV (0xb) at pc=0x00000001111f9123, pid=4002, tid=20483
#
# JRE version: OpenJDK Runtime Environment (14.0) (build 14-internal+0-adhoc.jigga.loom)
# Java VM: OpenJDK 64-Bit Server VM (14-internal+0-adhoc.jigga.loom, mixed mode, sharing, tiered, compressed oops, g1 gc, bsd-amd64)
# Problematic frame:
# C  0x00000001111f9123
#
# No core dump will be written. Core dumps have been disabled. To enable core dumping, try "ulimit -c unlimited" before starting Java again
#
# If you would like to submit a bug report, please visit:
#   http://bugreport.java.com/bugreport/crash.jsp
#

---------------  S U M M A R Y ------------

Command Line: -Dfile.encoding=UTF-8 -Duser.country=PL -Duser.language=en -Duser.variant loom.workshop.WorkshopService

Host: MacBookPro15,1 x86_64 2600 MHz, 12 cores, 16G, Darwin 18.7.0
Time: Sat Sep 21 21:00:39 2019 CEST elapsed time: 83 seconds (0d 0h 1m 23s)

---------------  T H R E A D  ---------------

Current thread (0x00007fd60784b000):  GCTaskThread "GC Thread#0" [stack: 0x0000700008174000,0x0000700008274000] [id=20483]

Stack: [0x0000700008174000,0x0000700008274000],  sp=0x0000700008273bd8,  free space=1022k
Native frames: (J=compiled Java code, A=aot compiled Java code, j=interpreted, Vv=VM code, C=native code)
C  0x00000001111f9123
V  [libjvm.dylib+0x3f53ad]  _ZN18G1CodeRootSetTable11nmethods_doEP15CodeBlobClosure+0x33
V  [libjvm.dylib+0x432b37]  _ZN32G1ScanCollectionSetRegionClosure14do_heap_regionEP10HeapRegion+0xd9
V  [libjvm.dylib+0x40238c]  _ZNK15G1CollectionSet29iterate_incremental_part_fromEP17HeapRegionClosureP17HeapRegionClaimerjj+0x84
V  [libjvm.dylib+0x430819]  _ZN8G1RemSet27scan_collection_set_regionsEP20G1ParScanThreadStatejN14G1GCPhaseTimes11GCParPhasesES3_S3_+0x8d
V  [libjvm.dylib+0x3fe6a0]  _ZN25G1EvacuateRegionsBaseTask4workEj+0x88
V  [libjvm.dylib+0x929bf1]  _ZN10GangWorker4loopEv+0x43
V  [libjvm.dylib+0x8acedd]  _ZN6Thread8call_runEv+0x71
V  [libjvm.dylib+0x73e617]  _ZL19thread_native_entryP6Thread+0x132
C  [libsystem_pthread.dylib+0x32eb]  _pthread_body+0x7e
C  [libsystem_pthread.dylib+0x6249]  _pthread_start+0x42
C  [libsystem_pthread.dylib+0x240d]  thread_start+0xd


siginfo: si_signo: 11 (SIGSEGV), si_code: 1 (SEGV_MAPERR), si_addr: 0x00000002223f0400

Register to memory mapping:

RAX=0x00000001111f8200 points into unknown readable memory: 14 86 5e 33 00 00 00 00
RBX=0x00000001111e8b10 points into unknown readable memory: 00 82 1f 11 01 00 00 00
RCX=0x000000011797900a is at entry_point+778 in (nmethod*)0x0000000117978b10
RDX=0x0 is NULL
RSP=0x0000700008273bd8 points into unknown readable memory: 4c 4e 3f 02 01 00 00 00
RBP=0x0000700008273bf0 points into unknown readable memory: 20 3c 27 08 00 70 00 00
RSI=0x00000001111e8b10 points into unknown readable memory: 00 82 1f 11 01 00 00 00
RDI=0x00000001111e8b10 points into unknown readable memory: 00 82 1f 11 01 00 00 00
R8 =0x0000000117978ce4 is at entry_point+-28 in (nmethod*)0x0000000117978b10
R9 =0x00000000ffbfffff is an unknown value
R10=0x00007fd609100000 points into unknown readable memory: 70 20 04 0b d6 7f 00 00
R11=0x0000000000000007 is an unknown value
R12=0x00007fd60fc07b18 points into unknown readable memory: 60 a3 aa 02 01 00 00 00
R13=0x000000000000001d is an unknown value
R14=0x00007fd60fc07b18 points into unknown readable memory: 60 a3 aa 02 01 00 00 00
R15=0x0000000000000006 is an unknown value


Registers:
RAX=0x00000001111f8200, RBX=0x00000001111e8b10, RCX=0x000000011797900a, RDX=0x0000000000000000
RSP=0x0000700008273bd8, RBP=0x0000700008273bf0, RSI=0x00000001111e8b10, RDI=0x00000001111e8b10
R8 =0x0000000117978ce4, R9 =0x00000000ffbfffff, R10=0x00007fd609100000, R11=0x0000000000000007
R12=0x00007fd60fc07b18, R13=0x000000000000001d, R14=0x00007fd60fc07b18, R15=0x0000000000000006
RIP=0x00000001111f9123, EFLAGS=0x0000000000010206, ERR=0x0000000000000006
  TRAPNO=0x000000000000000e

Top of Stack: (sp=0x0000700008273bd8)
0x0000700008273bd8:   00000001023f4e4c 00007fd60ee916a0
0x0000700008273be8:   00007fd60ee91560 0000700008273c20
0x0000700008273bf8:   00000001023f53ad 0000700008273d10
0x0000700008273c08:   000000000000001d 00007fd607718140
0x0000700008273c18:   0000000000000001 0000700008273cb0
0x0000700008273c28:   0000000102432b37 00007fd60fc075e0
0x0000700008273c38:   000000138de89331 0000000000000000
0x0000700008273c48:   0000700008273d50 0000700008273d60
0x0000700008273c58:   0000700008273d00 0000000000000000
0x0000700008273c68:   0000000000000000 00007fd60741e300
0x0000700008273c78:   00007fd60781ae00 0000700008273cc0
0x0000700008273c88:   000000010241f9d1 00007fd60781b0a8
0x0000700008273c98:   0000000000000005 0000700008273d10
0x0000700008273ca8:   0000000000000000 0000700008273d00
0x0000700008273cb8:   000000010240238c 0000700008273d90
0x0000700008273cc8:   0000000000000005 000000000000000b
0x0000700008273cd8:   00007fd60741e2e0 0000700008273dd8
0x0000700008273ce8:   0000000000000005 0000000000000013
0x0000700008273cf8:   0000700008273d10 0000700008273dc0
0x0000700008273d08:   0000000102430819 0000000102aac6c8
0x0000700008273d18:   0000000000000001 00007fd60fc075e0
0x0000700008273d28:   00007fd60741e350 0000001500000013
0x0000700008273d38:   0000000000000005 0000000000000000
0x0000700008273d48:   0000000000000000 0000000000000000
0x0000700008273d58:   0000000000000000 0000000000000000
0x0000700008273d68:   0000000000000000 0000000000000000
0x0000700008273d78:   0000000000000000 0000000000000000
0x0000700008273d88:   0000000000000000 0000001500000017
0x0000700008273d98:   0000700008782748 0000700008273dd8
0x0000700008273da8:   00007fd60fc075e0 0000000000000005
0x0000700008273db8:   0000700008273e10 0000700008273e60
0x0000700008273dc8:   00000001023fe6a0 0000000000000000 

Instructions: (pc=0x00000001111f9123)
0x00000001111f9023:   48 8b d4 48 83 e4 f0 e8 25 af 48 f1 f4 49 ba 30
0x00000001111f9033:   90 1f 11 01 00 00 00 41 52 e9 5f ea c2 fe f4 f4
0x00000001111f9043:   f4 f4 f4 f4 f4 60 d0 16 00 08 00 00 00 ff 02 00
0x00000001111f9053:   00 00 00 00 01 06 01 00 00 02 00 d2 03 00 92 00
0x00000001111f9063:   01 00 0c 00 00 00 01 05 01 00 00 00 00 ff ff ff
0x00000001111f9073:   ff 00 00 00 00 00 00 00 00 00 00 00 00 34 01 00
0x00000001111f9083:   00 06 00 00 00 00 00 00 00 00 00 00 00 68 01 00
0x00000001111f9093:   00 12 00 00 00 00 00 00 00 00 00 00 00 72 01 00
0x00000001111f90a3:   00 18 00 00 00 00 00 00 00 00 00 00 00 69 02 00
0x00000001111f90b3:   00 00 00 00 00 00 00 00 00 00 00 00 00 00 00 00
0x00000001111f90c3:   00 00 00 00 00 01 00 00 00 79 00 00 00 6d 01 00
0x00000001111f90d3:   00 00 00 00 00 00 00 00 00 00 00 00 00 00 00 00
0x00000001111f90e3:   00 00 00 00 00 00 00 00 00 00 00 00 00 00 00 00
0x00000001111f90f3:   00 00 00 00 00 00 00 00 00 00 00 00 00 08 00 00
0x00000001111f9103:   00 00 00 00 00 00 00 00 00 00 00 00 00 80 78 20
0x00000001111f9113:   11 01 00 00 00 01 00 00 00 e0 03 00 00 78 01 00
0x00000001111f9123:   00 4c 00 00 00 78 03 00 00 08 00 00 00 c0 92 1f
0x00000001111f9133:   11 01 00 00 00 88 94 1f 11 01 00 00 00 c0 92 1f
0x00000001111f9143:   11 01 00 00 00 f0 94 1f 11 01 00 00 00 88 92 1f
0x00000001111f9153:   11 01 00 00 00 c0 92 1f 11 01 00 00 00 01 00 00
0x00000001111f9163:   00 00 00 00 00 00 00 00 00 00 00 00 00 00 00 00
0x00000001111f9173:   00 00 00 00 00 31 47 98 02 01 00 00 00 00 00 00
0x00000001111f9183:   00 00 00 00 00 00 00 00 00 00 00 00 00 90 94 1f
0x00000001111f9193:   11 01 00 00 00 70 94 1f 11 01 00 00 00 00 00 00
0x00000001111f91a3:   00 00 00 00 00 b8 94 1f 11 01 00 00 00 a8 94 1f
0x00000001111f91b3:   11 01 00 00 00 a8 94 1f 11 01 00 00 00 a8 94 1f
0x00000001111f91c3:   11 01 00 00 00 00 00 00 00 00 00 00 00 00 00 00
0x00000001111f91d3:   00 00 00 00 00 00 00 00 00 00 00 00 00 ff ff ff
0x00000001111f91e3:   ff 00 00 00 00 00 00 00 00 00 00 00 00 00 00 00
0x00000001111f91f3:   00 00 00 00 00 00 00 00 00 00 00 00 00 c0 92 1f
0x00000001111f9203:   11 01 00 00 00 00 93 1f 11 01 00 00 00 c0 92 1f
0x00000001111f9213:   11 01 00 00 00 e4 02 00 00 8c 02 00 00 b0 01 00 


Stack slot to memory mapping:
stack at sp + 0 slots: 0x00000001023f4e4c: _ZN17G1CodeBlobClosure12do_code_blobEP8CodeBlob+0x16 in /Library/Java/JavaVirtualMachines/jdk-14-loom-20190902.jdk/Contents/Home/lib/server/libjvm.dylib at 0x0000000102000000
stack at sp + 1 slots: 0x00007fd60ee916a0 points into unknown readable memory: 06 b6 3c 13 00 00 00 00
stack at sp + 2 slots: 0x00007fd60ee91560 points into unknown readable memory: 00 02 00 00 00 00 00 00
stack at sp + 3 slots: 0x0000700008273c20 points into unknown readable memory: b0 3c 27 08 00 70 00 00
stack at sp + 4 slots: 0x00000001023f53ad: _ZN18G1CodeRootSetTable11nmethods_doEP15CodeBlobClosure+0x33 in /Library/Java/JavaVirtualMachines/jdk-14-loom-20190902.jdk/Contents/Home/lib/server/libjvm.dylib at 0x0000000102000000
stack at sp + 5 slots: 0x0000700008273d10 points into unknown readable memory: c8 c6 aa 02 01 00 00 00
stack at sp + 6 slots: 0x000000000000001d is an unknown value
stack at sp + 7 slots: 0x00007fd607718140 points into unknown readable memory: a0 ea aa 02 01 00 00 00


---------------  P R O C E S S  ---------------

Threads class SMR info:
_java_thread_list=0x00007fd60eff65f0, length=42, elements={
0x00007fd60a045000, 0x00007fd60a048000, 0x00007fd60a054800, 0x00007fd60785f000,
0x00007fd60880d000, 0x00007fd60785f800, 0x00007fd607870800, 0x00007fd60889b000,
0x00007fd607d05800, 0x00007fd607d09800, 0x00007fd60a5b0800, 0x00007fd607d0b800,
0x00007fd609cd6000, 0x00007fd6082b3000, 0x00007fd60a83c000, 0x00007fd60a364800,
0x00007fd609c4b800, 0x00007fd607d16000, 0x00007fd607d18000, 0x00007fd607d19000,
0x00007fd607dfc000, 0x00007fd607dfd000, 0x00007fd6082a0800, 0x00007fd60a81c000,
0x00007fd60aac7000, 0x00007fd60a4c8000, 0x00007fd609c23000, 0x00007fd60b800800,
0x00007fd60e004000, 0x00007fd60d800000, 0x00007fd60d014800, 0x00007fd60c006000,
0x00007fd60d016800, 0x00007fd60d003000, 0x00007fd6089e8800, 0x00007fd60f10b800,
0x00007fd609c1f000, 0x00007fd607dda000, 0x00007fd608a54000, 0x00007fd60aadd000,
0x00007fd609b9f000, 0x00007fd6082b7000
}

Java Threads: ( => current thread )
  0x00007fd60a045000 JavaThread "Reference Handler" daemon [_thread_blocked, id=17667, stack(0x0000700008786000,0x0000700008886000)]
  0x00007fd60a048000 JavaThread "Finalizer" daemon [_thread_blocked, id=15619, stack(0x0000700008889000,0x0000700008989000)]
  0x00007fd60a054800 JavaThread "Signal Dispatcher" daemon [_thread_blocked, id=22275, stack(0x000070000898c000,0x0000700008a8c000)]
  0x00007fd60785f000 JavaThread "C2 CompilerThread0" daemon [_thread_blocked, id=42755, stack(0x0000700008a8f000,0x0000700008b8f000)]
  0x00007fd60880d000 JavaThread "C1 CompilerThread0" daemon [_thread_blocked, id=42243, stack(0x0000700008b92000,0x0000700008c92000)]
  0x00007fd60785f800 JavaThread "Sweeper thread" daemon [_thread_blocked, id=23043, stack(0x0000700008c95000,0x0000700008d95000)]
  0x00007fd607870800 JavaThread "Service Thread" daemon [_thread_blocked, id=41219, stack(0x0000700008d98000,0x0000700008e98000)]
  0x00007fd60889b000 JavaThread "Common-Cleaner" daemon [_thread_blocked, id=40195, stack(0x0000700008f9e000,0x000070000909e000)]
  0x00007fd607d05800 JavaThread "http-nio-8081-BlockPoller" daemon [_thread_blocked, id=24847, stack(0x00007000091a4000,0x00007000092a4000)]
  0x00007fd607d09800 JavaThread "Catalina-utility-1" [_thread_blocked, id=36867, stack(0x0000700009abf000,0x0000700009bbf000)]
  0x00007fd60a5b0800 JavaThread "Catalina-utility-2" [_thread_blocked, id=27651, stack(0x0000700009bc2000,0x0000700009cc2000)]
  0x00007fd607d0b800 JavaThread "container-0" [_thread_blocked, id=28419, stack(0x0000700009cc5000,0x0000700009dc5000)]
  0x00007fd609cd6000 JavaThread "spring.cloud.inetutils" daemon [_thread_blocked, id=29187, stack(0x0000700009dc8000,0x0000700009ec8000)]
  0x00007fd6082b3000 JavaThread "HttpClient-1-SelectorManager" daemon [_thread_blocked, id=29955, stack(0x000070000a0d1000,0x000070000a1d1000)]
  0x00007fd60a83c000 JavaThread "Eureka-JerseyClient-Conn-Cleaner2" daemon [_thread_blocked, id=35331, stack(0x000070000a1d4000,0x000070000a2d4000)]
  0x00007fd60a364800 JavaThread "AsyncResolver-bootstrap-0" daemon [_thread_blocked, id=34819, stack(0x000070000a2d7000,0x000070000a3d7000)]
  0x00007fd609c4b800 JavaThread "DiscoveryClient-0" daemon [_thread_blocked, id=30979, stack(0x000070000a3da000,0x000070000a4da000)]
  0x00007fd607d16000 JavaThread "http-nio-8080-BlockPoller" daemon [_thread_in_native, id=31491, stack(0x000070000a4dd000,0x000070000a5dd000)]
  0x00007fd607d18000 JavaThread "http-nio-8080-ClientPoller" daemon [_thread_blocked, id=33539, stack(0x000070000a5e0000,0x000070000a6e0000)]
  0x00007fd607d19000 JavaThread "http-nio-8080-Acceptor" daemon [_thread_in_native, id=33283, stack(0x000070000a6e3000,0x000070000a7e3000)]
  0x00007fd607dfc000 JavaThread "http-nio-8081-ClientPoller" daemon [_thread_in_native, id=32771, stack(0x000070000a7e6000,0x000070000a8e6000)]
  0x00007fd607dfd000 JavaThread "http-nio-8081-Acceptor" daemon [_thread_in_native, id=43779, stack(0x000070000a8e9000,0x000070000a9e9000)]
  0x00007fd6082a0800 JavaThread "DestroyJavaVM" [_thread_blocked, id=7171, stack(0x0000700008071000,0x0000700008171000)]
  0x00007fd60a81c000 JavaThread "fiber-carrier-thread-0" [_thread_blocked, id=26891, stack(0x00007000090a1000,0x00007000091a1000)]
  0x00007fd60aac7000 JavaThread "fiber-carrier-thread-1" [_thread_blocked, id=38155, stack(0x00007000097b6000,0x00007000098b6000)]
  0x00007fd60a4c8000 JavaThread "fiber-carrier-thread-2" [_thread_blocked, id=44291, stack(0x000070000a9ec000,0x000070000aaec000)]
  0x00007fd609c23000 JavaThread "fiber-carrier-thread-3" [_thread_blocked, id=86787, stack(0x000070000aaef000,0x000070000abef000)]
  0x00007fd60b800800 JavaThread "HttpClient-1-Worker-4" daemon [_thread_blocked, id=83203, stack(0x000070000b204000,0x000070000b304000)]
  0x00007fd60e004000 JavaThread "HttpClient-1-Worker-5" daemon [_thread_blocked, id=46083, stack(0x000070000b307000,0x000070000b407000)]
  0x00007fd60d800000 JavaThread "HttpClient-1-Worker-6" daemon [_thread_blocked, id=82179, stack(0x000070000b40a000,0x000070000b50a000)]
  0x00007fd60d014800 JavaThread "HttpClient-1-Worker-7" daemon [_thread_blocked, id=81411, stack(0x000070000b50d000,0x000070000b60d000)]
  0x00007fd60c006000 JavaThread "HttpClient-1-Worker-9" daemon [_thread_blocked, id=80899, stack(0x000070000b713000,0x000070000b813000)]
  0x00007fd60d016800 JavaThread "HttpClient-1-Worker-11" daemon [_thread_blocked, id=47875, stack(0x000070000b919000,0x000070000ba19000)]
  0x00007fd60d003000 JavaThread "HttpClient-1-Worker-13" daemon [_thread_blocked, id=78851, stack(0x000070000bb1f000,0x000070000bc1f000)]
  0x00007fd6089e8800 JavaThread "Attach Listener" daemon [_thread_blocked, id=78595, stack(0x000070000bc22000,0x000070000bd22000)]
  0x00007fd60f10b800 JavaThread "RMI TCP Accept-0" daemon [_thread_in_native, id=49411, stack(0x000070000bd25000,0x000070000be25000)]
  0x00007fd609c1f000 JavaThread "RMI TCP Connection(1)-192.168.86.48" daemon [_thread_in_native, id=50179, stack(0x000070000be28000,0x000070000bf28000)]
  0x00007fd607dda000 JavaThread "RMI Scheduler(0)" daemon [_thread_blocked, id=50691, stack(0x000070000bf2b000,0x000070000c02b000)]
  0x00007fd608a54000 JavaThread "JMX server connection timeout 764" daemon [_thread_blocked, id=77571, stack(0x000070000c02e000,0x000070000c12e000)]
  0x00007fd60aadd000 JavaThread "RMI TCP Connection(idle)" daemon [_thread_blocked, id=51459, stack(0x000070000c131000,0x000070000c231000)]
  0x00007fd609b9f000 JavaThread "DiscoveryClient-CacheRefreshExecutor-0" daemon [_thread_blocked, id=77059, stack(0x000070000c234000,0x000070000c334000)]
  0x00007fd6082b7000 JavaThread "DiscoveryClient-1" daemon [_thread_blocked, id=76547, stack(0x000070000c337000,0x000070000c437000)]

Other Threads:
  0x00007fd608002800 VMThread "VM Thread" [stack: 0x0000700008683000,0x0000700008783000] [id=14339]
  0x00007fd607871800 WatcherThread [stack: 0x0000700008e9b000,0x0000700008f9b000] [id=40707]
=>0x00007fd60784b000 GCTaskThread "GC Thread#0" [stack: 0x0000700008174000,0x0000700008274000] [id=20483]
  0x00007fd60a442800 GCTaskThread "GC Thread#1" [stack: 0x00007000092a7000,0x00007000093a7000] [id=25091]
  0x00007fd60a42f000 GCTaskThread "GC Thread#2" [stack: 0x00007000093aa000,0x00007000094aa000] [id=25347]
  0x00007fd609c42000 GCTaskThread "GC Thread#3" [stack: 0x00007000094ad000,0x00007000095ad000] [id=25603]
  0x00007fd60a815000 GCTaskThread "GC Thread#4" [stack: 0x00007000095b0000,0x00007000096b0000] [id=26115]
  0x00007fd60a816000 GCTaskThread "GC Thread#5" [stack: 0x00007000096b3000,0x00007000097b3000] [id=38915]
  0x00007fd607d0d000 GCTaskThread "GC Thread#6" [stack: 0x0000700009ecb000,0x0000700009fcb000] [id=36611]
  0x00007fd607d0d800 GCTaskThread "GC Thread#7" [stack: 0x0000700009fce000,0x000070000a0ce000] [id=36099]
  0x00007fd608310800 GCTaskThread "GC Thread#8" [stack: 0x000070000abf2000,0x000070000acf2000] [id=44803]
  0x00007fd608311000 GCTaskThread "GC Thread#9" [stack: 0x000070000acf5000,0x000070000adf5000] [id=45059]
  0x00007fd60785c000 ConcurrentGCThread "G1 Main Marker" [stack: 0x0000700008277000,0x0000700008377000] [id=12291]
  0x00007fd60a000000 ConcurrentGCThread "G1 Conc#0" [stack: 0x000070000837a000,0x000070000847a000] [id=19715]
  0x00007fd608080000 ConcurrentGCThread "G1 Conc#1" [stack: 0x00007000098b9000,0x00007000099b9000] [id=38663]
  0x00007fd60d000800 ConcurrentGCThread "G1 Conc#2" [stack: 0x00007000099bc000,0x0000700009abc000] [id=37635]
  0x00007fd60888f000 ConcurrentGCThread "G1 Refine#0" [stack: 0x000070000847d000,0x000070000857d000] [id=13315]
  0x00007fd608890000 ConcurrentGCThread "G1 Young RemSet Sampling" [stack: 0x0000700008580000,0x0000700008680000] [id=13571]

Threads with active compile tasks:

VM state:at safepoint (normal execution)

VM Mutex/Monitor currently owned by a thread:  ([mutex/lock_event])
[0x00007fd607709300] Threads_lock - owner thread: 0x00007fd608002800
[0x00007fd60770a400] Heap_lock - owner thread: 0x00007fd60a4c8000

Heap address: 0x0000000700000000, size: 4096 MB, Compressed Oops mode: Zero based, Oop shift amount: 3
Narrow klass base: 0x0000000800000000, Narrow klass shift: 3
Compressed class space size: 1073741824 Address: 0x0000000800b47000

Heap:
 garbage-first heap   total 75776K, used 39614K [0x0000000700000000, 0x0000000800000000)
  region size 1024K, 2 young (2048K), 1 survivors (1024K)
 Metaspace       used 53173K, capacity 54644K, committed 55040K, reserved 1097728K
  class space    used 6249K, capacity 6786K, committed 6912K, reserved 1048576K
Heap Regions: E=young(eden), S=young(survivor), O=old, HS=humongous(starts), HC=humongous(continues), CS=collection set, F=free, A=archive, TAMS=top-at-mark-start (previous, next)
|   0|0x0000000700000000, 0x0000000700100000, 0x0000000700100000|100%| O|  |TAMS 0x0000000700100000, 0x0000000700000000| Untracked 
|   1|0x0000000700100000, 0x0000000700200000, 0x0000000700200000|100%| O|  |TAMS 0x0000000700200000, 0x0000000700100000| Untracked 
|   2|0x0000000700200000, 0x00000007002e4e00, 0x0000000700300000| 89%| O|  |TAMS 0x00000007002e4e00, 0x0000000700200000| Untracked 
|   3|0x0000000700300000, 0x0000000700400000, 0x0000000700400000|100%| O|  |TAMS 0x0000000700400000, 0x0000000700300000| Untracked 
|   4|0x0000000700400000, 0x0000000700500000, 0x0000000700500000|100%| O|  |TAMS 0x0000000700500000, 0x0000000700400000| Untracked 
|   5|0x0000000700500000, 0x0000000700600000, 0x0000000700600000|100%| O|  |TAMS 0x0000000700600000, 0x0000000700500000| Untracked 
|   6|0x0000000700600000, 0x0000000700700000, 0x0000000700700000|100%| O|  |TAMS 0x0000000700700000, 0x0000000700600000| Untracked 
|   7|0x0000000700700000, 0x0000000700800000, 0x0000000700800000|100%| O|  |TAMS 0x0000000700800000, 0x0000000700700000| Untracked 
|   8|0x0000000700800000, 0x0000000700900000, 0x0000000700900000|100%| O|  |TAMS 0x0000000700900000, 0x0000000700800000| Untracked 
|   9|0x0000000700900000, 0x0000000700a00000, 0x0000000700a00000|100%| O|CS|TAMS 0x0000000700a00000, 0x0000000700900000| Complete 
|  10|0x0000000700a00000, 0x0000000700b00000, 0x0000000700b00000|100%| O|CS|TAMS 0x0000000700b00000, 0x0000000700a00000| Complete 
|  11|0x0000000700b00000, 0x0000000700c00000, 0x0000000700c00000|100%| O|  |TAMS 0x0000000700c00000, 0x0000000700b00000| Untracked 
|  12|0x0000000700c00000, 0x0000000700d00000, 0x0000000700d00000|100%| O|  |TAMS 0x0000000700d00000, 0x0000000700c00000| Untracked 
|  13|0x0000000700d00000, 0x0000000700e00000, 0x0000000700e00000|100%| O|  |TAMS 0x0000000700e00000, 0x0000000700d00000| Untracked 
|  14|0x0000000700e00000, 0x0000000700f00000, 0x0000000700f00000|100%| O|  |TAMS 0x0000000700f00000, 0x0000000700e00000| Complete 
|  15|0x0000000700f00000, 0x0000000701000000, 0x0000000701000000|100%| O|  |TAMS 0x0000000701000000, 0x0000000700f00000| Complete 
|  16|0x0000000701000000, 0x0000000701100000, 0x0000000701100000|100%| O|CS|TAMS 0x0000000701100000, 0x0000000701000000| Complete 
|  17|0x0000000701100000, 0x0000000701200000, 0x0000000701200000|100%| O|  |TAMS 0x00000007011b0400, 0x0000000701100000| Untracked 
|  18|0x0000000701200000, 0x0000000701300000, 0x0000000701300000|100%| O|  |TAMS 0x0000000701300000, 0x0000000701200000| Untracked 
|  19|0x0000000701300000, 0x0000000701400000, 0x0000000701400000|100%| O|  |TAMS 0x0000000701300000, 0x0000000701300000| Untracked 
|  20|0x0000000701400000, 0x0000000701500000, 0x0000000701500000|100%| O|  |TAMS 0x0000000701400000, 0x0000000701400000| Untracked 
|  21|0x0000000701500000, 0x0000000701600000, 0x0000000701600000|100%| O|  |TAMS 0x0000000701600000, 0x0000000701500000| Untracked 
|  22|0x0000000701600000, 0x0000000701700000, 0x0000000701700000|100%| O|  |TAMS 0x0000000701600000, 0x0000000701600000| Untracked 
|  23|0x0000000701700000, 0x0000000701800000, 0x0000000701800000|100%| O|  |TAMS 0x0000000701800000, 0x0000000701700000| Untracked 
|  24|0x0000000701800000, 0x0000000701900000, 0x0000000701900000|100%| O|  |TAMS 0x0000000701900000, 0x0000000701800000| Untracked 
|  25|0x0000000701900000, 0x0000000701a00000, 0x0000000701a00000|100%| O|  |TAMS 0x0000000701a00000, 0x0000000701900000| Complete 
|  26|0x0000000701a00000, 0x0000000701b00000, 0x0000000701b00000|100%| O|CS|TAMS 0x0000000701b00000, 0x0000000701a00000| Complete 
|  27|0x0000000701b00000, 0x0000000701c00000, 0x0000000701c00000|100%| O|  |TAMS 0x0000000701b00000, 0x0000000701b00000| Untracked 
|  28|0x0000000701c00000, 0x0000000701d00000, 0x0000000701d00000|100%| O|CS|TAMS 0x0000000701d00000, 0x0000000701c00000| Complete 
|  29|0x0000000701d00000, 0x0000000701e00000, 0x0000000701e00000|100%| O|CS|TAMS 0x0000000701e00000, 0x0000000701d00000| Complete 
|  30|0x0000000701e00000, 0x0000000701f00000, 0x0000000701f00000|100%| O|  |TAMS 0x0000000701f00000, 0x0000000701e00000| Untracked 
|  31|0x0000000701f00000, 0x0000000702000000, 0x0000000702000000|100%| O|  |TAMS 0x0000000702000000, 0x0000000701f00000| Untracked 
|  32|0x0000000702000000, 0x0000000702100000, 0x0000000702100000|100%| O|  |TAMS 0x0000000702100000, 0x0000000702000000| Untracked 
|  33|0x0000000702100000, 0x0000000702200000, 0x0000000702200000|100%| O|  |TAMS 0x0000000702200000, 0x0000000702100000| Complete 
|  34|0x0000000702200000, 0x0000000702300000, 0x0000000702300000|100%| O|  |TAMS 0x0000000702300000, 0x0000000702200000| Untracked 
|  35|0x0000000702300000, 0x0000000702400000, 0x0000000702400000|100%| O|  |TAMS 0x0000000702400000, 0x0000000702300000| Complete 
|  36|0x0000000702400000, 0x0000000702500000, 0x0000000702500000|100%| O|  |TAMS 0x0000000702500000, 0x0000000702400000| Complete 
|  37|0x0000000702500000, 0x0000000702600000, 0x0000000702600000|100%| O|CS|TAMS 0x0000000702600000, 0x0000000702500000| Complete 
|  38|0x0000000702600000, 0x00000007026ffff8, 0x0000000702700000| 99%| O|CS|TAMS 0x00000007026ffff8, 0x0000000702600000| Complete 
|  39|0x0000000702700000, 0x0000000702800000, 0x0000000702800000|100%| O|  |TAMS 0x0000000702800000, 0x0000000702700000| Untracked 
|  40|0x0000000702800000, 0x00000007028b0ed0, 0x0000000702900000| 69%| O|  |TAMS 0x0000000702800000, 0x0000000702800000| Untracked 
|  41|0x0000000702900000, 0x0000000702900000, 0x0000000702a00000|  0%| F|  |TAMS 0x0000000702900000, 0x0000000702900000| Untracked 
|  42|0x0000000702a00000, 0x0000000702a00000, 0x0000000702b00000|  0%| F|  |TAMS 0x0000000702a00000, 0x0000000702a00000| Untracked 
|  43|0x0000000702b00000, 0x0000000702b00000, 0x0000000702c00000|  0%| F|  |TAMS 0x0000000702b00000, 0x0000000702b00000| Untracked 
|  44|0x0000000702c00000, 0x0000000702c00000, 0x0000000702d00000|  0%| F|  |TAMS 0x0000000702c00000, 0x0000000702c00000| Untracked 
|  45|0x0000000702d00000, 0x0000000702d00000, 0x0000000702e00000|  0%| F|  |TAMS 0x0000000702d00000, 0x0000000702d00000| Untracked 
|  46|0x0000000702e00000, 0x0000000702e589f0, 0x0000000702f00000| 34%| E|CS|TAMS 0x0000000702e00000, 0x0000000702e00000| Complete 
|  47|0x0000000702f00000, 0x0000000702f00000, 0x0000000703000000|  0%| F|  |TAMS 0x0000000702f00000, 0x0000000702f00000| Untracked 
|  48|0x0000000703000000, 0x0000000703000000, 0x0000000703100000|  0%| F|  |TAMS 0x0000000703000000, 0x0000000703000000| Untracked 
|  49|0x0000000703100000, 0x0000000703200000, 0x0000000703200000|100%| E|CS|TAMS 0x0000000703100000, 0x0000000703100000| Complete 
|  50|0x0000000703200000, 0x0000000703200000, 0x0000000703300000|  0%| F|  |TAMS 0x0000000703200000, 0x0000000703200000| Untracked 
|  51|0x0000000703300000, 0x0000000703300000, 0x0000000703400000|  0%| F|  |TAMS 0x0000000703300000, 0x0000000703300000| Untracked 
|  52|0x0000000703400000, 0x0000000703400000, 0x0000000703500000|  0%| F|  |TAMS 0x0000000703400000, 0x0000000703400000| Untracked 
|  53|0x0000000703500000, 0x0000000703500000, 0x0000000703600000|  0%| F|  |TAMS 0x0000000703500000, 0x0000000703500000| Untracked 
|  54|0x0000000703600000, 0x0000000703600000, 0x0000000703700000|  0%| F|  |TAMS 0x0000000703600000, 0x0000000703600000| Untracked 
|  55|0x0000000703700000, 0x0000000703700000, 0x0000000703800000|  0%| F|  |TAMS 0x0000000703700000, 0x0000000703700000| Untracked 
|  56|0x0000000703800000, 0x0000000703800000, 0x0000000703900000|  0%| F|  |TAMS 0x0000000703800000, 0x0000000703800000| Untracked 
|  57|0x0000000703900000, 0x0000000703900000, 0x0000000703a00000|  0%| F|  |TAMS 0x0000000703900000, 0x0000000703900000| Untracked 
|  58|0x0000000703a00000, 0x0000000703a00000, 0x0000000703b00000|  0%| F|  |TAMS 0x0000000703a00000, 0x0000000703a00000| Untracked 
|  59|0x0000000703b00000, 0x0000000703b00000, 0x0000000703c00000|  0%| F|  |TAMS 0x0000000703b00000, 0x0000000703b00000| Untracked 
|  60|0x0000000703c00000, 0x0000000703c00000, 0x0000000703d00000|  0%| F|  |TAMS 0x0000000703c00000, 0x0000000703c00000| Untracked 
|  61|0x0000000703d00000, 0x0000000703d00000, 0x0000000703e00000|  0%| F|  |TAMS 0x0000000703d00000, 0x0000000703d00000| Untracked 
|  62|0x0000000703e00000, 0x0000000703e00000, 0x0000000703f00000|  0%| F|  |TAMS 0x0000000703e00000, 0x0000000703e00000| Untracked 
|  73|0x0000000704900000, 0x0000000704900000, 0x0000000704a00000|  0%| F|  |TAMS 0x0000000704900000, 0x0000000704900000| Untracked 
|  74|0x0000000704a00000, 0x0000000704a00000, 0x0000000704b00000|  0%| F|  |TAMS 0x0000000704a00000, 0x0000000704a00000| Untracked 
|  75|0x0000000704b00000, 0x0000000704b00000, 0x0000000704c00000|  0%| F|  |TAMS 0x0000000704b00000, 0x0000000704b00000| Untracked 
|  76|0x0000000704c00000, 0x0000000704c00000, 0x0000000704d00000|  0%| F|  |TAMS 0x0000000704c00000, 0x0000000704c00000| Untracked 
|  77|0x0000000704d00000, 0x0000000704d00000, 0x0000000704e00000|  0%| F|  |TAMS 0x0000000704d00000, 0x0000000704d00000| Untracked 
|  78|0x0000000704e00000, 0x0000000704e00000, 0x0000000704f00000|  0%| F|  |TAMS 0x0000000704e00000, 0x0000000704e00000| Untracked 
|  79|0x0000000704f00000, 0x0000000704f00000, 0x0000000705000000|  0%| F|  |TAMS 0x0000000704f00000, 0x0000000704f00000| Untracked 
|  80|0x0000000705000000, 0x0000000705053a20, 0x0000000705100000| 32%| S|  |TAMS 0x0000000705000000, 0x0000000705000000| Complete 
| 255|0x000000070ff00000, 0x0000000710000000, 0x0000000710000000|100%| E|CS|TAMS 0x000000070ff00000, 0x000000070ff00000| Complete 
|3070|0x00000007bfe00000, 0x00000007bfe49000, 0x00000007bff00000| 28%|OA|  |TAMS 0x00000007bfe49000, 0x00000007bfe00000| Untracked 
|3071|0x00000007bff00000, 0x00000007bff79000, 0x00000007c0000000| 47%|CA|  |TAMS 0x00000007bff79000, 0x00000007bff00000| Untracked 

Card table byte_map: [0x0000000104424000,0x0000000104c24000] _byte_map_base: 0x0000000100c24000

Marking Bits (Prev, Next): (CMBitMap*) 0x00007fd60784b618, (CMBitMap*) 0x00007fd60784b658
 Prev Bits: [0x000000011edd3000, 0x0000000122dd3000)
 Next Bits: [0x0000000122dd3000, 0x0000000126dd3000)

Polling page: 0x00000001006fb000

Metaspace:

Usage:
  Non-class:     46.74 MB capacity,    45.82 MB ( 98%) used,   755.30 KB (  2%) free+waste,   178.44 KB ( <1%) overhead. 
      Class:      6.63 MB capacity,     6.10 MB ( 92%) used,   458.56 KB (  7%) free+waste,    77.75 KB (  1%) overhead. 
       Both:     53.36 MB capacity,    51.93 MB ( 97%) used,     1.19 MB (  2%) free+waste,   256.19 KB ( <1%) overhead. 

Virtual space:
  Non-class space:       48.00 MB reserved,      47.00 MB ( 98%) committed 
      Class space:        1.00 GB reserved,       6.75 MB ( <1%) committed 
             Both:        1.05 GB reserved,      53.75 MB (  5%) committed 

Chunk freelists:
   Non-Class:  78.00 KB
       Class:  98.00 KB
        Both:  176.00 KB

MaxMetaspaceSize: unlimited
CompressedClassSpaceSize: 1.00 GB

CodeHeap 'non-profiled nmethods': size=120032Kb used=6442Kb max_used=6442Kb free=113589Kb
 bounds [0x000000011789b000, 0x0000000117eeb000, 0x000000011edd3000]
CodeHeap 'profiled nmethods': size=120028Kb used=16847Kb max_used=19499Kb free=103180Kb
 bounds [0x0000000110364000, 0x00000001116c4000, 0x000000011789b000]
CodeHeap 'non-nmethods': size=5700Kb used=1427Kb max_used=1468Kb free=4273Kb
 bounds [0x000000010fdd3000, 0x0000000110043000, 0x0000000110364000]
 total_blobs=15165 nmethods=7817 adapters=472
 compilation: enabled
              stopped_count=0, restarted_count=0
 full_count=0

Compilation events (20 events):
Event: 82.406 Thread 0x00007fd60785f000 9947   !   4       org.springframework.web.method.support.InvocableHandlerMethod::getMethodArgumentValues (197 bytes)
Event: 82.407 Thread 0x00007fd60785f000 nmethod 9947 0x0000000117ece710 code [0x0000000117ece8a0, 0x0000000117ece958]
Event: 82.407 Thread 0x00007fd60785f000 9948       4       jdk.internal.net.http.Http1Request::hostString (87 bytes)
Event: 82.420 Thread 0x00007fd60785f000 nmethod 9948 0x0000000117ecea10 code [0x0000000117ecec20, 0x0000000117ecf790]
Event: 82.721 Thread 0x00007fd60785f000 9949 % !   4       jdk.internal.net.http.HttpClientImpl$SelectorManager::run @ 1020 (1478 bytes)
Event: 82.752 Thread 0x00007fd60880d000 9950       3       java.rmi.server.UID::write (31 bytes)
Event: 82.753 Thread 0x00007fd60880d000 nmethod 9950 0x0000000110fb0e90 code [0x0000000110fb1080, 0x0000000110fb1488]
Event: 83.270 Thread 0x00007fd60785f000 nmethod 9949% 0x0000000117ed0290 code [0x0000000117ed09e0, 0x0000000117ed8278]
Event: 83.353 Thread 0x00007fd60785f000 9951   !   4       org.apache.coyote.http11.Http11Processor::service (1229 bytes)
Event: 83.438 Thread 0x00007fd60785f000 nmethod 9951 0x0000000117edc910 code [0x0000000117edce80, 0x0000000117ee0030]
Event: 83.438 Thread 0x00007fd60785f000 9952       4       org.apache.coyote.http11.Http11InputBuffer::init (72 bytes)
Event: 83.445 Thread 0x00007fd60785f000 nmethod 9952 0x0000000117ee2910 code [0x0000000117ee2ae0, 0x0000000117ee3298]
Event: 83.445 Thread 0x00007fd60785f000 9954       4       org.apache.catalina.connector.CoyoteAdapter$1::initialValue (5 bytes)
Event: 83.446 Thread 0x00007fd60785f000 nmethod 9954 0x0000000117ee3610 code [0x0000000117ee37c0, 0x0000000117ee38a8]
Event: 83.446 Thread 0x00007fd60785f000 9955       4       sun.nio.cs.ISO_8859_1::newDecoder (9 bytes)
Event: 83.447 Thread 0x00007fd60785f000 nmethod 9955 0x0000000117ee3990 code [0x0000000117ee3b40, 0x0000000117ee3c88]
Event: 83.447 Thread 0x00007fd60785f000 9953       4       org.apache.tomcat.util.net.NioEndpoint$NioSocketWrapper::setAppReadBufHandler (12 bytes)
Event: 83.448 Thread 0x00007fd60785f000 nmethod 9953 0x0000000117ee3d90 code [0x0000000117ee3f20, 0x0000000117ee40b8]
Event: 83.756 Thread 0x00007fd60785f000 9956   !   4       jdk.internal.net.http.SocketTube$InternalWriteSubscriber$WriteSubscription::requestMore (291 bytes)
Event: 83.766 Thread 0x00007fd60785f000 nmethod 9956 0x0000000117ee4190 code [0x0000000117ee4420, 0x0000000117ee5120]

GC Heap History (20 events):
Event: 57.915 GC heap after
{Heap after GC invocations=40 (full 0):
 garbage-first heap   total 75776K, used 36406K [0x0000000700000000, 0x0000000800000000)
  region size 1024K, 2 young (2048K), 2 survivors (2048K)
 Metaspace       used 53076K, capacity 54508K, committed 54784K, reserved 1097728K
  class space    used 6246K, capacity 6784K, committed 6912K, reserved 1048576K
}
Event: 60.902 GC heap before
{Heap before GC invocations=41 (full 0):
 garbage-first heap   total 75776K, used 59958K [0x0000000700000000, 0x0000000800000000)
  region size 1024K, 26 young (26624K), 2 survivors (2048K)
 Metaspace       used 53086K, capacity 54508K, committed 54784K, reserved 1097728K
  class space    used 6246K, capacity 6784K, committed 6912K, reserved 1048576K
}
Event: 60.903 GC heap after
{Heap after GC invocations=42 (full 0):
 garbage-first heap   total 75776K, used 36668K [0x0000000700000000, 0x0000000800000000)
  region size 1024K, 3 young (3072K), 3 survivors (3072K)
 Metaspace       used 53086K, capacity 54508K, committed 54784K, reserved 1097728K
  class space    used 6246K, capacity 6784K, committed 6912K, reserved 1048576K
}
Event: 63.703 GC heap before
{Heap before GC invocations=42 (full 0):
 garbage-first heap   total 75776K, used 60220K [0x0000000700000000, 0x0000000800000000)
  region size 1024K, 26 young (26624K), 3 survivors (3072K)
 Metaspace       used 53101K, capacity 54514K, committed 54784K, reserved 1097728K
  class space    used 6248K, capacity 6786K, committed 6912K, reserved 1048576K
}
Event: 63.705 GC heap after
{Heap after GC invocations=43 (full 0):
 garbage-first heap   total 75776K, used 36505K [0x0000000700000000, 0x0000000800000000)
  region size 1024K, 2 young (2048K), 2 survivors (2048K)
 Metaspace       used 53101K, capacity 54514K, committed 54784K, reserved 1097728K
  class space    used 6248K, capacity 6786K, committed 6912K, reserved 1048576K
}
Event: 66.748 GC heap before
{Heap before GC invocations=44 (full 0):
 garbage-first heap   total 75776K, used 61081K [0x0000000700000000, 0x0000000800000000)
  region size 1024K, 26 young (26624K), 2 survivors (2048K)
 Metaspace       used 53127K, capacity 54579K, committed 54784K, reserved 1097728K
  class space    used 6248K, capacity 6786K, committed 6912K, reserved 1048576K
}
Event: 66.751 GC heap after
{Heap after GC invocations=45 (full 0):
 garbage-first heap   total 75776K, used 36849K [0x0000000700000000, 0x0000000800000000)
  region size 1024K, 3 young (3072K), 3 survivors (3072K)
 Metaspace       used 53127K, capacity 54579K, committed 54784K, reserved 1097728K
  class space    used 6248K, capacity 6786K, committed 6912K, reserved 1048576K
}
Event: 69.623 GC heap before
{Heap before GC invocations=45 (full 0):
 garbage-first heap   total 75776K, used 59377K [0x0000000700000000, 0x0000000800000000)
  region size 1024K, 26 young (26624K), 3 survivors (3072K)
 Metaspace       used 53141K, capacity 54643K, committed 55040K, reserved 1097728K
  class space    used 6248K, capacity 6786K, committed 6912K, reserved 1048576K
}
Event: 69.625 GC heap after
{Heap after GC invocations=46 (full 0):
 garbage-first heap   total 75776K, used 37876K [0x0000000700000000, 0x0000000800000000)
  region size 1024K, 4 young (4096K), 4 survivors (4096K)
 Metaspace       used 53141K, capacity 54643K, committed 55040K, reserved 1097728K
  class space    used 6248K, capacity 6786K, committed 6912K, reserved 1048576K
}
Event: 72.401 GC heap before
{Heap before GC invocations=47 (full 0):
 garbage-first heap   total 75776K, used 60404K [0x0000000700000000, 0x0000000800000000)
  region size 1024K, 26 young (26624K), 4 survivors (4096K)
 Metaspace       used 53150K, capacity 54643K, committed 55040K, reserved 1097728K
  class space    used 6248K, capacity 6786K, committed 6912K, reserved 1048576K
}
Event: 72.402 GC heap after
{Heap after GC invocations=48 (full 0):
 garbage-first heap   total 75776K, used 38259K [0x0000000700000000, 0x0000000800000000)
  region size 1024K, 3 young (3072K), 3 survivors (3072K)
 Metaspace       used 53150K, capacity 54643K, committed 55040K, reserved 1097728K
  class space    used 6248K, capacity 6786K, committed 6912K, reserved 1048576K
}
Event: 75.263 GC heap before
{Heap before GC invocations=48 (full 0):
 garbage-first heap   total 75776K, used 59763K [0x0000000700000000, 0x0000000800000000)
  region size 1024K, 25 young (25600K), 3 survivors (3072K)
 Metaspace       used 53171K, capacity 54644K, committed 55040K, reserved 1097728K
  class space    used 6249K, capacity 6786K, committed 6912K, reserved 1048576K
}
Event: 75.266 GC heap after
{Heap after GC invocations=49 (full 0):
 garbage-first heap   total 75776K, used 38532K [0x0000000700000000, 0x0000000800000000)
  region size 1024K, 2 young (2048K), 2 survivors (2048K)
 Metaspace       used 53171K, capacity 54644K, committed 55040K, reserved 1097728K
  class space    used 6249K, capacity 6786K, committed 6912K, reserved 1048576K
}
Event: 78.102 GC heap before
{Heap before GC invocations=50 (full 0):
 garbage-first heap   total 75776K, used 60036K [0x0000000700000000, 0x0000000800000000)
  region size 1024K, 24 young (24576K), 2 survivors (2048K)
 Metaspace       used 53172K, capacity 54644K, committed 55040K, reserved 1097728K
  class space    used 6249K, capacity 6786K, committed 6912K, reserved 1048576K
}
Event: 78.103 GC heap after
{Heap after GC invocations=51 (full 0):
 garbage-first heap   total 75776K, used 38673K [0x0000000700000000, 0x0000000800000000)
  region size 1024K, 2 young (2048K), 2 survivors (2048K)
 Metaspace       used 53172K, capacity 54644K, committed 55040K, reserved 1097728K
  class space    used 6249K, capacity 6786K, committed 6912K, reserved 1048576K
}
Event: 80.982 GC heap before
{Heap before GC invocations=51 (full 0):
 garbage-first heap   total 75776K, used 61201K [0x0000000700000000, 0x0000000800000000)
  region size 1024K, 24 young (24576K), 2 survivors (2048K)
 Metaspace       used 53172K, capacity 54644K, committed 55040K, reserved 1097728K
  class space    used 6249K, capacity 6786K, committed 6912K, reserved 1048576K
}
Event: 80.984 GC heap after
{Heap after GC invocations=52 (full 0):
 garbage-first heap   total 75776K, used 38799K [0x0000000700000000, 0x0000000800000000)
  region size 1024K, 2 young (2048K), 2 survivors (2048K)
 Metaspace       used 53172K, capacity 54644K, committed 55040K, reserved 1097728K
  class space    used 6249K, capacity 6786K, committed 6912K, reserved 1048576K
}
Event: 83.856 GC heap before
{Heap before GC invocations=53 (full 0):
 garbage-first heap   total 75776K, used 61327K [0x0000000700000000, 0x0000000800000000)
  region size 1024K, 24 young (24576K), 2 survivors (2048K)
 Metaspace       used 53173K, capacity 54644K, committed 55040K, reserved 1097728K
  class space    used 6249K, capacity 6786K, committed 6912K, reserved 1048576K
}
Event: 83.858 GC heap after
{Heap after GC invocations=54 (full 0):
 garbage-first heap   total 75776K, used 38590K [0x0000000700000000, 0x0000000800000000)
  region size 1024K, 2 young (2048K), 2 survivors (2048K)
 Metaspace       used 53173K, capacity 54644K, committed 55040K, reserved 1097728K
  class space    used 6249K, capacity 6786K, committed 6912K, reserved 1048576K
}
Event: 83.983 GC heap before
{Heap before GC invocations=54 (full 0):
 garbage-first heap   total 75776K, used 39614K [0x0000000700000000, 0x0000000800000000)
  region size 1024K, 3 young (3072K), 2 survivors (2048K)
 Metaspace       used 53173K, capacity 54644K, committed 55040K, reserved 1097728K
  class space    used 6249K, capacity 6786K, committed 6912K, reserved 1048576K
}

Deoptimization events (20 events):
Event: 68.291 Thread 0x00007fd60a81c000 DEOPT PACKING pc=0x0000000117d34c3c sp=0x000070000919d950
Event: 68.291 Thread 0x00007fd60a81c000 DEOPT UNPACKING pc=0x000000010fe2783b sp=0x000070000919d918 mode 2
Event: 68.291 Thread 0x00007fd60a81c000 Uncommon trap: trap_request=0xffffff45 fr.pc=0x0000000117c4cc7c relative=0x00000000000000bc
Event: 68.291 Thread 0x00007fd60a81c000 Uncommon trap: reason=unstable_if action=reinterpret pc=0x0000000117c4cc7c method=jdk.internal.net.http.common.Demand.increase(J)Z @ 35 c2
Event: 68.291 Thread 0x00007fd60a81c000 DEOPT PACKING pc=0x0000000117c4cc7c sp=0x000070000919d870
Event: 68.291 Thread 0x00007fd60a81c000 DEOPT UNPACKING pc=0x000000010fe2783b sp=0x000070000919d808 mode 2
Event: 68.291 Thread 0x00007fd60a81c000 Uncommon trap: trap_request=0xffffff45 fr.pc=0x0000000117d1cf1c relative=0x000000000000037c
Event: 68.291 Thread 0x00007fd60a81c000 Uncommon trap: reason=unstable_if action=reinterpret pc=0x0000000117d1cf1c method=jdk.internal.net.http.SocketTube$InternalReadPublisher$InternalReadSubscription.request(J)V @ 16 c2
Event: 68.291 Thread 0x00007fd60a81c000 DEOPT PACKING pc=0x0000000117d1cf1c sp=0x000070000919d8a0
Event: 68.291 Thread 0x00007fd60a81c000 DEOPT UNPACKING pc=0x000000010fe2783b sp=0x000070000919d850 mode 2
Event: 68.291 Thread 0x00007fd6082b3000 Uncommon trap: trap_request=0xffffff45 fr.pc=0x0000000117e6f730 relative=0x0000000000000a70
Event: 68.291 Thread 0x00007fd6082b3000 Uncommon trap: reason=unstable_if action=reinterpret pc=0x0000000117e6f730 method=jdk.internal.net.http.SocketTube$InternalReadPublisher$InternalReadSubscription.read()V @ 842 c2
Event: 68.291 Thread 0x00007fd6082b3000 DEOPT PACKING pc=0x0000000117e6f730 sp=0x000070000a1d0650
Event: 68.291 Thread 0x00007fd6082b3000 DEOPT UNPACKING pc=0x000000010fe2783b sp=0x000070000a1d0620 mode 2
Event: 72.992 Thread 0x00007fd60a4c8000 Uncommon trap: trap_request=0xffffff45 fr.pc=0x0000000117e22938 relative=0x00000000000004b8
Event: 72.992 Thread 0x00007fd60a4c8000 Uncommon trap: reason=unstable_if action=reinterpret pc=0x0000000117e22938 method=jdk.internal.math.FloatingDecimal$BinaryToASCIIBuffer.getChars([C)I @ 210 c2
Event: 72.992 Thread 0x00007fd60a4c8000 DEOPT PACKING pc=0x0000000117e22938 sp=0x000070000aaeb610
Event: 72.992 Thread 0x00007fd60a4c8000 DEOPT UNPACKING pc=0x000000010fe2783b sp=0x000070000aaeb5c0 mode 2
Event: 82.721 Thread 0x00007fd6082b3000 DEOPT PACKING pc=0x000000011167f773 sp=0x000070000a1d07b0
Event: 82.721 Thread 0x00007fd6082b3000 DEOPT UNPACKING pc=0x000000010fe27d30 sp=0x000070000a1cfe98 mode 0

Classes unloaded (20 events):
Event: 13.370 Thread 0x00007fd608002800 Unloading class 0x0000000801162840 'org/springframework/web/context/request/async/WebAsyncManager$$Lambda$634'
Event: 13.370 Thread 0x00007fd608002800 Unloading class 0x0000000801163440 'org/springframework/web/context/request/async/WebAsyncManager$$Lambda$633'
Event: 13.370 Thread 0x00007fd608002800 Unloading class 0x0000000801163840 'org/springframework/ui/ModelMap$$Lambda$631'
Event: 13.370 Thread 0x00007fd608002800 Unloading class 0x0000000801164440 'org/springframework/ui/ModelMap$$Lambda$629'
Event: 13.370 Thread 0x00007fd608002800 Unloading class 0x0000000801163c40 'org/springframework/ui/ModelMap$$Lambda$628'
Event: 13.370 Thread 0x00007fd608002800 Unloading class 0x0000000801164c40 'org/springframework/web/servlet/mvc/method/annotation/RequestMappingHandlerAdapter$$Lambda$624'
Event: 13.370 Thread 0x00007fd608002800 Unloading class 0x0000000801164840 'org/springframework/web/servlet/mvc/method/annotation/RequestMappingHandlerAdapter$$Lambda$627'
Event: 13.370 Thread 0x00007fd608002800 Unloading class 0x0000000801165440 'org/springframework/web/servlet/mvc/method/annotation/RequestMappingHandlerAdapter$$Lambda$625'
Event: 13.370 Thread 0x00007fd608002800 Unloading class 0x0000000801165c40 'org/springframework/web/servlet/mvc/method/annotation/RequestMappingHandlerAdapter$$Lambda$622'
Event: 13.370 Thread 0x00007fd608002800 Unloading class 0x0000000801166440 'org/springframework/web/servlet/mvc/method/annotation/RequestMappingHandlerAdapter$$Lambda$621'
Event: 13.370 Thread 0x00007fd608002800 Unloading class 0x0000000801166040 'org/springframework/core/MethodIntrospector$$Lambda$620'
Event: 13.370 Thread 0x00007fd608002800 Unloading class 0x0000000801166c40 'org/springframework/core/MethodIntrospector$$Lambda$619'
Event: 13.370 Thread 0x00007fd608002800 Unloading class 0x0000000801167440 'org/springframework/web/servlet/mvc/method/RequestMappingInfoHandlerMapping$$Lambda$617'
Event: 13.370 Thread 0x00007fd608002800 Unloading class 0x0000000801167840 'org/springframework/web/servlet/mvc/condition/ProducesRequestCondition$$Lambda$614'
Event: 13.370 Thread 0x00007fd608002800 Unloading class 0x0000000801161440 'org/springframework/web/servlet/DispatcherServlet$$Lambda$613'
Event: 13.370 Thread 0x00007fd608002800 Unloading class 0x0000000801161040 'org/springframework/web/servlet/DispatcherServlet$$Lambda$611'
Event: 13.370 Thread 0x00007fd608002800 Unloading class 0x0000000801160c40 'org/springframework/web/servlet/DispatcherServlet$$Lambda$612'
Event: 13.370 Thread 0x00007fd608002800 Unloading class 0x0000000801160440 'org/springframework/web/servlet/DispatcherServlet$$Lambda$607'
Event: 13.370 Thread 0x00007fd608002800 Unloading class 0x0000000801160040 'org/springframework/web/servlet/DispatcherServlet$$Lambda$609'
Event: 13.370 Thread 0x00007fd608002800 Unloading class 0x0000000801139040 'org/springframework/web/servlet/DispatcherServlet$$Lambda$608'

Classes redefined (0 events):
No events

Internal exceptions (20 events):
Event: 5.606 Thread 0x00007fd609c23000 Exception <a 'java/lang/NoSuchMethodError'{0x000000070286f390}: 'void java.lang.invoke.DirectMethodHandle$Holder.invokeStatic(java.lang.Object, java.lang.Object, java.lang.Object, java.lang.Object, java.lang.Object, java.lang.Object, java.lang.Object)'> (0x000000070286f390) 
thrown [/Users/jigga/projects/openjdk/loom/src/hotspot/share/interpreter/linkResolver.cpp, line 767]
Event: 5.625 Thread 0x00007fd60a81c000 Implicit null exception at 0x0000000117a2aa57 to 0x0000000117a2ab3e
Event: 5.639 Thread 0x00007fd6082b3000 Exception <a 'java/lang/NoSuchMethodError'{0x000000070fff75d8}: 'void java.lang.invoke.DirectMethodHandle$Holder.invokeStatic(java.lang.Object, java.lang.Object, int)'> (0x000000070fff75d8) 
thrown [/Users/jigga/projects/openjdk/loom/src/hotspot/share/interpreter/linkResolver.cpp, line 767]
Event: 5.710 Thread 0x00007fd60d016800 Exception <a 'java/lang/NoSuchMethodError'{0x0000000704c97830}: 'java.lang.Object java.lang.invoke.DirectMethodHandle$Holder.invokeStatic(java.lang.Object, java.lang.Object, long, java.lang.Object, java.lang.Object, java.lang.Object)'> (0x0000000704c97830) 
thrown [/Users/jigga/projects/openjdk/loom/src/hotspot/share/interpreter/linkResolver.cpp, line 767]
Event: 5.711 Thread 0x00007fd60d016800 Exception <a 'java/lang/NoSuchMethodError'{0x0000000704c9de20}: 'java.lang.Object java.lang.invoke.Invokers$Holder.linkToTargetMethod(java.lang.Object, long, java.lang.Object, java.lang.Object, java.lang.Object, java.lang.Object)'> (0x0000000704c9de20) 
thrown [/Users/jigga/projects/openjdk/loom/src/hotspot/share/interpreter/linkResolver.cpp, line 767]
Event: 13.519 Thread 0x00007fd6089e8800 Exception <a 'java/lang/ClassNotFoundException'{0x00000007050bf3a8}: javax/management/remote/rmi/RMIServerImpl_Skel> (0x00000007050bf3a8) 
thrown [/Users/jigga/projects/openjdk/loom/src/hotspot/share/classfile/systemDictionary.cpp, line 232]
Event: 13.530 Thread 0x00007fd60f10b800 Implicit null exception at 0x0000000117c0a9d4 to 0x0000000117c0b222
Event: 13.540 Thread 0x00007fd609c1f000 Exception <a 'java/lang/NoSuchMethodError'{0x0000000704f61f60}: static [B.<clinit>()V> (0x0000000704f61f60) 
thrown [/Users/jigga/projects/openjdk/loom/src/hotspot/share/prims/jni.cpp, line 1347]
Event: 13.544 Thread 0x00007fd609c1f000 Exception <a 'java/lang/ClassNotFoundException'{0x0000000704f85da8}: javax/management/remote/rmi/RMIConnectionImpl_Skel> (0x0000000704f85da8) 
thrown [/Users/jigga/projects/openjdk/loom/src/hotspot/share/classfile/systemDictionary.cpp, line 232]
Event: 13.545 Thread 0x00007fd608a54000 Exception <a 'java/lang/NoSuchMethodError'{0x0000000704fa9b28}: 'java.lang.Object java.lang.invoke.Invokers$Holder.linkToTargetMethod(java.lang.Object, long, java.lang.Object)'> (0x0000000704fa9b28) 
thrown [/Users/jigga/projects/openjdk/loom/src/hotspot/share/interpreter/linkResolver.cpp, line 767]
Event: 13.560 Thread 0x00007fd609c1f000 Exception <a 'java/lang/NoSuchMethodError'{0x0000000704e6c1c0}: static [Ljavax/management/MBeanAttributeInfo;.<clinit>()V> (0x0000000704e6c1c0) 
thrown [/Users/jigga/projects/openjdk/loom/src/hotspot/share/prims/jni.cpp, line 1347]
Event: 13.561 Thread 0x00007fd609c1f000 Exception <a 'java/lang/NoSuchMethodError'{0x0000000704e7c878}: static [Ljava/lang/String;.<clinit>()V> (0x0000000704e7c878) 
thrown [/Users/jigga/projects/openjdk/loom/src/hotspot/share/prims/jni.cpp, line 1347]
Event: 13.561 Thread 0x00007fd609c1f000 Exception <a 'java/lang/NoSuchMethodError'{0x0000000704e7d548}: static [Ljava/lang/Object;.<clinit>()V> (0x0000000704e7d548) 
thrown [/Users/jigga/projects/openjdk/loom/src/hotspot/share/prims/jni.cpp, line 1347]
Event: 13.564 Thread 0x00007fd609c1f000 Exception <a 'java/lang/NoSuchMethodError'{0x0000000704eb11e0}: static [Ljavax/management/MBeanConstructorInfo;.<clinit>()V> (0x0000000704eb11e0) 
thrown [/Users/jigga/projects/openjdk/loom/src/hotspot/share/prims/jni.cpp, line 1347]
Event: 13.564 Thread 0x00007fd609c1f000 Exception <a 'java/lang/NoSuchMethodError'{0x0000000704eb20d0}: static [Ljavax/management/MBeanNotificationInfo;.<clinit>()V> (0x0000000704eb20d0) 
thrown [/Users/jigga/projects/openjdk/loom/src/hotspot/share/prims/jni.cpp, line 1347]
Event: 13.564 Thread 0x00007fd609c1f000 Exception <a 'java/lang/NoSuchMethodError'{0x0000000704eb2f90}: static [Ljavax/management/MBeanOperationInfo;.<clinit>()V> (0x0000000704eb2f90) 
thrown [/Users/jigga/projects/openjdk/loom/src/hotspot/share/prims/jni.cpp, line 1347]
Event: 14.584 Thread 0x00007fd609c1f000 Exception <a 'java/lang/NoSuchMethodError'{0x0000000703b7db28}: static [J.<clinit>()V> (0x0000000703b7db28) 
thrown [/Users/jigga/projects/openjdk/loom/src/hotspot/share/prims/jni.cpp, line 1347]
Event: 14.595 Thread 0x00007fd609c1f000 Exception <a 'java/lang/NoSuchMethodError'{0x0000000703a2fdb8}: static [Ljavax/management/openmbean/CompositeData;.<clinit>()V> (0x0000000703a2fdb8) 
thrown [/Users/jigga/projects/openjdk/loom/src/hotspot/share/prims/jni.cpp, line 1347]
Event: 33.092 Thread 0x00007fd609c23000 Implicit null exception at 0x0000000117d33aad to 0x0000000117d33d6e
Event: 62.018 Thread 0x00007fd60d800000 Implicit null exception at 0x0000000117de8a10 to 0x0000000117de8a55

Events (20 events):
Event: 78.726 Executing VM operation: ThreadDump done
Event: 79.729 Executing VM operation: ThreadDump
Event: 79.729 Executing VM operation: ThreadDump done
Event: 80.733 Executing VM operation: ThreadDump
Event: 80.733 Executing VM operation: ThreadDump done
Event: 80.982 Executing VM operation: G1CollectForAllocation
Event: 80.984 Executing VM operation: G1CollectForAllocation done
Event: 81.000 Executing VM operation: G1Concurrent
Event: 81.003 Executing VM operation: G1Concurrent done
Event: 81.014 Executing VM operation: G1Concurrent
Event: 81.014 Executing VM operation: G1Concurrent done
Event: 81.732 Executing VM operation: ThreadDump
Event: 81.733 Executing VM operation: ThreadDump done
Event: 82.733 Executing VM operation: ThreadDump
Event: 82.733 Executing VM operation: ThreadDump done
Event: 83.735 Executing VM operation: ThreadDump
Event: 83.735 Executing VM operation: ThreadDump done
Event: 83.856 Executing VM operation: G1CollectForAllocation
Event: 83.858 Executing VM operation: G1CollectForAllocation done
Event: 83.983 Executing VM operation: G1CollectForAllocation


Dynamic libraries:
0x00007fff7c282000 	/usr/lib/libz.1.dylib
0x0000000100682000 	/Library/Java/JavaVirtualMachines/jdk-14-loom-20190902.jdk/Contents/Home/lib/libjli.dylib
0x00007fff503ec000 	/System/Library/Frameworks/Cocoa.framework/Versions/A/Cocoa
0x00007fff5c190000 	/System/Library/Frameworks/Security.framework/Versions/A/Security
0x00007fff4f07f000 	/System/Library/Frameworks/ApplicationServices.framework/Versions/A/ApplicationServices
0x00007fff79bdc000 	/usr/lib/libSystem.B.dylib
0x00007fff7ca78000 	/usr/lib/system/libcache.dylib
0x00007fff7ca7d000 	/usr/lib/system/libcommonCrypto.dylib
0x00007fff7ca88000 	/usr/lib/system/libcompiler_rt.dylib
0x00007fff7ca90000 	/usr/lib/system/libcopyfile.dylib
0x00007fff7ca9a000 	/usr/lib/system/libcorecrypto.dylib
0x00007fff7cba5000 	/usr/lib/system/libdispatch.dylib
0x00007fff7cbdf000 	/usr/lib/system/libdyld.dylib
0x00007fff7cc0c000 	/usr/lib/system/libkeymgr.dylib
0x00007fff7cc1a000 	/usr/lib/system/liblaunch.dylib
0x00007fff7cc1b000 	/usr/lib/system/libmacho.dylib
0x00007fff7cc21000 	/usr/lib/system/libquarantine.dylib
0x00007fff7cc24000 	/usr/lib/system/libremovefile.dylib
0x00007fff7cc26000 	/usr/lib/system/libsystem_asl.dylib
0x00007fff7cc3e000 	/usr/lib/system/libsystem_blocks.dylib
0x00007fff7cc3f000 	/usr/lib/system/libsystem_c.dylib
0x00007fff7ccc7000 	/usr/lib/system/libsystem_configuration.dylib
0x00007fff7cccb000 	/usr/lib/system/libsystem_coreservices.dylib
0x00007fff7cccf000 	/usr/lib/system/libsystem_darwin.dylib
0x00007fff7ccd6000 	/usr/lib/system/libsystem_dnssd.dylib
0x00007fff7ccdd000 	/usr/lib/system/libsystem_info.dylib
0x00007fff7cd52000 	/usr/lib/system/libsystem_m.dylib
0x00007fff7cd9e000 	/usr/lib/system/libsystem_malloc.dylib
0x00007fff7cdc9000 	/usr/lib/system/libsystem_networkextension.dylib
0x00007fff7cdd4000 	/usr/lib/system/libsystem_notify.dylib
0x00007fff7cdf1000 	/usr/lib/system/libsystem_sandbox.dylib
0x00007fff7cdf5000 	/usr/lib/system/libsystem_secinit.dylib
0x00007fff7cd29000 	/usr/lib/system/libsystem_kernel.dylib
0x00007fff7cddc000 	/usr/lib/system/libsystem_platform.dylib
0x00007fff7cde6000 	/usr/lib/system/libsystem_pthread.dylib
0x00007fff7cdf8000 	/usr/lib/system/libsystem_symptoms.dylib
0x00007fff7ce00000 	/usr/lib/system/libsystem_trace.dylib
0x00007fff7ce17000 	/usr/lib/system/libunwind.dylib
0x00007fff7ce1d000 	/usr/lib/system/libxpc.dylib
0x00007fff7b413000 	/usr/lib/libobjc.A.dylib
0x00007fff79e73000 	/usr/lib/libc++abi.dylib
0x00007fff79e1f000 	/usr/lib/libc++.1.dylib
0x00007fff50c61000 	/System/Library/Frameworks/CoreFoundation.framework/Versions/A/CoreFoundation
0x00007fff52ee3000 	/System/Library/Frameworks/Foundation.framework/Versions/C/Foundation
0x00007fff4e278000 	/System/Library/Frameworks/AppKit.framework/Versions/C/AppKit
0x00007fff507ea000 	/System/Library/Frameworks/CoreData.framework/Versions/A/CoreData
0x00007fff736a2000 	/System/Library/PrivateFrameworks/RemoteViewServices.framework/Versions/A/RemoteViewServices
0x00007fff77919000 	/System/Library/PrivateFrameworks/UIFoundation.framework/Versions/A/UIFoundation
0x00007fff78ffd000 	/System/Library/PrivateFrameworks/XCTTargetBootstrap.framework/Versions/A/XCTTargetBootstrap
0x00007fff50b70000 	/System/Library/Frameworks/CoreDisplay.framework/Versions/A/CoreDisplay
0x00007fff6e3d8000 	/System/Library/PrivateFrameworks/IconServices.framework/Versions/A/IconServices
0x00007fff55804000 	/System/Library/Frameworks/Metal.framework/Versions/A/Metal
0x00007fff6591b000 	/System/Library/PrivateFrameworks/DesktopServicesPriv.framework/Versions/A/DesktopServicesPriv
0x00007fff7a776000 	/usr/lib/libenergytrace.dylib
0x00007fff75e00000 	/System/Library/PrivateFrameworks/SkyLight.framework/Versions/A/SkyLight
0x00007fff510a7000 	/System/Library/Frameworks/CoreGraphics.framework/Versions/A/CoreGraphics
0x00007fff4d044000 	/System/Library/Frameworks/Accelerate.framework/Versions/A/Accelerate
0x00007fff5362c000 	/System/Library/Frameworks/IOSurface.framework/Versions/A/IOSurface
0x00007fff65787000 	/System/Library/PrivateFrameworks/DFRFoundation.framework/Versions/A/DFRFoundation
0x00007fff4f562000 	/System/Library/Frameworks/AudioToolbox.framework/Versions/A/AudioToolbox
0x00007fff4f7db000 	/System/Library/Frameworks/AudioUnit.framework/Versions/A/AudioUnit
0x00007fff6581c000 	/System/Library/PrivateFrameworks/DataDetectorsCore.framework/Versions/A/DataDetectorsCore
0x00007fff4feef000 	/System/Library/Frameworks/Carbon.framework/Versions/A/Frameworks/HIToolbox.framework/Versions/A/HIToolbox
0x00007fff7a8cf000 	/usr/lib/libicucore.A.dylib
0x00007fff5b703000 	/System/Library/Frameworks/QuartzCore.framework/Versions/A/QuartzCore
0x00007fff502c4000 	/System/Library/Frameworks/Carbon.framework/Versions/A/Frameworks/SpeechRecognition.framework/Versions/A/SpeechRecognition
0x00007fff79d30000 	/usr/lib/libauto.dylib
0x00007fff7c176000 	/usr/lib/libxml2.2.dylib
0x00007fff65362000 	/System/Library/PrivateFrameworks/CoreUI.framework/Versions/A/CoreUI
0x00007fff506d5000 	/System/Library/Frameworks/CoreAudio.framework/Versions/A/CoreAudio
0x00007fff52d18000 	/System/Library/Frameworks/DiskArbitration.framework/Versions/A/DiskArbitration
0x00007fff7ab7d000 	/usr/lib/liblangid.dylib
0x00007fff6f7e3000 	/System/Library/PrivateFrameworks/MultitouchSupport.framework/Versions/A/MultitouchSupport
0x00007fff5359b000 	/System/Library/Frameworks/IOKit.framework/Versions/A/IOKit
0x00007fff7979c000 	/usr/lib/libDiagnosticMessagesClient.dylib
0x00007fff51eb6000 	/System/Library/Frameworks/CoreServices.framework/Versions/A/CoreServices
0x00007fff7149d000 	/System/Library/PrivateFrameworks/PerformanceAnalysis.framework/Versions/A/PerformanceAnalysis
0x00007fff5a8f1000 	/System/Library/Frameworks/OpenGL.framework/Versions/A/OpenGL
0x00007fff503fa000 	/System/Library/Frameworks/ColorSync.framework/Versions/A/ColorSync
0x00007fff51738000 	/System/Library/Frameworks/CoreImage.framework/Versions/A/CoreImage
0x00007fff5288e000 	/System/Library/Frameworks/CoreText.framework/Versions/A/CoreText
0x00007fff5368f000 	/System/Library/Frameworks/ImageIO.framework/Versions/A/ImageIO
0x00007fff619b4000 	/System/Library/PrivateFrameworks/Backup.framework/Versions/A/Backup
0x00007fff79c83000 	/usr/lib/libarchive.2.dylib
0x00007fff4fb34000 	/System/Library/Frameworks/CFNetwork.framework/Versions/A/CFNetwork
0x00007fff5c8ec000 	/System/Library/Frameworks/SystemConfiguration.framework/Versions/A/SystemConfiguration
0x00007fff796cd000 	/usr/lib/libCRFSuite.dylib
0x00007fff79e00000 	/usr/lib/libbsm.0.dylib
0x00007fff7cc0d000 	/usr/lib/system/libkxld.dylib
0x00007fff60da5000 	/System/Library/PrivateFrameworks/AppleFSCompression.framework/Versions/A/AppleFSCompression
0x00007fff79a9c000 	/usr/lib/libOpenScriptingUtil.dylib
0x00007fff7a128000 	/usr/lib/libcoretls.dylib
0x00007fff7a13f000 	/usr/lib/libcoretls_cfhelpers.dylib
0x00007fff7bbaa000 	/usr/lib/libpam.2.dylib
0x00007fff7bd6a000 	/usr/lib/libsqlite3.dylib
0x00007fff7c164000 	/usr/lib/libxar.1.dylib
0x00007fff79e11000 	/usr/lib/libbz2.1.0.dylib
0x00007fff7ab7f000 	/usr/lib/liblzma.5.dylib
0x00007fff7b030000 	/usr/lib/libnetwork.dylib
0x00007fff79c6c000 	/usr/lib/libapple_nghttp2.dylib
0x00007fff7bbb1000 	/usr/lib/libpcap.A.dylib
0x00007fff52255000 	/System/Library/Frameworks/CoreServices.framework/Versions/A/Frameworks/FSEvents.framework/Versions/A/FSEvents
0x00007fff51f34000 	/System/Library/Frameworks/CoreServices.framework/Versions/A/Frameworks/CarbonCore.framework/Versions/A/CarbonCore
0x00007fff52410000 	/System/Library/Frameworks/CoreServices.framework/Versions/A/Frameworks/Metadata.framework/Versions/A/Metadata
0x00007fff524af000 	/System/Library/Frameworks/CoreServices.framework/Versions/A/Frameworks/OSServices.framework/Versions/A/OSServices
0x00007fff524fa000 	/System/Library/Frameworks/CoreServices.framework/Versions/A/Frameworks/SearchKit.framework/Versions/A/SearchKit
0x00007fff51eb7000 	/System/Library/Frameworks/CoreServices.framework/Versions/A/Frameworks/AE.framework/Versions/A/AE
0x00007fff5225e000 	/System/Library/Frameworks/CoreServices.framework/Versions/A/Frameworks/LaunchServices.framework/Versions/A/LaunchServices
0x00007fff5220c000 	/System/Library/Frameworks/CoreServices.framework/Versions/A/Frameworks/DictionaryServices.framework/Versions/A/DictionaryServices
0x00007fff52562000 	/System/Library/Frameworks/CoreServices.framework/Versions/A/Frameworks/SharedFileList.framework/Versions/A/SharedFileList
0x00007fff568cc000 	/System/Library/Frameworks/NetFS.framework/Versions/A/NetFS
0x00007fff6fa49000 	/System/Library/PrivateFrameworks/NetAuth.framework/Versions/A/NetAuth
0x00007fff79401000 	/System/Library/PrivateFrameworks/login.framework/Versions/A/Frameworks/loginsupport.framework/Versions/A/loginsupport
0x00007fff77522000 	/System/Library/PrivateFrameworks/TCC.framework/Versions/A/TCC
0x00007fff649bf000 	/System/Library/PrivateFrameworks/CoreNLP.framework/Versions/A/CoreNLP
0x00007fff6f4de000 	/System/Library/PrivateFrameworks/MetadataUtilities.framework/Versions/A/MetadataUtilities
0x00007fff7ac54000 	/usr/lib/libmecabra.dylib
0x00007fff4f080000 	/System/Library/Frameworks/ApplicationServices.framework/Versions/A/Frameworks/ATS.framework/Versions/A/ATS
0x00007fff4f3cf000 	/System/Library/Frameworks/ApplicationServices.framework/Versions/A/Frameworks/ColorSyncLegacy.framework/Versions/A/ColorSyncLegacy
0x00007fff4f46e000 	/System/Library/Frameworks/ApplicationServices.framework/Versions/A/Frameworks/HIServices.framework/Versions/A/HIServices
0x00007fff4f4c1000 	/System/Library/Frameworks/ApplicationServices.framework/Versions/A/Frameworks/LangAnalysis.framework/Versions/A/LangAnalysis
0x00007fff4f4d1000 	/System/Library/Frameworks/ApplicationServices.framework/Versions/A/Frameworks/PrintCore.framework/Versions/A/PrintCore
0x00007fff4f51b000 	/System/Library/Frameworks/ApplicationServices.framework/Versions/A/Frameworks/QD.framework/Versions/A/QD
0x00007fff4f555000 	/System/Library/Frameworks/ApplicationServices.framework/Versions/A/Frameworks/SpeechSynthesis.framework/Versions/A/SpeechSynthesis
0x00007fff79e9b000 	/usr/lib/libcompression.dylib
0x00007fff55ad4000 	/System/Library/Frameworks/MetalPerformanceShaders.framework/Versions/A/MetalPerformanceShaders
0x00007fff4d05c000 	/System/Library/Frameworks/Accelerate.framework/Versions/A/Frameworks/vImage.framework/Versions/A/vImage
0x00007fff4e0d6000 	/System/Library/Frameworks/Accelerate.framework/Versions/A/Frameworks/vecLib.framework/Versions/A/vecLib
0x00007fff4e022000 	/System/Library/Frameworks/Accelerate.framework/Versions/A/Frameworks/vecLib.framework/Versions/A/libvMisc.dylib
0x00007fff4de3a000 	/System/Library/Frameworks/Accelerate.framework/Versions/A/Frameworks/vecLib.framework/Versions/A/libvDSP.dylib
0x00007fff4d6f6000 	/System/Library/Frameworks/Accelerate.framework/Versions/A/Frameworks/vecLib.framework/Versions/A/libBLAS.dylib
0x00007fff4d9e3000 	/System/Library/Frameworks/Accelerate.framework/Versions/A/Frameworks/vecLib.framework/Versions/A/libLAPACK.dylib
0x00007fff4dd8d000 	/System/Library/Frameworks/Accelerate.framework/Versions/A/Frameworks/vecLib.framework/Versions/A/libLinearAlgebra.dylib
0x00007fff4de26000 	/System/Library/Frameworks/Accelerate.framework/Versions/A/Frameworks/vecLib.framework/Versions/A/libSparseBLAS.dylib
0x00007fff4dda3000 	/System/Library/Frameworks/Accelerate.framework/Versions/A/Frameworks/vecLib.framework/Versions/A/libQuadrature.dylib
0x00007fff4d970000 	/System/Library/Frameworks/Accelerate.framework/Versions/A/Frameworks/vecLib.framework/Versions/A/libBNNS.dylib
0x00007fff4dda9000 	/System/Library/Frameworks/Accelerate.framework/Versions/A/Frameworks/vecLib.framework/Versions/A/libSparse.dylib
0x00007fff6bd0d000 	/System/Library/PrivateFrameworks/GPUWrangler.framework/Versions/A/GPUWrangler
0x00007fff6e00d000 	/System/Library/PrivateFrameworks/IOAccelerator.framework/Versions/A/IOAccelerator
0x00007fff6e018000 	/System/Library/PrivateFrameworks/IOPresentment.framework/Versions/A/IOPresentment
0x00007fff65797000 	/System/Library/PrivateFrameworks/DSExternalDisplay.framework/Versions/A/DSExternalDisplay
0x00007fff59d48000 	/System/Library/Frameworks/OpenGL.framework/Versions/A/Libraries/libCoreFSCache.dylib
0x00007fff558c8000 	/System/Library/Frameworks/MetalPerformanceShaders.framework/Frameworks/MPSCore.framework/Versions/A/MPSCore
0x00007fff558e8000 	/System/Library/Frameworks/MetalPerformanceShaders.framework/Frameworks/MPSImage.framework/Versions/A/MPSImage
0x00007fff5598d000 	/System/Library/Frameworks/MetalPerformanceShaders.framework/Frameworks/MPSNeuralNetwork.framework/Versions/A/MPSNeuralNetwork
0x00007fff55965000 	/System/Library/Frameworks/MetalPerformanceShaders.framework/Frameworks/MPSMatrix.framework/Versions/A/MPSMatrix
0x00007fff55ab9000 	/System/Library/Frameworks/MetalPerformanceShaders.framework/Frameworks/MPSRayIntersector.framework/Versions/A/MPSRayIntersector
0x00007fff6f507000 	/System/Library/PrivateFrameworks/MetalTools.framework/Versions/A/MetalTools
0x00007fff6064f000 	/System/Library/PrivateFrameworks/AggregateDictionary.framework/Versions/A/AggregateDictionary
0x00007fff79a7c000 	/usr/lib/libMobileGestalt.dylib
0x00007fff529f1000 	/System/Library/Frameworks/CoreVideo.framework/Versions/A/CoreVideo
0x00007fff6cb1e000 	/System/Library/PrivateFrameworks/GraphVisualizer.framework/Versions/A/GraphVisualizer
0x00007fff6699d000 	/System/Library/PrivateFrameworks/FaceCore.framework/Versions/A/FaceCore
0x00007fff59376000 	/System/Library/Frameworks/OpenCL.framework/Versions/A/OpenCL
0x00007fff797d4000 	/usr/lib/libFosl_dynamic.dylib
0x00007fff702b4000 	/System/Library/PrivateFrameworks/OTSVG.framework/Versions/A/OTSVG
0x00007fff4f184000 	/System/Library/Frameworks/ApplicationServices.framework/Versions/A/Frameworks/ATS.framework/Versions/A/Resources/libFontParser.dylib
0x00007fff4f29c000 	/System/Library/Frameworks/ApplicationServices.framework/Versions/A/Frameworks/ATS.framework/Versions/A/Resources/libFontRegistry.dylib
0x00007fff538fd000 	/System/Library/Frameworks/ImageIO.framework/Versions/A/Resources/libJPEG.dylib
0x00007fff53c0f000 	/System/Library/Frameworks/ImageIO.framework/Versions/A/Resources/libTIFF.dylib
0x00007fff53be5000 	/System/Library/Frameworks/ImageIO.framework/Versions/A/Resources/libPng.dylib
0x00007fff5381b000 	/System/Library/Frameworks/ImageIO.framework/Versions/A/Resources/libGIF.dylib
0x00007fff53820000 	/System/Library/Frameworks/ImageIO.framework/Versions/A/Resources/libJP2.dylib
0x00007fff53c0c000 	/System/Library/Frameworks/ImageIO.framework/Versions/A/Resources/libRadiance.dylib
0x00007fff60efc000 	/System/Library/PrivateFrameworks/AppleJPEG.framework/Versions/A/AppleJPEG
0x00007fff59d53000 	/System/Library/Frameworks/OpenGL.framework/Versions/A/Libraries/libGFXShared.dylib
0x00007fff59f16000 	/System/Library/Frameworks/OpenGL.framework/Versions/A/Libraries/libGLU.dylib
0x00007fff59d5c000 	/System/Library/Frameworks/OpenGL.framework/Versions/A/Libraries/libGL.dylib
0x00007fff59d68000 	/System/Library/Frameworks/OpenGL.framework/Versions/A/Libraries/libGLImage.dylib
0x00007fff59d45000 	/System/Library/Frameworks/OpenGL.framework/Versions/A/Libraries/libCVMSPluginSupport.dylib
0x00007fff59d4e000 	/System/Library/Frameworks/OpenGL.framework/Versions/A/Libraries/libCoreVMClient.dylib
0x00007fff7a5ec000 	/usr/lib/libcups.2.dylib
0x00007fff54dcf000 	/System/Library/Frameworks/Kerberos.framework/Versions/A/Kerberos
0x00007fff532ff000 	/System/Library/Frameworks/GSS.framework/Versions/A/GSS
0x00007fff7bcff000 	/usr/lib/libresolv.9.dylib
0x00007fff7a7de000 	/usr/lib/libiconv.2.dylib
0x00007fff6cc93000 	/System/Library/PrivateFrameworks/Heimdal.framework/Versions/A/Heimdal
0x00007fff7a7ae000 	/usr/lib/libheimdal-asn1.dylib
0x00007fff593ea000 	/System/Library/Frameworks/OpenDirectory.framework/Versions/A/OpenDirectory
0x00007fff63722000 	/System/Library/PrivateFrameworks/CommonAuth.framework/Versions/A/CommonAuth
0x00007fff593ce000 	/System/Library/Frameworks/OpenDirectory.framework/Versions/A/Frameworks/CFOpenDirectory.framework/Versions/A/CFOpenDirectory
0x00007fff5c491000 	/System/Library/Frameworks/SecurityFoundation.framework/Versions/A/SecurityFoundation
0x00007fff5fb95000 	/System/Library/PrivateFrameworks/APFS.framework/Versions/A/APFS
0x00007fff7c160000 	/usr/lib/libutil.dylib
0x00007fff79e89000 	/usr/lib/libcharset.1.dylib
0x00007fff61199000 	/System/Library/PrivateFrameworks/AppleSauce.framework/Versions/A/AppleSauce
0x00007fff6131a000 	/System/Library/PrivateFrameworks/AssertionServices.framework/Versions/A/AssertionServices
0x00007fff61a4a000 	/System/Library/PrivateFrameworks/BaseBoard.framework/Versions/A/BaseBoard
0x00007fff7abaf000 	/usr/lib/libmecab.1.0.0.dylib
0x00007fff7a7a8000 	/usr/lib/libgermantok.dylib
0x00007fff79c59000 	/usr/lib/libThaiTokenizer.dylib
0x00007fff79704000 	/usr/lib/libChineseTokenizer.dylib
0x00007fff6e6c5000 	/System/Library/PrivateFrameworks/LanguageModeling.framework/Versions/A/LanguageModeling
0x00007fff64404000 	/System/Library/PrivateFrameworks/CoreEmoji.framework/Versions/A/CoreEmoji
0x00007fff6e7a1000 	/System/Library/PrivateFrameworks/Lexicon.framework/Versions/A/Lexicon
0x00007fff6e7e4000 	/System/Library/PrivateFrameworks/LinguisticData.framework/Versions/A/LinguisticData
0x00007fff79e8a000 	/usr/lib/libcmph.dylib
0x00007fff5c54f000 	/System/Library/Frameworks/ServiceManagement.framework/Versions/A/ServiceManagement
0x00007fff619ab000 	/System/Library/PrivateFrameworks/BackgroundTaskManagement.framework/Versions/A/BackgroundTaskManagement
0x00007fff7c259000 	/usr/lib/libxslt.1.dylib
0x00007fff501f1000 	/System/Library/Frameworks/Carbon.framework/Versions/A/Frameworks/Ink.framework/Versions/A/Ink
0x00007fff77794000 	/System/Library/PrivateFrameworks/TextureIO.framework/Versions/A/TextureIO
0x00007fff79cad000 	/usr/lib/libate.dylib
0x00007fff656e6000 	/System/Library/PrivateFrameworks/CrashReporterSupport.framework/Versions/A/CrashReporterSupport
0x00007fff74ece000 	/System/Library/PrivateFrameworks/Sharing.framework/Versions/A/Sharing
0x00007fff616fd000 	/System/Library/PrivateFrameworks/AuthKit.framework/Versions/A/AuthKit
0x00007fff60c51000 	/System/Library/PrivateFrameworks/Apple80211.framework/Versions/A/Apple80211
0x00007fff6548e000 	/System/Library/PrivateFrameworks/CoreUtils.framework/Versions/A/CoreUtils
0x00007fff52a32000 	/System/Library/Frameworks/CoreWLAN.framework/Versions/A/CoreWLAN
0x00007fff5342e000 	/System/Library/Frameworks/IOBluetooth.framework/Versions/A/IOBluetooth
0x00007fff7333e000 	/System/Library/PrivateFrameworks/ProtocolBuffer.framework/Versions/A/ProtocolBuffer
0x00007fff6f73f000 	/System/Library/PrivateFrameworks/MobileKeyBag.framework/Versions/A/MobileKeyBag
0x00007fff64cd2000 	/System/Library/PrivateFrameworks/CorePhoneNumbers.framework/Versions/A/CorePhoneNumbers
0x00007fff60eb0000 	/System/Library/PrivateFrameworks/AppleIDAuthSupport.framework/Versions/A/AppleIDAuthSupport
0x00007fff6e698000 	/System/Library/PrivateFrameworks/KeychainCircle.framework/Versions/A/KeychainCircle
0x00007fff734f4000 	/System/Library/PrivateFrameworks/ROCKit.framework/Versions/A/ROCKit
0x00007fff65682000 	/System/Library/PrivateFrameworks/CoreWiFi.framework/Versions/A/CoreWiFi
0x00007fff507bf000 	/System/Library/Frameworks/CoreBluetooth.framework/Versions/A/CoreBluetooth
0x00007fff658dd000 	/System/Library/PrivateFrameworks/DebugSymbols.framework/Versions/A/DebugSymbols
0x00007fff6524e000 	/System/Library/PrivateFrameworks/CoreSymbolication.framework/Versions/A/CoreSymbolication
0x00007fff76faf000 	/System/Library/PrivateFrameworks/Symbolication.framework/Versions/A/Symbolication
0x00007fff76852000 	/System/Library/PrivateFrameworks/SpeechRecognitionCore.framework/Versions/A/SpeechRecognitionCore
0x0000000102000000 	/Library/Java/JavaVirtualMachines/jdk-14-loom-20190902.jdk/Contents/Home/lib/server/libjvm.dylib
0x00000001006b4000 	/Library/Java/JavaVirtualMachines/jdk-14-loom-20190902.jdk/Contents/Home/lib/libverify.dylib
0x00000001006c0000 	/Library/Java/JavaVirtualMachines/jdk-14-loom-20190902.jdk/Contents/Home/lib/libjava.dylib
0x0000000100745000 	/Library/Java/JavaVirtualMachines/jdk-14-loom-20190902.jdk/Contents/Home/lib/libzip.dylib
0x000000010074c000 	/Library/Java/JavaVirtualMachines/jdk-14-loom-20190902.jdk/Contents/Home/lib/libjimage.dylib
0x0000000106852000 	/Library/Java/JavaVirtualMachines/jdk-14-loom-20190902.jdk/Contents/Home/lib/libnio.dylib
0x0000000106860000 	/Library/Java/JavaVirtualMachines/jdk-14-loom-20190902.jdk/Contents/Home/lib/./libnet.dylib
0x00000001068bb000 	/Library/Java/JavaVirtualMachines/jdk-14-loom-20190902.jdk/Contents/Home/lib/libmanagement.dylib
0x0000000106933000 	/Library/Java/JavaVirtualMachines/jdk-14-loom-20190902.jdk/Contents/Home/lib/libmanagement_ext.dylib
0x00000001068c9000 	/Library/Java/JavaVirtualMachines/jdk-14-loom-20190902.jdk/Contents/Home/lib/libextnet.dylib
0x0000000106ad1000 	/Library/Java/JavaVirtualMachines/jdk-14-loom-20190902.jdk/Contents/Home/lib/libsunec.dylib


VM Arguments:
jvm_args: -Dfile.encoding=UTF-8 -Duser.country=PL -Duser.language=en -Duser.variant 
java_command: loom.workshop.WorkshopService
java_class_path (initial): /Users/jigga/projects/pl.jigga/loom-academy/workshop-service/build/classes/java/main:/Users/jigga/projects/pl.jigga/loom-academy/workshop-service/build/resources/main:/Users/jigga/.gradle/caches/modules-2/files-2.1/org.springframework.boot/spring-boot-starter-web/2.1.2.RELEASE/33749ef5bf458829eef0e0c45615bf536521a97a/spring-boot-starter-web-2.1.2.RELEASE.jar:/Users/jigga/.gradle/caches/modules-2/files-2.1/org.springframework.cloud/spring-cloud-starter-netflix-eureka-client/2.1.0.RELEASE/a61b33193531acf406a4e3cbb9c76e3ec6c77abd/spring-cloud-starter-netflix-eureka-client-2.1.0.RELEASE.jar:/Users/jigga/.gradle/caches/modules-2/files-2.1/org.springframework.boot/spring-boot-starter-json/2.1.2.RELEASE/db59b1857966985cec2cdb81cd6cfeb315f1c849/spring-boot-starter-json-2.1.2.RELEASE.jar:/Users/jigga/.gradle/caches/modules-2/files-2.1/org.springframework.cloud/spring-cloud-starter-netflix-ribbon/2.1.0.RELEASE/979c991d77b2f8fe9092f8d56d2f64d5f30cf385/spring-cloud-starter-netflix-ribbon-2.1.0.RELEASE.jar:/Users/jigga/.gradle/caches/modules-2/files-2.1/org.springframework.cloud/spring-cloud-starter-netflix-archaius/2.1.0.RELEASE/1e894ff28bca79c0581972797ca521cc276db08b/spring-cloud-starter-netflix-archaius-2.1.0.RELEASE.jar:/Users/jigga/.gradle/caches/modules-2/files-2.1/org.springframework.cloud/spring-cloud-starter/2.1.0.RELEASE/bc5df6550f2108f99ef5b62c7656123aee44c0d9/spring-cloud-starter-2.1.0.RELEASE.jar:/Users/jigga/.gradle/caches/modules-2/files-2.1/org.springframework.cloud/spring-cloud-netflix-eureka-client/2.1.0.RELEASE/90d9174bfdb439f47feb7b1fa2d597cfebfb3ea8/spring-cloud-netflix-eureka-client-2.1.0.RELEASE.jar:/Users/jigga/.gradle/caches/modules-2/files-2.1/org.springframework.cloud/spring-cloud-netflix-hystrix/2.1.0.RELEASE/475af941f77e5ef3e35fa3533bbd7aa1ec4f4cf7/spring-cloud-netflix-hystrix-2.1.0.RELEASE.jar:/Users/jigga/.gradle/caches/modules-2/files-2.1/org.springframework.boot/spring-boot-starter-aop/2.1.2.RELEASE/d4266d045585b54b0
Launcher Type: SUN_STANDARD

[Global flags]
     intx CICompilerCount                          = 4                                         {product} {ergonomic}
     uint ConcGCThreads                            = 3                                         {product} {ergonomic}
     uint G1ConcRefinementThreads                  = 10                                        {product} {ergonomic}
   size_t G1HeapRegionSize                         = 1048576                                   {product} {ergonomic}
    uintx GCDrainStackTargetSize                   = 64                                        {product} {ergonomic}
   size_t InitialHeapSize                          = 268435456                                 {product} {ergonomic}
   size_t MarkStackSize                            = 4194304                                   {product} {ergonomic}
   size_t MaxHeapSize                              = 4294967296                                {product} {ergonomic}
   size_t MaxNewSize                               = 2576351232                                {product} {ergonomic}
   size_t MinHeapDeltaBytes                        = 1048576                                   {product} {ergonomic}
   size_t MinHeapSize                              = 8388608                                   {product} {ergonomic}
    uintx NonNMethodCodeHeapSize                   = 5836300                                {pd product} {ergonomic}
    uintx NonProfiledCodeHeapSize                  = 122910970                              {pd product} {ergonomic}
    uintx ProfiledCodeHeapSize                     = 122910970                              {pd product} {ergonomic}
    uintx ReservedCodeCacheSize                    = 251658240                              {pd product} {ergonomic}
     bool SegmentedCodeCache                       = true                                      {product} {ergonomic}
   size_t SoftMaxHeapSize                          = 4294967296                             {manageable} {ergonomic}
     bool UseCompressedClassPointers               = true                                 {lp64_product} {ergonomic}
     bool UseCompressedOops                        = true                                 {lp64_product} {ergonomic}
     bool UseG1GC                                  = true                                      {product} {ergonomic}

Logging:
Log output configuration:
 #0: stdout all=warning uptime,level,tags
 #1: stderr all=off uptime,level,tags

Environment Variables:
PATH=/Users/jigga/google-cloud-sdk/bin:/usr/local/bin:/usr/bin:/bin:/usr/sbin:/sbin
SHELL=/bin/bash

Signal Handlers:
SIGSEGV: [libjvm.dylib+0x902aa0], sa_mask[0]=11111111011111110111111111111111, sa_flags=SA_ONSTACK|SA_RESTART|SA_SIGINFO
SIGBUS: [libjvm.dylib+0x902aa0], sa_mask[0]=11111111011111110111111111111111, sa_flags=SA_RESTART|SA_SIGINFO
SIGFPE: [libjvm.dylib+0x902aa0], sa_mask[0]=11111111011111110111111111111111, sa_flags=SA_RESTART|SA_SIGINFO
SIGPIPE: [libjvm.dylib+0x740253], sa_mask[0]=11111111011111110111111111111111, sa_flags=SA_RESTART|SA_SIGINFO
SIGXFSZ: [libjvm.dylib+0x740253], sa_mask[0]=11111111011111110111111111111111, sa_flags=SA_RESTART|SA_SIGINFO
SIGILL: [libjvm.dylib+0x902aa0], sa_mask[0]=11111111011111110111111111111111, sa_flags=SA_RESTART|SA_SIGINFO
SIGUSR2: [libjvm.dylib+0x74083b], sa_mask[0]=00100000000000000000000000000000, sa_flags=SA_RESTART|SA_SIGINFO
SIGHUP: [libjvm.dylib+0x73f84b], sa_mask[0]=11111111011111110111111111111111, sa_flags=SA_RESTART|SA_SIGINFO
SIGINT: [libjvm.dylib+0x73f84b], sa_mask[0]=11111111011111110111111111111111, sa_flags=SA_RESTART|SA_SIGINFO
SIGTERM: [libjvm.dylib+0x73f84b], sa_mask[0]=11111111011111110111111111111111, sa_flags=SA_RESTART|SA_SIGINFO
SIGQUIT: [libjvm.dylib+0x73f84b], sa_mask[0]=11111111011111110111111111111111, sa_flags=SA_RESTART|SA_SIGINFO


---------------  S Y S T E M  ---------------

OS:uname:Darwin 18.7.0 Darwin Kernel Version 18.7.0: Tue Aug 20 16:57:14 PDT 2019; root:xnu-4903.271.2~2/RELEASE_X86_64 x86_64
rlimit: STACK 8192k, CORE 0k, NPROC 1418, NOFILE 10240, AS infinity, DATA infinity, FSIZE infinity
load average:2.44 3.45 3.57

CPU:total 12 (initial active 12) (6 cores per cpu, 2 threads per core) family 6 model 158 stepping 10, cmov, cx8, fxsr, mmx, sse, sse2, sse3, ssse3, sse4.1, sse4.2, popcnt, avx, avx2, aes, clmul, erms, rtm, 3dnowpref, lzcnt, ht, tsc, tscinvbit, bmi1, bmi2, adx, fma

Memory: 4k page, physical 16777216k(69612k free), swap 4194304k(808192k free)

vm_info: OpenJDK 64-Bit Server VM (14-internal+0-adhoc.jigga.loom) for bsd-amd64 JRE (14-internal+0-adhoc.jigga.loom), built on Sep  2 2019 21:37:06 by "jigga" with clang 4.2.1 Compatible Apple LLVM 10.0.1 (clang-1001.0.46.4)

END.
