#
# A fatal error has been detected by the Java Runtime Environment:
#
#  SIGSEGV (0xb) at pc=0x000000010e1a7fb4, pid=3860, tid=82947
#
# JRE version: OpenJDK Runtime Environment (14.0) (build 14-internal+0-adhoc.jigga.loom)
# Java VM: OpenJDK 64-Bit Server VM (14-internal+0-adhoc.jigga.loom, mixed mode, sharing, tiered, compressed oops, g1 gc, bsd-amd64)
# Problematic frame:
# V  [libjvm.dylib+0x43bfb4]  void G1ParCopyClosure<(G1Barrier)0, (G1Mark)1>::do_oop_work<oopDesc*>(oopDesc**)+0xe
#
# No core dump will be written. Core dumps have been disabled. To enable core dumping, try "ulimit -c unlimited" before starting Java again
#
# If you would like to submit a bug report, please visit:
#   http://bugreport.java.com/bugreport/crash.jsp
#

---------------  S U M M A R Y ------------

Command Line: -agentlib:jdwp=transport=dt_socket,server=n,suspend=y,address=60360 -Dfile.encoding=UTF-8 -Duser.country=PL -Duser.language=en -Duser.variant loom.workshop.WorkshopService

Host: MacBookPro15,1 x86_64 2600 MHz, 12 cores, 16G, Darwin 18.7.0
Time: Sat Sep 21 20:55:08 2019 CEST elapsed time: 96 seconds (0d 0h 1m 36s)

---------------  T H R E A D  ---------------

Current thread (0x00007ff590335000):  GCTaskThread "GC Thread#8" [stack: 0x000070000c22a000,0x000070000c32a000] [id=82947]

Stack: [0x000070000c22a000,0x000070000c32a000],  sp=0x000070000c3285e0,  free space=1017k
Native frames: (J=compiled Java code, A=aot compiled Java code, j=interpreted, Vv=VM code, C=native code)
V  [libjvm.dylib+0x43bfb4]  void G1ParCopyClosure<(G1Barrier)0, (G1Mark)1>::do_oop_work<oopDesc*>(oopDesc**)+0xe
V  [libjvm.dylib+0x3ea3ce]  CompiledArgumentOopFinder::oops_do()+0x18
V  [libjvm.dylib+0x3ea3a4]  frame::oops_compiled_arguments_do(Symbol*, bool, bool, RegisterMap const*, OopClosure*)+0x64
V  [libjvm.dylib+0x233b69]  CompiledMethod::preserve_callee_argument_oops(frame, RegisterMap const*, OopClosure*)+0x15f
V  [libjvm.dylib+0x3ea2b7]  frame::oops_code_blob_do(OopClosure*, CodeBlobClosure*, DerivedOopClosure*, RegisterMap const*)+0xbf
V  [libjvm.dylib+0x8b0f23]  JavaThread::oops_do(OopClosure*, CodeBlobClosure*)+0x12b
V  [libjvm.dylib+0x8b1ec6]  Threads::possibly_parallel_threads_do(bool, ThreadClosure*)+0x82
V  [libjvm.dylib+0x8b3874]  Threads::possibly_parallel_oops_do(bool, OopClosure*, CodeBlobClosure*)+0x26
V  [libjvm.dylib+0x43db86]  G1RootProcessor::process_java_roots(G1RootClosures*, G1GCPhaseTimes*, unsigned int)+0xc2
V  [libjvm.dylib+0x43d976]  G1RootProcessor::evacuate_roots(G1ParScanThreadState*, unsigned int)+0x60
V  [libjvm.dylib+0x3fe774]  G1EvacuateRegionsTask::scan_roots(G1ParScanThreadState*, unsigned int)+0x1c
V  [libjvm.dylib+0x3fe6a0]  G1EvacuateRegionsBaseTask::work(unsigned int)+0x88
V  [libjvm.dylib+0x929bf1]  GangWorker::loop()+0x43
V  [libjvm.dylib+0x8acedd]  Thread::call_run()+0x71
V  [libjvm.dylib+0x73e617]  thread_native_entry(Thread*)+0x132
C  [libsystem_pthread.dylib+0x32eb]  _pthread_body+0x7e
C  [libsystem_pthread.dylib+0x6249]  _pthread_start+0x42
C  [libsystem_pthread.dylib+0x240d]  thread_start+0xd

JavaThread 0x00007ff590459000 (nid = 47363) was being processed
Java frames: (J=compiled Java code, j=interpreted, Vv=VM code)
J 9103 c2 java.lang.Continuation.run()V java.base@14-internal (723 bytes) @ 0x000000011f514c0c [0x000000011f514aa0+0x000000000000016c]
J 8966 c2 java.lang.Fiber$$Lambda$604.run()V java.base@14-internal (8 bytes) @ 0x000000011f4c1fa4 [0x000000011f4c1ec0+0x00000000000000e4]
j  java.util.concurrent.ThreadPoolExecutor.runWorker(Ljava/util/concurrent/ThreadPoolExecutor$Worker;)V+92 java.base@14-internal
j  java.util.concurrent.ThreadPoolExecutor$Worker.run()V+5 java.base@14-internal
j  java.lang.Thread.run()V+11 java.base@14-internal
v  ~StubRoutines::call_stub

siginfo: si_signo: 11 (SIGSEGV), si_code: 1 (SEGV_MAPERR), si_addr: 0x0000000000000000

Register to memory mapping:

RAX=0x000000010e1a7f92: _ZN16G1ParCopyClosureIL9G1Barrier0EL6G1Mark1EE6do_oopEPP7oopDesc+0 in /Library/Java/JavaVirtualMachines/jdk-14-loom-20190902.jdk/Contents/Home/lib/server/libjvm.dylib at 0x000000010dd6c000
RBX=0x000070000c328640 points into unknown readable memory: 08 5c 81 0e 01 00 00 00
RCX=0x0000000000000030 is an unknown value
RDX=0x0000000000000130 is an unknown value
RSP=0x000070000c3285e0 points into unknown readable memory: 92 7f 1a 0e 01 00 00 00
RBP=0x000070000c328610 points into unknown readable memory: 30 86 32 0c 00 70 00 00
RSI=0x0 is NULL
RDI=0x00007ff58fd2e7c8 points into unknown readable memory: 00 8a 81 0e 01 00 00 00
R8 =0xffffffffffffffff is an unknown value
R9 =0x0000000000000001 is an unknown value
R10=0x000000010e8d7e60: _ZZN13SharedRuntime23java_calling_conventionEPK9BasicTypeP9VMRegPairiiE10INT_ArgReg+0 in /Library/Java/JavaVirtualMachines/jdk-14-loom-20190902.jdk/Contents/Home/lib/server/libjvm.dylib at 0x000000010dd6c000
R11=0xffffffffffffffff is an unknown value
R12=0x000000011f514890 is at entry_point+-528 in (nmethod*)0x000000011f514890
R13=0x000070000be1a8a0 is pointing into the stack for thread: 0x00007ff590459000
R14=0x000000011f514c0c is at entry_point+364 in (nmethod*)0x000000011f514890
R15=3764365242 is a compressed pointer to object: java.lang.Fiber$1 
{0x0000000702fd3dd0} - klass: 'java/lang/Fiber$1'


Registers:
RAX=0x000000010e1a7f92, RBX=0x000070000c328640, RCX=0x0000000000000030, RDX=0x0000000000000130
RSP=0x000070000c3285e0, RBP=0x000070000c328610, RSI=0x0000000000000000, RDI=0x00007ff58fd2e7c8
R8 =0xffffffffffffffff, R9 =0x0000000000000001, R10=0x000000010e8d7e60, R11=0xffffffffffffffff
R12=0x000000011f514890, R13=0x000070000be1a8a0, R14=0x000000011f514c0c, R15=0x00000000e05fa7ba
RIP=0x000000010e1a7fb4, EFLAGS=0x0000000000010202, ERR=0x0000000000000004
  TRAPNO=0x000000000000000e

Top of Stack: (sp=0x000070000c3285e0)
0x000070000c3285e0:   000000010e1a7f92 000070000c328640
0x000070000c3285f0:   000000011f514890 000070000be1a8a0
0x000070000c328600:   000000011f514c0c 00000000e05fa7ba
0x000070000c328610:   000070000c328630 000000010e1563ce
0x000070000c328620:   00007ff596331610 0000700000000000
0x000070000c328630:   000070000c3286f0 000000010e1563a4
0x000070000c328640:   000000010e815c08 0000000800419c98
0x000070000c328650:   000000001f514890 0000000000000063
0x000070000c328660:   0000700000000000 00007ff58fd2e7c8
0x000070000c328670:   0000000100000000 000070000be1a8a0
0x000070000c328680:   000000011f514c0c 000000011f514890
0x000070000c328690:   00007ff596867670 0000700000000000
0x000070000c3286a0:   00000000e05fa7ba 000070000be1a8a0
0x000070000c3286b0:   000070000c328868 0000000100000001
0x000070000c3286c0:   00007ff596331610 000000011f514890
0x000070000c3286d0:   0000000000000000 000000011f514c07
0x000070000c3286e0:   000070000c328701 0000000800419c98
0x000070000c3286f0:   000070000c328770 000000010df9fb69
0x000070000c328700:   000000080039acb0 000000010000009b
0x000070000c328710:   0000000800a80b33 00000001000000b6
0x000070000c328720:   000000080039acb0 000000080039acb0
0x000070000c328730:   00007ff590335000 00007ff58fd2e7c8
0x000070000c328740:   000070000c328868 000070000c328830
0x000070000c328750:   000000011f514c0c 000070000be1a8a0
0x000070000c328760:   00007ff58fd2e848 000070000c328868
0x000070000c328770:   000070000c328820 000000010e1562b7
0x000070000c328780:   000070000be1a8a0 000000011f514c0c
0x000070000c328790:   000000011f514890 00007ff596867670
0x000070000c3287a0:   0000700000000000 00000000e05fa7ba
0x000070000c3287b0:   000070000be1a8a0 000000010e156236
0x000070000c3287c0:   000070000be1a8a0 000000011f514c0c
0x000070000c3287d0:   000000011f514890 00007ff596867670 

Instructions: (pc=0x000000010e1a7fb4)
0x000000010e1a7eb4:   fe ff 48 8d 05 43 0b 67 00 48 89 03 4c 8d 73 30
0x000000010e1a7ec4:   4c 89 f7 4c 89 ee 4c 89 e2 e8 86 c1 fe ff 48 8d
0x000000010e1a7ed4:   05 47 0b 67 00 48 89 43 30 48 8d 05 4c 04 67 00
0x000000010e1a7ee4:   48 83 c0 10 48 89 43 60 4c 89 73 68 44 88 7b 70
0x000000010e1a7ef4:   8b 45 c0 89 43 74 c7 43 78 00 00 00 00 48 8d 05
0x000000010e1a7f04:   28 e4 66 00 48 83 c0 10 66 48 0f 6e c0 48 8d 05
0x000000010e1a7f14:   38 e4 66 00 48 83 c0 10 66 48 0f 6e c8 66 0f 6c
0x000000010e1a7f24:   c8 66 0f 7f 4d c0 f3 0f 7f 8b 80 00 00 00 e8 c5
0x000000010e1a7f34:   e6 fb ff 48 89 83 90 00 00 00 48 89 9b 98 00 00
0x000000010e1a7f44:   00 45 31 f6 4c 89 b3 a0 00 00 00 c6 83 a8 00 00
0x000000010e1a7f54:   00 01 0f 28 45 c0 0f 11 83 b0 00 00 00 e8 96 e6
0x000000010e1a7f64:   fb ff 48 89 83 c0 00 00 00 48 89 9b c8 00 00 00
0x000000010e1a7f74:   4c 89 b3 d0 00 00 00 c6 83 d8 00 00 00 00 48 83
0x000000010e1a7f84:   c4 18 5b 41 5c 41 5d 41 5e 41 5f 5d c3 90 55 48
0x000000010e1a7f94:   89 e5 5d e9 0a 00 00 00 55 48 89 e5 5d e9 80 02
0x000000010e1a7fa4:   00 00 55 48 89 e5 41 57 41 56 41 55 41 54 53 50
0x000000010e1a7fb4:   48 8b 1e 48 85 db 0f 84 57 02 00 00 49 89 f7 49
0x000000010e1a7fc4:   89 fe 48 8b 47 08 8a 88 a0 05 00 00 48 89 da 48
0x000000010e1a7fd4:   d3 ea 48 8b 88 90 05 00 00 0f b7 34 51 89 f1 c1
0x000000010e1a7fe4:   e9 08 84 c9 78 35 48 8b 0b 89 c8 83 e0 03 ba 03
0x000000010e1a7ff4:   00 00 00 48 39 d0 75 6c 48 8d 15 4f 64 69 00 89
0x000000010e1a8004:   ce 83 e6 07 48 83 e1 fc 31 c0 80 3a 00 48 0f 44
0x000000010e1a8014:   c1 48 83 fe 05 48 0f 45 c1 eb 55 80 f9 fd 74 58
0x000000010e1a8024:   80 f9 fe 0f 85 2c 01 00 00 48 89 da 48 2b 50 10
0x000000010e1a8034:   48 8d 0d 35 78 6f 00 8a 09 48 d3 ea 89 d1 48 8b
0x000000010e1a8044:   90 28 02 00 00 80 3c 0a 00 0f 84 06 01 00 00 c6
0x000000010e1a8054:   04 0a 00 48 8b 80 80 05 00 00 c6 44 48 01 ff e9
0x000000010e1a8064:   f1 00 00 00 49 8b 7e 10 48 89 da e8 d8 db fe ff
0x000000010e1a8074:   49 89 07 e9 09 01 00 00 49 8b 46 10 48 8b 48 08
0x000000010e1a8084:   48 8b 91 f8 00 00 00 8a 4a 68 48 89 de 48 d3 ee
0x000000010e1a8094:   48 8b 4a 58 48 8b 0c f1 8b 89 20 01 00 00 48 8b
0x000000010e1a80a4:   80 10 02 00 00 48 8d 0c 89 4c 8d 24 c8 4d 8b 6c 


Stack slot to memory mapping:
stack at sp + 0 slots: 0x000000010e1a7f92: _ZN16G1ParCopyClosureIL9G1Barrier0EL6G1Mark1EE6do_oopEPP7oopDesc+0 in /Library/Java/JavaVirtualMachines/jdk-14-loom-20190902.jdk/Contents/Home/lib/server/libjvm.dylib at 0x000000010dd6c000
stack at sp + 1 slots: 0x000070000c328640 points into unknown readable memory: 08 5c 81 0e 01 00 00 00
stack at sp + 2 slots: 0x000000011f514890 is at entry_point+-528 in (nmethod*)0x000000011f514890
stack at sp + 3 slots: 0x000070000be1a8a0 is pointing into the stack for thread: 0x00007ff590459000
stack at sp + 4 slots: 0x000000011f514c0c is at entry_point+364 in (nmethod*)0x000000011f514890
stack at sp + 5 slots: 3764365242 is a compressed pointer to object: java.lang.Fiber$1 
{0x0000000702fd3dd0} - klass: 'java/lang/Fiber$1'
stack at sp + 6 slots: 0x000070000c328630 points into unknown readable memory: f0 86 32 0c 00 70 00 00
stack at sp + 7 slots: 0x000000010e1563ce: _ZN25CompiledArgumentOopFinder7oops_doEv+0x18 in /Library/Java/JavaVirtualMachines/jdk-14-loom-20190902.jdk/Contents/Home/lib/server/libjvm.dylib at 0x000000010dd6c000


---------------  P R O C E S S  ---------------

Threads class SMR info:
_java_thread_list=0x00007ff58fd5c530, length=48, elements={
0x00007ff58f0bb800, 0x00007ff58f0be800, 0x00007ff590004000, 0x00007ff58e01b000,
0x00007ff58e01c000, 0x00007ff58e01d000, 0x00007ff58e01e000, 0x00007ff59006a000,
0x00007ff590069000, 0x00007ff59006d000, 0x00007ff58f0c7800, 0x00007ff58f546000,
0x00007ff590415800, 0x00007ff590c11000, 0x00007ff590c12000, 0x00007ff59045c800,
0x00007ff58f549800, 0x00007ff590516000, 0x00007ff590640800, 0x00007ff58eaa5000,
0x00007ff5915c3000, 0x00007ff58ea9a000, 0x00007ff591586000, 0x00007ff58eaa6000,
0x00007ff58f60e800, 0x00007ff590f85800, 0x00007ff58f7f3000, 0x00007ff591564800,
0x00007ff5958d0000, 0x00007ff591565800, 0x00007ff591076800, 0x00007ff58f37e000,
0x00007ff590459000, 0x00007ff58e810800, 0x00007ff595937800, 0x00007ff5910ec800,
0x00007ff593802000, 0x00007ff59400a000, 0x00007ff58e932000, 0x00007ff58eaaf000,
0x00007ff59116b000, 0x00007ff595bbb000, 0x00007ff58ea26000, 0x00007ff58ea2a000,
0x00007ff595a35000, 0x00007ff5901e4000, 0x00007ff59615d000, 0x00007ff59388e000
}

Java Threads: ( => current thread )
  0x00007ff58f0bb800 JavaThread "Reference Handler" daemon [_thread_blocked, id=16387, stack(0x00007000093a0000,0x00007000094a0000)]
  0x00007ff58f0be800 JavaThread "Finalizer" daemon [_thread_blocked, id=14339, stack(0x00007000094a3000,0x00007000095a3000)]
  0x00007ff590004000 JavaThread "Signal Dispatcher" daemon [_thread_blocked, id=42755, stack(0x00007000095a6000,0x00007000096a6000)]
  0x00007ff58e01b000 JavaThread "C2 CompilerThread0" daemon [_thread_blocked, id=22275, stack(0x00007000096a9000,0x00007000097a9000)]
  0x00007ff58e01c000 JavaThread "C1 CompilerThread0" daemon [_thread_blocked, id=42243, stack(0x00007000097ac000,0x00007000098ac000)]
  0x00007ff58e01d000 JavaThread "Sweeper thread" daemon [_thread_blocked, id=23043, stack(0x00007000098af000,0x00007000099af000)]
  0x00007ff58e01e000 JavaThread "Common-Cleaner" daemon [_thread_blocked, id=23555, stack(0x00007000099b2000,0x0000700009ab2000)]
  0x00007ff59006a000 JavaThread "JDWP Transport Listener: dt_socket" daemon [_thread_blocked, id=40963, stack(0x0000700009ab5000,0x0000700009bb5000)]
  0x00007ff590069000 JavaThread "JDWP Event Helper Thread" daemon [_thread_blocked, id=40451, stack(0x0000700009bb8000,0x0000700009cb8000)]
  0x00007ff59006d000 JavaThread "JDWP Command Reader" daemon [_thread_in_native, id=39683, stack(0x0000700009cbb000,0x0000700009dbb000)]
  0x00007ff58f0c7800 JavaThread "Service Thread" daemon [_thread_blocked, id=24579, stack(0x0000700009dbe000,0x0000700009ebe000)]
  0x00007ff58f546000 JavaThread "http-nio-8081-BlockPoller" daemon [_thread_in_native, id=38671, stack(0x0000700009fc4000,0x000070000a0c4000)]
  0x00007ff590415800 JavaThread "Catalina-utility-1" [_thread_blocked, id=36867, stack(0x000070000a7dc000,0x000070000a8dc000)]
  0x00007ff590c11000 JavaThread "Catalina-utility-2" [_thread_blocked, id=28163, stack(0x000070000a8df000,0x000070000a9df000)]
  0x00007ff590c12000 JavaThread "container-0" [_thread_blocked, id=36099, stack(0x000070000a9e2000,0x000070000aae2000)]
  0x00007ff59045c800 JavaThread "spring.cloud.inetutils" daemon [_thread_blocked, id=28931, stack(0x000070000aae5000,0x000070000abe5000)]
  0x00007ff58f549800 JavaThread "HttpClient-1-SelectorManager" daemon [_thread_blocked, id=35075, stack(0x000070000adee000,0x000070000aeee000)]
  0x00007ff590516000 JavaThread "Eureka-JerseyClient-Conn-Cleaner2" daemon [_thread_blocked, id=30467, stack(0x000070000aef1000,0x000070000aff1000)]
  0x00007ff590640800 JavaThread "AsyncResolver-bootstrap-0" daemon [_thread_blocked, id=34051, stack(0x000070000aff4000,0x000070000b0f4000)]
  0x00007ff58eaa5000 JavaThread "DiscoveryClient-0" daemon [_thread_blocked, id=33795, stack(0x000070000b0f7000,0x000070000b1f7000)]
  0x00007ff5915c3000 JavaThread "http-nio-8080-BlockPoller" daemon [_thread_in_native, id=33539, stack(0x000070000b1fa000,0x000070000b2fa000)]
  0x00007ff58ea9a000 JavaThread "http-nio-8080-ClientPoller" daemon [_thread_in_native, id=32003, stack(0x000070000b2fd000,0x000070000b3fd000)]
  0x00007ff591586000 JavaThread "http-nio-8080-Acceptor" daemon [_thread_blocked, id=32771, stack(0x000070000b400000,0x000070000b500000)]
  0x00007ff58eaa6000 JavaThread "http-nio-8081-ClientPoller" daemon [_thread_in_native, id=87043, stack(0x000070000b503000,0x000070000b603000)]
  0x00007ff58f60e800 JavaThread "http-nio-8081-Acceptor" daemon [_thread_in_native, id=44291, stack(0x000070000b606000,0x000070000b706000)]
  0x00007ff590f85800 JavaThread "DestroyJavaVM" [_thread_blocked, id=9219, stack(0x0000700008c8b000,0x0000700008d8b000)]
  0x00007ff58f7f3000 JavaThread "fiber-carrier-thread-0" [_thread_blocked, id=44547, stack(0x000070000b709000,0x000070000b809000)]
  0x00007ff591564800 JavaThread "HttpClient-1-Worker-0" daemon [_thread_blocked, id=86275, stack(0x000070000b80c000,0x000070000b90c000)]
  0x00007ff5958d0000 JavaThread "HttpClient-1-Worker-1" daemon [_thread_blocked, id=45315, stack(0x000070000b90f000,0x000070000ba0f000)]
  0x00007ff591565800 JavaThread "HttpClient-1-Worker-2" daemon [_thread_blocked, id=85507, stack(0x000070000ba12000,0x000070000bb12000)]
  0x00007ff591076800 JavaThread "fiber-carrier-thread-1" [_thread_blocked, id=46083, stack(0x000070000bb15000,0x000070000bc15000)]
  0x00007ff58f37e000 JavaThread "fiber-carrier-thread-2" [_thread_blocked, id=46595, stack(0x000070000bc18000,0x000070000bd18000)]
  0x00007ff590459000 JavaThread "fiber-carrier-thread-3" [_thread_blocked, id=47363, stack(0x000070000bd1b000,0x000070000be1b000)]
  0x00007ff58e810800 JavaThread "HttpClient-1-Worker-3" daemon [_thread_blocked, id=84483, stack(0x000070000be1e000,0x000070000bf1e000)]
  0x00007ff595937800 JavaThread "DiscoveryClient-CacheRefreshExecutor-0" daemon [_thread_blocked, id=48131, stack(0x000070000bf21000,0x000070000c021000)]
  0x00007ff5910ec800 JavaThread "DiscoveryClient-1" daemon [_thread_blocked, id=83715, stack(0x000070000c024000,0x000070000c124000)]
  0x00007ff593802000 JavaThread "HttpClient-1-Worker-4" daemon [_thread_blocked, id=83203, stack(0x000070000c127000,0x000070000c227000)]
  0x00007ff59400a000 JavaThread "HttpClient-1-Worker-5" daemon [_thread_blocked, id=82435, stack(0x000070000c430000,0x000070000c530000)]
  0x00007ff58e932000 JavaThread "HttpClient-1-Worker-6" daemon [_thread_blocked, id=81923, stack(0x000070000c533000,0x000070000c633000)]
  0x00007ff58eaaf000 JavaThread "HttpClient-1-Worker-7" daemon [_thread_blocked, id=50691, stack(0x000070000c636000,0x000070000c736000)]
  0x00007ff59116b000 JavaThread "Attach Listener" daemon [_thread_blocked, id=81155, stack(0x000070000c739000,0x000070000c839000)]
  0x00007ff595bbb000 JavaThread "RMI TCP Accept-0" daemon [_thread_in_native, id=50947, stack(0x000070000c83c000,0x000070000c93c000)]
  0x00007ff58ea26000 JavaThread "RMI TCP Connection(1)-192.168.86.48" daemon [_thread_in_native, id=80387, stack(0x000070000c93f000,0x000070000ca3f000)]
  0x00007ff58ea2a000 JavaThread "RMI Scheduler(0)" daemon [_thread_blocked, id=51971, stack(0x000070000ca42000,0x000070000cb42000)]
  0x00007ff595a35000 JavaThread "JMX server connection timeout 632" daemon [_thread_blocked, id=79363, stack(0x000070000cb45000,0x000070000cc45000)]
  0x00007ff5901e4000 JavaThread "RMI TCP Connection(idle)" daemon [_thread_blocked, id=52739, stack(0x000070000cc48000,0x000070000cd48000)]
  0x00007ff59615d000 JavaThread "HttpClient-1-Worker-8" daemon [_thread_blocked, id=53259, stack(0x000070000cd4b000,0x000070000ce4b000)]
  0x00007ff59388e000 JavaThread "HttpClient-1-Worker-9" daemon [_thread_blocked, id=54019, stack(0x000070000ce4e000,0x000070000cf4e000)]

Other Threads:
  0x00007ff58e030000 VMThread "VM Thread" [stack: 0x000070000929d000,0x000070000939d000] [id=16899]
  0x00007ff58f0c8800 WatcherThread [stack: 0x0000700009ec1000,0x0000700009fc1000] [id=39171]
  0x00007ff58e841000 GCTaskThread "GC Thread#0" [stack: 0x0000700008d8e000,0x0000700008e8e000] [id=20227]
  0x00007ff58e939800 GCTaskThread "GC Thread#1" [stack: 0x000070000a0c7000,0x000070000a1c7000] [id=25347]
  0x00007ff58e93a000 GCTaskThread "GC Thread#2" [stack: 0x000070000a1ca000,0x000070000a2ca000] [id=38147]
  0x00007ff58e93b800 GCTaskThread "GC Thread#3" [stack: 0x000070000a2cd000,0x000070000a3cd000] [id=26115]
  0x00007ff58e93c000 GCTaskThread "GC Thread#4" [stack: 0x000070000a3d0000,0x000070000a4d0000] [id=26371]
  0x00007ff58e93d000 GCTaskThread "GC Thread#5" [stack: 0x000070000a4d3000,0x000070000a5d3000] [id=26627]
  0x00007ff59045e800 GCTaskThread "GC Thread#6" [stack: 0x000070000abe8000,0x000070000ace8000] [id=35587]
  0x00007ff59045f000 GCTaskThread "GC Thread#7" [stack: 0x000070000aceb000,0x000070000adeb000] [id=29443]
=>0x00007ff590335000 GCTaskThread "GC Thread#8" [stack: 0x000070000c22a000,0x000070000c32a000] [id=82947]
  0x00007ff58e0c0800 GCTaskThread "GC Thread#9" [stack: 0x000070000c32d000,0x000070000c42d000] [id=49411]
  0x00007ff58f010800 ConcurrentGCThread "G1 Main Marker" [stack: 0x0000700008e91000,0x0000700008f91000] [id=12035]
  0x00007ff58f011800 ConcurrentGCThread "G1 Conc#0" [stack: 0x0000700008f94000,0x0000700009094000] [id=19203]
  0x00007ff59034b800 ConcurrentGCThread "G1 Conc#1" [stack: 0x000070000a5d6000,0x000070000a6d6000] [id=37383]
  0x00007ff5910e2800 ConcurrentGCThread "G1 Conc#2" [stack: 0x000070000a6d9000,0x000070000a7d9000] [id=27399]
  0x00007ff58f0ba000 ConcurrentGCThread "G1 Refine#0" [stack: 0x0000700009097000,0x0000700009197000] [id=18947]
  0x00007ff58f0bb000 ConcurrentGCThread "G1 Young RemSet Sampling" [stack: 0x000070000919a000,0x000070000929a000] [id=18435]

Threads with active compile tasks:
C1 CompilerThread0    96100 9586       3       java.net.InetSocketAddress::getAddress (8 bytes)

VM state:at safepoint (normal execution)

VM Mutex/Monitor currently owned by a thread:  ([mutex/lock_event])
[0x00007ff58de0a040] Threads_lock - owner thread: 0x00007ff58e030000
[0x00007ff58de0b140] Heap_lock - owner thread: 0x00007ff58f549800

Heap address: 0x0000000700000000, size: 4096 MB, Compressed Oops mode: Zero based, Oop shift amount: 3
Narrow klass base: 0x0000000800000000, Narrow klass shift: 3
Compressed class space size: 1073741824 Address: 0x0000000800b47000

Heap:
 garbage-first heap   total 71680K, used 57351K [0x0000000700000000, 0x0000000800000000)
  region size 1024K, 21 young (21504K), 1 survivors (1024K)
 Metaspace       used 53638K, capacity 55045K, committed 55296K, reserved 1097728K
  class space    used 6260K, capacity 6790K, committed 6912K, reserved 1048576K
Heap Regions: E=young(eden), S=young(survivor), O=old, HS=humongous(starts), HC=humongous(continues), CS=collection set, F=free, A=archive, TAMS=top-at-mark-start (previous, next)
|   0|0x0000000700000000, 0x0000000700100000, 0x0000000700100000|100%| O|  |TAMS 0x0000000700100000, 0x0000000700100000| Untracked 
|   1|0x0000000700100000, 0x0000000700200000, 0x0000000700200000|100%| O|  |TAMS 0x0000000700200000, 0x0000000700200000| Untracked 
|   2|0x0000000700200000, 0x0000000700300000, 0x0000000700300000|100%| O|  |TAMS 0x0000000700300000, 0x0000000700300000| Untracked 
|   3|0x0000000700300000, 0x0000000700400000, 0x0000000700400000|100%| O|  |TAMS 0x0000000700400000, 0x0000000700400000| Untracked 
|   4|0x0000000700400000, 0x0000000700500000, 0x0000000700500000|100%| O|  |TAMS 0x0000000700500000, 0x0000000700500000| Untracked 
|   5|0x0000000700500000, 0x0000000700600000, 0x0000000700600000|100%| O|  |TAMS 0x0000000700600000, 0x0000000700600000| Untracked 
|   6|0x0000000700600000, 0x0000000700700000, 0x0000000700700000|100%| O|  |TAMS 0x0000000700700000, 0x0000000700700000| Untracked 
|   7|0x0000000700700000, 0x0000000700800000, 0x0000000700800000|100%| O|  |TAMS 0x0000000700800000, 0x0000000700800000| Untracked 
|   8|0x0000000700800000, 0x0000000700900000, 0x0000000700900000|100%| O|  |TAMS 0x0000000700900000, 0x0000000700900000| Untracked 
|   9|0x0000000700900000, 0x0000000700a00000, 0x0000000700a00000|100%| O|  |TAMS 0x0000000700a00000, 0x0000000700a00000| Untracked 
|  10|0x0000000700a00000, 0x0000000700a00000, 0x0000000700b00000|  0%| F|  |TAMS 0x0000000700a00000, 0x0000000700a00000| Untracked 
|  11|0x0000000700b00000, 0x0000000700c00000, 0x0000000700c00000|100%| O|  |TAMS 0x0000000700c00000, 0x0000000700c00000| Untracked 
|  12|0x0000000700c00000, 0x0000000700d00000, 0x0000000700d00000|100%| O|  |TAMS 0x0000000700d00000, 0x0000000700d00000| Untracked 
|  13|0x0000000700d00000, 0x0000000700e00000, 0x0000000700e00000|100%| O|  |TAMS 0x0000000700e00000, 0x0000000700e00000| Untracked 
|  14|0x0000000700e00000, 0x0000000700f00000, 0x0000000700f00000|100%| O|  |TAMS 0x0000000700f00000, 0x0000000700f00000| Untracked 
|  15|0x0000000700f00000, 0x0000000701000000, 0x0000000701000000|100%| O|  |TAMS 0x0000000701000000, 0x0000000701000000| Untracked 
|  16|0x0000000701000000, 0x0000000701100000, 0x0000000701100000|100%| O|  |TAMS 0x0000000701100000, 0x0000000701100000| Untracked 
|  17|0x0000000701100000, 0x0000000701100000, 0x0000000701200000|  0%| F|  |TAMS 0x0000000701100000, 0x0000000701100000| Untracked 
|  18|0x0000000701200000, 0x0000000701300000, 0x0000000701300000|100%| O|  |TAMS 0x0000000701300000, 0x0000000701300000| Untracked 
|  19|0x0000000701300000, 0x0000000701300000, 0x0000000701400000|  0%| F|  |TAMS 0x0000000701300000, 0x0000000701300000| Untracked 
|  20|0x0000000701400000, 0x0000000701500000, 0x0000000701500000|100%| O|  |TAMS 0x0000000701500000, 0x0000000701500000| Untracked 
|  21|0x0000000701500000, 0x0000000701600000, 0x0000000701600000|100%| O|  |TAMS 0x0000000701600000, 0x0000000701600000| Untracked 
|  22|0x0000000701600000, 0x0000000701600000, 0x0000000701700000|  0%| F|  |TAMS 0x0000000701600000, 0x0000000701600000| Untracked 
|  23|0x0000000701700000, 0x0000000701800000, 0x0000000701800000|100%| O|  |TAMS 0x0000000701800000, 0x0000000701800000| Untracked 
|  24|0x0000000701800000, 0x0000000701900000, 0x0000000701900000|100%| O|  |TAMS 0x000000070181e200, 0x0000000701900000| Untracked 
|  25|0x0000000701900000, 0x0000000701a00000, 0x0000000701a00000|100%| O|  |TAMS 0x0000000701a00000, 0x0000000701a00000| Untracked 
|  26|0x0000000701a00000, 0x0000000701b00000, 0x0000000701b00000|100%| O|  |TAMS 0x0000000701b00000, 0x0000000701b00000| Untracked 
|  27|0x0000000701b00000, 0x0000000701c00000, 0x0000000701c00000|100%| O|  |TAMS 0x0000000701b00000, 0x0000000701c00000| Untracked 
|  28|0x0000000701c00000, 0x0000000701c00000, 0x0000000701d00000|  0%| F|  |TAMS 0x0000000701c00000, 0x0000000701c00000| Untracked 
|  29|0x0000000701d00000, 0x0000000701e00000, 0x0000000701e00000|100%| O|  |TAMS 0x0000000701e00000, 0x0000000701e00000| Untracked 
|  30|0x0000000701e00000, 0x0000000701f00000, 0x0000000701f00000|100%| O|  |TAMS 0x0000000701f00000, 0x0000000701f00000| Untracked 
|  31|0x0000000701f00000, 0x0000000702000000, 0x0000000702000000|100%| O|  |TAMS 0x0000000702000000, 0x0000000702000000| Untracked 
|  32|0x0000000702000000, 0x0000000702100000, 0x0000000702100000|100%| O|  |TAMS 0x0000000702000000, 0x0000000702100000| Untracked 
|  33|0x0000000702100000, 0x0000000702200000, 0x0000000702200000|100%| O|  |TAMS 0x0000000702100000, 0x0000000702200000| Untracked 
|  34|0x0000000702200000, 0x0000000702300000, 0x0000000702300000|100%| O|  |TAMS 0x0000000702200000, 0x0000000702300000| Untracked 
|  35|0x0000000702300000, 0x0000000702400000, 0x0000000702400000|100%| O|  |TAMS 0x0000000702300000, 0x0000000702400000| Untracked 
|  36|0x0000000702400000, 0x0000000702500000, 0x0000000702500000|100%| O|  |TAMS 0x0000000702500000, 0x0000000702500000| Untracked 
|  37|0x0000000702500000, 0x0000000702500000, 0x0000000702600000|  0%| F|  |TAMS 0x0000000702500000, 0x0000000702500000| Untracked 
|  38|0x0000000702600000, 0x00000007026e0c00, 0x0000000702700000| 87%| O|  |TAMS 0x0000000702600000, 0x00000007026e0c00| Untracked 
|  39|0x0000000702700000, 0x0000000702700000, 0x0000000702800000|  0%| F|  |TAMS 0x0000000702700000, 0x0000000702700000| Untracked 
|  40|0x0000000702800000, 0x0000000702900000, 0x0000000702900000|100%| O|  |TAMS 0x0000000702900000, 0x0000000702900000| Untracked 
|  41|0x0000000702900000, 0x0000000702a00000, 0x0000000702a00000|100%| O|  |TAMS 0x0000000702a00000, 0x0000000702a00000| Untracked 
|  42|0x0000000702a00000, 0x0000000702a00000, 0x0000000702b00000|  0%| F|  |TAMS 0x0000000702a00000, 0x0000000702a00000| Untracked 
|  43|0x0000000702b00000, 0x0000000702b00000, 0x0000000702c00000|  0%| F|  |TAMS 0x0000000702b00000, 0x0000000702b00000| Untracked 
|  44|0x0000000702c00000, 0x0000000702c00000, 0x0000000702d00000|  0%| F|  |TAMS 0x0000000702c00000, 0x0000000702c00000| Untracked 
|  45|0x0000000702d00000, 0x0000000702d00000, 0x0000000702e00000|  0%| F|  |TAMS 0x0000000702d00000, 0x0000000702d00000| Untracked 
|  46|0x0000000702e00000, 0x0000000702e0a0c0, 0x0000000702f00000|  3%| S|  |TAMS 0x0000000702e00000, 0x0000000702e00000| Complete 
|  47|0x0000000702f00000, 0x0000000703000000, 0x0000000703000000|100%| E|CS|TAMS 0x0000000702f00000, 0x0000000703000000| Complete 
|  48|0x0000000703000000, 0x0000000703100000, 0x0000000703100000|100%| E|CS|TAMS 0x0000000703000000, 0x0000000703100000| Complete 
|  49|0x0000000703100000, 0x0000000703200000, 0x0000000703200000|100%| E|CS|TAMS 0x0000000703100000, 0x0000000703200000| Complete 
|  50|0x0000000703200000, 0x0000000703300000, 0x0000000703300000|100%| E|CS|TAMS 0x0000000703200000, 0x0000000703300000| Complete 
|  51|0x0000000703300000, 0x0000000703400000, 0x0000000703400000|100%| E|CS|TAMS 0x0000000703300000, 0x0000000703400000| Complete 
|  52|0x0000000703400000, 0x0000000703500000, 0x0000000703500000|100%| E|CS|TAMS 0x0000000703400000, 0x0000000703500000| Complete 
|  53|0x0000000703500000, 0x0000000703600000, 0x0000000703600000|100%| E|CS|TAMS 0x0000000703500000, 0x0000000703600000| Complete 
|  54|0x0000000703600000, 0x0000000703700000, 0x0000000703700000|100%| E|CS|TAMS 0x0000000703600000, 0x0000000703700000| Complete 
|  55|0x0000000703700000, 0x0000000703800000, 0x0000000703800000|100%| E|CS|TAMS 0x0000000703700000, 0x0000000703800000| Complete 
|  56|0x0000000703800000, 0x0000000703900000, 0x0000000703900000|100%| E|CS|TAMS 0x0000000703800000, 0x0000000703900000| Complete 
|  57|0x0000000703900000, 0x0000000703a00000, 0x0000000703a00000|100%| E|CS|TAMS 0x0000000703900000, 0x0000000703a00000| Complete 
|  58|0x0000000703a00000, 0x0000000703b00000, 0x0000000703b00000|100%| E|CS|TAMS 0x0000000703a00000, 0x0000000703b00000| Complete 
|  59|0x0000000703b00000, 0x0000000703c00000, 0x0000000703c00000|100%| E|CS|TAMS 0x0000000703b00000, 0x0000000703c00000| Complete 
|  60|0x0000000703c00000, 0x0000000703d00000, 0x0000000703d00000|100%| E|CS|TAMS 0x0000000703c00000, 0x0000000703d00000| Complete 
|  93|0x0000000705d00000, 0x0000000705e00000, 0x0000000705e00000|100%| E|CS|TAMS 0x0000000705d00000, 0x0000000705e00000| Complete 
|  94|0x0000000705e00000, 0x0000000705f00000, 0x0000000705f00000|100%| E|CS|TAMS 0x0000000705e00000, 0x0000000705f00000| Complete 
|  95|0x0000000705f00000, 0x0000000706000000, 0x0000000706000000|100%| E|CS|TAMS 0x0000000705f00000, 0x0000000706000000| Complete 
|  96|0x0000000706000000, 0x0000000706100000, 0x0000000706100000|100%| E|CS|TAMS 0x0000000706000000, 0x0000000706100000| Complete 
|  97|0x0000000706100000, 0x0000000706200000, 0x0000000706200000|100%| E|CS|TAMS 0x0000000706100000, 0x0000000706200000| Complete 
|  98|0x0000000706200000, 0x000000070625f1e8, 0x0000000706300000| 37%| E|CS|TAMS 0x0000000706200000, 0x000000070625f1e8| Complete 
| 255|0x000000070ff00000, 0x0000000710000000, 0x0000000710000000|100%| E|CS|TAMS 0x000000070ff00000, 0x0000000710000000| Complete 
|3070|0x00000007bfe00000, 0x00000007bfe49000, 0x00000007bff00000| 28%|OA|  |TAMS 0x00000007bfe49000, 0x00000007bfe49000| Untracked 
|3071|0x00000007bff00000, 0x00000007bff79000, 0x00000007c0000000| 47%|CA|  |TAMS 0x00000007bff79000, 0x00000007bff79000| Untracked 

Card table byte_map: [0x00000001273cd000,0x0000000127bcd000] _byte_map_base: 0x0000000123bcd000

Marking Bits (Prev, Next): (CMBitMap*) 0x00007ff58f000058, (CMBitMap*) 0x00007ff58f000018
 Prev Bits: [0x000000012c3cd000, 0x00000001303cd000)
 Next Bits: [0x00000001283cd000, 0x000000012c3cd000)

Polling page: 0x000000010bd51000

Metaspace:

Usage:
  Non-class:     47.12 MB capacity,    46.27 MB ( 98%) used,   696.71 KB (  1%) free+waste,   179.62 KB ( <1%) overhead. 
      Class:      6.63 MB capacity,     6.11 MB ( 92%) used,   451.99 KB (  7%) free+waste,    78.00 KB (  1%) overhead. 
       Both:     53.75 MB capacity,    52.38 MB ( 97%) used,     1.12 MB (  2%) free+waste,   257.62 KB ( <1%) overhead. 

Virtual space:
  Non-class space:       48.00 MB reserved,      47.25 MB ( 98%) committed 
      Class space:        1.00 GB reserved,       6.75 MB ( <1%) committed 
             Both:        1.05 GB reserved,      54.00 MB (  5%) committed 

Chunk freelists:
   Non-Class:  29.00 KB
       Class:  0 bytes
        Both:  29.00 KB

MaxMetaspaceSize: unlimited
CompressedClassSpaceSize: 1.00 GB

CodeHeap 'non-profiled nmethods': size=120032Kb used=5660Kb max_used=5660Kb free=114371Kb
 bounds [0x000000011f095000, 0x000000011f625000, 0x00000001265cd000]
CodeHeap 'profiled nmethods': size=120028Kb used=16387Kb max_used=20309Kb free=103640Kb
 bounds [0x0000000117b5e000, 0x0000000118fae000, 0x000000011f095000]
CodeHeap 'non-nmethods': size=5700Kb used=1595Kb max_used=1658Kb free=4104Kb
 bounds [0x00000001175cd000, 0x000000011783d000, 0x0000000117b5e000]
 total_blobs=13804 nmethods=7471 adapters=472
 compilation: enabled
              stopped_count=0, restarted_count=0
 full_count=0

Compilation events (20 events):
Event: 95.312 Thread 0x00007ff58e01c000 9576   !   3       com.sun.jmx.mbeanserver.ConvertingMethod::invokeWithOpenReturn (84 bytes)
Event: 95.312 Thread 0x00007ff58e01b000 nmethod 9577 0x000000011f61a890 code [0x000000011f61aa40, 0x000000011f61ac48]
Event: 95.313 Thread 0x00007ff58e01c000 nmethod 9576 0x0000000117d70190 code [0x0000000117d70420, 0x0000000117d70ca8]
Event: 95.446 Thread 0x00007ff58e01b000 9578       4       jdk.internal.net.http.ResponseSubscribers$ByteArraySubscriber::onNext (9 bytes)
Event: 95.452 Thread 0x00007ff58e01b000 nmethod 9578 0x000000011f61ae10 code [0x000000011f61afe0, 0x000000011f61b748]
Event: 95.763 Thread 0x00007ff58e01c000 9579       1       org.apache.tomcat.util.net.SocketWrapperBase::getEndpoint (5 bytes)
Event: 95.764 Thread 0x00007ff58e01c000 nmethod 9579 0x000000011f61bb90 code [0x000000011f61bd40, 0x000000011f61be70]
Event: 95.773 Thread 0x00007ff58e01c000 9580       3       jdk.internal.net.http.AsyncEvent::<init> (10 bytes)
Event: 95.774 Thread 0x00007ff58e01c000 nmethod 9580 0x00000001181fc510 code [0x00000001181fc6c0, 0x00000001181fc890]
Event: 95.791 Thread 0x00007ff58e01c000 9581       1       sun.nio.ch.SelectionKeyImpl::registeredEvents (6 bytes)
Event: 95.792 Thread 0x00007ff58e01c000 nmethod 9581 0x000000011f61bf10 code [0x000000011f61c0c0, 0x000000011f61c1f0]
Event: 95.795 Thread 0x00007ff58e01c000 9582       3       sun.nio.ch.Net::setSocketOption (10 bytes)
Event: 95.796 Thread 0x00007ff58e01c000 nmethod 9582 0x0000000117ba4090 code [0x0000000117ba4240, 0x0000000117ba43e8]
Event: 95.796 Thread 0x00007ff58e01c000 9583       3       sun.nio.ch.Net::setSocketOption (334 bytes)
Event: 95.802 Thread 0x00007ff58e01c000 nmethod 9583 0x0000000117cfb310 code [0x0000000117cfb740, 0x0000000117cfd968]
Event: 95.996 Thread 0x00007ff58e01c000 9584   !   3       sun.nio.ch.SocketChannelImpl::setOption (193 bytes)
Event: 96.000 Thread 0x00007ff58e01c000 nmethod 9584 0x00000001187ba010 code [0x00000001187ba4c0, 0x00000001187bc868]
Event: 96.000 Thread 0x00007ff58e01c000 9585       3       sun.nio.ch.SocketChannelImpl::supportedOptions (4 bytes)
Event: 96.001 Thread 0x00007ff58e01c000 nmethod 9585 0x0000000117c4dc90 code [0x0000000117c4de40, 0x0000000117c4dfd0]
Event: 96.031 Thread 0x00007ff58e01c000 9586       3       java.net.InetSocketAddress::getAddress (8 bytes)

GC Heap History (20 events):
Event: 75.935 GC heap after
{Heap after GC invocations=43 (full 0):
 garbage-first heap   total 71680K, used 38269K [0x0000000700000000, 0x0000000800000000)
  region size 1024K, 2 young (2048K), 2 survivors (2048K)
 Metaspace       used 53547K, capacity 54971K, committed 55296K, reserved 1097728K
  class space    used 6257K, capacity 6787K, committed 6912K, reserved 1048576K
}
Event: 78.203 GC heap before
{Heap before GC invocations=43 (full 0):
 garbage-first heap   total 71680K, used 58749K [0x0000000700000000, 0x0000000800000000)
  region size 1024K, 22 young (22528K), 2 survivors (2048K)
 Metaspace       used 53554K, capacity 54971K, committed 55296K, reserved 1097728K
  class space    used 6257K, capacity 6787K, committed 6912K, reserved 1048576K
}
Event: 78.207 GC heap after
{Heap after GC invocations=44 (full 0):
 garbage-first heap   total 71680K, used 38159K [0x0000000700000000, 0x0000000800000000)
  region size 1024K, 2 young (2048K), 2 survivors (2048K)
 Metaspace       used 53554K, capacity 54971K, committed 55296K, reserved 1097728K
  class space    used 6257K, capacity 6787K, committed 6912K, reserved 1048576K
}
Event: 80.332 GC heap before
{Heap before GC invocations=45 (full 0):
 garbage-first heap   total 71680K, used 57615K [0x0000000700000000, 0x0000000800000000)
  region size 1024K, 21 young (21504K), 2 survivors (2048K)
 Metaspace       used 53588K, capacity 54972K, committed 55296K, reserved 1097728K
  class space    used 6257K, capacity 6787K, committed 6912K, reserved 1048576K
}
Event: 80.336 GC heap after
{Heap after GC invocations=46 (full 0):
 garbage-first heap   total 71680K, used 37927K [0x0000000700000000, 0x0000000800000000)
  region size 1024K, 2 young (2048K), 2 survivors (2048K)
 Metaspace       used 53588K, capacity 54972K, committed 55296K, reserved 1097728K
  class space    used 6257K, capacity 6787K, committed 6912K, reserved 1048576K
}
Event: 82.556 GC heap before
{Heap before GC invocations=46 (full 0):
 garbage-first heap   total 71680K, used 56359K [0x0000000700000000, 0x0000000800000000)
  region size 1024K, 21 young (21504K), 2 survivors (2048K)
 Metaspace       used 53599K, capacity 54972K, committed 55296K, reserved 1097728K
  class space    used 6257K, capacity 6787K, committed 6912K, reserved 1048576K
}
Event: 82.567 GC heap after
{Heap after GC invocations=47 (full 0):
 garbage-first heap   total 71680K, used 38120K [0x0000000700000000, 0x0000000800000000)
  region size 1024K, 2 young (2048K), 2 survivors (2048K)
 Metaspace       used 53599K, capacity 54972K, committed 55296K, reserved 1097728K
  class space    used 6257K, capacity 6787K, committed 6912K, reserved 1048576K
}
Event: 84.753 GC heap before
{Heap before GC invocations=48 (full 0):
 garbage-first heap   total 71680K, used 57576K [0x0000000700000000, 0x0000000800000000)
  region size 1024K, 21 young (21504K), 2 survivors (2048K)
 Metaspace       used 53600K, capacity 54972K, committed 55296K, reserved 1097728K
  class space    used 6257K, capacity 6787K, committed 6912K, reserved 1048576K
}
Event: 84.759 GC heap after
{Heap after GC invocations=49 (full 0):
 garbage-first heap   total 71680K, used 38199K [0x0000000700000000, 0x0000000800000000)
  region size 1024K, 2 young (2048K), 2 survivors (2048K)
 Metaspace       used 53600K, capacity 54972K, committed 55296K, reserved 1097728K
  class space    used 6257K, capacity 6787K, committed 6912K, reserved 1048576K
}
Event: 86.912 GC heap before
{Heap before GC invocations=49 (full 0):
 garbage-first heap   total 71680K, used 56631K [0x0000000700000000, 0x0000000800000000)
  region size 1024K, 21 young (21504K), 2 survivors (2048K)
 Metaspace       used 53600K, capacity 54972K, committed 55296K, reserved 1097728K
  class space    used 6257K, capacity 6787K, committed 6912K, reserved 1048576K
}
Event: 86.921 GC heap after
{Heap after GC invocations=50 (full 0):
 garbage-first heap   total 71680K, used 38017K [0x0000000700000000, 0x0000000800000000)
  region size 1024K, 2 young (2048K), 2 survivors (2048K)
 Metaspace       used 53600K, capacity 54972K, committed 55296K, reserved 1097728K
  class space    used 6257K, capacity 6787K, committed 6912K, reserved 1048576K
}
Event: 89.252 GC heap before
{Heap before GC invocations=51 (full 0):
 garbage-first heap   total 71680K, used 58497K [0x0000000700000000, 0x0000000800000000)
  region size 1024K, 22 young (22528K), 2 survivors (2048K)
 Metaspace       used 53609K, capacity 55036K, committed 55296K, reserved 1097728K
  class space    used 6257K, capacity 6787K, committed 6912K, reserved 1048576K
}
Event: 89.259 GC heap after
{Heap after GC invocations=52 (full 0):
 garbage-first heap   total 71680K, used 38423K [0x0000000700000000, 0x0000000800000000)
  region size 1024K, 2 young (2048K), 2 survivors (2048K)
 Metaspace       used 53609K, capacity 55036K, committed 55296K, reserved 1097728K
  class space    used 6257K, capacity 6787K, committed 6912K, reserved 1048576K
}
Event: 91.461 GC heap before
{Heap before GC invocations=52 (full 0):
 garbage-first heap   total 71680K, used 58903K [0x0000000700000000, 0x0000000800000000)
  region size 1024K, 22 young (22528K), 2 survivors (2048K)
 Metaspace       used 53619K, capacity 55045K, committed 55296K, reserved 1097728K
  class space    used 6260K, capacity 6790K, committed 6912K, reserved 1048576K
}
Event: 91.469 GC heap after
{Heap after GC invocations=53 (full 0):
 garbage-first heap   total 71680K, used 38707K [0x0000000700000000, 0x0000000800000000)
  region size 1024K, 2 young (2048K), 2 survivors (2048K)
 Metaspace       used 53619K, capacity 55045K, committed 55296K, reserved 1097728K
  class space    used 6260K, capacity 6790K, committed 6912K, reserved 1048576K
}
Event: 93.629 GC heap before
{Heap before GC invocations=54 (full 0):
 garbage-first heap   total 71680K, used 58163K [0x0000000700000000, 0x0000000800000000)
  region size 1024K, 21 young (21504K), 2 survivors (2048K)
 Metaspace       used 53621K, capacity 55045K, committed 55296K, reserved 1097728K
  class space    used 6260K, capacity 6790K, committed 6912K, reserved 1048576K
}
Event: 93.635 GC heap after
{Heap after GC invocations=55 (full 0):
 garbage-first heap   total 71680K, used 39129K [0x0000000700000000, 0x0000000800000000)
  region size 1024K, 2 young (2048K), 2 survivors (2048K)
 Metaspace       used 53621K, capacity 55045K, committed 55296K, reserved 1097728K
  class space    used 6260K, capacity 6790K, committed 6912K, reserved 1048576K
}
Event: 93.754 GC heap before
{Heap before GC invocations=55 (full 0):
 garbage-first heap   total 71680K, used 40153K [0x0000000700000000, 0x0000000800000000)
  region size 1024K, 3 young (3072K), 2 survivors (2048K)
 Metaspace       used 53622K, capacity 55045K, committed 55296K, reserved 1097728K
  class space    used 6260K, capacity 6790K, committed 6912K, reserved 1048576K
}
Event: 93.769 GC heap after
{Heap after GC invocations=56 (full 0):
 garbage-first heap   total 71680K, used 36871K [0x0000000700000000, 0x0000000800000000)
  region size 1024K, 1 young (1024K), 1 survivors (1024K)
 Metaspace       used 53622K, capacity 55045K, committed 55296K, reserved 1097728K
  class space    used 6260K, capacity 6790K, committed 6912K, reserved 1048576K
}
Event: 96.031 GC heap before
{Heap before GC invocations=56 (full 0):
 garbage-first heap   total 71680K, used 57351K [0x0000000700000000, 0x0000000800000000)
  region size 1024K, 21 young (21504K), 1 survivors (1024K)
 Metaspace       used 53638K, capacity 55045K, committed 55296K, reserved 1097728K
  class space    used 6260K, capacity 6790K, committed 6912K, reserved 1048576K
}

Deoptimization events (20 events):
Event: 94.454 Thread 0x00007ff595937800 DEOPT PACKING pc=0x0000000117bfc324 sp=0x000070000c01f460
Event: 94.454 Thread 0x00007ff595937800 DEOPT UNPACKING pc=0x0000000117621d30 sp=0x000070000c01e9f0 mode 1
Event: 94.454 Thread 0x00007ff595937800 DEOPT PACKING pc=0x0000000117c1056c sp=0x000070000c01f5b0
Event: 94.454 Thread 0x00007ff595937800 DEOPT UNPACKING pc=0x0000000117621d30 sp=0x000070000c01eaf8 mode 1
Event: 94.454 Thread 0x00007ff595937800 DEOPT PACKING pc=0x0000000117cca084 sp=0x000070000c01f6b0
Event: 94.454 Thread 0x00007ff595937800 DEOPT UNPACKING pc=0x0000000117621d30 sp=0x000070000c01eb78 mode 1
Event: 94.454 Thread 0x00007ff595937800 DEOPT PACKING pc=0x0000000117eb07bc sp=0x000070000c01f710
Event: 94.454 Thread 0x00007ff595937800 DEOPT UNPACKING pc=0x0000000117621d30 sp=0x000070000c01ebf8 mode 1
Event: 94.458 Thread 0x00007ff595937800 Uncommon trap: trap_request=0xffffffde fr.pc=0x000000011f4d0ec8 relative=0x00000000000015c8
Event: 94.458 Thread 0x00007ff595937800 Uncommon trap: reason=class_check action=maybe_recompile pc=0x000000011f4d0ec8 method=org.springframework.context.event.AbstractApplicationEventMulticaster.getApplicationListeners(Lorg/springframework/context/ApplicationEvent;Lorg/springframework/core/Res
Event: 94.458 Thread 0x00007ff595937800 DEOPT PACKING pc=0x000000011f4d0ec8 sp=0x000070000c0204b0
Event: 94.458 Thread 0x00007ff595937800 DEOPT UNPACKING pc=0x000000011762183b sp=0x000070000c0204a0 mode 2
Event: 94.458 Thread 0x00007ff595937800 Uncommon trap: trap_request=0xffffffde fr.pc=0x000000011f4d0ec8 relative=0x00000000000015c8
Event: 94.458 Thread 0x00007ff595937800 Uncommon trap: reason=class_check action=maybe_recompile pc=0x000000011f4d0ec8 method=org.springframework.context.event.AbstractApplicationEventMulticaster.getApplicationListeners(Lorg/springframework/context/ApplicationEvent;Lorg/springframework/core/Res
Event: 94.458 Thread 0x00007ff595937800 DEOPT PACKING pc=0x000000011f4d0ec8 sp=0x000070000c0204b0
Event: 94.458 Thread 0x00007ff595937800 DEOPT UNPACKING pc=0x000000011762183b sp=0x000070000c0204a0 mode 2
Event: 95.243 Thread 0x00007ff58f549800 DEOPT PACKING pc=0x0000000118f6b054 sp=0x000070000aeed660
Event: 95.243 Thread 0x00007ff58f549800 DEOPT UNPACKING pc=0x0000000117621d30 sp=0x000070000aeece88 mode 1
Event: 95.645 Thread 0x00007ff58f549800 DEOPT PACKING pc=0x0000000118f86a1c sp=0x000070000aeed650
Event: 95.645 Thread 0x00007ff58f549800 DEOPT UNPACKING pc=0x0000000117621d30 sp=0x000070000aeece88 mode 1

Classes unloaded (1 events):
Event: 39.497 Thread 0x00007ff58e030000 Unloading class 0x0000000800bf7c40 'org/springframework/core/GenericTypeResolver$$Lambda$52'

Classes redefined (0 events):
No events

Internal exceptions (20 events):
Event: 4.451 Thread 0x00007ff58e810800 Exception <a 'java/lang/NoSuchMethodError'{0x00000007061340e8}: 'void java.lang.invoke.DirectMethodHandle$Holder.invokeSpecial(java.lang.Object, java.lang.Object)'> (0x00000007061340e8) 
thrown [/Users/jigga/projects/openjdk/loom/src/hotspot/share/interpreter/linkResolver.cpp, line 767]
Event: 4.452 Thread 0x00007ff58e810800 Exception <a 'java/lang/NoSuchMethodError'{0x00000007061396f0}: 'java.lang.Object java.lang.invoke.DirectMethodHandle$Holder.newInvokeSpecial(java.lang.Object, int)'> (0x00000007061396f0) 
thrown [/Users/jigga/projects/openjdk/loom/src/hotspot/share/interpreter/linkResolver.cpp, line 767]
Event: 20.944 Thread 0x00007ff58f7f3000 Exception <a 'java/lang/NoSuchMethodError'{0x0000000703bf1280}: 'void java.lang.invoke.DirectMethodHandle$Holder.invokeStatic(java.lang.Object, java.lang.Object, java.lang.Object, java.lang.Object, java.lang.Object, java.lang.Object, java.lang.Object)'> (0x0000000703bf1280) 
thrown [/Users/jigga/projects/openjdk/loom/src/hotspot/share/interpreter/linkResolver.cpp, line 767]
Event: 20.965 Thread 0x00007ff58f7f3000 Implicit null exception at 0x000000011f1da765 to 0x000000011f1da852
Event: 20.981 Thread 0x00007ff58f549800 Exception <a 'java/lang/NoSuchMethodError'{0x00000007060f7100}: 'void java.lang.invoke.DirectMethodHandle$Holder.invokeStatic(java.lang.Object, java.lang.Object, int)'> (0x00000007060f7100) 
thrown [/Users/jigga/projects/openjdk/loom/src/hotspot/share/interpreter/linkResolver.cpp, line 767]
Event: 21.448 Thread 0x00007ff591564800 Exception <a 'java/lang/NoSuchMethodError'{0x0000000703979818}: 'java.lang.Object java.lang.invoke.DirectMethodHandle$Holder.invokeStatic(java.lang.Object, java.lang.Object, long, java.lang.Object, java.lang.Object, java.lang.Object)'> (0x0000000703979818) 
thrown [/Users/jigga/projects/openjdk/loom/src/hotspot/share/interpreter/linkResolver.cpp, line 767]
Event: 21.449 Thread 0x00007ff591564800 Exception <a 'java/lang/NoSuchMethodError'{0x000000070397fe08}: 'java.lang.Object java.lang.invoke.Invokers$Holder.linkToTargetMethod(java.lang.Object, long, java.lang.Object, java.lang.Object, java.lang.Object, java.lang.Object)'> (0x000000070397fe08) 
thrown [/Users/jigga/projects/openjdk/loom/src/hotspot/share/interpreter/linkResolver.cpp, line 767]
Event: 41.761 Thread 0x00007ff59116b000 Exception <a 'java/lang/ClassNotFoundException'{0x00000007060c5928}: javax/management/remote/rmi/RMIServerImpl_Skel> (0x00000007060c5928) 
thrown [/Users/jigga/projects/openjdk/loom/src/hotspot/share/classfile/systemDictionary.cpp, line 232]
Event: 41.919 Thread 0x00007ff58ea26000 Exception <a 'java/lang/NoSuchMethodError'{0x0000000705e9b238}: static [B.<clinit>()V> (0x0000000705e9b238) 
thrown [/Users/jigga/projects/openjdk/loom/src/hotspot/share/prims/jni.cpp, line 1347]
Event: 41.925 Thread 0x00007ff58ea26000 Exception <a 'java/lang/ClassNotFoundException'{0x0000000705eac888}: javax/management/remote/rmi/RMIConnectionImpl_Skel> (0x0000000705eac888) 
thrown [/Users/jigga/projects/openjdk/loom/src/hotspot/share/classfile/systemDictionary.cpp, line 232]
Event: 41.927 Thread 0x00007ff595a35000 Exception <a 'java/lang/NoSuchMethodError'{0x0000000705ed2750}: 'java.lang.Object java.lang.invoke.Invokers$Holder.linkToTargetMethod(java.lang.Object, long, java.lang.Object)'> (0x0000000705ed2750) 
thrown [/Users/jigga/projects/openjdk/loom/src/hotspot/share/interpreter/linkResolver.cpp, line 767]
Event: 42.076 Thread 0x00007ff58ea26000 Exception <a 'java/lang/NoSuchMethodError'{0x0000000703c83078}: static [Ljavax/management/MBeanAttributeInfo;.<clinit>()V> (0x0000000703c83078) 
thrown [/Users/jigga/projects/openjdk/loom/src/hotspot/share/prims/jni.cpp, line 1347]
Event: 42.087 Thread 0x00007ff58ea26000 Exception <a 'java/lang/NoSuchMethodError'{0x0000000703caa5f8}: static [Ljava/lang/String;.<clinit>()V> (0x0000000703caa5f8) 
thrown [/Users/jigga/projects/openjdk/loom/src/hotspot/share/prims/jni.cpp, line 1347]
Event: 42.087 Thread 0x00007ff58ea26000 Exception <a 'java/lang/NoSuchMethodError'{0x0000000703cab2c8}: static [Ljava/lang/Object;.<clinit>()V> (0x0000000703cab2c8) 
thrown [/Users/jigga/projects/openjdk/loom/src/hotspot/share/prims/jni.cpp, line 1347]
Event: 42.103 Thread 0x00007ff58ea26000 Exception <a 'java/lang/NoSuchMethodError'{0x0000000703cf9118}: static [Ljavax/management/MBeanConstructorInfo;.<clinit>()V> (0x0000000703cf9118) 
thrown [/Users/jigga/projects/openjdk/loom/src/hotspot/share/prims/jni.cpp, line 1347]
Event: 42.104 Thread 0x00007ff58ea26000 Exception <a 'java/lang/NoSuchMethodError'{0x0000000703cfa008}: static [Ljavax/management/MBeanNotificationInfo;.<clinit>()V> (0x0000000703cfa008) 
thrown [/Users/jigga/projects/openjdk/loom/src/hotspot/share/prims/jni.cpp, line 1347]
Event: 42.112 Thread 0x00007ff58ea26000 Exception <a 'java/lang/NoSuchMethodError'{0x0000000703cfaec8}: static [Ljavax/management/MBeanOperationInfo;.<clinit>()V> (0x0000000703cfaec8) 
thrown [/Users/jigga/projects/openjdk/loom/src/hotspot/share/prims/jni.cpp, line 1347]
Event: 43.154 Thread 0x00007ff58ea26000 Exception <a 'java/lang/NoSuchMethodError'{0x0000000703390b98}: static [J.<clinit>()V> (0x0000000703390b98) 
thrown [/Users/jigga/projects/openjdk/loom/src/hotspot/share/prims/jni.cpp, line 1347]
Event: 43.214 Thread 0x00007ff58ea26000 Exception <a 'java/lang/NoSuchMethodError'{0x000000070326e2a0}: static [Ljavax/management/openmbean/CompositeData;.<clinit>()V> (0x000000070326e2a0) 
thrown [/Users/jigga/projects/openjdk/loom/src/hotspot/share/prims/jni.cpp, line 1347]
Event: 89.837 Thread 0x00007ff591565800 Implicit null exception at 0x000000011f5bf794 to 0x000000011f5bf7dd

Events (20 events):
Event: 94.664 Executing VM operation: HandshakeOneThread done
Event: 94.694 Executing VM operation: HandshakeOneThread
Event: 94.695 Executing VM operation: HandshakeOneThread done
Event: 94.704 Executing VM operation: HandshakeOneThread
Event: 94.704 Executing VM operation: HandshakeOneThread done
Event: 95.243 Executing VM operation: HandshakeOneThread
Event: 95.243 Executing VM operation: HandshakeOneThread done
Event: 95.254 Executing VM operation: HandshakeOneThread
Event: 95.254 Executing VM operation: HandshakeOneThread done
Event: 95.260 Executing VM operation: HandshakeOneThread
Event: 95.260 Executing VM operation: HandshakeOneThread done
Event: 95.306 Executing VM operation: ThreadDump
Event: 95.307 Executing VM operation: ThreadDump done
Event: 95.349 Executing VM operation: BulkRevokeBias
Event: 95.351 Executing VM operation: BulkRevokeBias done
Event: 95.908 Executing VM operation: HandshakeOneThread
Event: 95.908 Executing VM operation: HandshakeOneThread done
Event: 95.956 Executing VM operation: HandshakeOneThread
Event: 95.956 Executing VM operation: HandshakeOneThread done
Event: 96.031 Executing VM operation: G1CollectForAllocation


Dynamic libraries:
0x00007fff7c282000 	/usr/lib/libz.1.dylib
0x000000010bcd5000 	/Library/Java/JavaVirtualMachines/jdk-14-loom-20190902.jdk/Contents/Home/lib/libjli.dylib
0x00007fff503ec000 	/System/Library/Frameworks/Cocoa.framework/Versions/A/Cocoa
0x00007fff5c190000 	/System/Library/Frameworks/Security.framework/Versions/A/Security
0x00007fff4f07f000 	/System/Library/Frameworks/ApplicationServices.framework/Versions/A/ApplicationServices
0x00007fff79bdc000 	/usr/lib/libSystem.B.dylib
0x00007fff7ca78000 	/usr/lib/system/libcache.dylib
0x00007fff7ca7d000 	/usr/lib/system/libcommonCrypto.dylib
0x00007fff7ca88000 	/usr/lib/system/libcompiler_rt.dylib
0x00007fff7ca90000 	/usr/lib/system/libcopyfile.dylib
0x00007fff7ca9a000 	/usr/lib/system/libcorecrypto.dylib
0x00007fff7cba5000 	/usr/lib/system/libdispatch.dylib
0x00007fff7cbdf000 	/usr/lib/system/libdyld.dylib
0x00007fff7cc0c000 	/usr/lib/system/libkeymgr.dylib
0x00007fff7cc1a000 	/usr/lib/system/liblaunch.dylib
0x00007fff7cc1b000 	/usr/lib/system/libmacho.dylib
0x00007fff7cc21000 	/usr/lib/system/libquarantine.dylib
0x00007fff7cc24000 	/usr/lib/system/libremovefile.dylib
0x00007fff7cc26000 	/usr/lib/system/libsystem_asl.dylib
0x00007fff7cc3e000 	/usr/lib/system/libsystem_blocks.dylib
0x00007fff7cc3f000 	/usr/lib/system/libsystem_c.dylib
0x00007fff7ccc7000 	/usr/lib/system/libsystem_configuration.dylib
0x00007fff7cccb000 	/usr/lib/system/libsystem_coreservices.dylib
0x00007fff7cccf000 	/usr/lib/system/libsystem_darwin.dylib
0x00007fff7ccd6000 	/usr/lib/system/libsystem_dnssd.dylib
0x00007fff7ccdd000 	/usr/lib/system/libsystem_info.dylib
0x00007fff7cd52000 	/usr/lib/system/libsystem_m.dylib
0x00007fff7cd9e000 	/usr/lib/system/libsystem_malloc.dylib
0x00007fff7cdc9000 	/usr/lib/system/libsystem_networkextension.dylib
0x00007fff7cdd4000 	/usr/lib/system/libsystem_notify.dylib
0x00007fff7cdf1000 	/usr/lib/system/libsystem_sandbox.dylib
0x00007fff7cdf5000 	/usr/lib/system/libsystem_secinit.dylib
0x00007fff7cd29000 	/usr/lib/system/libsystem_kernel.dylib
0x00007fff7cddc000 	/usr/lib/system/libsystem_platform.dylib
0x00007fff7cde6000 	/usr/lib/system/libsystem_pthread.dylib
0x00007fff7cdf8000 	/usr/lib/system/libsystem_symptoms.dylib
0x00007fff7ce00000 	/usr/lib/system/libsystem_trace.dylib
0x00007fff7ce17000 	/usr/lib/system/libunwind.dylib
0x00007fff7ce1d000 	/usr/lib/system/libxpc.dylib
0x00007fff7b413000 	/usr/lib/libobjc.A.dylib
0x00007fff79e73000 	/usr/lib/libc++abi.dylib
0x00007fff79e1f000 	/usr/lib/libc++.1.dylib
0x00007fff50c61000 	/System/Library/Frameworks/CoreFoundation.framework/Versions/A/CoreFoundation
0x00007fff52ee3000 	/System/Library/Frameworks/Foundation.framework/Versions/C/Foundation
0x00007fff4e278000 	/System/Library/Frameworks/AppKit.framework/Versions/C/AppKit
0x00007fff507ea000 	/System/Library/Frameworks/CoreData.framework/Versions/A/CoreData
0x00007fff736a2000 	/System/Library/PrivateFrameworks/RemoteViewServices.framework/Versions/A/RemoteViewServices
0x00007fff77919000 	/System/Library/PrivateFrameworks/UIFoundation.framework/Versions/A/UIFoundation
0x00007fff78ffd000 	/System/Library/PrivateFrameworks/XCTTargetBootstrap.framework/Versions/A/XCTTargetBootstrap
0x00007fff50b70000 	/System/Library/Frameworks/CoreDisplay.framework/Versions/A/CoreDisplay
0x00007fff6e3d8000 	/System/Library/PrivateFrameworks/IconServices.framework/Versions/A/IconServices
0x00007fff55804000 	/System/Library/Frameworks/Metal.framework/Versions/A/Metal
0x00007fff6591b000 	/System/Library/PrivateFrameworks/DesktopServicesPriv.framework/Versions/A/DesktopServicesPriv
0x00007fff7a776000 	/usr/lib/libenergytrace.dylib
0x00007fff75e00000 	/System/Library/PrivateFrameworks/SkyLight.framework/Versions/A/SkyLight
0x00007fff510a7000 	/System/Library/Frameworks/CoreGraphics.framework/Versions/A/CoreGraphics
0x00007fff4d044000 	/System/Library/Frameworks/Accelerate.framework/Versions/A/Accelerate
0x00007fff5362c000 	/System/Library/Frameworks/IOSurface.framework/Versions/A/IOSurface
0x00007fff65787000 	/System/Library/PrivateFrameworks/DFRFoundation.framework/Versions/A/DFRFoundation
0x00007fff4f562000 	/System/Library/Frameworks/AudioToolbox.framework/Versions/A/AudioToolbox
0x00007fff4f7db000 	/System/Library/Frameworks/AudioUnit.framework/Versions/A/AudioUnit
0x00007fff6581c000 	/System/Library/PrivateFrameworks/DataDetectorsCore.framework/Versions/A/DataDetectorsCore
0x00007fff4feef000 	/System/Library/Frameworks/Carbon.framework/Versions/A/Frameworks/HIToolbox.framework/Versions/A/HIToolbox
0x00007fff7a8cf000 	/usr/lib/libicucore.A.dylib
0x00007fff5b703000 	/System/Library/Frameworks/QuartzCore.framework/Versions/A/QuartzCore
0x00007fff502c4000 	/System/Library/Frameworks/Carbon.framework/Versions/A/Frameworks/SpeechRecognition.framework/Versions/A/SpeechRecognition
0x00007fff79d30000 	/usr/lib/libauto.dylib
0x00007fff7c176000 	/usr/lib/libxml2.2.dylib
0x00007fff65362000 	/System/Library/PrivateFrameworks/CoreUI.framework/Versions/A/CoreUI
0x00007fff506d5000 	/System/Library/Frameworks/CoreAudio.framework/Versions/A/CoreAudio
0x00007fff52d18000 	/System/Library/Frameworks/DiskArbitration.framework/Versions/A/DiskArbitration
0x00007fff7ab7d000 	/usr/lib/liblangid.dylib
0x00007fff6f7e3000 	/System/Library/PrivateFrameworks/MultitouchSupport.framework/Versions/A/MultitouchSupport
0x00007fff5359b000 	/System/Library/Frameworks/IOKit.framework/Versions/A/IOKit
0x00007fff7979c000 	/usr/lib/libDiagnosticMessagesClient.dylib
0x00007fff51eb6000 	/System/Library/Frameworks/CoreServices.framework/Versions/A/CoreServices
0x00007fff7149d000 	/System/Library/PrivateFrameworks/PerformanceAnalysis.framework/Versions/A/PerformanceAnalysis
0x00007fff5a8f1000 	/System/Library/Frameworks/OpenGL.framework/Versions/A/OpenGL
0x00007fff503fa000 	/System/Library/Frameworks/ColorSync.framework/Versions/A/ColorSync
0x00007fff51738000 	/System/Library/Frameworks/CoreImage.framework/Versions/A/CoreImage
0x00007fff5288e000 	/System/Library/Frameworks/CoreText.framework/Versions/A/CoreText
0x00007fff5368f000 	/System/Library/Frameworks/ImageIO.framework/Versions/A/ImageIO
0x00007fff619b4000 	/System/Library/PrivateFrameworks/Backup.framework/Versions/A/Backup
0x00007fff79c83000 	/usr/lib/libarchive.2.dylib
0x00007fff4fb34000 	/System/Library/Frameworks/CFNetwork.framework/Versions/A/CFNetwork
0x00007fff5c8ec000 	/System/Library/Frameworks/SystemConfiguration.framework/Versions/A/SystemConfiguration
0x00007fff796cd000 	/usr/lib/libCRFSuite.dylib
0x00007fff79e00000 	/usr/lib/libbsm.0.dylib
0x00007fff7cc0d000 	/usr/lib/system/libkxld.dylib
0x00007fff60da5000 	/System/Library/PrivateFrameworks/AppleFSCompression.framework/Versions/A/AppleFSCompression
0x00007fff79a9c000 	/usr/lib/libOpenScriptingUtil.dylib
0x00007fff7a128000 	/usr/lib/libcoretls.dylib
0x00007fff7a13f000 	/usr/lib/libcoretls_cfhelpers.dylib
0x00007fff7bbaa000 	/usr/lib/libpam.2.dylib
0x00007fff7bd6a000 	/usr/lib/libsqlite3.dylib
0x00007fff7c164000 	/usr/lib/libxar.1.dylib
0x00007fff79e11000 	/usr/lib/libbz2.1.0.dylib
0x00007fff7ab7f000 	/usr/lib/liblzma.5.dylib
0x00007fff7b030000 	/usr/lib/libnetwork.dylib
0x00007fff79c6c000 	/usr/lib/libapple_nghttp2.dylib
0x00007fff7bbb1000 	/usr/lib/libpcap.A.dylib
0x00007fff52255000 	/System/Library/Frameworks/CoreServices.framework/Versions/A/Frameworks/FSEvents.framework/Versions/A/FSEvents
0x00007fff51f34000 	/System/Library/Frameworks/CoreServices.framework/Versions/A/Frameworks/CarbonCore.framework/Versions/A/CarbonCore
0x00007fff52410000 	/System/Library/Frameworks/CoreServices.framework/Versions/A/Frameworks/Metadata.framework/Versions/A/Metadata
0x00007fff524af000 	/System/Library/Frameworks/CoreServices.framework/Versions/A/Frameworks/OSServices.framework/Versions/A/OSServices
0x00007fff524fa000 	/System/Library/Frameworks/CoreServices.framework/Versions/A/Frameworks/SearchKit.framework/Versions/A/SearchKit
0x00007fff51eb7000 	/System/Library/Frameworks/CoreServices.framework/Versions/A/Frameworks/AE.framework/Versions/A/AE
0x00007fff5225e000 	/System/Library/Frameworks/CoreServices.framework/Versions/A/Frameworks/LaunchServices.framework/Versions/A/LaunchServices
0x00007fff5220c000 	/System/Library/Frameworks/CoreServices.framework/Versions/A/Frameworks/DictionaryServices.framework/Versions/A/DictionaryServices
0x00007fff52562000 	/System/Library/Frameworks/CoreServices.framework/Versions/A/Frameworks/SharedFileList.framework/Versions/A/SharedFileList
0x00007fff568cc000 	/System/Library/Frameworks/NetFS.framework/Versions/A/NetFS
0x00007fff6fa49000 	/System/Library/PrivateFrameworks/NetAuth.framework/Versions/A/NetAuth
0x00007fff79401000 	/System/Library/PrivateFrameworks/login.framework/Versions/A/Frameworks/loginsupport.framework/Versions/A/loginsupport
0x00007fff77522000 	/System/Library/PrivateFrameworks/TCC.framework/Versions/A/TCC
0x00007fff649bf000 	/System/Library/PrivateFrameworks/CoreNLP.framework/Versions/A/CoreNLP
0x00007fff6f4de000 	/System/Library/PrivateFrameworks/MetadataUtilities.framework/Versions/A/MetadataUtilities
0x00007fff7ac54000 	/usr/lib/libmecabra.dylib
0x00007fff4f080000 	/System/Library/Frameworks/ApplicationServices.framework/Versions/A/Frameworks/ATS.framework/Versions/A/ATS
0x00007fff4f3cf000 	/System/Library/Frameworks/ApplicationServices.framework/Versions/A/Frameworks/ColorSyncLegacy.framework/Versions/A/ColorSyncLegacy
0x00007fff4f46e000 	/System/Library/Frameworks/ApplicationServices.framework/Versions/A/Frameworks/HIServices.framework/Versions/A/HIServices
0x00007fff4f4c1000 	/System/Library/Frameworks/ApplicationServices.framework/Versions/A/Frameworks/LangAnalysis.framework/Versions/A/LangAnalysis
0x00007fff4f4d1000 	/System/Library/Frameworks/ApplicationServices.framework/Versions/A/Frameworks/PrintCore.framework/Versions/A/PrintCore
0x00007fff4f51b000 	/System/Library/Frameworks/ApplicationServices.framework/Versions/A/Frameworks/QD.framework/Versions/A/QD
0x00007fff4f555000 	/System/Library/Frameworks/ApplicationServices.framework/Versions/A/Frameworks/SpeechSynthesis.framework/Versions/A/SpeechSynthesis
0x00007fff79e9b000 	/usr/lib/libcompression.dylib
0x00007fff55ad4000 	/System/Library/Frameworks/MetalPerformanceShaders.framework/Versions/A/MetalPerformanceShaders
0x00007fff4d05c000 	/System/Library/Frameworks/Accelerate.framework/Versions/A/Frameworks/vImage.framework/Versions/A/vImage
0x00007fff4e0d6000 	/System/Library/Frameworks/Accelerate.framework/Versions/A/Frameworks/vecLib.framework/Versions/A/vecLib
0x00007fff4e022000 	/System/Library/Frameworks/Accelerate.framework/Versions/A/Frameworks/vecLib.framework/Versions/A/libvMisc.dylib
0x00007fff4de3a000 	/System/Library/Frameworks/Accelerate.framework/Versions/A/Frameworks/vecLib.framework/Versions/A/libvDSP.dylib
0x00007fff4d6f6000 	/System/Library/Frameworks/Accelerate.framework/Versions/A/Frameworks/vecLib.framework/Versions/A/libBLAS.dylib
0x00007fff4d9e3000 	/System/Library/Frameworks/Accelerate.framework/Versions/A/Frameworks/vecLib.framework/Versions/A/libLAPACK.dylib
0x00007fff4dd8d000 	/System/Library/Frameworks/Accelerate.framework/Versions/A/Frameworks/vecLib.framework/Versions/A/libLinearAlgebra.dylib
0x00007fff4de26000 	/System/Library/Frameworks/Accelerate.framework/Versions/A/Frameworks/vecLib.framework/Versions/A/libSparseBLAS.dylib
0x00007fff4dda3000 	/System/Library/Frameworks/Accelerate.framework/Versions/A/Frameworks/vecLib.framework/Versions/A/libQuadrature.dylib
0x00007fff4d970000 	/System/Library/Frameworks/Accelerate.framework/Versions/A/Frameworks/vecLib.framework/Versions/A/libBNNS.dylib
0x00007fff4dda9000 	/System/Library/Frameworks/Accelerate.framework/Versions/A/Frameworks/vecLib.framework/Versions/A/libSparse.dylib
0x00007fff6bd0d000 	/System/Library/PrivateFrameworks/GPUWrangler.framework/Versions/A/GPUWrangler
0x00007fff6e00d000 	/System/Library/PrivateFrameworks/IOAccelerator.framework/Versions/A/IOAccelerator
0x00007fff6e018000 	/System/Library/PrivateFrameworks/IOPresentment.framework/Versions/A/IOPresentment
0x00007fff65797000 	/System/Library/PrivateFrameworks/DSExternalDisplay.framework/Versions/A/DSExternalDisplay
0x00007fff59d48000 	/System/Library/Frameworks/OpenGL.framework/Versions/A/Libraries/libCoreFSCache.dylib
0x00007fff558c8000 	/System/Library/Frameworks/MetalPerformanceShaders.framework/Frameworks/MPSCore.framework/Versions/A/MPSCore
0x00007fff558e8000 	/System/Library/Frameworks/MetalPerformanceShaders.framework/Frameworks/MPSImage.framework/Versions/A/MPSImage
0x00007fff5598d000 	/System/Library/Frameworks/MetalPerformanceShaders.framework/Frameworks/MPSNeuralNetwork.framework/Versions/A/MPSNeuralNetwork
0x00007fff55965000 	/System/Library/Frameworks/MetalPerformanceShaders.framework/Frameworks/MPSMatrix.framework/Versions/A/MPSMatrix
0x00007fff55ab9000 	/System/Library/Frameworks/MetalPerformanceShaders.framework/Frameworks/MPSRayIntersector.framework/Versions/A/MPSRayIntersector
0x00007fff6f507000 	/System/Library/PrivateFrameworks/MetalTools.framework/Versions/A/MetalTools
0x00007fff6064f000 	/System/Library/PrivateFrameworks/AggregateDictionary.framework/Versions/A/AggregateDictionary
0x00007fff79a7c000 	/usr/lib/libMobileGestalt.dylib
0x00007fff529f1000 	/System/Library/Frameworks/CoreVideo.framework/Versions/A/CoreVideo
0x00007fff6cb1e000 	/System/Library/PrivateFrameworks/GraphVisualizer.framework/Versions/A/GraphVisualizer
0x00007fff6699d000 	/System/Library/PrivateFrameworks/FaceCore.framework/Versions/A/FaceCore
0x00007fff59376000 	/System/Library/Frameworks/OpenCL.framework/Versions/A/OpenCL
0x00007fff797d4000 	/usr/lib/libFosl_dynamic.dylib
0x00007fff702b4000 	/System/Library/PrivateFrameworks/OTSVG.framework/Versions/A/OTSVG
0x00007fff4f184000 	/System/Library/Frameworks/ApplicationServices.framework/Versions/A/Frameworks/ATS.framework/Versions/A/Resources/libFontParser.dylib
0x00007fff4f29c000 	/System/Library/Frameworks/ApplicationServices.framework/Versions/A/Frameworks/ATS.framework/Versions/A/Resources/libFontRegistry.dylib
0x00007fff538fd000 	/System/Library/Frameworks/ImageIO.framework/Versions/A/Resources/libJPEG.dylib
0x00007fff53c0f000 	/System/Library/Frameworks/ImageIO.framework/Versions/A/Resources/libTIFF.dylib
0x00007fff53be5000 	/System/Library/Frameworks/ImageIO.framework/Versions/A/Resources/libPng.dylib
0x00007fff5381b000 	/System/Library/Frameworks/ImageIO.framework/Versions/A/Resources/libGIF.dylib
0x00007fff53820000 	/System/Library/Frameworks/ImageIO.framework/Versions/A/Resources/libJP2.dylib
0x00007fff53c0c000 	/System/Library/Frameworks/ImageIO.framework/Versions/A/Resources/libRadiance.dylib
0x00007fff60efc000 	/System/Library/PrivateFrameworks/AppleJPEG.framework/Versions/A/AppleJPEG
0x00007fff59d53000 	/System/Library/Frameworks/OpenGL.framework/Versions/A/Libraries/libGFXShared.dylib
0x00007fff59f16000 	/System/Library/Frameworks/OpenGL.framework/Versions/A/Libraries/libGLU.dylib
0x00007fff59d5c000 	/System/Library/Frameworks/OpenGL.framework/Versions/A/Libraries/libGL.dylib
0x00007fff59d68000 	/System/Library/Frameworks/OpenGL.framework/Versions/A/Libraries/libGLImage.dylib
0x00007fff59d45000 	/System/Library/Frameworks/OpenGL.framework/Versions/A/Libraries/libCVMSPluginSupport.dylib
0x00007fff59d4e000 	/System/Library/Frameworks/OpenGL.framework/Versions/A/Libraries/libCoreVMClient.dylib
0x00007fff7a5ec000 	/usr/lib/libcups.2.dylib
0x00007fff54dcf000 	/System/Library/Frameworks/Kerberos.framework/Versions/A/Kerberos
0x00007fff532ff000 	/System/Library/Frameworks/GSS.framework/Versions/A/GSS
0x00007fff7bcff000 	/usr/lib/libresolv.9.dylib
0x00007fff7a7de000 	/usr/lib/libiconv.2.dylib
0x00007fff6cc93000 	/System/Library/PrivateFrameworks/Heimdal.framework/Versions/A/Heimdal
0x00007fff7a7ae000 	/usr/lib/libheimdal-asn1.dylib
0x00007fff593ea000 	/System/Library/Frameworks/OpenDirectory.framework/Versions/A/OpenDirectory
0x00007fff63722000 	/System/Library/PrivateFrameworks/CommonAuth.framework/Versions/A/CommonAuth
0x00007fff593ce000 	/System/Library/Frameworks/OpenDirectory.framework/Versions/A/Frameworks/CFOpenDirectory.framework/Versions/A/CFOpenDirectory
0x00007fff5c491000 	/System/Library/Frameworks/SecurityFoundation.framework/Versions/A/SecurityFoundation
0x00007fff5fb95000 	/System/Library/PrivateFrameworks/APFS.framework/Versions/A/APFS
0x00007fff7c160000 	/usr/lib/libutil.dylib
0x00007fff79e89000 	/usr/lib/libcharset.1.dylib
0x00007fff61199000 	/System/Library/PrivateFrameworks/AppleSauce.framework/Versions/A/AppleSauce
0x00007fff6131a000 	/System/Library/PrivateFrameworks/AssertionServices.framework/Versions/A/AssertionServices
0x00007fff61a4a000 	/System/Library/PrivateFrameworks/BaseBoard.framework/Versions/A/BaseBoard
0x00007fff7abaf000 	/usr/lib/libmecab.1.0.0.dylib
0x00007fff7a7a8000 	/usr/lib/libgermantok.dylib
0x00007fff79c59000 	/usr/lib/libThaiTokenizer.dylib
0x00007fff79704000 	/usr/lib/libChineseTokenizer.dylib
0x00007fff6e6c5000 	/System/Library/PrivateFrameworks/LanguageModeling.framework/Versions/A/LanguageModeling
0x00007fff64404000 	/System/Library/PrivateFrameworks/CoreEmoji.framework/Versions/A/CoreEmoji
0x00007fff6e7a1000 	/System/Library/PrivateFrameworks/Lexicon.framework/Versions/A/Lexicon
0x00007fff6e7e4000 	/System/Library/PrivateFrameworks/LinguisticData.framework/Versions/A/LinguisticData
0x00007fff79e8a000 	/usr/lib/libcmph.dylib
0x00007fff5c54f000 	/System/Library/Frameworks/ServiceManagement.framework/Versions/A/ServiceManagement
0x00007fff619ab000 	/System/Library/PrivateFrameworks/BackgroundTaskManagement.framework/Versions/A/BackgroundTaskManagement
0x00007fff7c259000 	/usr/lib/libxslt.1.dylib
0x00007fff501f1000 	/System/Library/Frameworks/Carbon.framework/Versions/A/Frameworks/Ink.framework/Versions/A/Ink
0x00007fff77794000 	/System/Library/PrivateFrameworks/TextureIO.framework/Versions/A/TextureIO
0x00007fff79cad000 	/usr/lib/libate.dylib
0x00007fff656e6000 	/System/Library/PrivateFrameworks/CrashReporterSupport.framework/Versions/A/CrashReporterSupport
0x00007fff74ece000 	/System/Library/PrivateFrameworks/Sharing.framework/Versions/A/Sharing
0x00007fff616fd000 	/System/Library/PrivateFrameworks/AuthKit.framework/Versions/A/AuthKit
0x00007fff60c51000 	/System/Library/PrivateFrameworks/Apple80211.framework/Versions/A/Apple80211
0x00007fff6548e000 	/System/Library/PrivateFrameworks/CoreUtils.framework/Versions/A/CoreUtils
0x00007fff52a32000 	/System/Library/Frameworks/CoreWLAN.framework/Versions/A/CoreWLAN
0x00007fff5342e000 	/System/Library/Frameworks/IOBluetooth.framework/Versions/A/IOBluetooth
0x00007fff7333e000 	/System/Library/PrivateFrameworks/ProtocolBuffer.framework/Versions/A/ProtocolBuffer
0x00007fff6f73f000 	/System/Library/PrivateFrameworks/MobileKeyBag.framework/Versions/A/MobileKeyBag
0x00007fff64cd2000 	/System/Library/PrivateFrameworks/CorePhoneNumbers.framework/Versions/A/CorePhoneNumbers
0x00007fff60eb0000 	/System/Library/PrivateFrameworks/AppleIDAuthSupport.framework/Versions/A/AppleIDAuthSupport
0x00007fff6e698000 	/System/Library/PrivateFrameworks/KeychainCircle.framework/Versions/A/KeychainCircle
0x00007fff734f4000 	/System/Library/PrivateFrameworks/ROCKit.framework/Versions/A/ROCKit
0x00007fff65682000 	/System/Library/PrivateFrameworks/CoreWiFi.framework/Versions/A/CoreWiFi
0x00007fff507bf000 	/System/Library/Frameworks/CoreBluetooth.framework/Versions/A/CoreBluetooth
0x00007fff658dd000 	/System/Library/PrivateFrameworks/DebugSymbols.framework/Versions/A/DebugSymbols
0x00007fff6524e000 	/System/Library/PrivateFrameworks/CoreSymbolication.framework/Versions/A/CoreSymbolication
0x00007fff76faf000 	/System/Library/PrivateFrameworks/Symbolication.framework/Versions/A/Symbolication
0x00007fff76852000 	/System/Library/PrivateFrameworks/SpeechRecognitionCore.framework/Versions/A/SpeechRecognitionCore
0x000000010dd6c000 	/Library/Java/JavaVirtualMachines/jdk-14-loom-20190902.jdk/Contents/Home/lib/server/libjvm.dylib
0x000000010bd0a000 	/Library/Java/JavaVirtualMachines/jdk-14-loom-20190902.jdk/Contents/Home/lib/libverify.dylib
0x000000010bd16000 	/Library/Java/JavaVirtualMachines/jdk-14-loom-20190902.jdk/Contents/Home/lib/libjava.dylib
0x000000010bd53000 	/Library/Java/JavaVirtualMachines/jdk-14-loom-20190902.jdk/Contents/Home/lib/libjdwp.dylib
0x000000010bdd6000 	/Library/Java/JavaVirtualMachines/jdk-14-loom-20190902.jdk/Contents/Home/lib/libzip.dylib
0x000000010bddd000 	/Library/Java/JavaVirtualMachines/jdk-14-loom-20190902.jdk/Contents/Home/lib/libjimage.dylib
0x000000010dc96000 	/Library/Java/JavaVirtualMachines/jdk-14-loom-20190902.jdk/Contents/Home/lib/libdt_socket.dylib
0x00000001337e6000 	/Library/Java/JavaVirtualMachines/jdk-14-loom-20190902.jdk/Contents/Home/lib/libnio.dylib
0x00000001337f4000 	/Library/Java/JavaVirtualMachines/jdk-14-loom-20190902.jdk/Contents/Home/lib/./libnet.dylib
0x00000001338d6000 	/Library/Java/JavaVirtualMachines/jdk-14-loom-20190902.jdk/Contents/Home/lib/libmanagement.dylib
0x00000001338db000 	/Library/Java/JavaVirtualMachines/jdk-14-loom-20190902.jdk/Contents/Home/lib/libmanagement_ext.dylib
0x000000010dc9e000 	/Library/Java/JavaVirtualMachines/jdk-14-loom-20190902.jdk/Contents/Home/lib/libextnet.dylib
0x00000001339d8000 	/Library/Java/JavaVirtualMachines/jdk-14-loom-20190902.jdk/Contents/Home/lib/libsunec.dylib


VM Arguments:
jvm_args: -agentlib:jdwp=transport=dt_socket,server=n,suspend=y,address=60360 -Dfile.encoding=UTF-8 -Duser.country=PL -Duser.language=en -Duser.variant 
java_command: loom.workshop.WorkshopService
java_class_path (initial): /Users/jigga/projects/pl.jigga/loom-academy/workshop-service/build/classes/java/main:/Users/jigga/projects/pl.jigga/loom-academy/workshop-service/build/resources/main:/Users/jigga/.gradle/caches/modules-2/files-2.1/org.springframework.boot/spring-boot-starter-web/2.1.2.RELEASE/33749ef5bf458829eef0e0c45615bf536521a97a/spring-boot-starter-web-2.1.2.RELEASE.jar:/Users/jigga/.gradle/caches/modules-2/files-2.1/org.springframework.cloud/spring-cloud-starter-netflix-eureka-client/2.1.0.RELEASE/a61b33193531acf406a4e3cbb9c76e3ec6c77abd/spring-cloud-starter-netflix-eureka-client-2.1.0.RELEASE.jar:/Users/jigga/.gradle/caches/modules-2/files-2.1/org.springframework.boot/spring-boot-starter-json/2.1.2.RELEASE/db59b1857966985cec2cdb81cd6cfeb315f1c849/spring-boot-starter-json-2.1.2.RELEASE.jar:/Users/jigga/.gradle/caches/modules-2/files-2.1/org.springframework.cloud/spring-cloud-starter-netflix-ribbon/2.1.0.RELEASE/979c991d77b2f8fe9092f8d56d2f64d5f30cf385/spring-cloud-starter-netflix-ribbon-2.1.0.RELEASE.jar:/Users/jigga/.gradle/caches/modules-2/files-2.1/org.springframework.cloud/spring-cloud-starter-netflix-archaius/2.1.0.RELEASE/1e894ff28bca79c0581972797ca521cc276db08b/spring-cloud-starter-netflix-archaius-2.1.0.RELEASE.jar:/Users/jigga/.gradle/caches/modules-2/files-2.1/org.springframework.cloud/spring-cloud-starter/2.1.0.RELEASE/bc5df6550f2108f99ef5b62c7656123aee44c0d9/spring-cloud-starter-2.1.0.RELEASE.jar:/Users/jigga/.gradle/caches/modules-2/files-2.1/org.springframework.cloud/spring-cloud-netflix-eureka-client/2.1.0.RELEASE/90d9174bfdb439f47feb7b1fa2d597cfebfb3ea8/spring-cloud-netflix-eureka-client-2.1.0.RELEASE.jar:/Users/jigga/.gradle/caches/modules-2/files-2.1/org.springframework.cloud/spring-cloud-netflix-hystrix/2.1.0.RELEASE/475af941f77e5ef3e35fa3533bbd7aa1ec4f4cf7/spring-cloud-netflix-hystrix-2.1.0.RELEASE.jar:/Users/jigga/.gradle/caches/modules-2/files-2.1/org.springframework.boot/spring-boot-starter-aop/2.1.2.RELEASE/d4266d045585b54b0
Launcher Type: SUN_STANDARD

[Global flags]
     intx CICompilerCount                          = 4                                         {product} {ergonomic}
     uint ConcGCThreads                            = 3                                         {product} {ergonomic}
     uint G1ConcRefinementThreads                  = 10                                        {product} {ergonomic}
   size_t G1HeapRegionSize                         = 1048576                                   {product} {ergonomic}
    uintx GCDrainStackTargetSize                   = 64                                        {product} {ergonomic}
   size_t InitialHeapSize                          = 268435456                                 {product} {ergonomic}
   size_t MarkStackSize                            = 4194304                                   {product} {ergonomic}
   size_t MaxHeapSize                              = 4294967296                                {product} {ergonomic}
   size_t MaxNewSize                               = 2576351232                                {product} {ergonomic}
   size_t MinHeapDeltaBytes                        = 1048576                                   {product} {ergonomic}
   size_t MinHeapSize                              = 8388608                                   {product} {ergonomic}
    uintx NonNMethodCodeHeapSize                   = 5836300                                {pd product} {ergonomic}
    uintx NonProfiledCodeHeapSize                  = 122910970                              {pd product} {ergonomic}
    uintx ProfiledCodeHeapSize                     = 122910970                              {pd product} {ergonomic}
    uintx ReservedCodeCacheSize                    = 251658240                              {pd product} {ergonomic}
     bool SegmentedCodeCache                       = true                                      {product} {ergonomic}
   size_t SoftMaxHeapSize                          = 4294967296                             {manageable} {ergonomic}
     bool UseCompressedClassPointers               = true                                 {lp64_product} {ergonomic}
     bool UseCompressedOops                        = true                                 {lp64_product} {ergonomic}
     bool UseG1GC                                  = true                                      {product} {ergonomic}

Logging:
Log output configuration:
 #0: stdout all=warning uptime,level,tags
 #1: stderr all=off uptime,level,tags

Environment Variables:
PATH=/Users/jigga/google-cloud-sdk/bin:/usr/local/bin:/usr/bin:/bin:/usr/sbin:/sbin
SHELL=/bin/bash

Signal Handlers:
SIGSEGV: [libjvm.dylib+0x902aa0], sa_mask[0]=11111111011111110111111111111111, sa_flags=SA_ONSTACK|SA_RESTART|SA_SIGINFO
SIGBUS: [libjvm.dylib+0x902aa0], sa_mask[0]=11111111011111110111111111111111, sa_flags=SA_RESTART|SA_SIGINFO
SIGFPE: [libjvm.dylib+0x902aa0], sa_mask[0]=11111111011111110111111111111111, sa_flags=SA_RESTART|SA_SIGINFO
SIGPIPE: [libjvm.dylib+0x740253], sa_mask[0]=11111111011111110111111111111111, sa_flags=SA_RESTART|SA_SIGINFO
SIGXFSZ: [libjvm.dylib+0x740253], sa_mask[0]=11111111011111110111111111111111, sa_flags=SA_RESTART|SA_SIGINFO
SIGILL: [libjvm.dylib+0x902aa0], sa_mask[0]=11111111011111110111111111111111, sa_flags=SA_RESTART|SA_SIGINFO
SIGUSR2: [libjvm.dylib+0x74083b], sa_mask[0]=00100000000000000000000000000000, sa_flags=SA_RESTART|SA_SIGINFO
SIGHUP: [libjvm.dylib+0x73f84b], sa_mask[0]=11111111011111110111111111111111, sa_flags=SA_RESTART|SA_SIGINFO
SIGINT: [libjvm.dylib+0x73f84b], sa_mask[0]=11111111011111110111111111111111, sa_flags=SA_RESTART|SA_SIGINFO
SIGTERM: [libjvm.dylib+0x73f84b], sa_mask[0]=11111111011111110111111111111111, sa_flags=SA_RESTART|SA_SIGINFO
SIGQUIT: [libjvm.dylib+0x73f84b], sa_mask[0]=11111111011111110111111111111111, sa_flags=SA_RESTART|SA_SIGINFO


---------------  S Y S T E M  ---------------

OS:uname:Darwin 18.7.0 Darwin Kernel Version 18.7.0: Tue Aug 20 16:57:14 PDT 2019; root:xnu-4903.271.2~2/RELEASE_X86_64 x86_64
rlimit: STACK 8192k, CORE 0k, NPROC 1418, NOFILE 10240, AS infinity, DATA infinity, FSIZE infinity
load average:4.64 3.97 3.68

CPU:total 12 (initial active 12) (6 cores per cpu, 2 threads per core) family 6 model 158 stepping 10, cmov, cx8, fxsr, mmx, sse, sse2, sse3, ssse3, sse4.1, sse4.2, popcnt, avx, avx2, aes, clmul, erms, rtm, 3dnowpref, lzcnt, ht, tsc, tscinvbit, bmi1, bmi2, adx, fma

Memory: 4k page, physical 16777216k(217840k free), swap 4194304k(1538816k free)

vm_info: OpenJDK 64-Bit Server VM (14-internal+0-adhoc.jigga.loom) for bsd-amd64 JRE (14-internal+0-adhoc.jigga.loom), built on Sep  2 2019 21:37:06 by "jigga" with clang 4.2.1 Compatible Apple LLVM 10.0.1 (clang-1001.0.46.4)

END.
