#
# A fatal error has been detected by the Java Runtime Environment:
#
#  SIGILL (0x4) at pc=0x0000000117ea5580, pid=22298, tid=25603
#
# JRE version: OpenJDK Runtime Environment (14.0) (build 14-internal+0-adhoc.jigga.loom)
# Java VM: OpenJDK 64-Bit Server VM (14-internal+0-adhoc.jigga.loom, mixed mode, sharing, tiered, compressed oops, g1 gc, bsd-amd64)
# Problematic frame:
# C  0x0000000117ea5580
#
# No core dump will be written. Core dumps have been disabled. To enable core dumping, try "ulimit -c unlimited" before starting Java again
#
# If you would like to submit a bug report, please visit:
#   http://bugreport.java.com/bugreport/crash.jsp
#

---------------  S U M M A R Y ------------

Command Line: -Dfile.encoding=UTF-8 -Duser.country=PL -Duser.language=en -Duser.variant loom.workshop.WorkshopService

Host: MacBookPro15,1 x86_64 2600 MHz, 12 cores, 16G, Darwin 18.6.0
Time: Thu Sep 19 23:59:04 2019 CEST elapsed time: 97 seconds (0d 0h 1m 37s)

---------------  T H R E A D  ---------------

Current thread (0x00007fa0f913e000):  GCTaskThread "GC Thread#2" [stack: 0x0000700006114000,0x0000700006214000] [id=25603]

Stack: [0x0000700006114000,0x0000700006214000],  sp=0x0000700006213bd8,  free space=1022k
Native frames: (J=compiled Java code, A=aot compiled Java code, j=interpreted, Vv=VM code, C=native code)
C  0x0000000117ea5580
V  [libjvm.dylib+0x3f53ad]  _ZN18G1CodeRootSetTable11nmethods_doEP15CodeBlobClosure+0x33
V  [libjvm.dylib+0x432b37]  _ZN32G1ScanCollectionSetRegionClosure14do_heap_regionEP10HeapRegion+0xd9
V  [libjvm.dylib+0x40238c]  _ZNK15G1CollectionSet29iterate_incremental_part_fromEP17HeapRegionClosureP17HeapRegionClaimerjj+0x84
V  [libjvm.dylib+0x430819]  _ZN8G1RemSet27scan_collection_set_regionsEP20G1ParScanThreadStatejN14G1GCPhaseTimes11GCParPhasesES3_S3_+0x8d
V  [libjvm.dylib+0x3fe6a0]  _ZN25G1EvacuateRegionsBaseTask4workEj+0x88
V  [libjvm.dylib+0x929bf1]  _ZN10GangWorker4loopEv+0x43
V  [libjvm.dylib+0x8acedd]  _ZN6Thread8call_runEv+0x71
V  [libjvm.dylib+0x73e617]  _ZL19thread_native_entryP6Thread+0x132
C  [libsystem_pthread.dylib+0x32eb]  _pthread_body+0x7e
C  [libsystem_pthread.dylib+0x6249]  _pthread_start+0x42
C  [libsystem_pthread.dylib+0x240d]  thread_start+0xd


siginfo: si_signo: 4 (SIGILL), si_code: 1 (ILL_ILLOPC), si_addr: 0x0000000117ea5580

Register to memory mapping:

RAX=0x0000000117ea3e00 points into unknown readable memory: 24 00 00 00 00 00 00 00
RBX=0x0000000117e72190 points into unknown readable memory: 00 3e ea 17 01 00 00 00
RCX=0x000000011818f0ec is at entry_point+780 in (nmethod*)0x000000011818ec10
RDX=0x0 is NULL
RSP=0x0000700006213bd8 points into unknown readable memory: 4c 4e bf 0c 01 00 00 00
RBP=0x0000700006213bf0 points into unknown readable memory: 20 3c 21 06 00 70 00 00
RSI=0x0000000117e72190 points into unknown readable memory: 00 3e ea 17 01 00 00 00
RDI=0x0000000117e72190 points into unknown readable memory: 00 3e ea 17 01 00 00 00
R8 =0x000000011818edb4 is at entry_point+-44 in (nmethod*)0x000000011818ec10
R9 =0x00000000fffffff7 is an unknown value
R10=0x00007fa100800000 points into unknown readable memory: 00 00 00 00 00 00 00 00
R11=0x0000000000000001 is an unknown value
R12=0x00007fa1004cf7c8 points into unknown readable memory: 60 a3 2a 0d 01 00 00 00
R13=0x0000000000000031 is an unknown value
R14=0x00007fa1004cf7c8 points into unknown readable memory: 60 a3 2a 0d 01 00 00 00
R15=0x00000000000001d3 is an unknown value


Registers:
RAX=0x0000000117ea3e00, RBX=0x0000000117e72190, RCX=0x000000011818f0ec, RDX=0x0000000000000000
RSP=0x0000700006213bd8, RBP=0x0000700006213bf0, RSI=0x0000000117e72190, RDI=0x0000000117e72190
R8 =0x000000011818edb4, R9 =0x00000000fffffff7, R10=0x00007fa100800000, R11=0x0000000000000001
R12=0x00007fa1004cf7c8, R13=0x0000000000000031, R14=0x00007fa1004cf7c8, R15=0x00000000000001d3
RIP=0x0000000117ea5580, EFLAGS=0x0000000000010206, ERR=0x0000000000000000
  TRAPNO=0x0000000000000006

Top of Stack: (sp=0x0000700006213bd8)
0x0000700006213bd8:   000000010cbf4e4c 00007fa100784e30
0x0000700006213be8:   00007fa100784b90 0000700006213c20
0x0000700006213bf8:   000000010cbf53ad 0000700006213d10
0x0000700006213c08:   0000000000000031 00007fa0f8d26830
0x0000700006213c18:   0000000000000001 0000700006213cb0
0x0000700006213c28:   000000010cc32b37 00007fa1004cf270
0x0000700006213c38:   00000016bdc710b6 0000000000000000
0x0000700006213c48:   0000700006213d50 0000700006213d60
0x0000700006213c58:   0000700006213d00 0000000000000000
0x0000700006213c68:   0000000000000000 00007fa0f8d0de00
0x0000700006213c78:   00007fa0fa809e00 0000700006213cc0
0x0000700006213c88:   000000010cc1f9d1 00007fa0fa80a0a8
0x0000700006213c98:   0000000000000002 0000700006213d10
0x0000700006213ca8:   0000000000000000 0000700006213d00
0x0000700006213cb8:   000000010cc0238c 0000700006213d90
0x0000700006213cc8:   0000000000000002 0000000000000014
0x0000700006213cd8:   00007fa0f8d0de30 0000700006213dd8
0x0000700006213ce8:   0000000000000001 0000000000000013
0x0000700006213cf8:   0000700006213d10 0000700006213dc0
0x0000700006213d08:   000000010cc30819 000000010d2ac6c8
0x0000700006213d18:   0000000000000201 00007fa1004cf270
0x0000700006213d28:   00007fa0f8d0dea0 0000001500000013
0x0000700006213d38:   0000000000000001 0000000000000000
0x0000700006213d48:   0000000000000000 0000000000000000
0x0000700006213d58:   0000000000000000 0000000000000000
0x0000700006213d68:   0000000000000000 0000000000000000
0x0000700006213d78:   0000000000000000 0000000000000000
0x0000700006213d88:   0000000000000000 0000001500000017
0x0000700006213d98:   00007000055ef748 0000700006213dd8
0x0000700006213da8:   00007fa1004cf270 0000000000000001
0x0000700006213db8:   0000700006213e10 0000700006213e60
0x0000700006213dc8:   000000010cbfe6a0 0000000000000000 

Instructions: (pc=0x0000000117ea5580)
0x0000000117ea5480:   fe f4 f4 f4 f4 f4 f4 f4 60 9e da 33 01 00 00 00
0x0000000117ea5490:   90 7a da 33 01 00 00 00 ff 02 00 00 00 00 00 01
0x0000000117ea54a0:   03 01 00 00 06 02 04 01 00 00 02 00 d2 03 00 52
0x0000000117ea54b0:   00 01 00 12 00 00 06 02 00 12 00 00 00 00 00 00
0x0000000117ea54c0:   ff ff ff ff 00 00 00 00 00 00 00 00 00 00 00 00
0x0000000117ea54d0:   64 01 00 00 0c 00 00 00 00 00 00 00 00 00 00 00
0x0000000117ea54e0:   98 01 00 00 18 00 00 00 00 00 00 00 00 00 00 00
0x0000000117ea54f0:   b9 01 00 00 1e 00 00 00 00 00 00 00 00 00 00 00
0x0000000117ea5500:   a9 02 00 00 00 00 00 00 00 00 00 00 00 00 00 00
0x0000000117ea5510:   16 02 00 00 00 00 00 00 00 00 00 00 00 00 00 00
0x0000000117ea5520:   00 00 00 00 00 00 00 00 00 00 00 00 00 00 00 00
0x0000000117ea5530:   00 00 00 00 00 00 00 00 00 00 00 00 00 00 00 00
0x0000000117ea5540:   00 00 00 00 00 00 00 00 00 00 00 00 00 00 00 00
0x0000000117ea5550:   00 00 00 00 00 00 00 00 00 00 00 00 00 00 00 00
0x0000000117ea5560:   00 00 00 00 00 00 00 00 00 00 00 00 00 00 00 00
0x0000000117ea5570:   00 00 00 00 00 00 00 00 00 00 00 00 00 00 00 00
0x0000000117ea5580:   1e 00 00 00 00 00 00 00 00 00 00 00 00 00 00 00
0x0000000117ea5590:   80 b6 ea 17 01 00 00 00 01 00 00 00 d8 0e 00 00
0x0000000117ea55a0:   78 01 00 00 4f 00 00 00 38 0a 00 00 12 00 00 00
0x0000000117ea55b0:   c0 57 ea 17 01 00 00 00 c8 5f ea 17 01 00 00 00
0x0000000117ea55c0:   c0 57 ea 17 01 00 00 00 68 64 ea 17 01 00 00 00
0x0000000117ea55d0:   08 57 ea 17 01 00 00 00 c0 57 ea 17 01 00 00 00
0x0000000117ea55e0:   01 00 00 00 00 00 00 00 00 00 00 00 00 00 00 00
0x0000000117ea55f0:   00 00 00 00 00 00 00 00 31 47 18 0d 01 00 00 00
0x0000000117ea5600:   00 00 00 00 00 10 00 00 00 00 00 00 00 00 00 00
0x0000000117ea5610:   d8 5f ea 17 01 00 00 00 b0 5f ea 17 01 00 00 00
0x0000000117ea5620:   00 00 00 00 00 00 00 00 98 61 ea 17 01 00 00 00
0x0000000117ea5630:   88 61 ea 17 01 00 00 00 78 61 ea 17 01 00 00 00
0x0000000117ea5640:   68 61 ea 17 01 00 00 00 00 00 00 00 00 00 00 00
0x0000000117ea5650:   00 00 00 00 00 00 00 00 00 00 00 00 00 00 00 00
0x0000000117ea5660:   ff ff ff ff 00 00 00 00 00 00 00 00 00 00 00 00
0x0000000117ea5670:   00 00 00 00 00 00 00 00 00 00 00 00 00 00 00 00 


Stack slot to memory mapping:
stack at sp + 0 slots: 0x000000010cbf4e4c: _ZN17G1CodeBlobClosure12do_code_blobEP8CodeBlob+0x16 in /Library/Java/JavaVirtualMachines/jdk-14-loom-20190902.jdk/Contents/Home/lib/server/libjvm.dylib at 0x000000010c800000
stack at sp + 1 slots: 0x00007fa100784e30 points into unknown readable memory: d3 ef c8 15 00 00 00 00
stack at sp + 2 slots: 0x00007fa100784b90 points into unknown readable memory: 00 02 00 00 00 00 00 00
stack at sp + 3 slots: 0x0000700006213c20 points into unknown readable memory: b0 3c 21 06 00 70 00 00
stack at sp + 4 slots: 0x000000010cbf53ad: _ZN18G1CodeRootSetTable11nmethods_doEP15CodeBlobClosure+0x33 in /Library/Java/JavaVirtualMachines/jdk-14-loom-20190902.jdk/Contents/Home/lib/server/libjvm.dylib at 0x000000010c800000
stack at sp + 5 slots: 0x0000700006213d10 points into unknown readable memory: c8 c6 2a 0d 01 00 00 00
stack at sp + 6 slots: 0x0000000000000031 is an unknown value
stack at sp + 7 slots: 0x00007fa0f8d26830 points into unknown readable memory: a0 ea 2a 0d 01 00 00 00


---------------  P R O C E S S  ---------------

Threads class SMR info:
_java_thread_list=0x00007fa100891860, length=40, elements={
0x00007fa0fa8ee000, 0x00007fa0fa8ee800, 0x00007fa0fb028800, 0x00007fa0fa8f3000,
0x00007fa0fb029000, 0x00007fa0fb01f800, 0x00007fa0fa8f4000, 0x00007fa0fa941800,
0x00007fa0f9a46000, 0x00007fa0fb547000, 0x00007fa0fbb2b000, 0x00007fa0fb4d0800,
0x00007fa0fb547800, 0x00007fa0fabf7000, 0x00007fa0fc48a800, 0x00007fa0fac2d000,
0x00007fa0fabfd000, 0x00007fa0fac39000, 0x00007fa0fac4c000, 0x00007fa0fc48e000,
0x00007fa0f9c26800, 0x00007fa0f9c29800, 0x00007fa0fc480800, 0x00007fa0f9c2d000,
0x00007fa0fc47d000, 0x00007fa0fb568800, 0x00007fa0fa801000, 0x00007fa0fe004800,
0x00007fa0fabbc800, 0x00007fa0fb846000, 0x00007fa0faa4b800, 0x00007fa0fd800000,
0x00007fa0fc410000, 0x00007fa0fc29a800, 0x00007fa0fc0df000, 0x00007fa0fa90f800,
0x00007fa0fb898000, 0x00007fa0f99af000, 0x00007fa0f901e000, 0x00007fa0fa910800
}

Java Threads: ( => current thread )
  0x00007fa0fa8ee000 JavaThread "Reference Handler" daemon [_thread_blocked, id=17667, stack(0x00007000055f3000,0x00007000056f3000)]
  0x00007fa0fa8ee800 JavaThread "Finalizer" daemon [_thread_blocked, id=17155, stack(0x00007000056f6000,0x00007000057f6000)]
  0x00007fa0fb028800 JavaThread "Signal Dispatcher" daemon [_thread_blocked, id=43011, stack(0x00007000057f9000,0x00007000058f9000)]
  0x00007fa0fa8f3000 JavaThread "C2 CompilerThread0" daemon [_thread_blocked, id=42755, stack(0x00007000058fc000,0x00007000059fc000)]
  0x00007fa0fb029000 JavaThread "C1 CompilerThread0" daemon [_thread_blocked, id=23299, stack(0x00007000059ff000,0x0000700005aff000)]
  0x00007fa0fb01f800 JavaThread "Sweeper thread" daemon [_thread_blocked, id=23811, stack(0x0000700005b02000,0x0000700005c02000)]
  0x00007fa0fa8f4000 JavaThread "Service Thread" daemon [_thread_blocked, id=42243, stack(0x0000700005c05000,0x0000700005d05000)]
  0x00007fa0fa941800 JavaThread "Common-Cleaner" daemon [_thread_blocked, id=41475, stack(0x0000700005e0b000,0x0000700005f0b000)]
  0x00007fa0f9a46000 JavaThread "http-nio-8081-BlockPoller" daemon [_thread_in_native, id=41231, stack(0x0000700005f0e000,0x000070000600e000)]
  0x00007fa0fb547000 JavaThread "Catalina-utility-1" [_thread_blocked, id=27139, stack(0x0000700006726000,0x0000700006826000)]
  0x00007fa0fbb2b000 JavaThread "Catalina-utility-2" [_thread_blocked, id=37891, stack(0x0000700006829000,0x0000700006929000)]
  0x00007fa0fb4d0800 JavaThread "container-0" [_thread_blocked, id=27907, stack(0x000070000692c000,0x0000700006a2c000)]
  0x00007fa0fb547800 JavaThread "spring.cloud.inetutils" daemon [_thread_blocked, id=37379, stack(0x0000700006a2f000,0x0000700006b2f000)]
  0x00007fa0fabf7000 JavaThread "HttpClient-1-SelectorManager" daemon [_thread_in_native, id=29187, stack(0x0000700006d38000,0x0000700006e38000)]
  0x00007fa0fc48a800 JavaThread "Eureka-JerseyClient-Conn-Cleaner2" daemon [_thread_blocked, id=29443, stack(0x0000700006e3b000,0x0000700006f3b000)]
  0x00007fa0fac2d000 JavaThread "AsyncResolver-bootstrap-0" daemon [_thread_blocked, id=35587, stack(0x0000700006f3e000,0x000070000703e000)]
  0x00007fa0fabfd000 JavaThread "DiscoveryClient-0" daemon [_thread_blocked, id=30211, stack(0x0000700007041000,0x0000700007141000)]
  0x00007fa0fac39000 JavaThread "DiscoveryClient-1" daemon [_thread_blocked, id=35075, stack(0x0000700007144000,0x0000700007244000)]
  0x00007fa0fac4c000 JavaThread "DiscoveryClient-InstanceInfoReplicator-0" daemon [_thread_blocked, id=31235, stack(0x0000700007247000,0x0000700007347000)]
  0x00007fa0fc48e000 JavaThread "http-nio-8080-BlockPoller" daemon [_thread_in_native, id=34307, stack(0x000070000734a000,0x000070000744a000)]
  0x00007fa0f9c26800 JavaThread "http-nio-8080-ClientPoller" daemon [_thread_in_native, id=32259, stack(0x000070000744d000,0x000070000754d000)]
  0x00007fa0f9c29800 JavaThread "http-nio-8080-Acceptor" daemon [_thread_in_native, id=32771, stack(0x0000700007550000,0x0000700007650000)]
  0x00007fa0fc480800 JavaThread "http-nio-8081-ClientPoller" daemon [_thread_in_native, id=33283, stack(0x0000700007653000,0x0000700007753000)]
  0x00007fa0f9c2d000 JavaThread "http-nio-8081-Acceptor" daemon [_thread_in_native, id=87043, stack(0x0000700007756000,0x0000700007856000)]
  0x00007fa0fc47d000 JavaThread "DestroyJavaVM" [_thread_blocked, id=9475, stack(0x0000700004ede000,0x0000700004fde000)]
  0x00007fa0fb568800 JavaThread "pool-2-thread-1" [_thread_blocked, id=86275, stack(0x0000700007859000,0x0000700007959000)]
  0x00007fa0fa801000 JavaThread "pool-2-thread-2" [_thread_blocked, id=83715, stack(0x0000700007e6b000,0x0000700007f6b000)]
  0x00007fa0fe004800 JavaThread "pool-2-thread-3" [_thread_blocked, id=45315, stack(0x0000700007f6e000,0x000070000806e000)]
  0x00007fa0fabbc800 JavaThread "pool-2-thread-4" [_thread_blocked, id=82947, stack(0x0000700008071000,0x0000700008171000)]
  0x00007fa0fb846000 JavaThread "pool-1-thread-1" [_thread_blocked, id=82179, stack(0x0000700008174000,0x0000700008274000)]
  0x00007fa0faa4b800 JavaThread "pool-2-thread-5" [_thread_blocked, id=46339, stack(0x0000700008277000,0x0000700008377000)]
  0x00007fa0fd800000 JavaThread "pool-2-thread-6" [_thread_blocked, id=81667, stack(0x000070000837a000,0x000070000847a000)]
  0x00007fa0fc410000 JavaThread "DiscoveryClient-HeartbeatExecutor-0" daemon [_thread_blocked, id=76803, stack(0x00007000091a4000,0x00007000092a4000)]
  0x00007fa0fc29a800 JavaThread "DiscoveryClient-CacheRefreshExecutor-0" daemon [_thread_blocked, id=52739, stack(0x00007000092a7000,0x00007000093a7000)]
  0x00007fa0fc0df000 JavaThread "Attach Listener" daemon [_thread_blocked, id=53507, stack(0x00007000093aa000,0x00007000094aa000)]
  0x00007fa0fa90f800 JavaThread "RMI TCP Accept-0" daemon [_thread_in_native, id=76547, stack(0x00007000094ad000,0x00007000095ad000)]
  0x00007fa0fb898000 JavaThread "RMI TCP Connection(1)-192.168.86.42" daemon [_thread_blocked, id=75779, stack(0x00007000095b0000,0x00007000096b0000)]
  0x00007fa0f99af000 JavaThread "RMI Scheduler(0)" daemon [_thread_blocked, id=54531, stack(0x00007000096b3000,0x00007000097b3000)]
  0x00007fa0f901e000 JavaThread "JMX server connection timeout 1989" daemon [_thread_blocked, id=54787, stack(0x00007000097b6000,0x00007000098b6000)]
  0x00007fa0fa910800 JavaThread "RMI TCP Connection(2)-192.168.86.42" daemon [_thread_blocked, id=55299, stack(0x00007000098b9000,0x00007000099b9000)]

Other Threads:
  0x00007fa0fb01d800 VMThread "VM Thread" [stack: 0x00007000054f0000,0x00007000055f0000] [id=14595]
  0x00007fa0fb00b800 WatcherThread [stack: 0x0000700005d08000,0x0000700005e08000] [id=24835]
  0x00007fa0fa831800 GCTaskThread "GC Thread#0" [stack: 0x0000700004fe1000,0x00007000050e1000] [id=12291]
  0x00007fa0f913d800 GCTaskThread "GC Thread#1" [stack: 0x0000700006011000,0x0000700006111000] [id=40707]
=>0x00007fa0f913e000 GCTaskThread "GC Thread#2" [stack: 0x0000700006114000,0x0000700006214000] [id=25603]
  0x00007fa0f913f000 GCTaskThread "GC Thread#3" [stack: 0x0000700006217000,0x0000700006317000] [id=26115]
  0x00007fa0fb232000 GCTaskThread "GC Thread#4" [stack: 0x000070000631a000,0x000070000641a000] [id=40195]
  0x00007fa0fb228800 GCTaskThread "GC Thread#5" [stack: 0x000070000641d000,0x000070000651d000] [id=39683]
  0x00007fa0fb548800 GCTaskThread "GC Thread#6" [stack: 0x0000700006b32000,0x0000700006c32000] [id=37123]
  0x00007fa0fabf0800 GCTaskThread "GC Thread#7" [stack: 0x0000700006c35000,0x0000700006d35000] [id=36867]
  0x00007fa0fbb94800 GCTaskThread "GC Thread#8" [stack: 0x000070000795c000,0x0000700007a5c000] [id=85763]
  0x00007fa0fbb95000 GCTaskThread "GC Thread#9" [stack: 0x0000700007a5f000,0x0000700007b5f000] [id=85507]
  0x00007fa0fa843000 ConcurrentGCThread "G1 Main Marker" [stack: 0x00007000050e4000,0x00007000051e4000] [id=12803]
  0x00007fa0fa843800 ConcurrentGCThread "G1 Conc#0" [stack: 0x00007000051e7000,0x00007000052e7000] [id=19971]
  0x00007fa0fb245000 ConcurrentGCThread "G1 Conc#1" [stack: 0x0000700006520000,0x0000700006620000] [id=38919]
  0x00007fa0fd002000 ConcurrentGCThread "G1 Conc#2" [stack: 0x0000700006623000,0x0000700006723000] [id=26887]
  0x00007fa0fa8ec800 ConcurrentGCThread "G1 Refine#0" [stack: 0x00007000052ea000,0x00007000053ea000] [id=19715]
  0x00007fa0fbb8b000 ConcurrentGCThread "G1 Refine#1" [stack: 0x0000700008f9e000,0x000070000909e000] [id=77827]
  0x00007fa0fc31a800 ConcurrentGCThread "G1 Refine#2" [stack: 0x00007000090a1000,0x00007000091a1000] [id=77315]
  0x00007fa0fa8ed000 ConcurrentGCThread "G1 Young RemSet Sampling" [stack: 0x00007000053ed000,0x00007000054ed000] [id=19459]

Threads with active compile tasks:
C2 CompilerThread0    97689 9128       4       java.io.ObjectInputStream$PeekInputStream::peek (49 bytes)

VM state:at safepoint (normal execution)

VM Mutex/Monitor currently owned by a thread:  ([mutex/lock_event])
[0x00007fa0f8c1a850] Threads_lock - owner thread: 0x00007fa0fb01d800
[0x00007fa0f8c1b950] Heap_lock - owner thread: 0x00007fa0fa910800

Heap address: 0x0000000700000000, size: 4096 MB, Compressed Oops mode: Zero based, Oop shift amount: 3
Narrow klass base: 0x0000000800000000, Narrow klass shift: 3
Compressed class space size: 1073741824 Address: 0x0000000800b47000

Heap:
 garbage-first heap   total 137216K, used 83124K [0x0000000700000000, 0x0000000800000000)
  region size 1024K, 4 young (4096K), 1 survivors (1024K)
 Metaspace       used 53603K, capacity 55011K, committed 55196K, reserved 1097728K
  class space    used 6309K, capacity 6824K, committed 6860K, reserved 1048576K
Heap Regions: E=young(eden), S=young(survivor), O=old, HS=humongous(starts), HC=humongous(continues), CS=collection set, F=free, A=archive, TAMS=top-at-mark-start (previous, next)
|   0|0x0000000700000000, 0x0000000700100000, 0x0000000700100000|100%| O|  |TAMS 0x0000000700100000, 0x0000000700000000| Untracked 
|   1|0x0000000700100000, 0x0000000700200000, 0x0000000700200000|100%| O|  |TAMS 0x0000000700200000, 0x0000000700100000| Untracked 
|   2|0x0000000700200000, 0x0000000700294400, 0x0000000700300000| 57%| O|  |TAMS 0x0000000700294400, 0x0000000700200000| Complete 
|   3|0x0000000700300000, 0x0000000700400000, 0x0000000700400000|100%| O|  |TAMS 0x0000000700400000, 0x0000000700300000| Untracked 
|   4|0x0000000700400000, 0x0000000700500000, 0x0000000700500000|100%| O|  |TAMS 0x0000000700500000, 0x0000000700400000| Untracked 
|   5|0x0000000700500000, 0x0000000700600000, 0x0000000700600000|100%| O|  |TAMS 0x0000000700600000, 0x0000000700500000| Untracked 
|   6|0x0000000700600000, 0x0000000700700000, 0x0000000700700000|100%| O|  |TAMS 0x0000000700700000, 0x0000000700600000| Untracked 
|   7|0x0000000700700000, 0x0000000700800000, 0x0000000700800000|100%| O|  |TAMS 0x0000000700800000, 0x0000000700700000| Untracked 
|   8|0x0000000700800000, 0x0000000700900000, 0x0000000700900000|100%| O|  |TAMS 0x0000000700900000, 0x0000000700800000| Untracked 
|   9|0x0000000700900000, 0x0000000700a00000, 0x0000000700a00000|100%| O|  |TAMS 0x0000000700a00000, 0x0000000700900000| Complete 
|  10|0x0000000700a00000, 0x0000000700b00000, 0x0000000700b00000|100%| O|  |TAMS 0x0000000700a00000, 0x0000000700a00000| Untracked 
|  11|0x0000000700b00000, 0x0000000700c00000, 0x0000000700c00000|100%| O|  |TAMS 0x0000000700c00000, 0x0000000700b00000| Untracked 
|  12|0x0000000700c00000, 0x0000000700d00000, 0x0000000700d00000|100%| O|  |TAMS 0x0000000700d00000, 0x0000000700c00000| Untracked 
|  13|0x0000000700d00000, 0x0000000700e00000, 0x0000000700e00000|100%| O|  |TAMS 0x0000000700e00000, 0x0000000700d00000| Untracked 
|  14|0x0000000700e00000, 0x0000000700f00000, 0x0000000700f00000|100%| O|  |TAMS 0x0000000700f00000, 0x0000000700e00000| Untracked 
|  15|0x0000000700f00000, 0x0000000701000000, 0x0000000701000000|100%| O|  |TAMS 0x0000000701000000, 0x0000000700f00000| Complete 
|  16|0x0000000701000000, 0x0000000701100000, 0x0000000701100000|100%| O|  |TAMS 0x0000000701100000, 0x0000000701000000| Complete 
|  17|0x0000000701100000, 0x0000000701200000, 0x0000000701200000|100%| O|  |TAMS 0x0000000701100000, 0x0000000701100000| Untracked 
|  18|0x0000000701200000, 0x0000000701300000, 0x0000000701300000|100%| O|  |TAMS 0x0000000701300000, 0x0000000701200000| Complete 
|  19|0x0000000701300000, 0x0000000701400000, 0x0000000701400000|100%| O|  |TAMS 0x0000000701400000, 0x0000000701300000| Untracked 
|  20|0x0000000701400000, 0x0000000701500000, 0x0000000701500000|100%| O|  |TAMS 0x0000000701500000, 0x0000000701400000| Untracked 
|  21|0x0000000701500000, 0x0000000701600000, 0x0000000701600000|100%| O|  |TAMS 0x0000000701600000, 0x0000000701500000| Untracked 
|  22|0x0000000701600000, 0x0000000701700000, 0x0000000701700000|100%| O|  |TAMS 0x0000000701700000, 0x0000000701600000| Untracked 
|  23|0x0000000701700000, 0x0000000701800000, 0x0000000701800000|100%| O|  |TAMS 0x0000000701800000, 0x0000000701700000| Untracked 
|  24|0x0000000701800000, 0x0000000701900000, 0x0000000701900000|100%| O|  |TAMS 0x0000000701900000, 0x0000000701800000| Untracked 
|  25|0x0000000701900000, 0x0000000701a00000, 0x0000000701a00000|100%| O|  |TAMS 0x0000000701a00000, 0x0000000701900000| Untracked 
|  26|0x0000000701a00000, 0x0000000701b00000, 0x0000000701b00000|100%| O|  |TAMS 0x0000000701b00000, 0x0000000701a00000| Untracked 
|  27|0x0000000701b00000, 0x0000000701c00000, 0x0000000701c00000|100%| O|  |TAMS 0x0000000701c00000, 0x0000000701b00000| Untracked 
|  28|0x0000000701c00000, 0x0000000701d00000, 0x0000000701d00000|100%| O|  |TAMS 0x0000000701d00000, 0x0000000701c00000| Untracked 
|  29|0x0000000701d00000, 0x0000000701e00000, 0x0000000701e00000|100%| O|  |TAMS 0x0000000701e00000, 0x0000000701d00000| Complete 
|  30|0x0000000701e00000, 0x0000000701f00000, 0x0000000701f00000|100%| O|  |TAMS 0x0000000701f00000, 0x0000000701e00000| Complete 
|  31|0x0000000701f00000, 0x0000000702000000, 0x0000000702000000|100%| O|  |TAMS 0x0000000702000000, 0x0000000701f00000| Untracked 
|  32|0x0000000702000000, 0x0000000702100000, 0x0000000702100000|100%| O|  |TAMS 0x0000000702100000, 0x0000000702000000| Untracked 
|  33|0x0000000702100000, 0x0000000702200000, 0x0000000702200000|100%| O|  |TAMS 0x0000000702200000, 0x0000000702100000| Untracked 
|  34|0x0000000702200000, 0x0000000702300000, 0x0000000702300000|100%| O|  |TAMS 0x0000000702300000, 0x0000000702200000| Complete 
|  35|0x0000000702300000, 0x0000000702400000, 0x0000000702400000|100%| O|  |TAMS 0x0000000702400000, 0x0000000702300000| Untracked 
|  36|0x0000000702400000, 0x0000000702500000, 0x0000000702500000|100%| O|  |TAMS 0x0000000702500000, 0x0000000702400000| Complete 
|  37|0x0000000702500000, 0x0000000702600000, 0x0000000702600000|100%| O|  |TAMS 0x0000000702600000, 0x0000000702500000| Complete 
|  38|0x0000000702600000, 0x0000000702700000, 0x0000000702700000|100%| O|  |TAMS 0x0000000702700000, 0x0000000702600000| Untracked 
|  39|0x0000000702700000, 0x0000000702800000, 0x0000000702800000|100%| O|  |TAMS 0x0000000702700000, 0x0000000702700000| Untracked 
|  40|0x0000000702800000, 0x0000000702900000, 0x0000000702900000|100%| O|  |TAMS 0x0000000702900000, 0x0000000702800000| Untracked 
|  41|0x0000000702900000, 0x0000000702a00000, 0x0000000702a00000|100%| O|  |TAMS 0x0000000702a00000, 0x0000000702900000| Untracked 
|  42|0x0000000702a00000, 0x0000000702b00000, 0x0000000702b00000|100%| O|  |TAMS 0x0000000702a00000, 0x0000000702a00000| Untracked 
|  43|0x0000000702b00000, 0x0000000702c00000, 0x0000000702c00000|100%| O|  |TAMS 0x0000000702c00000, 0x0000000702b00000| Untracked 
|  44|0x0000000702c00000, 0x0000000702d00000, 0x0000000702d00000|100%| O|  |TAMS 0x0000000702d00000, 0x0000000702c00000| Untracked 
|  45|0x0000000702d00000, 0x0000000702e00000, 0x0000000702e00000|100%| O|  |TAMS 0x0000000702e00000, 0x0000000702d00000| Complete 
|  46|0x0000000702e00000, 0x0000000702f00000, 0x0000000702f00000|100%| O|CS|TAMS 0x0000000702f00000, 0x0000000702e00000| Complete 
|  47|0x0000000702f00000, 0x0000000703000000, 0x0000000703000000|100%| O|  |TAMS 0x0000000702f00000, 0x0000000702f00000| Untracked 
|  48|0x0000000703000000, 0x0000000703100000, 0x0000000703100000|100%| O|CS|TAMS 0x0000000703100000, 0x0000000703000000| Complete 
|  49|0x0000000703100000, 0x0000000703200000, 0x0000000703200000|100%| O|CS|TAMS 0x0000000703200000, 0x0000000703100000| Complete 
|  50|0x0000000703200000, 0x0000000703300000, 0x0000000703300000|100%| O|  |TAMS 0x0000000703300000, 0x0000000703200000| Untracked 
|  51|0x0000000703300000, 0x0000000703400000, 0x0000000703400000|100%| O|  |TAMS 0x0000000703400000, 0x0000000703300000| Untracked 
|  52|0x0000000703400000, 0x0000000703500000, 0x0000000703500000|100%| O|  |TAMS 0x0000000703500000, 0x0000000703400000| Untracked 
|  53|0x0000000703500000, 0x0000000703600000, 0x0000000703600000|100%| O|  |TAMS 0x0000000703600000, 0x0000000703500000| Untracked 
|  54|0x0000000703600000, 0x0000000703700000, 0x0000000703700000|100%| O|  |TAMS 0x0000000703700000, 0x0000000703600000| Complete 
|  55|0x0000000703700000, 0x0000000703800000, 0x0000000703800000|100%| O|  |TAMS 0x0000000703800000, 0x0000000703700000| Untracked 
|  56|0x0000000703800000, 0x0000000703900000, 0x0000000703900000|100%| O|  |TAMS 0x0000000703900000, 0x0000000703800000| Untracked 
|  57|0x0000000703900000, 0x0000000703a00000, 0x0000000703a00000|100%| O|  |TAMS 0x0000000703a00000, 0x0000000703900000| Untracked 
|  58|0x0000000703a00000, 0x0000000703b00000, 0x0000000703b00000|100%| O|  |TAMS 0x0000000703b00000, 0x0000000703a00000| Complete 
|  59|0x0000000703b00000, 0x0000000703c00000, 0x0000000703c00000|100%| O|  |TAMS 0x0000000703b00000, 0x0000000703b00000| Untracked 
|  60|0x0000000703c00000, 0x0000000703d00000, 0x0000000703d00000|100%| O|  |TAMS 0x0000000703c00000, 0x0000000703c00000| Untracked 
|  61|0x0000000703d00000, 0x0000000703e00000, 0x0000000703e00000|100%| O|CS|TAMS 0x0000000703e00000, 0x0000000703d00000| Complete 
|  62|0x0000000703e00000, 0x0000000703f00000, 0x0000000703f00000|100%| O|CS|TAMS 0x0000000703f00000, 0x0000000703e00000| Complete 
|  63|0x0000000703f00000, 0x0000000704000000, 0x0000000704000000|100%| O|  |TAMS 0x0000000703f00000, 0x0000000703f00000| Untracked 
|  64|0x0000000704000000, 0x0000000704100000, 0x0000000704100000|100%| O|  |TAMS 0x0000000704000000, 0x0000000704000000| Untracked 
|  65|0x0000000704100000, 0x0000000704200000, 0x0000000704200000|100%| O|CS|TAMS 0x0000000704200000, 0x0000000704100000| Complete 
|  66|0x0000000704200000, 0x0000000704300000, 0x0000000704300000|100%| O|  |TAMS 0x0000000704200000, 0x0000000704200000| Untracked 
|  67|0x0000000704300000, 0x0000000704400000, 0x0000000704400000|100%| O|CS|TAMS 0x0000000704400000, 0x0000000704300000| Complete 
|  68|0x0000000704400000, 0x0000000704500000, 0x0000000704500000|100%| O|CS|TAMS 0x0000000704500000, 0x0000000704400000| Complete 
|  69|0x0000000704500000, 0x0000000704600000, 0x0000000704600000|100%| O|CS|TAMS 0x0000000704600000, 0x0000000704500000| Complete 
|  70|0x0000000704600000, 0x0000000704700000, 0x0000000704700000|100%| O|  |TAMS 0x0000000704700000, 0x0000000704600000| Complete 
|  71|0x0000000704700000, 0x0000000704800000, 0x0000000704800000|100%| O|  |TAMS 0x0000000704800000, 0x0000000704700000| Complete 
|  72|0x0000000704800000, 0x0000000704900000, 0x0000000704900000|100%| O|CS|TAMS 0x0000000704900000, 0x0000000704800000| Complete 
|  73|0x0000000704900000, 0x0000000704a00000, 0x0000000704a00000|100%| O|  |TAMS 0x0000000704a00000, 0x0000000704900000| Complete 
|  74|0x0000000704a00000, 0x0000000704b00000, 0x0000000704b00000|100%| O|  |TAMS 0x0000000704a00000, 0x0000000704a00000| Untracked 
|  75|0x0000000704b00000, 0x0000000704c00000, 0x0000000704c00000|100%| O|  |TAMS 0x0000000704b00000, 0x0000000704b00000| Untracked 
|  76|0x0000000704c00000, 0x0000000704d00000, 0x0000000704d00000|100%| O|  |TAMS 0x0000000704d00000, 0x0000000704c00000| Complete 
|  77|0x0000000704d00000, 0x0000000704e00000, 0x0000000704e00000|100%| O|CS|TAMS 0x0000000704e00000, 0x0000000704d00000| Complete 
|  78|0x0000000704e00000, 0x0000000704e9eeb0, 0x0000000704f00000| 62%| O|  |TAMS 0x0000000704e00000, 0x0000000704e00000| Untracked 
|  79|0x0000000704f00000, 0x0000000705000000, 0x0000000705000000|100%| O|CS|TAMS 0x0000000705000000, 0x0000000704f00000| Complete 
|  80|0x0000000705000000, 0x0000000705100000, 0x0000000705100000|100%| O|CS|TAMS 0x0000000705100000, 0x0000000705000000| Complete 
|  81|0x0000000705100000, 0x0000000705100000, 0x0000000705200000|  0%| F|  |TAMS 0x0000000705100000, 0x0000000705100000| Untracked 
|  82|0x0000000705200000, 0x0000000705300000, 0x0000000705300000|100%| O|CS|TAMS 0x0000000705300000, 0x0000000705200000| Complete 
|  83|0x0000000705300000, 0x0000000705400000, 0x0000000705400000|100%| O|  |TAMS 0x000000070532d200, 0x0000000705300000| Complete 
|  84|0x0000000705400000, 0x0000000705400000, 0x0000000705500000|  0%| F|  |TAMS 0x0000000705400000, 0x0000000705400000| Untracked 
|  85|0x0000000705500000, 0x0000000705500000, 0x0000000705600000|  0%| F|  |TAMS 0x0000000705500000, 0x0000000705500000| Untracked 
|  86|0x0000000705600000, 0x0000000705600000, 0x0000000705700000|  0%| F|  |TAMS 0x0000000705600000, 0x0000000705600000| Untracked 
|  87|0x0000000705700000, 0x0000000705700000, 0x0000000705800000|  0%| F|  |TAMS 0x0000000705700000, 0x0000000705700000| Untracked 
|  88|0x0000000705800000, 0x0000000705800000, 0x0000000705900000|  0%| F|  |TAMS 0x0000000705800000, 0x0000000705800000| Untracked 
|  89|0x0000000705900000, 0x0000000705900000, 0x0000000705a00000|  0%| F|  |TAMS 0x0000000705900000, 0x0000000705900000| Untracked 
|  90|0x0000000705a00000, 0x0000000705a00000, 0x0000000705b00000|  0%| F|  |TAMS 0x0000000705a00000, 0x0000000705a00000| Untracked 
|  91|0x0000000705b00000, 0x0000000705b00000, 0x0000000705c00000|  0%| F|  |TAMS 0x0000000705b00000, 0x0000000705b00000| Untracked 
|  92|0x0000000705c00000, 0x0000000705c00000, 0x0000000705d00000|  0%| F|  |TAMS 0x0000000705c00000, 0x0000000705c00000| Untracked 
|  93|0x0000000705d00000, 0x0000000705d00000, 0x0000000705e00000|  0%| F|  |TAMS 0x0000000705d00000, 0x0000000705d00000| Untracked 
|  94|0x0000000705e00000, 0x0000000705e00000, 0x0000000705f00000|  0%| F|  |TAMS 0x0000000705e00000, 0x0000000705e00000| Untracked 
|  95|0x0000000705f00000, 0x0000000705f00000, 0x0000000706000000|  0%| F|  |TAMS 0x0000000705f00000, 0x0000000705f00000| Untracked 
|  96|0x0000000706000000, 0x0000000706000000, 0x0000000706100000|  0%| F|  |TAMS 0x0000000706000000, 0x0000000706000000| Untracked 
|  97|0x0000000706100000, 0x0000000706100000, 0x0000000706200000|  0%| F|  |TAMS 0x0000000706100000, 0x0000000706100000| Untracked 
|  98|0x0000000706200000, 0x0000000706200000, 0x0000000706300000|  0%| F|  |TAMS 0x0000000706200000, 0x0000000706200000| Untracked 
|  99|0x0000000706300000, 0x0000000706300000, 0x0000000706400000|  0%| F|  |TAMS 0x0000000706300000, 0x0000000706300000| Untracked 
| 100|0x0000000706400000, 0x0000000706400000, 0x0000000706500000|  0%| F|  |TAMS 0x0000000706400000, 0x0000000706400000| Untracked 
| 101|0x0000000706500000, 0x0000000706500000, 0x0000000706600000|  0%| F|  |TAMS 0x0000000706500000, 0x0000000706500000| Untracked 
| 102|0x0000000706600000, 0x00000007066ffe08, 0x0000000706700000| 99%| E|CS|TAMS 0x0000000706600000, 0x0000000706600000| Complete 
| 103|0x0000000706700000, 0x0000000706700000, 0x0000000706800000|  0%| F|  |TAMS 0x0000000706700000, 0x0000000706700000| Untracked 
| 104|0x0000000706800000, 0x0000000706800000, 0x0000000706900000|  0%| F|  |TAMS 0x0000000706800000, 0x0000000706800000| Untracked 
| 105|0x0000000706900000, 0x0000000706900000, 0x0000000706a00000|  0%| F|  |TAMS 0x0000000706900000, 0x0000000706900000| Untracked 
| 106|0x0000000706a00000, 0x0000000706a00000, 0x0000000706b00000|  0%| F|  |TAMS 0x0000000706a00000, 0x0000000706a00000| Untracked 
| 107|0x0000000706b00000, 0x0000000706c00000, 0x0000000706c00000|100%| E|CS|TAMS 0x0000000706b00000, 0x0000000706b00000| Complete 
| 108|0x0000000706c00000, 0x0000000706d00000, 0x0000000706d00000|100%| E|CS|TAMS 0x0000000706c00000, 0x0000000706c00000| Complete 
| 109|0x0000000706d00000, 0x0000000706d00000, 0x0000000706e00000|  0%| F|  |TAMS 0x0000000706d00000, 0x0000000706d00000| Untracked 
| 110|0x0000000706e00000, 0x0000000706e00000, 0x0000000706f00000|  0%| F|  |TAMS 0x0000000706e00000, 0x0000000706e00000| Untracked 
| 111|0x0000000706f00000, 0x0000000706f00000, 0x0000000707000000|  0%| F|  |TAMS 0x0000000706f00000, 0x0000000706f00000| Untracked 
| 112|0x0000000707000000, 0x0000000707000000, 0x0000000707100000|  0%| F|  |TAMS 0x0000000707000000, 0x0000000707000000| Untracked 
| 113|0x0000000707100000, 0x0000000707100000, 0x0000000707200000|  0%| F|  |TAMS 0x0000000707100000, 0x0000000707100000| Untracked 
| 114|0x0000000707200000, 0x0000000707200000, 0x0000000707300000|  0%| F|  |TAMS 0x0000000707200000, 0x0000000707200000| Untracked 
| 115|0x0000000707300000, 0x0000000707300000, 0x0000000707400000|  0%| F|  |TAMS 0x0000000707300000, 0x0000000707300000| Untracked 
| 116|0x0000000707400000, 0x0000000707400000, 0x0000000707500000|  0%| F|  |TAMS 0x0000000707400000, 0x0000000707400000| Untracked 
| 117|0x0000000707500000, 0x0000000707500000, 0x0000000707600000|  0%| F|  |TAMS 0x0000000707500000, 0x0000000707500000| Untracked 
| 118|0x0000000707600000, 0x0000000707600000, 0x0000000707700000|  0%| F|  |TAMS 0x0000000707600000, 0x0000000707600000| Untracked 
| 119|0x0000000707700000, 0x0000000707700000, 0x0000000707800000|  0%| F|  |TAMS 0x0000000707700000, 0x0000000707700000| Untracked 
| 120|0x0000000707800000, 0x0000000707800000, 0x0000000707900000|  0%| F|  |TAMS 0x0000000707800000, 0x0000000707800000| Untracked 
| 121|0x0000000707900000, 0x0000000707900000, 0x0000000707a00000|  0%| F|  |TAMS 0x0000000707900000, 0x0000000707900000| Untracked 
| 122|0x0000000707a00000, 0x0000000707a00000, 0x0000000707b00000|  0%| F|  |TAMS 0x0000000707a00000, 0x0000000707a00000| Untracked 
| 123|0x0000000707b00000, 0x0000000707b00000, 0x0000000707c00000|  0%| F|  |TAMS 0x0000000707b00000, 0x0000000707b00000| Untracked 
| 124|0x0000000707c00000, 0x0000000707c00000, 0x0000000707d00000|  0%| F|  |TAMS 0x0000000707c00000, 0x0000000707c00000| Untracked 
| 125|0x0000000707d00000, 0x0000000707d00000, 0x0000000707e00000|  0%| F|  |TAMS 0x0000000707d00000, 0x0000000707d00000| Untracked 
| 126|0x0000000707e00000, 0x0000000707e00000, 0x0000000707f00000|  0%| F|  |TAMS 0x0000000707e00000, 0x0000000707e00000| Untracked 
| 127|0x0000000707f00000, 0x0000000707f00000, 0x0000000708000000|  0%| F|  |TAMS 0x0000000707f00000, 0x0000000707f00000| Untracked 
| 128|0x0000000708000000, 0x000000070808ae58, 0x0000000708100000| 54%| S|  |TAMS 0x0000000708000000, 0x0000000708000000| Complete 
| 129|0x0000000708100000, 0x0000000708200000, 0x0000000708200000|100%| E|CS|TAMS 0x0000000708100000, 0x0000000708100000| Complete 
| 130|0x0000000708200000, 0x0000000708300000, 0x0000000708300000|100%| E|CS|TAMS 0x0000000708200000, 0x0000000708200000| Complete 
| 255|0x000000070ff00000, 0x0000000710000000, 0x0000000710000000|100%| E|CS|TAMS 0x000000070ff00000, 0x000000070ff00000| Complete 
|3070|0x00000007bfe00000, 0x00000007bfe49000, 0x00000007bff00000| 28%|OA|  |TAMS 0x00000007bfe49000, 0x00000007bfe00000| Untracked 
|3071|0x00000007bff00000, 0x00000007bff79000, 0x00000007c0000000| 47%|CA|  |TAMS 0x00000007bff79000, 0x00000007bff00000| Untracked 

Card table byte_map: [0x0000000126526000,0x0000000126d26000] _byte_map_base: 0x0000000122d26000

Marking Bits (Prev, Next): (CMBitMap*) 0x00007fa0fa832458, (CMBitMap*) 0x00007fa0fa832418
 Prev Bits: [0x000000012b526000, 0x000000012f526000)
 Next Bits: [0x0000000127526000, 0x000000012b526000)

Polling page: 0x000000010aec0000

Metaspace:

Usage:
  Non-class:     47.06 MB capacity,    46.19 MB ( 98%) used,   713.45 KB (  1%) free+waste,   179.12 KB ( <1%) overhead. 
      Class:      6.66 MB capacity,     6.16 MB ( 92%) used,   436.30 KB (  6%) free+waste,    78.19 KB (  1%) overhead. 
       Both:     53.72 MB capacity,    52.35 MB ( 97%) used,     1.12 MB (  2%) free+waste,   257.31 KB ( <1%) overhead. 

Virtual space:
  Non-class space:       48.00 MB reserved,      47.20 MB ( 98%) committed 
      Class space:        1.00 GB reserved,       6.70 MB ( <1%) committed 
             Both:        1.05 GB reserved,      53.90 MB (  5%) committed 

Chunk freelists:
   Non-Class:  29.00 KB
       Class:  0 bytes
        Both:  29.00 KB

MaxMetaspaceSize: unlimited
CompressedClassSpaceSize: 1.00 GB

CodeHeap 'non-profiled nmethods': size=120032Kb used=4084Kb max_used=4084Kb free=115947Kb
 bounds [0x000000011e6ee000, 0x000000011eaee000, 0x0000000125c26000]
CodeHeap 'profiled nmethods': size=120028Kb used=17348Kb max_used=18899Kb free=102679Kb
 bounds [0x00000001171b7000, 0x0000000118437000, 0x000000011e6ee000]
CodeHeap 'non-nmethods': size=5700Kb used=1409Kb max_used=1432Kb free=4290Kb
 bounds [0x0000000116c26000, 0x0000000116e96000, 0x00000001171b7000]
 total_blobs=12561 nmethods=7523 adapters=477
 compilation: enabled
              stopped_count=0, restarted_count=0
 full_count=0

Compilation events (20 events):
Event: 93.219 Thread 0x00007fa0fb029000 nmethod 9117 0x0000000118321310 code [0x00000001183214c0, 0x0000000118321710]
Event: 93.664 Thread 0x00007fa0fa8f3000 9118       4       java.lang.Thread::setContextClassLoader (28 bytes)
Event: 93.666 Thread 0x00007fa0fa8f3000 nmethod 9118 0x000000011eae7490 code [0x000000011eae7620, 0x000000011eae7798]
Event: 93.666 Thread 0x00007fa0fa8f3000 9119       4       javax.management.openmbean.ArrayType::isValue (157 bytes)
Event: 93.668 Thread 0x00007fa0fa8f3000 nmethod 9119 0x000000011eae7810 code [0x000000011eae79c0, 0x000000011eae7b58]
Event: 94.667 Thread 0x00007fa0fa8f3000 9120 %     4       java.io.ObjectOutputStream$HandleTable::growSpine @ 41 (67 bytes)
Event: 94.669 Thread 0x00007fa0fa8f3000 nmethod 9120% 0x000000011eae8110 code [0x000000011eae82c0, 0x000000011eae8428]
Event: 94.669 Thread 0x00007fa0fa8f3000 9122       4       java.io.ObjectInputStream$PeekInputStream::readFully (48 bytes)
Event: 94.670 Thread 0x00007fa0fa8f3000 nmethod 9122 0x000000011eae8590 code [0x000000011eae8740, 0x000000011eae8848]
Event: 95.668 Thread 0x00007fa0fb029000 9124       3       java.nio.ByteBuffer::get (55 bytes)
Event: 95.668 Thread 0x00007fa0fa8f3000 9123   !   4       jdk.internal.reflect.GeneratedMethodAccessor79::invoke (66 bytes)
Event: 95.669 Thread 0x00007fa0fb029000 nmethod 9124 0x0000000117ea8d90 code [0x0000000117ea8fa0, 0x0000000117ea95a8]
Event: 95.669 Thread 0x00007fa0fb029000 9125   !   3       java.lang.Object::wait (29 bytes)
Event: 95.669 Thread 0x00007fa0fb029000 nmethod 9125 0x0000000117c67e10 code [0x0000000117c68000, 0x0000000117c683f8]
Event: 95.670 Thread 0x00007fa0fa8f3000 nmethod 9123 0x000000011eae8910 code [0x000000011eae8ac0, 0x000000011eae8c68]
Event: 96.213 Thread 0x00007fa0fa8f3000 9126   !   4       java.util.concurrent.ThreadPoolExecutor::getTask (177 bytes)
Event: 96.236 Thread 0x00007fa0fa8f3000 nmethod 9126 0x000000011eae8e10 code [0x000000011eae9120, 0x000000011eaea390]
Event: 97.575 Thread 0x00007fa0fb029000 9127   !   3       sun.nio.ch.SelectorImpl::processDeregisterQueue (181 bytes)
Event: 97.576 Thread 0x00007fa0fb029000 nmethod 9127 0x000000011750a790 code [0x000000011750aa80, 0x000000011750c008]
Event: 97.669 Thread 0x00007fa0fa8f3000 9128       4       java.io.ObjectInputStream$PeekInputStream::peek (49 bytes)

GC Heap History (20 events):
Event: 26.724 GC heap after
{Heap after GC invocations=22 (full 0):
 garbage-first heap   total 132096K, used 76993K [0x0000000700000000, 0x0000000800000000)
  region size 1024K, 3 young (3072K), 3 survivors (3072K)
 Metaspace       used 51652K, capacity 52937K, committed 53276K, reserved 1095680K
  class space    used 6115K, capacity 6598K, committed 6732K, reserved 1048576K
}
Event: 26.801 GC heap before
{Heap before GC invocations=22 (full 0):
 garbage-first heap   total 132096K, used 79041K [0x0000000700000000, 0x0000000800000000)
  region size 1024K, 6 young (6144K), 3 survivors (3072K)
 Metaspace       used 51664K, capacity 52937K, committed 53276K, reserved 1095680K
  class space    used 6115K, capacity 6598K, committed 6732K, reserved 1048576K
}
Event: 26.805 GC heap after
{Heap after GC invocations=23 (full 0):
 garbage-first heap   total 132096K, used 71235K [0x0000000700000000, 0x0000000800000000)
  region size 1024K, 1 young (1024K), 1 survivors (1024K)
 Metaspace       used 51664K, capacity 52937K, committed 53276K, reserved 1095680K
  class space    used 6115K, capacity 6598K, committed 6732K, reserved 1048576K
}
Event: 27.437 GC heap before
{Heap before GC invocations=23 (full 0):
 garbage-first heap   total 132096K, used 91715K [0x0000000700000000, 0x0000000800000000)
  region size 1024K, 21 young (21504K), 1 survivors (1024K)
 Metaspace       used 51740K, capacity 53002K, committed 53276K, reserved 1095680K
  class space    used 6115K, capacity 6598K, committed 6732K, reserved 1048576K
}
Event: 27.442 GC heap after
{Heap after GC invocations=24 (full 0):
 garbage-first heap   total 132096K, used 75904K [0x0000000700000000, 0x0000000800000000)
  region size 1024K, 3 young (3072K), 3 survivors (3072K)
 Metaspace       used 51740K, capacity 53002K, committed 53276K, reserved 1095680K
  class space    used 6115K, capacity 6598K, committed 6732K, reserved 1048576K
}
Event: 28.046 GC heap before
{Heap before GC invocations=25 (full 0):
 garbage-first heap   total 132096K, used 95360K [0x0000000700000000, 0x0000000800000000)
  region size 1024K, 22 young (22528K), 3 survivors (3072K)
 Metaspace       used 51782K, capacity 53066K, committed 53276K, reserved 1095680K
  class space    used 6116K, capacity 6598K, committed 6732K, reserved 1048576K
}
Event: 28.049 GC heap after
{Heap after GC invocations=26 (full 0):
 garbage-first heap   total 132096K, used 79246K [0x0000000700000000, 0x0000000800000000)
  region size 1024K, 3 young (3072K), 3 survivors (3072K)
 Metaspace       used 51782K, capacity 53066K, committed 53276K, reserved 1095680K
  class space    used 6116K, capacity 6598K, committed 6732K, reserved 1048576K
}
Event: 28.136 GC heap before
{Heap before GC invocations=26 (full 0):
 garbage-first heap   total 132096K, used 82318K [0x0000000700000000, 0x0000000800000000)
  region size 1024K, 6 young (6144K), 3 survivors (3072K)
 Metaspace       used 51782K, capacity 53066K, committed 53276K, reserved 1095680K
  class space    used 6116K, capacity 6598K, committed 6732K, reserved 1048576K
}
Event: 28.141 GC heap after
{Heap after GC invocations=27 (full 0):
 garbage-first heap   total 132096K, used 72410K [0x0000000700000000, 0x0000000800000000)
  region size 1024K, 1 young (1024K), 1 survivors (1024K)
 Metaspace       used 51782K, capacity 53066K, committed 53276K, reserved 1095680K
  class space    used 6116K, capacity 6598K, committed 6732K, reserved 1048576K
}
Event: 28.766 GC heap before
{Heap before GC invocations=27 (full 0):
 garbage-first heap   total 132096K, used 92890K [0x0000000700000000, 0x0000000800000000)
  region size 1024K, 22 young (22528K), 1 survivors (1024K)
 Metaspace       used 51783K, capacity 53066K, committed 53276K, reserved 1095680K
  class space    used 6116K, capacity 6598K, committed 6732K, reserved 1048576K
}
Event: 28.770 GC heap after
{Heap after GC invocations=28 (full 0):
 garbage-first heap   total 132096K, used 77493K [0x0000000700000000, 0x0000000800000000)
  region size 1024K, 3 young (3072K), 3 survivors (3072K)
 Metaspace       used 51783K, capacity 53066K, committed 53276K, reserved 1095680K
  class space    used 6116K, capacity 6598K, committed 6732K, reserved 1048576K
}
Event: 29.342 GC heap before
{Heap before GC invocations=29 (full 0):
 garbage-first heap   total 137216K, used 96949K [0x0000000700000000, 0x0000000800000000)
  region size 1024K, 22 young (22528K), 3 survivors (3072K)
 Metaspace       used 51783K, capacity 53066K, committed 53276K, reserved 1095680K
  class space    used 6116K, capacity 6598K, committed 6732K, reserved 1048576K
}
Event: 29.346 GC heap after
{Heap after GC invocations=30 (full 0):
 garbage-first heap   total 137216K, used 80539K [0x0000000700000000, 0x0000000800000000)
  region size 1024K, 3 young (3072K), 3 survivors (3072K)
 Metaspace       used 51783K, capacity 53066K, committed 53276K, reserved 1095680K
  class space    used 6116K, capacity 6598K, committed 6732K, reserved 1048576K
}
Event: 29.443 GC heap before
{Heap before GC invocations=30 (full 0):
 garbage-first heap   total 137216K, used 83611K [0x0000000700000000, 0x0000000800000000)
  region size 1024K, 6 young (6144K), 3 survivors (3072K)
 Metaspace       used 51783K, capacity 53066K, committed 53276K, reserved 1095680K
  class space    used 6116K, capacity 6598K, committed 6732K, reserved 1048576K
}
Event: 29.448 GC heap after
{Heap after GC invocations=31 (full 0):
 garbage-first heap   total 137216K, used 72205K [0x0000000700000000, 0x0000000800000000)
  region size 1024K, 1 young (1024K), 1 survivors (1024K)
 Metaspace       used 51783K, capacity 53066K, committed 53276K, reserved 1095680K
  class space    used 6116K, capacity 6598K, committed 6732K, reserved 1048576K
}
Event: 30.197 GC heap before
{Heap before GC invocations=31 (full 0):
 garbage-first heap   total 137216K, used 95757K [0x0000000700000000, 0x0000000800000000)
  region size 1024K, 25 young (25600K), 1 survivors (1024K)
 Metaspace       used 51784K, capacity 53066K, committed 53276K, reserved 1095680K
  class space    used 6116K, capacity 6598K, committed 6732K, reserved 1048576K
}
Event: 30.201 GC heap after
{Heap after GC invocations=32 (full 0):
 garbage-first heap   total 137216K, used 77800K [0x0000000700000000, 0x0000000800000000)
  region size 1024K, 4 young (4096K), 4 survivors (4096K)
 Metaspace       used 51784K, capacity 53066K, committed 53276K, reserved 1095680K
  class space    used 6116K, capacity 6598K, committed 6732K, reserved 1048576K
}
Event: 90.608 GC heap before
{Heap before GC invocations=33 (full 0):
 garbage-first heap   total 137216K, used 101352K [0x0000000700000000, 0x0000000800000000)
  region size 1024K, 27 young (27648K), 4 survivors (4096K)
 Metaspace       used 53569K, capacity 55010K, committed 55196K, reserved 1097728K
  class space    used 6309K, capacity 6824K, committed 6860K, reserved 1048576K
}
Event: 90.611 GC heap after
{Heap after GC invocations=34 (full 0):
 garbage-first heap   total 137216K, used 80052K [0x0000000700000000, 0x0000000800000000)
  region size 1024K, 3 young (3072K), 3 survivors (3072K)
 Metaspace       used 53569K, capacity 55010K, committed 55196K, reserved 1097728K
  class space    used 6309K, capacity 6824K, committed 6860K, reserved 1048576K
}
Event: 97.670 GC heap before
{Heap before GC invocations=34 (full 0):
 garbage-first heap   total 137216K, used 83124K [0x0000000700000000, 0x0000000800000000)
  region size 1024K, 6 young (6144K), 3 survivors (3072K)
 Metaspace       used 53603K, capacity 55011K, committed 55196K, reserved 1097728K
  class space    used 6309K, capacity 6824K, committed 6860K, reserved 1048576K
}

Deoptimization events (20 events):
Event: 91.342 Thread 0x00007fa0fe005800 Uncommon trap: trap_request=0xffffff45 fr.pc=0x000000011e98c7f4 relative=0x0000000000000914
Event: 91.342 Thread 0x00007fa0fe005800 Uncommon trap: reason=unstable_if action=reinterpret pc=0x000000011e98c7f4 method=java.util.concurrent.SynchronousQueue$TransferStack.transfer(Ljava/lang/Object;ZJ)Ljava/lang/Object; @ 111 c2
Event: 91.342 Thread 0x00007fa0fe005800 DEOPT PACKING pc=0x000000011e98c7f4 sp=0x0000700008988860
Event: 91.342 Thread 0x00007fa0fe005800 DEOPT UNPACKING pc=0x0000000116c7a83b sp=0x0000700008988818 mode 2
Event: 91.342 Thread 0x00007fa0fe005800 Uncommon trap: trap_request=0xffffff45 fr.pc=0x000000011e9c1878 relative=0x0000000000000c38
Event: 91.342 Thread 0x00007fa0fe005800 Uncommon trap: reason=unstable_if action=reinterpret pc=0x000000011e9c1878 method=java.util.concurrent.SynchronousQueue.poll(JLjava/util/concurrent/TimeUnit;)Ljava/lang/Object; @ 18 c2
Event: 91.342 Thread 0x00007fa0fe005800 DEOPT PACKING pc=0x000000011e9c1878 sp=0x00007000089888e0
Event: 91.342 Thread 0x00007fa0fe005800 DEOPT UNPACKING pc=0x0000000116c7a83b sp=0x0000700008988828 mode 2
Event: 91.423 Thread 0x00007fa0fc471000 Uncommon trap: trap_request=0xffffff45 fr.pc=0x000000011e92adc4 relative=0x00000000000007c4
Event: 91.423 Thread 0x00007fa0fc471000 Uncommon trap: reason=unstable_if action=reinterpret pc=0x000000011e92adc4 method=java.util.concurrent.SynchronousQueue$TransferStack.awaitFulfill(Ljava/util/concurrent/SynchronousQueue$TransferStack$SNode;ZJ)Ljava/util/concurrent/SynchronousQueue$Transfe
Event: 91.423 Thread 0x00007fa0fc471000 DEOPT PACKING pc=0x000000011e92adc4 sp=0x0000700008b8e7f0
Event: 91.423 Thread 0x00007fa0fc471000 DEOPT UNPACKING pc=0x0000000116c7a83b sp=0x0000700008b8e7a0 mode 2
Event: 91.423 Thread 0x00007fa0fc471000 Uncommon trap: trap_request=0xffffff45 fr.pc=0x000000011e98c7f4 relative=0x0000000000000914
Event: 91.423 Thread 0x00007fa0fc471000 Uncommon trap: reason=unstable_if action=reinterpret pc=0x000000011e98c7f4 method=java.util.concurrent.SynchronousQueue$TransferStack.transfer(Ljava/lang/Object;ZJ)Ljava/lang/Object; @ 111 c2
Event: 91.423 Thread 0x00007fa0fc471000 DEOPT PACKING pc=0x000000011e98c7f4 sp=0x0000700008b8e860
Event: 91.423 Thread 0x00007fa0fc471000 DEOPT UNPACKING pc=0x0000000116c7a83b sp=0x0000700008b8e818 mode 2
Event: 91.423 Thread 0x00007fa0fc471000 Uncommon trap: trap_request=0xffffff45 fr.pc=0x000000011e9c1878 relative=0x0000000000000c38
Event: 91.423 Thread 0x00007fa0fc471000 Uncommon trap: reason=unstable_if action=reinterpret pc=0x000000011e9c1878 method=java.util.concurrent.SynchronousQueue.poll(JLjava/util/concurrent/TimeUnit;)Ljava/lang/Object; @ 18 c2
Event: 91.423 Thread 0x00007fa0fc471000 DEOPT PACKING pc=0x000000011e9c1878 sp=0x0000700008b8e8e0
Event: 91.423 Thread 0x00007fa0fc471000 DEOPT UNPACKING pc=0x0000000116c7a83b sp=0x0000700008b8e828 mode 2

Classes unloaded (1 events):
Event: 2.205 Thread 0x00007fa0fb01d800 Unloading class 0x0000000800bf7c40 'org/springframework/core/GenericTypeResolver$$Lambda$47'

Classes redefined (0 events):
No events

Internal exceptions (20 events):
Event: 56.501 Thread 0x00007fa0fb898000 Exception <a 'java/lang/NoSuchMethodError'{0x0000000707994ba0}: static [B.<clinit>()V> (0x0000000707994ba0) 
thrown [/Users/jigga/projects/openjdk/loom/src/hotspot/share/prims/jni.cpp, line 1347]
Event: 56.505 Thread 0x00007fa0fb898000 Exception <a 'java/lang/ClassNotFoundException'{0x00000007079ac068}: javax/management/remote/rmi/RMIConnectionImpl_Skel> (0x00000007079ac068) 
thrown [/Users/jigga/projects/openjdk/loom/src/hotspot/share/classfile/systemDictionary.cpp, line 232]
Event: 56.505 Thread 0x00007fa0f901e000 Exception <a 'java/lang/NoSuchMethodError'{0x00000007079bc018}: 'java.lang.Object java.lang.invoke.Invokers$Holder.linkToTargetMethod(java.lang.Object, long, java.lang.Object)'> (0x00000007079bc018) 
thrown [/Users/jigga/projects/openjdk/loom/src/hotspot/share/interpreter/linkResolver.cpp, line 767]
Event: 56.523 Thread 0x00007fa0fb898000 Exception <a 'java/lang/NoSuchMethodError'{0x00000007078595d0}: static [Ljavax/management/MBeanAttributeInfo;.<clinit>()V> (0x00000007078595d0) 
thrown [/Users/jigga/projects/openjdk/loom/src/hotspot/share/prims/jni.cpp, line 1347]
Event: 56.524 Thread 0x00007fa0fb898000 Exception <a 'java/lang/NoSuchMethodError'{0x00000007078699d8}: static [Ljava/lang/String;.<clinit>()V> (0x00000007078699d8) 
thrown [/Users/jigga/projects/openjdk/loom/src/hotspot/share/prims/jni.cpp, line 1347]
Event: 56.524 Thread 0x00007fa0fb898000 Exception <a 'java/lang/NoSuchMethodError'{0x000000070786a6a8}: static [Ljava/lang/Object;.<clinit>()V> (0x000000070786a6a8) 
thrown [/Users/jigga/projects/openjdk/loom/src/hotspot/share/prims/jni.cpp, line 1347]
Event: 56.526 Thread 0x00007fa0fb898000 Exception <a 'java/lang/NoSuchMethodError'{0x000000070788a240}: static [Ljavax/management/MBeanConstructorInfo;.<clinit>()V> (0x000000070788a240) 
thrown [/Users/jigga/projects/openjdk/loom/src/hotspot/share/prims/jni.cpp, line 1347]
Event: 56.527 Thread 0x00007fa0fb898000 Exception <a 'java/lang/NoSuchMethodError'{0x000000070788b130}: static [Ljavax/management/MBeanNotificationInfo;.<clinit>()V> (0x000000070788b130) 
thrown [/Users/jigga/projects/openjdk/loom/src/hotspot/share/prims/jni.cpp, line 1347]
Event: 56.527 Thread 0x00007fa0fb898000 Exception <a 'java/lang/NoSuchMethodError'{0x000000070788bff0}: static [Ljavax/management/MBeanOperationInfo;.<clinit>()V> (0x000000070788bff0) 
thrown [/Users/jigga/projects/openjdk/loom/src/hotspot/share/prims/jni.cpp, line 1347]
Event: 57.547 Thread 0x00007fa0fb898000 Exception <a 'java/lang/NoSuchMethodError'{0x00000007078e03a0}: static [J.<clinit>()V> (0x00000007078e03a0) 
thrown [/Users/jigga/projects/openjdk/loom/src/hotspot/share/prims/jni.cpp, line 1347]
Event: 57.557 Thread 0x00007fa0fb898000 Exception <a 'java/lang/NoSuchMethodError'{0x000000070775d670}: static [Ljavax/management/openmbean/CompositeData;.<clinit>()V> (0x000000070775d670) 
thrown [/Users/jigga/projects/openjdk/loom/src/hotspot/share/prims/jni.cpp, line 1347]
Event: 87.275 Thread 0x00007fa0fe004000 Implicit null exception at 0x000000011e9c11e7 to 0x000000011e9c1862
Event: 89.100 Thread 0x00007fa0f9142000 Implicit null exception at 0x000000011e9c11e7 to 0x000000011e9c1862
Event: 89.974 Thread 0x00007fa0fe809000 Implicit null exception at 0x000000011e9c11e7 to 0x000000011e9c1862
Event: 90.958 Thread 0x00007fa0fac3a000 Implicit null exception at 0x000000011e9c11e7 to 0x000000011e9c1862
Event: 90.958 Thread 0x00007fa0fb224000 Implicit null exception at 0x000000011e9c11e7 to 0x000000011e9c1862
Event: 90.959 Thread 0x00007fa0fb893800 Implicit null exception at 0x000000011e9c11e7 to 0x000000011e9c1862
Event: 91.260 Thread 0x00007fa0fe82c800 Implicit null exception at 0x000000011e9c11e7 to 0x000000011e9c1862
Event: 91.342 Thread 0x00007fa0fe005800 Implicit null exception at 0x000000011e9c11e7 to 0x000000011e9c1862
Event: 91.423 Thread 0x00007fa0fc471000 Implicit null exception at 0x000000011e9c11e7 to 0x000000011e9c1862

Events (20 events):
Event: 91.342 Thread 0x00007fa0fe005800 Thread exited: 0x00007fa0fe005800
Event: 91.424 Executing VM operation: BulkRevokeBias
Event: 91.424 Executing VM operation: BulkRevokeBias done
Event: 91.424 Protecting memory [0x0000700008a8f000,0x0000700008a93000] with protection modes 3
Event: 91.424 Thread 0x00007fa0fc471000 Thread exited: 0x00007fa0fc471000
Event: 91.660 Executing VM operation: ThreadDump
Event: 91.660 Executing VM operation: ThreadDump done
Event: 92.662 Executing VM operation: ThreadDump
Event: 92.663 Executing VM operation: ThreadDump done
Event: 93.666 Executing VM operation: ThreadDump
Event: 93.666 Executing VM operation: ThreadDump done
Event: 94.665 Executing VM operation: ThreadDump
Event: 94.666 Executing VM operation: ThreadDump done
Event: 95.667 Executing VM operation: ThreadDump
Event: 95.667 Executing VM operation: ThreadDump done
Event: 96.668 Executing VM operation: ThreadDump
Event: 96.669 Executing VM operation: ThreadDump done
Event: 97.669 Executing VM operation: ThreadDump
Event: 97.669 Executing VM operation: ThreadDump done
Event: 97.670 Executing VM operation: G1CollectForAllocation


Dynamic libraries:
0x00007fff7a17b000 	/usr/lib/libz.1.dylib
0x000000010ae45000 	/Library/Java/JavaVirtualMachines/jdk-14-loom-20190902.jdk/Contents/Home/lib/libjli.dylib
0x00007fff4e39d000 	/System/Library/Frameworks/Cocoa.framework/Versions/A/Cocoa
0x00007fff5a0b5000 	/System/Library/Frameworks/Security.framework/Versions/A/Security
0x00007fff4d032000 	/System/Library/Frameworks/ApplicationServices.framework/Versions/A/ApplicationServices
0x00007fff77ad5000 	/usr/lib/libSystem.B.dylib
0x00007fff7a971000 	/usr/lib/system/libcache.dylib
0x00007fff7a976000 	/usr/lib/system/libcommonCrypto.dylib
0x00007fff7a981000 	/usr/lib/system/libcompiler_rt.dylib
0x00007fff7a989000 	/usr/lib/system/libcopyfile.dylib
0x00007fff7a993000 	/usr/lib/system/libcorecrypto.dylib
0x00007fff7aa9e000 	/usr/lib/system/libdispatch.dylib
0x00007fff7aad8000 	/usr/lib/system/libdyld.dylib
0x00007fff7ab05000 	/usr/lib/system/libkeymgr.dylib
0x00007fff7ab13000 	/usr/lib/system/liblaunch.dylib
0x00007fff7ab14000 	/usr/lib/system/libmacho.dylib
0x00007fff7ab1a000 	/usr/lib/system/libquarantine.dylib
0x00007fff7ab1d000 	/usr/lib/system/libremovefile.dylib
0x00007fff7ab1f000 	/usr/lib/system/libsystem_asl.dylib
0x00007fff7ab37000 	/usr/lib/system/libsystem_blocks.dylib
0x00007fff7ab38000 	/usr/lib/system/libsystem_c.dylib
0x00007fff7abc0000 	/usr/lib/system/libsystem_configuration.dylib
0x00007fff7abc4000 	/usr/lib/system/libsystem_coreservices.dylib
0x00007fff7abc8000 	/usr/lib/system/libsystem_darwin.dylib
0x00007fff7abcf000 	/usr/lib/system/libsystem_dnssd.dylib
0x00007fff7abd6000 	/usr/lib/system/libsystem_info.dylib
0x00007fff7ac4b000 	/usr/lib/system/libsystem_m.dylib
0x00007fff7ac97000 	/usr/lib/system/libsystem_malloc.dylib
0x00007fff7acc2000 	/usr/lib/system/libsystem_networkextension.dylib
0x00007fff7accd000 	/usr/lib/system/libsystem_notify.dylib
0x00007fff7acea000 	/usr/lib/system/libsystem_sandbox.dylib
0x00007fff7acee000 	/usr/lib/system/libsystem_secinit.dylib
0x00007fff7ac22000 	/usr/lib/system/libsystem_kernel.dylib
0x00007fff7acd5000 	/usr/lib/system/libsystem_platform.dylib
0x00007fff7acdf000 	/usr/lib/system/libsystem_pthread.dylib
0x00007fff7acf1000 	/usr/lib/system/libsystem_symptoms.dylib
0x00007fff7acf9000 	/usr/lib/system/libsystem_trace.dylib
0x00007fff7ad10000 	/usr/lib/system/libunwind.dylib
0x00007fff7ad16000 	/usr/lib/system/libxpc.dylib
0x00007fff7930c000 	/usr/lib/libobjc.A.dylib
0x00007fff77d6c000 	/usr/lib/libc++abi.dylib
0x00007fff77d18000 	/usr/lib/libc++.1.dylib
0x00007fff4eb85000 	/System/Library/Frameworks/CoreFoundation.framework/Versions/A/CoreFoundation
0x00007fff50e07000 	/System/Library/Frameworks/Foundation.framework/Versions/C/Foundation
0x00007fff4c22b000 	/System/Library/Frameworks/AppKit.framework/Versions/C/AppKit
0x00007fff4e718000 	/System/Library/Frameworks/CoreData.framework/Versions/A/CoreData
0x00007fff715a8000 	/System/Library/PrivateFrameworks/RemoteViewServices.framework/Versions/A/RemoteViewServices
0x00007fff75815000 	/System/Library/PrivateFrameworks/UIFoundation.framework/Versions/A/UIFoundation
0x00007fff76ef7000 	/System/Library/PrivateFrameworks/XCTTargetBootstrap.framework/Versions/A/XCTTargetBootstrap
0x00007fff4ea9d000 	/System/Library/Frameworks/CoreDisplay.framework/Versions/A/CoreDisplay
0x00007fff6c2fb000 	/System/Library/PrivateFrameworks/IconServices.framework/Versions/A/IconServices
0x00007fff5372b000 	/System/Library/Frameworks/Metal.framework/Versions/A/Metal
0x00007fff63876000 	/System/Library/PrivateFrameworks/DesktopServicesPriv.framework/Versions/A/DesktopServicesPriv
0x00007fff7866f000 	/usr/lib/libenergytrace.dylib
0x00007fff73cfe000 	/System/Library/PrivateFrameworks/SkyLight.framework/Versions/A/SkyLight
0x00007fff4efcb000 	/System/Library/Frameworks/CoreGraphics.framework/Versions/A/CoreGraphics
0x00007fff4aff7000 	/System/Library/Frameworks/Accelerate.framework/Versions/A/Accelerate
0x00007fff5154f000 	/System/Library/Frameworks/IOSurface.framework/Versions/A/IOSurface
0x00007fff636e2000 	/System/Library/PrivateFrameworks/DFRFoundation.framework/Versions/A/DFRFoundation
0x00007fff4d515000 	/System/Library/Frameworks/AudioToolbox.framework/Versions/A/AudioToolbox
0x00007fff4d78e000 	/System/Library/Frameworks/AudioUnit.framework/Versions/A/AudioUnit
0x00007fff63777000 	/System/Library/PrivateFrameworks/DataDetectorsCore.framework/Versions/A/DataDetectorsCore
0x00007fff4dea1000 	/System/Library/Frameworks/Carbon.framework/Versions/A/Frameworks/HIToolbox.framework/Versions/A/HIToolbox
0x00007fff787c8000 	/usr/lib/libicucore.A.dylib
0x00007fff5962a000 	/System/Library/Frameworks/QuartzCore.framework/Versions/A/QuartzCore
0x00007fff4e275000 	/System/Library/Frameworks/Carbon.framework/Versions/A/Frameworks/SpeechRecognition.framework/Versions/A/SpeechRecognition
0x00007fff77c29000 	/usr/lib/libauto.dylib
0x00007fff7a06f000 	/usr/lib/libxml2.2.dylib
0x00007fff632bf000 	/System/Library/PrivateFrameworks/CoreUI.framework/Versions/A/CoreUI
0x00007fff4e603000 	/System/Library/Frameworks/CoreAudio.framework/Versions/A/CoreAudio
0x00007fff50c3c000 	/System/Library/Frameworks/DiskArbitration.framework/Versions/A/DiskArbitration
0x00007fff78a76000 	/usr/lib/liblangid.dylib
0x00007fff6d709000 	/System/Library/PrivateFrameworks/MultitouchSupport.framework/Versions/A/MultitouchSupport
0x00007fff514be000 	/System/Library/Frameworks/IOKit.framework/Versions/A/IOKit
0x00007fff77696000 	/usr/lib/libDiagnosticMessagesClient.dylib
0x00007fff4fdda000 	/System/Library/Frameworks/CoreServices.framework/Versions/A/CoreServices
0x00007fff6f3b0000 	/System/Library/PrivateFrameworks/PerformanceAnalysis.framework/Versions/A/PerformanceAnalysis
0x00007fff58818000 	/System/Library/Frameworks/OpenGL.framework/Versions/A/OpenGL
0x00007fff4e3ab000 	/System/Library/Frameworks/ColorSync.framework/Versions/A/ColorSync
0x00007fff4f65c000 	/System/Library/Frameworks/CoreImage.framework/Versions/A/CoreImage
0x00007fff507b3000 	/System/Library/Frameworks/CoreText.framework/Versions/A/CoreText
0x00007fff515b2000 	/System/Library/Frameworks/ImageIO.framework/Versions/A/ImageIO
0x00007fff5f914000 	/System/Library/PrivateFrameworks/Backup.framework/Versions/A/Backup
0x00007fff77b7c000 	/usr/lib/libarchive.2.dylib
0x00007fff4dae6000 	/System/Library/Frameworks/CFNetwork.framework/Versions/A/CFNetwork
0x00007fff5a80f000 	/System/Library/Frameworks/SystemConfiguration.framework/Versions/A/SystemConfiguration
0x00007fff775c7000 	/usr/lib/libCRFSuite.dylib
0x00007fff77cf9000 	/usr/lib/libbsm.0.dylib
0x00007fff7ab06000 	/usr/lib/system/libkxld.dylib
0x00007fff5ed05000 	/System/Library/PrivateFrameworks/AppleFSCompression.framework/Versions/A/AppleFSCompression
0x00007fff77995000 	/usr/lib/libOpenScriptingUtil.dylib
0x00007fff78021000 	/usr/lib/libcoretls.dylib
0x00007fff78038000 	/usr/lib/libcoretls_cfhelpers.dylib
0x00007fff79aa3000 	/usr/lib/libpam.2.dylib
0x00007fff79c63000 	/usr/lib/libsqlite3.dylib
0x00007fff7a05d000 	/usr/lib/libxar.1.dylib
0x00007fff77d0a000 	/usr/lib/libbz2.1.0.dylib
0x00007fff78a78000 	/usr/lib/liblzma.5.dylib
0x00007fff78f29000 	/usr/lib/libnetwork.dylib
0x00007fff77b65000 	/usr/lib/libapple_nghttp2.dylib
0x00007fff79aaa000 	/usr/lib/libpcap.A.dylib
0x00007fff50179000 	/System/Library/Frameworks/CoreServices.framework/Versions/A/Frameworks/FSEvents.framework/Versions/A/FSEvents
0x00007fff4fe58000 	/System/Library/Frameworks/CoreServices.framework/Versions/A/Frameworks/CarbonCore.framework/Versions/A/CarbonCore
0x00007fff50335000 	/System/Library/Frameworks/CoreServices.framework/Versions/A/Frameworks/Metadata.framework/Versions/A/Metadata
0x00007fff503d4000 	/System/Library/Frameworks/CoreServices.framework/Versions/A/Frameworks/OSServices.framework/Versions/A/OSServices
0x00007fff5041f000 	/System/Library/Frameworks/CoreServices.framework/Versions/A/Frameworks/SearchKit.framework/Versions/A/SearchKit
0x00007fff4fddb000 	/System/Library/Frameworks/CoreServices.framework/Versions/A/Frameworks/AE.framework/Versions/A/AE
0x00007fff50182000 	/System/Library/Frameworks/CoreServices.framework/Versions/A/Frameworks/LaunchServices.framework/Versions/A/LaunchServices
0x00007fff50130000 	/System/Library/Frameworks/CoreServices.framework/Versions/A/Frameworks/DictionaryServices.framework/Versions/A/DictionaryServices
0x00007fff50487000 	/System/Library/Frameworks/CoreServices.framework/Versions/A/Frameworks/SharedFileList.framework/Versions/A/SharedFileList
0x00007fff547f3000 	/System/Library/Frameworks/NetFS.framework/Versions/A/NetFS
0x00007fff6d96f000 	/System/Library/PrivateFrameworks/NetAuth.framework/Versions/A/NetAuth
0x00007fff772fb000 	/System/Library/PrivateFrameworks/login.framework/Versions/A/Frameworks/loginsupport.framework/Versions/A/loginsupport
0x00007fff7541e000 	/System/Library/PrivateFrameworks/TCC.framework/Versions/A/TCC
0x00007fff6291c000 	/System/Library/PrivateFrameworks/CoreNLP.framework/Versions/A/CoreNLP
0x00007fff6d402000 	/System/Library/PrivateFrameworks/MetadataUtilities.framework/Versions/A/MetadataUtilities
0x00007fff78b4d000 	/usr/lib/libmecabra.dylib
0x00007fff4d033000 	/System/Library/Frameworks/ApplicationServices.framework/Versions/A/Frameworks/ATS.framework/Versions/A/ATS
0x00007fff4d382000 	/System/Library/Frameworks/ApplicationServices.framework/Versions/A/Frameworks/ColorSyncLegacy.framework/Versions/A/ColorSyncLegacy
0x00007fff4d421000 	/System/Library/Frameworks/ApplicationServices.framework/Versions/A/Frameworks/HIServices.framework/Versions/A/HIServices
0x00007fff4d474000 	/System/Library/Frameworks/ApplicationServices.framework/Versions/A/Frameworks/LangAnalysis.framework/Versions/A/LangAnalysis
0x00007fff4d484000 	/System/Library/Frameworks/ApplicationServices.framework/Versions/A/Frameworks/PrintCore.framework/Versions/A/PrintCore
0x00007fff4d4ce000 	/System/Library/Frameworks/ApplicationServices.framework/Versions/A/Frameworks/QD.framework/Versions/A/QD
0x00007fff4d508000 	/System/Library/Frameworks/ApplicationServices.framework/Versions/A/Frameworks/SpeechSynthesis.framework/Versions/A/SpeechSynthesis
0x00007fff77d94000 	/usr/lib/libcompression.dylib
0x00007fff539fb000 	/System/Library/Frameworks/MetalPerformanceShaders.framework/Versions/A/MetalPerformanceShaders
0x00007fff4b00f000 	/System/Library/Frameworks/Accelerate.framework/Versions/A/Frameworks/vImage.framework/Versions/A/vImage
0x00007fff4c089000 	/System/Library/Frameworks/Accelerate.framework/Versions/A/Frameworks/vecLib.framework/Versions/A/vecLib
0x00007fff4bfd5000 	/System/Library/Frameworks/Accelerate.framework/Versions/A/Frameworks/vecLib.framework/Versions/A/libvMisc.dylib
0x00007fff4bded000 	/System/Library/Frameworks/Accelerate.framework/Versions/A/Frameworks/vecLib.framework/Versions/A/libvDSP.dylib
0x00007fff4b6a9000 	/System/Library/Frameworks/Accelerate.framework/Versions/A/Frameworks/vecLib.framework/Versions/A/libBLAS.dylib
0x00007fff4b996000 	/System/Library/Frameworks/Accelerate.framework/Versions/A/Frameworks/vecLib.framework/Versions/A/libLAPACK.dylib
0x00007fff4bd40000 	/System/Library/Frameworks/Accelerate.framework/Versions/A/Frameworks/vecLib.framework/Versions/A/libLinearAlgebra.dylib
0x00007fff4bdd9000 	/System/Library/Frameworks/Accelerate.framework/Versions/A/Frameworks/vecLib.framework/Versions/A/libSparseBLAS.dylib
0x00007fff4bd56000 	/System/Library/Frameworks/Accelerate.framework/Versions/A/Frameworks/vecLib.framework/Versions/A/libQuadrature.dylib
0x00007fff4b923000 	/System/Library/Frameworks/Accelerate.framework/Versions/A/Frameworks/vecLib.framework/Versions/A/libBNNS.dylib
0x00007fff4bd5c000 	/System/Library/Frameworks/Accelerate.framework/Versions/A/Frameworks/vecLib.framework/Versions/A/libSparse.dylib
0x00007fff69c5e000 	/System/Library/PrivateFrameworks/GPUWrangler.framework/Versions/A/GPUWrangler
0x00007fff6bf30000 	/System/Library/PrivateFrameworks/IOAccelerator.framework/Versions/A/IOAccelerator
0x00007fff6bf3b000 	/System/Library/PrivateFrameworks/IOPresentment.framework/Versions/A/IOPresentment
0x00007fff636f2000 	/System/Library/PrivateFrameworks/DSExternalDisplay.framework/Versions/A/DSExternalDisplay
0x00007fff57c6f000 	/System/Library/Frameworks/OpenGL.framework/Versions/A/Libraries/libCoreFSCache.dylib
0x00007fff537ef000 	/System/Library/Frameworks/MetalPerformanceShaders.framework/Frameworks/MPSCore.framework/Versions/A/MPSCore
0x00007fff5380f000 	/System/Library/Frameworks/MetalPerformanceShaders.framework/Frameworks/MPSImage.framework/Versions/A/MPSImage
0x00007fff538b4000 	/System/Library/Frameworks/MetalPerformanceShaders.framework/Frameworks/MPSNeuralNetwork.framework/Versions/A/MPSNeuralNetwork
0x00007fff5388c000 	/System/Library/Frameworks/MetalPerformanceShaders.framework/Frameworks/MPSMatrix.framework/Versions/A/MPSMatrix
0x00007fff539e0000 	/System/Library/Frameworks/MetalPerformanceShaders.framework/Frameworks/MPSRayIntersector.framework/Versions/A/MPSRayIntersector
0x00007fff6d42b000 	/System/Library/PrivateFrameworks/MetalTools.framework/Versions/A/MetalTools
0x00007fff5e5b2000 	/System/Library/PrivateFrameworks/AggregateDictionary.framework/Versions/A/AggregateDictionary
0x00007fff77976000 	/usr/lib/libMobileGestalt.dylib
0x00007fff50916000 	/System/Library/Frameworks/CoreVideo.framework/Versions/A/CoreVideo
0x00007fff6aa6e000 	/System/Library/PrivateFrameworks/GraphVisualizer.framework/Versions/A/GraphVisualizer
0x00007fff648ee000 	/System/Library/PrivateFrameworks/FaceCore.framework/Versions/A/FaceCore
0x00007fff5729d000 	/System/Library/Frameworks/OpenCL.framework/Versions/A/OpenCL
0x00007fff776ce000 	/usr/lib/libFosl_dynamic.dylib
0x00007fff6e1da000 	/System/Library/PrivateFrameworks/OTSVG.framework/Versions/A/OTSVG
0x00007fff4d137000 	/System/Library/Frameworks/ApplicationServices.framework/Versions/A/Frameworks/ATS.framework/Versions/A/Resources/libFontParser.dylib
0x00007fff4d24f000 	/System/Library/Frameworks/ApplicationServices.framework/Versions/A/Frameworks/ATS.framework/Versions/A/Resources/libFontRegistry.dylib
0x00007fff51820000 	/System/Library/Frameworks/ImageIO.framework/Versions/A/Resources/libJPEG.dylib
0x00007fff51b32000 	/System/Library/Frameworks/ImageIO.framework/Versions/A/Resources/libTIFF.dylib
0x00007fff51b08000 	/System/Library/Frameworks/ImageIO.framework/Versions/A/Resources/libPng.dylib
0x00007fff5173e000 	/System/Library/Frameworks/ImageIO.framework/Versions/A/Resources/libGIF.dylib
0x00007fff51743000 	/System/Library/Frameworks/ImageIO.framework/Versions/A/Resources/libJP2.dylib
0x00007fff51b2f000 	/System/Library/Frameworks/ImageIO.framework/Versions/A/Resources/libRadiance.dylib
0x00007fff5ee5c000 	/System/Library/PrivateFrameworks/AppleJPEG.framework/Versions/A/AppleJPEG
0x00007fff57c7a000 	/System/Library/Frameworks/OpenGL.framework/Versions/A/Libraries/libGFXShared.dylib
0x00007fff57e3d000 	/System/Library/Frameworks/OpenGL.framework/Versions/A/Libraries/libGLU.dylib
0x00007fff57c83000 	/System/Library/Frameworks/OpenGL.framework/Versions/A/Libraries/libGL.dylib
0x00007fff57c8f000 	/System/Library/Frameworks/OpenGL.framework/Versions/A/Libraries/libGLImage.dylib
0x00007fff57c6c000 	/System/Library/Frameworks/OpenGL.framework/Versions/A/Libraries/libCVMSPluginSupport.dylib
0x00007fff57c75000 	/System/Library/Frameworks/OpenGL.framework/Versions/A/Libraries/libCoreVMClient.dylib
0x00007fff784e5000 	/usr/lib/libcups.2.dylib
0x00007fff52cf6000 	/System/Library/Frameworks/Kerberos.framework/Versions/A/Kerberos
0x00007fff51223000 	/System/Library/Frameworks/GSS.framework/Versions/A/GSS
0x00007fff79bf8000 	/usr/lib/libresolv.9.dylib
0x00007fff786d7000 	/usr/lib/libiconv.2.dylib
0x00007fff6abcd000 	/System/Library/PrivateFrameworks/Heimdal.framework/Versions/A/Heimdal
0x00007fff786a7000 	/usr/lib/libheimdal-asn1.dylib
0x00007fff57311000 	/System/Library/Frameworks/OpenDirectory.framework/Versions/A/OpenDirectory
0x00007fff61681000 	/System/Library/PrivateFrameworks/CommonAuth.framework/Versions/A/CommonAuth
0x00007fff572f5000 	/System/Library/Frameworks/OpenDirectory.framework/Versions/A/Frameworks/CFOpenDirectory.framework/Versions/A/CFOpenDirectory
0x00007fff5a3b5000 	/System/Library/Frameworks/SecurityFoundation.framework/Versions/A/SecurityFoundation
0x00007fff5dafb000 	/System/Library/PrivateFrameworks/APFS.framework/Versions/A/APFS
0x00007fff7a059000 	/usr/lib/libutil.dylib
0x00007fff77d82000 	/usr/lib/libcharset.1.dylib
0x00007fff5f0f9000 	/System/Library/PrivateFrameworks/AppleSauce.framework/Versions/A/AppleSauce
0x00007fff5f27a000 	/System/Library/PrivateFrameworks/AssertionServices.framework/Versions/A/AssertionServices
0x00007fff5f9aa000 	/System/Library/PrivateFrameworks/BaseBoard.framework/Versions/A/BaseBoard
0x00007fff78aa8000 	/usr/lib/libmecab.1.0.0.dylib
0x00007fff786a1000 	/usr/lib/libgermantok.dylib
0x00007fff77b52000 	/usr/lib/libThaiTokenizer.dylib
0x00007fff775fe000 	/usr/lib/libChineseTokenizer.dylib
0x00007fff6c5e9000 	/System/Library/PrivateFrameworks/LanguageModeling.framework/Versions/A/LanguageModeling
0x00007fff62362000 	/System/Library/PrivateFrameworks/CoreEmoji.framework/Versions/A/CoreEmoji
0x00007fff6c6c5000 	/System/Library/PrivateFrameworks/Lexicon.framework/Versions/A/Lexicon
0x00007fff6c708000 	/System/Library/PrivateFrameworks/LinguisticData.framework/Versions/A/LinguisticData
0x00007fff77d83000 	/usr/lib/libcmph.dylib
0x00007fff5a473000 	/System/Library/Frameworks/ServiceManagement.framework/Versions/A/ServiceManagement
0x00007fff5f90b000 	/System/Library/PrivateFrameworks/BackgroundTaskManagement.framework/Versions/A/BackgroundTaskManagement
0x00007fff7a152000 	/usr/lib/libxslt.1.dylib
0x00007fff4e1a2000 	/System/Library/Frameworks/Carbon.framework/Versions/A/Frameworks/Ink.framework/Versions/A/Ink
0x00007fff75690000 	/System/Library/PrivateFrameworks/TextureIO.framework/Versions/A/TextureIO
0x00007fff77ba6000 	/usr/lib/libate.dylib
0x00007fff63641000 	/System/Library/PrivateFrameworks/CrashReporterSupport.framework/Versions/A/CrashReporterSupport
0x00007fff72dcf000 	/System/Library/PrivateFrameworks/Sharing.framework/Versions/A/Sharing
0x00007fff5f65d000 	/System/Library/PrivateFrameworks/AuthKit.framework/Versions/A/AuthKit
0x00007fff5ebb1000 	/System/Library/PrivateFrameworks/Apple80211.framework/Versions/A/Apple80211
0x00007fff633eb000 	/System/Library/PrivateFrameworks/CoreUtils.framework/Versions/A/CoreUtils
0x00007fff50956000 	/System/Library/Frameworks/CoreWLAN.framework/Versions/A/CoreWLAN
0x00007fff51352000 	/System/Library/Frameworks/IOBluetooth.framework/Versions/A/IOBluetooth
0x00007fff7124f000 	/System/Library/PrivateFrameworks/ProtocolBuffer.framework/Versions/A/ProtocolBuffer
0x00007fff6d665000 	/System/Library/PrivateFrameworks/MobileKeyBag.framework/Versions/A/MobileKeyBag
0x00007fff62c2f000 	/System/Library/PrivateFrameworks/CorePhoneNumbers.framework/Versions/A/CorePhoneNumbers
0x00007fff5ee10000 	/System/Library/PrivateFrameworks/AppleIDAuthSupport.framework/Versions/A/AppleIDAuthSupport
0x00007fff6c5bc000 	/System/Library/PrivateFrameworks/KeychainCircle.framework/Versions/A/KeychainCircle
0x00007fff71405000 	/System/Library/PrivateFrameworks/ROCKit.framework/Versions/A/ROCKit
0x00007fff635dd000 	/System/Library/PrivateFrameworks/CoreWiFi.framework/Versions/A/CoreWiFi
0x00007fff4e6ed000 	/System/Library/Frameworks/CoreBluetooth.framework/Versions/A/CoreBluetooth
0x00007fff63838000 	/System/Library/PrivateFrameworks/DebugSymbols.framework/Versions/A/DebugSymbols
0x00007fff631ab000 	/System/Library/PrivateFrameworks/CoreSymbolication.framework/Versions/A/CoreSymbolication
0x00007fff74eab000 	/System/Library/PrivateFrameworks/Symbolication.framework/Versions/A/Symbolication
0x00007fff7474e000 	/System/Library/PrivateFrameworks/SpeechRecognitionCore.framework/Versions/A/SpeechRecognitionCore
0x000000010c800000 	/Library/Java/JavaVirtualMachines/jdk-14-loom-20190902.jdk/Contents/Home/lib/server/libjvm.dylib
0x000000010ae79000 	/Library/Java/JavaVirtualMachines/jdk-14-loom-20190902.jdk/Contents/Home/lib/libverify.dylib
0x000000010ae85000 	/Library/Java/JavaVirtualMachines/jdk-14-loom-20190902.jdk/Contents/Home/lib/libjava.dylib
0x000000010af0a000 	/Library/Java/JavaVirtualMachines/jdk-14-loom-20190902.jdk/Contents/Home/lib/libzip.dylib
0x000000010af11000 	/Library/Java/JavaVirtualMachines/jdk-14-loom-20190902.jdk/Contents/Home/lib/libjimage.dylib
0x000000010e332000 	/Library/Java/JavaVirtualMachines/jdk-14-loom-20190902.jdk/Contents/Home/lib/libnio.dylib
0x000000013290a000 	/Library/Java/JavaVirtualMachines/jdk-14-loom-20190902.jdk/Contents/Home/lib/./libnet.dylib
0x000000010e342000 	/Library/Java/JavaVirtualMachines/jdk-14-loom-20190902.jdk/Contents/Home/lib/libmanagement.dylib
0x0000000132a20000 	/Library/Java/JavaVirtualMachines/jdk-14-loom-20190902.jdk/Contents/Home/lib/libmanagement_ext.dylib
0x00000001329c0000 	/Library/Java/JavaVirtualMachines/jdk-14-loom-20190902.jdk/Contents/Home/lib/libextnet.dylib
0x0000000132aaa000 	/Library/Java/JavaVirtualMachines/jdk-14-loom-20190902.jdk/Contents/Home/lib/libsunec.dylib


VM Arguments:
jvm_args: -Dfile.encoding=UTF-8 -Duser.country=PL -Duser.language=en -Duser.variant 
java_command: loom.workshop.WorkshopService
java_class_path (initial): /Users/jigga/projects/pl.jigga/loom-academy/workshop-service/build/classes/java/main:/Users/jigga/projects/pl.jigga/loom-academy/workshop-service/build/resources/main:/Users/jigga/.gradle/caches/modules-2/files-2.1/org.springframework.boot/spring-boot-starter-web/2.1.2.RELEASE/33749ef5bf458829eef0e0c45615bf536521a97a/spring-boot-starter-web-2.1.2.RELEASE.jar:/Users/jigga/.gradle/caches/modules-2/files-2.1/org.springframework.cloud/spring-cloud-starter-netflix-eureka-client/2.1.0.RELEASE/a61b33193531acf406a4e3cbb9c76e3ec6c77abd/spring-cloud-starter-netflix-eureka-client-2.1.0.RELEASE.jar:/Users/jigga/.gradle/caches/modules-2/files-2.1/org.springframework.boot/spring-boot-starter-json/2.1.2.RELEASE/db59b1857966985cec2cdb81cd6cfeb315f1c849/spring-boot-starter-json-2.1.2.RELEASE.jar:/Users/jigga/.gradle/caches/modules-2/files-2.1/org.springframework.cloud/spring-cloud-starter-netflix-ribbon/2.1.0.RELEASE/979c991d77b2f8fe9092f8d56d2f64d5f30cf385/spring-cloud-starter-netflix-ribbon-2.1.0.RELEASE.jar:/Users/jigga/.gradle/caches/modules-2/files-2.1/org.springframework.cloud/spring-cloud-starter-netflix-archaius/2.1.0.RELEASE/1e894ff28bca79c0581972797ca521cc276db08b/spring-cloud-starter-netflix-archaius-2.1.0.RELEASE.jar:/Users/jigga/.gradle/caches/modules-2/files-2.1/org.springframework.cloud/spring-cloud-starter/2.1.0.RELEASE/bc5df6550f2108f99ef5b62c7656123aee44c0d9/spring-cloud-starter-2.1.0.RELEASE.jar:/Users/jigga/.gradle/caches/modules-2/files-2.1/org.springframework.cloud/spring-cloud-netflix-eureka-client/2.1.0.RELEASE/90d9174bfdb439f47feb7b1fa2d597cfebfb3ea8/spring-cloud-netflix-eureka-client-2.1.0.RELEASE.jar:/Users/jigga/.gradle/caches/modules-2/files-2.1/org.springframework.cloud/spring-cloud-netflix-hystrix/2.1.0.RELEASE/475af941f77e5ef3e35fa3533bbd7aa1ec4f4cf7/spring-cloud-netflix-hystrix-2.1.0.RELEASE.jar:/Users/jigga/.gradle/caches/modules-2/files-2.1/org.springframework.boot/spring-boot-starter-aop/2.1.2.RELEASE/d4266d045585b54b0
Launcher Type: SUN_STANDARD

[Global flags]
     intx CICompilerCount                          = 4                                         {product} {ergonomic}
     uint ConcGCThreads                            = 3                                         {product} {ergonomic}
     uint G1ConcRefinementThreads                  = 10                                        {product} {ergonomic}
   size_t G1HeapRegionSize                         = 1048576                                   {product} {ergonomic}
    uintx GCDrainStackTargetSize                   = 64                                        {product} {ergonomic}
   size_t InitialHeapSize                          = 268435456                                 {product} {ergonomic}
   size_t MarkStackSize                            = 4194304                                   {product} {ergonomic}
   size_t MaxHeapSize                              = 4294967296                                {product} {ergonomic}
   size_t MaxNewSize                               = 2576351232                                {product} {ergonomic}
   size_t MinHeapDeltaBytes                        = 1048576                                   {product} {ergonomic}
   size_t MinHeapSize                              = 8388608                                   {product} {ergonomic}
    uintx NonNMethodCodeHeapSize                   = 5836300                                {pd product} {ergonomic}
    uintx NonProfiledCodeHeapSize                  = 122910970                              {pd product} {ergonomic}
    uintx ProfiledCodeHeapSize                     = 122910970                              {pd product} {ergonomic}
    uintx ReservedCodeCacheSize                    = 251658240                              {pd product} {ergonomic}
     bool SegmentedCodeCache                       = true                                      {product} {ergonomic}
   size_t SoftMaxHeapSize                          = 4294967296                             {manageable} {ergonomic}
     bool UseCompressedClassPointers               = true                                 {lp64_product} {ergonomic}
     bool UseCompressedOops                        = true                                 {lp64_product} {ergonomic}
     bool UseG1GC                                  = true                                      {product} {ergonomic}

Logging:
Log output configuration:
 #0: stdout all=warning uptime,level,tags
 #1: stderr all=off uptime,level,tags

Environment Variables:
PATH=/Users/jigga/google-cloud-sdk/bin:/usr/local/bin:/usr/bin:/bin:/usr/sbin:/sbin
SHELL=/bin/bash

Signal Handlers:
SIGSEGV: [libjvm.dylib+0x902aa0], sa_mask[0]=11111111011111110111111111111111, sa_flags=SA_ONSTACK|SA_RESTART|SA_SIGINFO
SIGBUS: [libjvm.dylib+0x902aa0], sa_mask[0]=11111111011111110111111111111111, sa_flags=SA_RESTART|SA_SIGINFO
SIGFPE: [libjvm.dylib+0x902aa0], sa_mask[0]=11111111011111110111111111111111, sa_flags=SA_RESTART|SA_SIGINFO
SIGPIPE: [libjvm.dylib+0x740253], sa_mask[0]=11111111011111110111111111111111, sa_flags=SA_RESTART|SA_SIGINFO
SIGXFSZ: [libjvm.dylib+0x740253], sa_mask[0]=11111111011111110111111111111111, sa_flags=SA_RESTART|SA_SIGINFO
SIGILL: [libjvm.dylib+0x902aa0], sa_mask[0]=11111111011111110111111111111111, sa_flags=SA_RESTART|SA_SIGINFO
SIGUSR2: [libjvm.dylib+0x74083b], sa_mask[0]=00100000000000000000000000000000, sa_flags=SA_RESTART|SA_SIGINFO
SIGHUP: [libjvm.dylib+0x73f84b], sa_mask[0]=11111111011111110111111111111111, sa_flags=SA_RESTART|SA_SIGINFO
SIGINT: [libjvm.dylib+0x73f84b], sa_mask[0]=11111111011111110111111111111111, sa_flags=SA_RESTART|SA_SIGINFO
SIGTERM: [libjvm.dylib+0x73f84b], sa_mask[0]=11111111011111110111111111111111, sa_flags=SA_RESTART|SA_SIGINFO
SIGQUIT: [libjvm.dylib+0x73f84b], sa_mask[0]=11111111011111110111111111111111, sa_flags=SA_RESTART|SA_SIGINFO


---------------  S Y S T E M  ---------------

OS:uname:Darwin 18.6.0 Darwin Kernel Version 18.6.0: Thu Apr 25 23:16:27 PDT 2019; root:xnu-4903.261.4~2/RELEASE_X86_64 x86_64
rlimit: STACK 8192k, CORE 0k, NPROC 1418, NOFILE 10240, AS infinity, DATA infinity, FSIZE infinity
load average:3.75 3.33 3.07

CPU:total 12 (initial active 12) (6 cores per cpu, 2 threads per core) family 6 model 158 stepping 10, cmov, cx8, fxsr, mmx, sse, sse2, sse3, ssse3, sse4.1, sse4.2, popcnt, avx, avx2, aes, clmul, erms, rtm, 3dnowpref, lzcnt, ht, tsc, tscinvbit, bmi1, bmi2, adx, fma

Memory: 4k page, physical 16777216k(339892k free), swap 8388608k(1121792k free)

vm_info: OpenJDK 64-Bit Server VM (14-internal+0-adhoc.jigga.loom) for bsd-amd64 JRE (14-internal+0-adhoc.jigga.loom), built on Sep  2 2019 21:37:06 by "jigga" with clang 4.2.1 Compatible Apple LLVM 10.0.1 (clang-1001.0.46.4)

END.
