#
# A fatal error has been detected by the Java Runtime Environment:
#
#  SIGBUS (0xa) at pc=0x00000001124bae10, pid=18323, tid=25347
#
# JRE version: OpenJDK Runtime Environment (14.0) (build 14-internal+0-adhoc.jigga.loom)
# Java VM: OpenJDK 64-Bit Server VM (14-internal+0-adhoc.jigga.loom, mixed mode, sharing, tiered, compressed oops, g1 gc, bsd-amd64)
# Problematic frame:
# V  [libjvm.dylib+0xabae10]  vtable for nmethod+0x10
#
# No core dump will be written. Core dumps have been disabled. To enable core dumping, try "ulimit -c unlimited" before starting Java again
#
# If you would like to submit a bug report, please visit:
#   http://bugreport.java.com/bugreport/crash.jsp
#

---------------  S U M M A R Y ------------

Command Line: -Dfile.encoding=UTF-8 -Duser.country=PL -Duser.language=en -Duser.variant loom.workshop.WorkshopService

Host: MacBookPro15,1 x86_64 2600 MHz, 12 cores, 16G, Darwin 18.6.0
Time: Tue Sep 17 09:59:18 2019 CEST elapsed time: 367 seconds (0d 0h 6m 7s)

---------------  T H R E A D  ---------------

Current thread (0x00007fe8bb1a6000):  GCTaskThread "GC Thread#2" [stack: 0x0000700005a11000,0x0000700005b11000] [id=25347]

Stack: [0x0000700005a11000,0x0000700005b11000],  sp=0x0000700005b10bd8,  free space=1022k
Native frames: (J=compiled Java code, A=aot compiled Java code, j=interpreted, Vv=VM code, C=native code)
V  [libjvm.dylib+0xabae10]  vtable for nmethod+0x10
V  [libjvm.dylib+0x3f53ad]  G1CodeRootSetTable::nmethods_do(CodeBlobClosure*)+0x33
V  [libjvm.dylib+0x432b37]  G1ScanCollectionSetRegionClosure::do_heap_region(HeapRegion*)+0xd9
V  [libjvm.dylib+0x40238c]  G1CollectionSet::iterate_incremental_part_from(HeapRegionClosure*, HeapRegionClaimer*, unsigned int, unsigned int) const+0x84
V  [libjvm.dylib+0x430819]  G1RemSet::scan_collection_set_regions(G1ParScanThreadState*, unsigned int, G1GCPhaseTimes::GCParPhases, G1GCPhaseTimes::GCParPhases, G1GCPhaseTimes::GCParPhases)+0x8d
V  [libjvm.dylib+0x3fe6a0]  G1EvacuateRegionsBaseTask::work(unsigned int)+0x88
V  [libjvm.dylib+0x929bf1]  GangWorker::loop()+0x43
V  [libjvm.dylib+0x8acedd]  Thread::call_run()+0x71
V  [libjvm.dylib+0x73e617]  thread_native_entry(Thread*)+0x132
C  [libsystem_pthread.dylib+0x32eb]  _pthread_body+0x7e
C  [libsystem_pthread.dylib+0x6249]  _pthread_start+0x42
C  [libsystem_pthread.dylib+0x240d]  thread_start+0xd


siginfo: si_signo: 10 (SIGBUS), si_code: 2 (BUS_ADRERR), si_addr: 0x00000001124bae10

Register to memory mapping:

RAX=0x0000000123517780 points into unknown readable memory: 1a 00 00 00 00 00 00 00
RBX=0x0000000123515e10 points into unknown readable memory: 80 77 51 23 01 00 00 00
RCX=0x0000000124216101 is at entry_point+321 in (nmethod*)0x0000000124215e10
RDX=0x0 is NULL
RSP=0x0000700005b10bd8 points into unknown readable memory: 4c 4e df 11 01 00 00 00
RBP=0x0000700005b10bf0 points into unknown readable memory: 20 0c b1 05 00 70 00 00
RSI=0x0000000123515e10 points into unknown readable memory: 80 77 51 23 01 00 00 00
RDI=0x0000000123515e10 points into unknown readable memory: 80 77 51 23 01 00 00 00
R8 =0x0000000124215fc0 is at entry_point+0 in (nmethod*)0x0000000124215e10
R9 =0x00000000ffffff7f is an unknown value
R10=0x00007fe8bcc00000 points into unknown readable memory: 0a 61 f4 74 00 00 00 40
R11=0x0000000000000246 is an unknown value
R12=0x00007fe8c0fa0518 points into unknown readable memory: 60 a3 4a 12 01 00 00 00
R13=0x0000000000000017 is an unknown value
R14=0x00007fe8c0fa0518 points into unknown readable memory: 60 a3 4a 12 01 00 00 00
R15=0x00000000000000ac is an unknown value


Registers:
RAX=0x0000000123517780, RBX=0x0000000123515e10, RCX=0x0000000124216101, RDX=0x0000000000000000
RSP=0x0000700005b10bd8, RBP=0x0000700005b10bf0, RSI=0x0000000123515e10, RDI=0x0000000123515e10
R8 =0x0000000124215fc0, R9 =0x00000000ffffff7f, R10=0x00007fe8bcc00000, R11=0x0000000000000246
R12=0x00007fe8c0fa0518, R13=0x0000000000000017, R14=0x00007fe8c0fa0518, R15=0x00000000000000ac
RIP=0x00000001124bae10, EFLAGS=0x0000000000010202, ERR=0x0000000000000015
  TRAPNO=0x000000000000000e

Top of Stack: (sp=0x0000700005b10bd8)
0x0000700005b10bd8:   0000000111df4e4c 00007fe8c0e46d20
0x0000700005b10be8:   00007fe8c0e46b00 0000700005b10c20
0x0000700005b10bf8:   0000000111df53ad 0000700005b10d10
0x0000700005b10c08:   0000000000000017 00007fe8ba618fc0
0x0000700005b10c18:   0000000000000001 0000700005b10cb0
0x0000700005b10c28:   0000000111e32b37 00007fe8c0f9ffe0
0x0000700005b10c38:   000000557c6689d9 0000000000000000
0x0000700005b10c48:   0000700005b10d50 0000700005b10d60
0x0000700005b10c58:   0000700005b10d00 0000000000000000
0x0000700005b10c68:   0000000000000000 00007fe8ba60aa00
0x0000700005b10c78:   00007fe8bb801000 0000700005b10cc0
0x0000700005b10c88:   0000000111e1f9d1 00007fe8bb8012a8
0x0000700005b10c98:   0000000000000004 0000700005b10d10
0x0000700005b10ca8:   0000000000000000 0000700005b10d00
0x0000700005b10cb8:   0000000111e0238c 0000700005b10d90
0x0000700005b10cc8:   0000000000000003 000000000000000b
0x0000700005b10cd8:   00007fe8ba60a9e0 0000700005b10dd8
0x0000700005b10ce8:   0000000000000003 0000000000000013
0x0000700005b10cf8:   0000700005b10d10 0000700005b10dc0
0x0000700005b10d08:   0000000111e30819 00000001124ac6c8
0x0000700005b10d18:   0000000000000201 00007fe8c0f9ffe0
0x0000700005b10d28:   00007fe8ba60aa50 0000001500000013
0x0000700005b10d38:   0000000000000003 0000000000000000
0x0000700005b10d48:   0000000000000000 000000000000a48b
0x0000700005b10d58:   0000000000000000 0000000000000000
0x0000700005b10d68:   0000000000000000 0000000000000000
0x0000700005b10d78:   0000000000000000 0000000000000000
0x0000700005b10d88:   0000000000000000 0000001500000017
0x0000700005b10d98:   0000700004eec748 0000700005b10dd8
0x0000700005b10da8:   00007fe8c0f9ffe0 0000000000000003
0x0000700005b10db8:   0000700005b10e10 0000700005b10e60
0x0000700005b10dc8:   0000000111dfe6a0 0000000000000000 

Instructions: (pc=0x00000001124bae10)
0x00000001124bad10:   a4 79 b3 11 01 00 00 00 e0 ae c4 11 01 00 00 00
0x00000001124bad20:   c8 79 b3 11 01 00 00 00 04 af c4 11 01 00 00 00
0x00000001124bad30:   34 af c4 11 01 00 00 00 ec 79 b3 11 01 00 00 00
0x00000001124bad40:   40 af c4 11 01 00 00 00 f8 79 b3 11 01 00 00 00
0x00000001124bad50:   a3 af 38 12 01 00 00 00 00 00 00 00 00 00 00 00
0x00000001124bad60:   c0 b3 2c 12 01 00 00 00 d1 af 38 12 01 00 00 00
0x00000001124bad70:   00 00 00 00 00 00 00 00 59 80 10 12 01 00 00 00
0x00000001124bad80:   0b b0 38 12 01 00 00 00 00 00 00 00 00 00 00 00
0x00000001124bad90:   ca f5 16 12 01 00 00 00 37 b0 38 12 01 00 00 00
0x00000001124bada0:   00 00 00 00 00 00 00 00 ab 88 32 12 01 00 00 00
0x00000001124badb0:   61 b0 38 12 01 00 00 00 00 00 00 00 00 00 00 00
0x00000001124badc0:   d4 3d fb 11 01 00 00 00 90 b0 38 12 01 00 00 00
0x00000001124badd0:   00 00 00 00 00 00 00 00 c9 4a fb 11 01 00 00 00
0x00000001124bade0:   c4 b0 38 12 01 00 00 00 00 00 00 00 00 00 00 00
0x00000001124badf0:   e8 dc eb 11 01 00 00 00 00 00 00 00 00 00 00 00
0x00000001124bae00:   00 00 00 00 00 00 00 00 00 00 00 00 00 00 00 00
0x00000001124bae10:   ae e8 11 12 01 00 00 00 60 16 12 12 01 00 00 00
0x00000001124bae20:   68 16 12 12 01 00 00 00 70 16 12 12 01 00 00 00
0x00000001124bae30:   78 16 12 12 01 00 00 00 80 16 12 12 01 00 00 00
0x00000001124bae40:   88 16 12 12 01 00 00 00 90 16 12 12 01 00 00 00
0x00000001124bae50:   98 16 12 12 01 00 00 00 a0 16 12 12 01 00 00 00
0x00000001124bae60:   a8 16 12 12 01 00 00 00 b0 16 12 12 01 00 00 00
0x00000001124bae70:   b8 16 12 12 01 00 00 00 ca 16 12 12 01 00 00 00
0x00000001124bae80:   da 16 12 12 01 00 00 00 ec 16 12 12 01 00 00 00
0x00000001124bae90:   fe 16 12 12 01 00 00 00 0a 3a c3 11 01 00 00 00
0x00000001124baea0:   06 f8 11 12 01 00 00 00 2c fc 11 12 01 00 00 00
0x00000001124baeb0:   10 17 12 12 01 00 00 00 56 27 c0 11 01 00 00 00
0x00000001124baec0:   1a 17 12 12 01 00 00 00 2a 17 12 12 01 00 00 00
0x00000001124baed0:   3a 17 12 12 01 00 00 00 46 17 12 12 01 00 00 00
0x00000001124baee0:   52 17 12 12 01 00 00 00 ec d4 11 12 01 00 00 00
0x00000001124baef0:   28 e4 11 12 01 00 00 00 60 17 12 12 01 00 00 00
0x00000001124baf00:   6e 17 12 12 01 00 00 00 7e 17 12 12 01 00 00 00 


Stack slot to memory mapping:
stack at sp + 0 slots: 0x0000000111df4e4c: _ZN17G1CodeBlobClosure12do_code_blobEP8CodeBlob+0x16 in /Library/Java/JavaVirtualMachines/jdk-14-loom-20190902.jdk/Contents/Home/lib/server/libjvm.dylib at 0x0000000111a00000
stack at sp + 1 slots: 0x00007fe8c0e46d20 points into unknown readable memory: ac fc 17 21 00 00 00 00
stack at sp + 2 slots: 0x00007fe8c0e46b00 points into unknown readable memory: 00 02 00 00 00 00 00 00
stack at sp + 3 slots: 0x0000700005b10c20 points into unknown readable memory: b0 0c b1 05 00 70 00 00
stack at sp + 4 slots: 0x0000000111df53ad: _ZN18G1CodeRootSetTable11nmethods_doEP15CodeBlobClosure+0x33 in /Library/Java/JavaVirtualMachines/jdk-14-loom-20190902.jdk/Contents/Home/lib/server/libjvm.dylib at 0x0000000111a00000
stack at sp + 5 slots: 0x0000700005b10d10 points into unknown readable memory: c8 c6 4a 12 01 00 00 00
stack at sp + 6 slots: 0x0000000000000017 is an unknown value
stack at sp + 7 slots: 0x00007fe8ba618fc0 points into unknown readable memory: a0 ea 4a 12 01 00 00 00


---------------  P R O C E S S  ---------------

Threads class SMR info:
_java_thread_list=0x00007fe8c088fc40, length=30, elements={
0x00007fe8bd803800, 0x00007fe8bd806800, 0x00007fe8ba811800, 0x00007fe8bb021000,
0x00007fe8bd01d800, 0x00007fe8bd015000, 0x00007fe8ba834800, 0x00007fe8bb010000,
0x00007fe8bc128800, 0x00007fe8bd2f2000, 0x00007fe8bc14e800, 0x00007fe8bb309000,
0x00007fe8bdb2d800, 0x00007fe8bac07800, 0x00007fe8bb6f8000, 0x00007fe8bb6f2000,
0x00007fe8bb6f3000, 0x00007fe8bb67a000, 0x00007fe8bb6a7800, 0x00007fe8bd306800,
0x00007fe8bd302000, 0x00007fe8bc1aa800, 0x00007fe8bdb2a800, 0x00007fe8bb55c800,
0x00007fe8bbccc000, 0x00007fe8c0002800, 0x00007fe8bb193000, 0x00007fe8bd3b7800,
0x00007fe8bb562000, 0x00007fe8bb5d0000
}

Java Threads: ( => current thread )
  0x00007fe8bd803800 JavaThread "Reference Handler" daemon [_thread_blocked, id=17155, stack(0x0000700004ef0000,0x0000700004ff0000)]
  0x00007fe8bd806800 JavaThread "Finalizer" daemon [_thread_blocked, id=15363, stack(0x0000700004ff3000,0x00007000050f3000)]
  0x00007fe8ba811800 JavaThread "Signal Dispatcher" daemon [_thread_blocked, id=43011, stack(0x00007000050f6000,0x00007000051f6000)]
  0x00007fe8bb021000 JavaThread "C2 CompilerThread0" daemon [_thread_blocked, id=22275, stack(0x00007000051f9000,0x00007000052f9000)]
  0x00007fe8bd01d800 JavaThread "C1 CompilerThread0" daemon [_thread_blocked, id=42243, stack(0x00007000052fc000,0x00007000053fc000)]
  0x00007fe8bd015000 JavaThread "Sweeper thread" daemon [_thread_blocked, id=23555, stack(0x00007000053ff000,0x00007000054ff000)]
  0x00007fe8ba834800 JavaThread "Service Thread" daemon [_thread_blocked, id=24067, stack(0x0000700005502000,0x0000700005602000)]
  0x00007fe8bb010000 JavaThread "Common-Cleaner" daemon [_thread_blocked, id=41219, stack(0x0000700005708000,0x0000700005808000)]
  0x00007fe8bc128800 JavaThread "Catalina-utility-1" [_thread_blocked, id=39183, stack(0x0000700005f20000,0x0000700006020000)]
  0x00007fe8bd2f2000 JavaThread "Catalina-utility-2" [_thread_blocked, id=27395, stack(0x0000700006023000,0x0000700006123000)]
  0x00007fe8bc14e800 JavaThread "container-0" [_thread_blocked, id=38403, stack(0x0000700006126000,0x0000700006226000)]
  0x00007fe8bb309000 JavaThread "spring.cloud.inetutils" daemon [_thread_blocked, id=28163, stack(0x0000700006229000,0x0000700006329000)]
  0x00007fe8bdb2d800 JavaThread "HttpClient-1-SelectorManager" daemon [_thread_blocked, id=28675, stack(0x0000700006532000,0x0000700006632000)]
  0x00007fe8bac07800 JavaThread "Eureka-JerseyClient-Conn-Cleaner2" daemon [_thread_blocked, id=28931, stack(0x0000700006635000,0x0000700006735000)]
  0x00007fe8bb6f8000 JavaThread "AsyncResolver-bootstrap-0" daemon [_thread_blocked, id=29699, stack(0x0000700006738000,0x0000700006838000)]
  0x00007fe8bb6f2000 JavaThread "DiscoveryClient-0" daemon [_thread_blocked, id=29955, stack(0x000070000683b000,0x000070000693b000)]
  0x00007fe8bb6f3000 JavaThread "DiscoveryClient-1" daemon [_thread_blocked, id=30211, stack(0x000070000693e000,0x0000700006a3e000)]
  0x00007fe8bb67a000 JavaThread "DiscoveryClient-InstanceInfoReplicator-0" daemon [_thread_blocked, id=30979, stack(0x0000700006a41000,0x0000700006b41000)]
  0x00007fe8bb6a7800 JavaThread "http-nio-8080-BlockPoller" daemon [_thread_in_native, id=31235, stack(0x0000700006b44000,0x0000700006c44000)]
  0x00007fe8bd306800 JavaThread "http-nio-8080-ClientPoller" daemon [_thread_blocked, id=31491, stack(0x0000700006c47000,0x0000700006d47000)]
  0x00007fe8bd302000 JavaThread "http-nio-8080-Acceptor" daemon [_thread_in_native, id=34051, stack(0x0000700006d4a000,0x0000700006e4a000)]
  0x00007fe8bc1aa800 JavaThread "DestroyJavaVM" [_thread_blocked, id=8963, stack(0x00007000047db000,0x00007000048db000)]
  0x00007fe8bdb2a800 JavaThread "pool-1-thread-1" [_thread_blocked, id=32515, stack(0x0000700006e4d000,0x0000700006f4d000)]
  0x00007fe8bb55c800 JavaThread "DiscoveryClient-CacheRefreshExecutor-0" daemon [_thread_blocked, id=46083, stack(0x0000700007768000,0x0000700007868000)]
  0x00007fe8bbccc000 JavaThread "DiscoveryClient-HeartbeatExecutor-0" daemon [_thread_blocked, id=84227, stack(0x000070000786b000,0x000070000796b000)]
  0x00007fe8c0002800 JavaThread "AsyncResolver-bootstrap-executor-0" daemon [_thread_blocked, id=86535, stack(0x0000700006f50000,0x0000700007050000)]
  0x00007fe8bb193000 JavaThread "HttpClient-1-Worker-6" daemon [_thread_blocked, id=45063, stack(0x0000700007053000,0x0000700007153000)]
  0x00007fe8bd3b7800 JavaThread "HttpClient-1-Worker-7" daemon [_thread_blocked, id=33287, stack(0x0000700007156000,0x0000700007256000)]
  0x00007fe8bb562000 JavaThread "HttpClient-1-Worker-8" daemon [_thread_blocked, id=45575, stack(0x0000700007259000,0x0000700007359000)]
  0x00007fe8bb5d0000 JavaThread "HttpClient-1-Worker-9" daemon [_thread_blocked, id=87047, stack(0x0000700007562000,0x0000700007662000)]

Other Threads:
  0x00007fe8bd802800 VMThread "VM Thread" [stack: 0x0000700004ded000,0x0000700004eed000] [id=17923]
  0x00007fe8ba800800 WatcherThread [stack: 0x0000700005605000,0x0000700005705000] [id=41731]
  0x00007fe8bb82a000 GCTaskThread "GC Thread#0" [stack: 0x00007000048de000,0x00007000049de000] [id=19715]
  0x00007fe8bd254000 GCTaskThread "GC Thread#1" [stack: 0x000070000590e000,0x0000700005a0e000] [id=40195]
=>0x00007fe8bb1a6000 GCTaskThread "GC Thread#2" [stack: 0x0000700005a11000,0x0000700005b11000] [id=25347]
  0x00007fe8bbba4000 GCTaskThread "GC Thread#3" [stack: 0x0000700005b14000,0x0000700005c14000] [id=39939]
  0x00007fe8bd24c800 GCTaskThread "GC Thread#4" [stack: 0x0000700005c17000,0x0000700005d17000] [id=39683]
  0x00007fe8bb272000 GCTaskThread "GC Thread#5" [stack: 0x0000700005d1a000,0x0000700005e1a000] [id=39427]
  0x00007fe8bbc8a000 GCTaskThread "GC Thread#6" [stack: 0x000070000632c000,0x000070000642c000] [id=37635]
  0x00007fe8bbc88800 GCTaskThread "GC Thread#7" [stack: 0x000070000642f000,0x000070000652f000] [id=28419]
  0x00007fe8bb196000 GCTaskThread "GC Thread#8" [stack: 0x000070000735c000,0x000070000745c000] [id=86275]
  0x00007fe8bb287800 GCTaskThread "GC Thread#9" [stack: 0x000070000745f000,0x000070000755f000] [id=85763]
  0x00007fe8bb83b000 ConcurrentGCThread "G1 Main Marker" [stack: 0x00007000049e1000,0x0000700004ae1000] [id=11779]
  0x00007fe8bb83b800 ConcurrentGCThread "G1 Conc#0" [stack: 0x0000700004ae4000,0x0000700004be4000] [id=12803]
  0x00007fe8bb270800 ConcurrentGCThread "G1 Conc#1" [stack: 0x000070000580b000,0x000070000590b000] [id=40711]
  0x00007fe8bf800000 ConcurrentGCThread "G1 Conc#2" [stack: 0x0000700005e1d000,0x0000700005f1d000] [id=40967]
  0x00007fe8bb8e4800 ConcurrentGCThread "G1 Refine#0" [stack: 0x0000700004be7000,0x0000700004ce7000] [id=19203]
  0x00007fe8bb8e5000 ConcurrentGCThread "G1 Young RemSet Sampling" [stack: 0x0000700004cea000,0x0000700004dea000] [id=13059]

Threads with active compile tasks:

VM state:at safepoint (normal execution)

VM Mutex/Monitor currently owned by a thread:  ([mutex/lock_event])
[0x00007fe8ba50c6b0] Threads_lock - owner thread: 0x00007fe8bd802800
[0x00007fe8ba50d7b0] Heap_lock - owner thread: 0x00007fe8bdb2a800

Heap address: 0x0000000700000000, size: 4096 MB, Compressed Oops mode: Zero based, Oop shift amount: 3
Narrow klass base: 0x0000000800000000, Narrow klass shift: 3
Compressed class space size: 1073741824 Address: 0x0000000800b47000

Heap:
 garbage-first heap   total 78848K, used 38509K [0x0000000700000000, 0x0000000800000000)
  region size 1024K, 2 young (2048K), 1 survivors (1024K)
 Metaspace       used 52137K, capacity 53356K, committed 53632K, reserved 1095680K
  class space    used 6161K, capacity 6633K, committed 6784K, reserved 1048576K
Heap Regions: E=young(eden), S=young(survivor), O=old, HS=humongous(starts), HC=humongous(continues), CS=collection set, F=free, A=archive, TAMS=top-at-mark-start (previous, next)
|   0|0x0000000700000000, 0x0000000700100000, 0x0000000700100000|100%| O|  |TAMS 0x0000000700100000, 0x0000000700000000| Untracked 
|   1|0x0000000700100000, 0x0000000700200000, 0x0000000700200000|100%| O|  |TAMS 0x0000000700200000, 0x0000000700100000| Untracked 
|   2|0x0000000700200000, 0x0000000700292a00, 0x0000000700300000| 57%| O|CS|TAMS 0x0000000700292a00, 0x0000000700200000| Complete 
|   3|0x0000000700300000, 0x0000000700400000, 0x0000000700400000|100%| O|  |TAMS 0x0000000700400000, 0x0000000700300000| Untracked 
|   4|0x0000000700400000, 0x0000000700500000, 0x0000000700500000|100%| O|  |TAMS 0x0000000700500000, 0x0000000700400000| Untracked 
|   5|0x0000000700500000, 0x0000000700600000, 0x0000000700600000|100%| O|  |TAMS 0x0000000700600000, 0x0000000700500000| Untracked 
|   6|0x0000000700600000, 0x0000000700700000, 0x0000000700700000|100%| O|  |TAMS 0x0000000700700000, 0x0000000700600000| Untracked 
|   7|0x0000000700700000, 0x0000000700800000, 0x0000000700800000|100%| O|  |TAMS 0x0000000700800000, 0x0000000700700000| Untracked 
|   8|0x0000000700800000, 0x0000000700900000, 0x0000000700900000|100%| O|  |TAMS 0x0000000700900000, 0x0000000700800000| Untracked 
|   9|0x0000000700900000, 0x0000000700a00000, 0x0000000700a00000|100%| O|  |TAMS 0x0000000700a00000, 0x0000000700900000| Complete 
|  10|0x0000000700a00000, 0x0000000700b00000, 0x0000000700b00000|100%| O|  |TAMS 0x0000000700b00000, 0x0000000700a00000| Complete 
|  11|0x0000000700b00000, 0x0000000700b49600, 0x0000000700c00000| 28%| O|CS|TAMS 0x0000000700b49600, 0x0000000700b00000| Complete 
|  12|0x0000000700c00000, 0x0000000700d00000, 0x0000000700d00000|100%| O|  |TAMS 0x0000000700d00000, 0x0000000700c00000| Untracked 
|  13|0x0000000700d00000, 0x0000000700e00000, 0x0000000700e00000|100%| O|  |TAMS 0x0000000700e00000, 0x0000000700d00000| Untracked 
|  14|0x0000000700e00000, 0x0000000700f00000, 0x0000000700f00000|100%| O|  |TAMS 0x0000000700f00000, 0x0000000700e00000| Untracked 
|  15|0x0000000700f00000, 0x0000000701000000, 0x0000000701000000|100%| O|  |TAMS 0x0000000701000000, 0x0000000700f00000| Complete 
|  16|0x0000000701000000, 0x0000000701100000, 0x0000000701100000|100%| O|  |TAMS 0x0000000701100000, 0x0000000701000000| Untracked 
|  17|0x0000000701100000, 0x0000000701200000, 0x0000000701200000|100%| O|  |TAMS 0x0000000701200000, 0x0000000701100000| Untracked 
|  18|0x0000000701200000, 0x0000000701300000, 0x0000000701300000|100%| O|CS|TAMS 0x0000000701300000, 0x0000000701200000| Complete 
|  19|0x0000000701300000, 0x0000000701400000, 0x0000000701400000|100%| O|  |TAMS 0x0000000701400000, 0x0000000701300000| Untracked 
|  20|0x0000000701400000, 0x0000000701500000, 0x0000000701500000|100%| O|  |TAMS 0x0000000701500000, 0x0000000701400000| Untracked 
|  21|0x0000000701500000, 0x0000000701600000, 0x0000000701600000|100%| O|  |TAMS 0x0000000701600000, 0x0000000701500000| Untracked 
|  22|0x0000000701600000, 0x0000000701700000, 0x0000000701700000|100%| O|CS|TAMS 0x0000000701700000, 0x0000000701600000| Complete 
|  23|0x0000000701700000, 0x0000000701800000, 0x0000000701800000|100%| O|CS|TAMS 0x0000000701800000, 0x0000000701700000| Complete 
|  24|0x0000000701800000, 0x0000000701900000, 0x0000000701900000|100%| O|  |TAMS 0x0000000701900000, 0x0000000701800000| Untracked 
|  25|0x0000000701900000, 0x0000000701a00000, 0x0000000701a00000|100%| O|  |TAMS 0x0000000701a00000, 0x0000000701900000| Untracked 
|  26|0x0000000701a00000, 0x0000000701b00000, 0x0000000701b00000|100%| O|  |TAMS 0x0000000701b00000, 0x0000000701a00000| Untracked 
|  27|0x0000000701b00000, 0x0000000701c00000, 0x0000000701c00000|100%| O|  |TAMS 0x0000000701c00000, 0x0000000701b00000| Untracked 
|  28|0x0000000701c00000, 0x0000000701d00000, 0x0000000701d00000|100%| O|CS|TAMS 0x0000000701d00000, 0x0000000701c00000| Complete 
|  29|0x0000000701d00000, 0x0000000701e00000, 0x0000000701e00000|100%| O|CS|TAMS 0x0000000701e00000, 0x0000000701d00000| Complete 
|  30|0x0000000701e00000, 0x0000000701f00000, 0x0000000701f00000|100%| O|  |TAMS 0x0000000701f00000, 0x0000000701e00000| Untracked 
|  31|0x0000000701f00000, 0x0000000702000000, 0x0000000702000000|100%| O|  |TAMS 0x0000000702000000, 0x0000000701f00000| Untracked 
|  32|0x0000000702000000, 0x0000000702100000, 0x0000000702100000|100%| O|CS|TAMS 0x00000007020ea600, 0x0000000702000000| Complete 
|  33|0x0000000702100000, 0x0000000702200000, 0x0000000702200000|100%| O|  |TAMS 0x0000000702100000, 0x0000000702100000| Untracked 
|  34|0x0000000702200000, 0x0000000702300000, 0x0000000702300000|100%| O|  |TAMS 0x0000000702200000, 0x0000000702200000| Untracked 
|  35|0x0000000702300000, 0x0000000702400000, 0x0000000702400000|100%| O|  |TAMS 0x0000000702300000, 0x0000000702300000| Untracked 
|  36|0x0000000702400000, 0x0000000702500000, 0x0000000702500000|100%| O|  |TAMS 0x0000000702400000, 0x0000000702400000| Untracked 
|  37|0x0000000702500000, 0x0000000702600000, 0x0000000702600000|100%| O|  |TAMS 0x0000000702500000, 0x0000000702500000| Untracked 
|  38|0x0000000702600000, 0x0000000702700000, 0x0000000702700000|100%| O|  |TAMS 0x0000000702600000, 0x0000000702600000| Untracked 
|  39|0x0000000702700000, 0x0000000702800000, 0x0000000702800000|100%| O|  |TAMS 0x0000000702700000, 0x0000000702700000| Untracked 
|  40|0x0000000702800000, 0x0000000702900000, 0x0000000702900000|100%| O|  |TAMS 0x0000000702800000, 0x0000000702800000| Untracked 
|  41|0x0000000702900000, 0x000000070295e2a0, 0x0000000702a00000| 36%| O|  |TAMS 0x0000000702900000, 0x0000000702900000| Untracked 
|  42|0x0000000702a00000, 0x0000000702a00000, 0x0000000702b00000|  0%| F|  |TAMS 0x0000000702a00000, 0x0000000702a00000| Untracked 
|  43|0x0000000702b00000, 0x0000000702b00000, 0x0000000702c00000|  0%| F|  |TAMS 0x0000000702b00000, 0x0000000702b00000| Untracked 
|  44|0x0000000702c00000, 0x0000000702c00000, 0x0000000702d00000|  0%| F|  |TAMS 0x0000000702c00000, 0x0000000702c00000| Untracked 
|  45|0x0000000702d00000, 0x0000000702d00000, 0x0000000702e00000|  0%| F|  |TAMS 0x0000000702d00000, 0x0000000702d00000| Untracked 
|  46|0x0000000702e00000, 0x0000000702e00000, 0x0000000702f00000|  0%| F|  |TAMS 0x0000000702e00000, 0x0000000702e00000| Untracked 
|  47|0x0000000702f00000, 0x0000000702f00000, 0x0000000703000000|  0%| F|  |TAMS 0x0000000702f00000, 0x0000000702f00000| Untracked 
|  48|0x0000000703000000, 0x0000000703000000, 0x0000000703100000|  0%| F|  |TAMS 0x0000000703000000, 0x0000000703000000| Untracked 
|  49|0x0000000703100000, 0x0000000703100000, 0x0000000703200000|  0%| F|  |TAMS 0x0000000703100000, 0x0000000703100000| Untracked 
|  50|0x0000000703200000, 0x00000007032428e0, 0x0000000703300000| 25%| E|CS|TAMS 0x0000000703200000, 0x0000000703200000| Complete 
|  51|0x0000000703300000, 0x0000000703400000, 0x0000000703400000|100%| E|CS|TAMS 0x0000000703300000, 0x0000000703300000| Complete 
|  52|0x0000000703400000, 0x0000000703400000, 0x0000000703500000|  0%| F|  |TAMS 0x0000000703400000, 0x0000000703400000| Untracked 
|  53|0x0000000703500000, 0x0000000703500000, 0x0000000703600000|  0%| F|  |TAMS 0x0000000703500000, 0x0000000703500000| Untracked 
|  54|0x0000000703600000, 0x0000000703600000, 0x0000000703700000|  0%| F|  |TAMS 0x0000000703600000, 0x0000000703600000| Untracked 
|  55|0x0000000703700000, 0x0000000703700000, 0x0000000703800000|  0%| F|  |TAMS 0x0000000703700000, 0x0000000703700000| Untracked 
|  56|0x0000000703800000, 0x0000000703800000, 0x0000000703900000|  0%| F|  |TAMS 0x0000000703800000, 0x0000000703800000| Untracked 
|  57|0x0000000703900000, 0x0000000703900000, 0x0000000703a00000|  0%| F|  |TAMS 0x0000000703900000, 0x0000000703900000| Untracked 
|  58|0x0000000703a00000, 0x0000000703a00000, 0x0000000703b00000|  0%| F|  |TAMS 0x0000000703a00000, 0x0000000703a00000| Untracked 
|  59|0x0000000703b00000, 0x0000000703b00000, 0x0000000703c00000|  0%| F|  |TAMS 0x0000000703b00000, 0x0000000703b00000| Untracked 
|  60|0x0000000703c00000, 0x0000000703c00000, 0x0000000703d00000|  0%| F|  |TAMS 0x0000000703c00000, 0x0000000703c00000| Untracked 
|  61|0x0000000703d00000, 0x0000000703d00000, 0x0000000703e00000|  0%| F|  |TAMS 0x0000000703d00000, 0x0000000703d00000| Untracked 
|  62|0x0000000703e00000, 0x0000000703e00000, 0x0000000703f00000|  0%| F|  |TAMS 0x0000000703e00000, 0x0000000703e00000| Untracked 
|  63|0x0000000703f00000, 0x0000000703f00000, 0x0000000704000000|  0%| F|  |TAMS 0x0000000703f00000, 0x0000000703f00000| Untracked 
|  64|0x0000000704000000, 0x0000000704000000, 0x0000000704100000|  0%| F|  |TAMS 0x0000000704000000, 0x0000000704000000| Untracked 
|  65|0x0000000704100000, 0x0000000704100000, 0x0000000704200000|  0%| F|  |TAMS 0x0000000704100000, 0x0000000704100000| Untracked 
|  70|0x0000000704600000, 0x0000000704600000, 0x0000000704700000|  0%| F|  |TAMS 0x0000000704600000, 0x0000000704600000| Untracked 
|  71|0x0000000704700000, 0x0000000704700000, 0x0000000704800000|  0%| F|  |TAMS 0x0000000704700000, 0x0000000704700000| Untracked 
|  72|0x0000000704800000, 0x0000000704800000, 0x0000000704900000|  0%| F|  |TAMS 0x0000000704800000, 0x0000000704800000| Untracked 
|  73|0x0000000704900000, 0x0000000704900000, 0x0000000704a00000|  0%| F|  |TAMS 0x0000000704900000, 0x0000000704900000| Untracked 
|  74|0x0000000704a00000, 0x0000000704a00000, 0x0000000704b00000|  0%| F|  |TAMS 0x0000000704a00000, 0x0000000704a00000| Untracked 
|  75|0x0000000704b00000, 0x0000000704b00000, 0x0000000704c00000|  0%| F|  |TAMS 0x0000000704b00000, 0x0000000704b00000| Untracked 
|  76|0x0000000704c00000, 0x0000000704c00000, 0x0000000704d00000|  0%| F|  |TAMS 0x0000000704c00000, 0x0000000704c00000| Untracked 
|  77|0x0000000704d00000, 0x0000000704d79ea0, 0x0000000704e00000| 47%| S|  |TAMS 0x0000000704d00000, 0x0000000704d00000| Complete 
| 255|0x000000070ff00000, 0x000000070ffff3f8, 0x0000000710000000| 99%| E|CS|TAMS 0x000000070ff00000, 0x000000070ff00000| Complete 
|3070|0x00000007bfe00000, 0x00000007bfe49000, 0x00000007bff00000| 28%|OA|  |TAMS 0x00000007bfe49000, 0x00000007bfe00000| Untracked 
|3071|0x00000007bff00000, 0x00000007bff79000, 0x00000007c0000000| 47%|CA|  |TAMS 0x00000007bff79000, 0x00000007bff00000| Untracked 

Card table byte_map: [0x0000000113d39000,0x0000000114539000] _byte_map_base: 0x0000000110539000

Marking Bits (Prev, Next): (CMBitMap*) 0x00007fe8bb82a618, (CMBitMap*) 0x00007fe8bb82a658
 Prev Bits: [0x0000000114d39000, 0x0000000118d39000)
 Next Bits: [0x0000000131a49000, 0x0000000135a49000)

Polling page: 0x000000011004e000

Metaspace:

Usage:
  Non-class:     45.63 MB capacity,    44.90 MB ( 98%) used,   585.80 KB (  1%) free+waste,   161.50 KB ( <1%) overhead. 
      Class:      6.48 MB capacity,     6.02 MB ( 93%) used,   401.02 KB (  6%) free+waste,    70.19 KB (  1%) overhead. 
       Both:     52.11 MB capacity,    50.92 MB ( 98%) used,   986.83 KB (  2%) free+waste,   231.69 KB ( <1%) overhead. 

Virtual space:
  Non-class space:       46.00 MB reserved,      45.75 MB (>99%) committed 
      Class space:        1.00 GB reserved,       6.62 MB ( <1%) committed 
             Both:        1.04 GB reserved,      52.38 MB (  5%) committed 

Chunk freelists:
   Non-Class:  33.00 KB
       Class:  27.00 KB
        Both:  60.00 KB

MaxMetaspaceSize: unlimited
CompressedClassSpaceSize: 1.00 GB

CodeHeap 'non-profiled nmethods': size=120032Kb used=4237Kb max_used=4237Kb free=115794Kb
 bounds [0x000000012a511000, 0x000000012a941000, 0x0000000131a49000]
CodeHeap 'profiled nmethods': size=120028Kb used=16523Kb max_used=18920Kb free=103504Kb
 bounds [0x0000000122fda000, 0x000000012425a000, 0x000000012a511000]
CodeHeap 'non-nmethods': size=5700Kb used=1385Kb max_used=1449Kb free=4314Kb
 bounds [0x0000000122a49000, 0x0000000122cb9000, 0x0000000122fda000]
 total_blobs=12476 nmethods=7334 adapters=476
 compilation: enabled
              stopped_count=0, restarted_count=0
 full_count=0

Compilation events (20 events):
Event: 366.321 Thread 0x00007fe8bb021000 8910       4       sun.security.provider.ByteArrayAccess::i2bBig4 (111 bytes)
Event: 366.322 Thread 0x00007fe8bb021000 nmethod 8910 0x000000012a930910 code [0x000000012a930aa0, 0x000000012a930b58]
Event: 366.360 Thread 0x00007fe8bb021000 8911       4       org.springframework.util.LinkedMultiValueMap::get (6 bytes)
Event: 366.363 Thread 0x00007fe8bb021000 nmethod 8911 0x000000012a930c10 code [0x000000012a930dc0, 0x000000012a930fb8]
Event: 366.485 Thread 0x00007fe8bb021000 8912       4       org.apache.tomcat.util.buf.MessageBytes::setLong (194 bytes)
Event: 366.492 Thread 0x00007fe8bb021000 nmethod 8912 0x000000012a931190 code [0x000000012a931340, 0x000000012a931808]
Event: 366.730 Thread 0x00007fe8bb021000 8913       4       java.util.concurrent.locks.AbstractQueuedSynchronizer$Node::compareAndSetWaitStatus (10 bytes)
Event: 366.731 Thread 0x00007fe8bb021000 nmethod 8913 0x000000012a931b10 code [0x000000012a931ca0, 0x000000012a931d18]
Event: 366.745 Thread 0x00007fe8bb021000 8914   !   4       com.sun.proxy.$Proxy33::annotationType (29 bytes)
Event: 366.758 Thread 0x00007fe8bb021000 nmethod 8914 0x000000012a931e10 code [0x000000012a932060, 0x000000012a932900]
Event: 366.880 Thread 0x00007fe8bb021000 8915       4       java.lang.StringBuilder::append (10 bytes)
Event: 366.882 Thread 0x00007fe8bb021000 nmethod 8915 0x000000012a932f10 code [0x000000012a9330c0, 0x000000012a933298]
Event: 366.909 Thread 0x00007fe8bb021000 8916       4       java.util.concurrent.locks.AbstractQueuedSynchronizer$Node::setPrevRelaxed (9 bytes)
Event: 366.911 Thread 0x00007fe8bb021000 nmethod 8916 0x000000012a933510 code [0x000000012a9336a0, 0x000000012a9337f8]
Event: 366.911 Thread 0x00007fe8bb021000 8917       4       java.util.concurrent.locks.AbstractQueuedSynchronizer::compareAndSetTail (10 bytes)
Event: 366.913 Thread 0x00007fe8bb021000 nmethod 8917 0x000000012a933890 code [0x000000012a933a20, 0x000000012a933b78]
Event: 367.011 Thread 0x00007fe8bb021000 8918       4       org.apache.catalina.core.ApplicationFilterChain::release (44 bytes)
Event: 367.016 Thread 0x00007fe8bb021000 nmethod 8918 0x000000012a933c10 code [0x000000012a933da0, 0x000000012a9340f8]
Event: 367.090 Thread 0x00007fe8bb021000 8919       4       java.util.HashMap$HashMapSpliterator::estimateSize (11 bytes)
Event: 367.091 Thread 0x00007fe8bb021000 nmethod 8919 0x000000012a934190 code [0x000000012a934320, 0x000000012a9343c8]

GC Heap History (20 events):
Event: 16.866 GC heap after
{Heap after GC invocations=13 (full 0):
 garbage-first heap   total 78848K, used 33815K [0x0000000700000000, 0x0000000800000000)
  region size 1024K, 4 young (4096K), 4 survivors (4096K)
 Metaspace       used 51060K, capacity 52317K, committed 52608K, reserved 1095680K
  class space    used 6156K, capacity 6632K, committed 6784K, reserved 1048576K
}
Event: 20.233 GC heap before
{Heap before GC invocations=13 (full 0):
 garbage-first heap   total 78848K, used 57367K [0x0000000700000000, 0x0000000800000000)
  region size 1024K, 27 young (27648K), 4 survivors (4096K)
 Metaspace       used 51809K, capacity 53090K, committed 53376K, reserved 1095680K
  class space    used 6157K, capacity 6632K, committed 6784K, reserved 1048576K
}
Event: 20.235 GC heap after
{Heap after GC invocations=14 (full 0):
 garbage-first heap   total 78848K, used 34783K [0x0000000700000000, 0x0000000800000000)
  region size 1024K, 2 young (2048K), 2 survivors (2048K)
 Metaspace       used 51809K, capacity 53090K, committed 53376K, reserved 1095680K
  class space    used 6157K, capacity 6632K, committed 6784K, reserved 1048576K
}
Event: 23.602 GC heap before
{Heap before GC invocations=14 (full 0):
 garbage-first heap   total 78848K, used 57311K [0x0000000700000000, 0x0000000800000000)
  region size 1024K, 25 young (25600K), 2 survivors (2048K)
 Metaspace       used 51884K, capacity 53154K, committed 53376K, reserved 1095680K
  class space    used 6157K, capacity 6632K, committed 6784K, reserved 1048576K
}
Event: 23.604 GC heap after
{Heap after GC invocations=15 (full 0):
 garbage-first heap   total 78848K, used 34657K [0x0000000700000000, 0x0000000800000000)
  region size 1024K, 2 young (2048K), 2 survivors (2048K)
 Metaspace       used 51884K, capacity 53154K, committed 53376K, reserved 1095680K
  class space    used 6157K, capacity 6632K, committed 6784K, reserved 1048576K
}
Event: 27.037 GC heap before
{Heap before GC invocations=16 (full 0):
 garbage-first heap   total 78848K, used 59233K [0x0000000700000000, 0x0000000800000000)
  region size 1024K, 26 young (26624K), 2 survivors (2048K)
 Metaspace       used 51895K, capacity 53130K, committed 53376K, reserved 1095680K
  class space    used 6152K, capacity 6624K, committed 6784K, reserved 1048576K
}
Event: 27.039 GC heap after
{Heap after GC invocations=17 (full 0):
 garbage-first heap   total 78848K, used 34618K [0x0000000700000000, 0x0000000800000000)
  region size 1024K, 2 young (2048K), 2 survivors (2048K)
 Metaspace       used 51895K, capacity 53130K, committed 53376K, reserved 1095680K
  class space    used 6152K, capacity 6624K, committed 6784K, reserved 1048576K
}
Event: 30.601 GC heap before
{Heap before GC invocations=17 (full 0):
 garbage-first heap   total 78848K, used 60218K [0x0000000700000000, 0x0000000800000000)
  region size 1024K, 27 young (27648K), 2 survivors (2048K)
 Metaspace       used 51925K, capacity 53196K, committed 53632K, reserved 1095680K
  class space    used 6152K, capacity 6624K, committed 6784K, reserved 1048576K
}
Event: 30.603 GC heap after
{Heap after GC invocations=18 (full 0):
 garbage-first heap   total 78848K, used 34814K [0x0000000700000000, 0x0000000800000000)
  region size 1024K, 2 young (2048K), 2 survivors (2048K)
 Metaspace       used 51925K, capacity 53196K, committed 53632K, reserved 1095680K
  class space    used 6152K, capacity 6624K, committed 6784K, reserved 1048576K
}
Event: 34.116 GC heap before
{Heap before GC invocations=19 (full 0):
 garbage-first heap   total 78848K, used 60414K [0x0000000700000000, 0x0000000800000000)
  region size 1024K, 27 young (27648K), 2 survivors (2048K)
 Metaspace       used 51983K, capacity 53200K, committed 53632K, reserved 1095680K
  class space    used 6156K, capacity 6625K, committed 6784K, reserved 1048576K
}
Event: 34.117 GC heap after
{Heap after GC invocations=20 (full 0):
 garbage-first heap   total 78848K, used 34967K [0x0000000700000000, 0x0000000800000000)
  region size 1024K, 2 young (2048K), 2 survivors (2048K)
 Metaspace       used 51983K, capacity 53200K, committed 53632K, reserved 1095680K
  class space    used 6156K, capacity 6625K, committed 6784K, reserved 1048576K
}
Event: 37.935 GC heap before
{Heap before GC invocations=20 (full 0):
 garbage-first heap   total 78848K, used 60567K [0x0000000700000000, 0x0000000800000000)
  region size 1024K, 28 young (28672K), 2 survivors (2048K)
 Metaspace       used 51990K, capacity 53200K, committed 53632K, reserved 1095680K
  class space    used 6156K, capacity 6625K, committed 6784K, reserved 1048576K
}
Event: 37.938 GC heap after
{Heap after GC invocations=21 (full 0):
 garbage-first heap   total 78848K, used 35270K [0x0000000700000000, 0x0000000800000000)
  region size 1024K, 3 young (3072K), 3 survivors (3072K)
 Metaspace       used 51990K, capacity 53200K, committed 53632K, reserved 1095680K
  class space    used 6156K, capacity 6625K, committed 6784K, reserved 1048576K
}
Event: 41.482 GC heap before
{Heap before GC invocations=22 (full 0):
 garbage-first heap   total 78848K, used 59846K [0x0000000700000000, 0x0000000800000000)
  region size 1024K, 28 young (28672K), 3 survivors (3072K)
 Metaspace       used 51990K, capacity 53200K, committed 53632K, reserved 1095680K
  class space    used 6156K, capacity 6625K, committed 6784K, reserved 1048576K
}
Event: 41.483 GC heap after
{Heap after GC invocations=23 (full 0):
 garbage-first heap   total 78848K, used 35826K [0x0000000700000000, 0x0000000800000000)
  region size 1024K, 3 young (3072K), 3 survivors (3072K)
 Metaspace       used 51990K, capacity 53200K, committed 53632K, reserved 1095680K
  class space    used 6156K, capacity 6625K, committed 6784K, reserved 1048576K
}
Event: 363.650 GC heap before
{Heap before GC invocations=23 (full 0):
 garbage-first heap   total 78848K, used 61426K [0x0000000700000000, 0x0000000800000000)
  region size 1024K, 28 young (28672K), 3 survivors (3072K)
 Metaspace       used 52137K, capacity 53356K, committed 53632K, reserved 1095680K
  class space    used 6161K, capacity 6633K, committed 6784K, reserved 1048576K
}
Event: 363.654 GC heap after
{Heap after GC invocations=24 (full 0):
 garbage-first heap   total 78848K, used 37424K [0x0000000700000000, 0x0000000800000000)
  region size 1024K, 4 young (4096K), 4 survivors (4096K)
 Metaspace       used 52137K, capacity 53356K, committed 53632K, reserved 1095680K
  class space    used 6161K, capacity 6633K, committed 6784K, reserved 1048576K
}
Event: 367.007 GC heap before
{Heap before GC invocations=25 (full 0):
 garbage-first heap   total 78848K, used 60976K [0x0000000700000000, 0x0000000800000000)
  region size 1024K, 27 young (27648K), 4 survivors (4096K)
 Metaspace       used 52137K, capacity 53356K, committed 53632K, reserved 1095680K
  class space    used 6161K, capacity 6633K, committed 6784K, reserved 1048576K
}
Event: 367.010 GC heap after
{Heap after GC invocations=26 (full 0):
 garbage-first heap   total 78848K, used 37488K [0x0000000700000000, 0x0000000800000000)
  region size 1024K, 2 young (2048K), 2 survivors (2048K)
 Metaspace       used 52137K, capacity 53356K, committed 53632K, reserved 1095680K
  class space    used 6161K, capacity 6633K, committed 6784K, reserved 1048576K
}
Event: 367.157 GC heap before
{Heap before GC invocations=26 (full 0):
 garbage-first heap   total 78848K, used 37488K [0x0000000700000000, 0x0000000800000000)
  region size 1024K, 3 young (3072K), 2 survivors (2048K)
 Metaspace       used 52137K, capacity 53356K, committed 53632K, reserved 1095680K
  class space    used 6161K, capacity 6633K, committed 6784K, reserved 1048576K
}

Deoptimization events (20 events):
Event: 103.565 Thread 0x00007fe8bd3b7800 DEOPT UNPACKING pc=0x0000000122a9d83b sp=0x0000700007661828 mode 2
Event: 103.565 Thread 0x00007fe8bbcc3000 DEOPT UNPACKING pc=0x0000000122a9d83b sp=0x0000700007255828 mode 2
Event: 303.055 Thread 0x00007fe8bb6f8000 Uncommon trap: trap_request=0xffffff45 fr.pc=0x000000012a735054 relative=0x0000000000000034
Event: 303.055 Thread 0x00007fe8bb6f8000 Uncommon trap: reason=unstable_if action=reinterpret pc=0x000000012a735054 method=java.util.Formatter$Conversion.isGeneral(C)Z @ 1 c2
Event: 303.055 Thread 0x00007fe8bb6f8000 DEOPT PACKING pc=0x000000012a735054 sp=0x0000700006836fc0
Event: 303.055 Thread 0x00007fe8bb6f8000 DEOPT UNPACKING pc=0x0000000122a9d83b sp=0x0000700006836f68 mode 2
Event: 303.055 Thread 0x00007fe8bb6f8000 Uncommon trap: trap_request=0xffffffde fr.pc=0x000000012a851880 relative=0x0000000000000120
Event: 303.055 Thread 0x00007fe8bb6f8000 Uncommon trap: reason=class_check action=maybe_recompile pc=0x000000012a851880 method=java.lang.AbstractStringBuilder.append(Ljava/lang/CharSequence;)Ljava/lang/AbstractStringBuilder; @ 10 c2
Event: 303.055 Thread 0x00007fe8bb6f8000 DEOPT PACKING pc=0x000000012a851880 sp=0x0000700006837080
Event: 303.056 Thread 0x00007fe8bb6f8000 DEOPT UNPACKING pc=0x0000000122a9d83b sp=0x0000700006836f00 mode 2
Event: 303.056 Thread 0x00007fe8c0002800 Uncommon trap: trap_request=0xffffff45 fr.pc=0x000000012a8d54d4 relative=0x0000000000000794
Event: 303.056 Thread 0x00007fe8c0002800 Uncommon trap: reason=unstable_if action=reinterpret pc=0x000000012a8d54d4 method=ch.qos.logback.classic.spi.LoggingEvent.getFormattedMessage()Ljava/lang/String; @ 16 c2
Event: 303.056 Thread 0x00007fe8c0002800 DEOPT PACKING pc=0x000000012a8d54d4 sp=0x000070000704f180
Event: 303.056 Thread 0x00007fe8c0002800 DEOPT UNPACKING pc=0x0000000122a9d83b sp=0x000070000704f188 mode 2
Event: 303.056 Thread 0x00007fe8c0002800 Uncommon trap: trap_request=0xfffffff4 fr.pc=0x000000012a8cb988 relative=0x0000000000000408
Event: 303.056 Thread 0x00007fe8c0002800 Uncommon trap: reason=null_check action=make_not_entrant pc=0x000000012a8cb988 method=ch.qos.logback.classic.util.LogbackMDCAdapter.getPropertyMap()Ljava/util/Map; @ 18 c2
Event: 303.056 Thread 0x00007fe8c0002800 DEOPT PACKING pc=0x000000012a8cb988 sp=0x000070000704f1b0
Event: 303.056 Thread 0x00007fe8c0002800 DEOPT UNPACKING pc=0x0000000122a9d83b sp=0x000070000704f118 mode 2
Event: 363.261 Thread 0x00007fe8bbccc000 DEOPT PACKING pc=0x0000000123a002d3 sp=0x00007000079697a0
Event: 363.261 Thread 0x00007fe8bbccc000 DEOPT UNPACKING pc=0x0000000122a9dd30 sp=0x0000700007968cd0 mode 0

Classes unloaded (9 events):
Event: 2.232 Thread 0x00007fe8bd802800 Unloading class 0x0000000800bf7040 'org/springframework/core/GenericTypeResolver$$Lambda$48'
Event: 23.619 Thread 0x00007fe8bd802800 Unloading class 0x00000008011b7440 'jdk/internal/net/http/HttpConnection$$Lambda$713'
Event: 23.619 Thread 0x00007fe8bd802800 Unloading class 0x00000008011b6c40 'jdk/internal/net/http/MultiExchange$$Lambda$712'
Event: 23.619 Thread 0x00007fe8bd802800 Unloading class 0x00000008011b6840 'jdk/internal/net/http/Exchange$$Lambda$710'
Event: 23.619 Thread 0x00007fe8bd802800 Unloading class 0x00000008011b6040 'jdk/internal/net/http/Http1Response$$Lambda$707'
Event: 23.619 Thread 0x00007fe8bd802800 Unloading class 0x00000008011b5840 'jdk/internal/net/http/ResponseSubscribers$$Lambda$706'
Event: 23.619 Thread 0x00007fe8bd802800 Unloading class 0x00000008011b5040 'jdk/internal/net/http/ResponseSubscribers$$Lambda$703'
Event: 23.619 Thread 0x00007fe8bd802800 Unloading class 0x00000008011b4840 'jdk/internal/net/http/Http1Response$$Lambda$702'
Event: 23.619 Thread 0x00007fe8bd802800 Unloading class 0x00000008011a6c40 'jdk/internal/net/http/Http1Response$$Lambda$687'

Classes redefined (0 events):
No events

Internal exceptions (20 events):
Event: 3.001 Thread 0x00007fe8ba807800 Exception <a 'java/lang/NoClassDefFoundError'{0x0000000702ccf158}: javax/xml/bind/PropertyException> (0x0000000702ccf158) 
thrown [/Users/jigga/projects/openjdk/loom/src/hotspot/share/classfile/systemDictionary.cpp, line 221]
Event: 3.001 Thread 0x00007fe8ba807800 Exception <a 'java/lang/NoClassDefFoundError'{0x0000000702cd5808}: javax/xml/bind/PropertyException> (0x0000000702cd5808) 
thrown [/Users/jigga/projects/openjdk/loom/src/hotspot/share/classfile/systemDictionary.cpp, line 221]
Event: 3.001 Thread 0x00007fe8ba807800 Exception <a 'java/lang/NoClassDefFoundError'{0x0000000702cdbea0}: javax/xml/bind/PropertyException> (0x0000000702cdbea0) 
thrown [/Users/jigga/projects/openjdk/loom/src/hotspot/share/classfile/systemDictionary.cpp, line 221]
Event: 3.001 Thread 0x00007fe8ba807800 Exception <a 'java/lang/NoClassDefFoundError'{0x0000000702ce2540}: javax/xml/bind/PropertyException> (0x0000000702ce2540) 
thrown [/Users/jigga/projects/openjdk/loom/src/hotspot/share/classfile/systemDictionary.cpp, line 221]
Event: 3.194 Thread 0x00007fe8ba807800 Exception <a 'java/lang/NoSuchMethodError'{0x0000000703a6b278}: 'void java.lang.invoke.DirectMethodHandle$Holder.invokeSpecial(java.lang.Object, java.lang.Object)'> (0x0000000703a6b278) 
thrown [/Users/jigga/projects/openjdk/loom/src/hotspot/share/interpreter/linkResolver.cpp, line 767]
Event: 3.195 Thread 0x00007fe8ba807800 Exception <a 'java/lang/NoSuchMethodError'{0x0000000703a70880}: 'java.lang.Object java.lang.invoke.DirectMethodHandle$Holder.newInvokeSpecial(java.lang.Object, int)'> (0x0000000703a70880) 
thrown [/Users/jigga/projects/openjdk/loom/src/hotspot/share/interpreter/linkResolver.cpp, line 767]
Event: 12.620 Thread 0x00007fe8bd306800 Exception <a 'java/lang/NoSuchMethodError'{0x0000000703afb130}: 'void java.lang.invoke.DirectMethodHandle$Holder.invokeStaticInit(java.lang.Object, java.lang.Object, java.lang.Object)'> (0x0000000703afb130) 
thrown [/Users/jigga/projects/openjdk/loom/src/hotspot/share/interpreter/linkResolver.cpp, line 767]
Event: 12.674 Thread 0x00007fe8bdb2a800 Exception <a 'java/lang/NoSuchMethodError'{0x00000007034c3ec8}: 'void java.lang.invoke.DirectMethodHandle$Holder.invokeStatic(java.lang.Object, java.lang.Object, java.lang.Object, java.lang.Object, java.lang.Object, java.lang.Object, java.lang.Object)'> (0x00000007034c3ec8) 
thrown [/Users/jigga/projects/openjdk/loom/src/hotspot/share/interpreter/linkResolver.cpp, line 767]
Event: 12.686 Thread 0x00007fe8bdb2a800 Implicit null exception at 0x000000012a69b258 to 0x000000012a69b33e
Event: 12.699 Thread 0x00007fe8bdb2d800 Exception <a 'java/lang/NoSuchMethodError'{0x0000000703809d88}: 'void java.lang.invoke.DirectMethodHandle$Holder.invokeStatic(java.lang.Object, java.lang.Object, int)'> (0x0000000703809d88) 
thrown [/Users/jigga/projects/openjdk/loom/src/hotspot/share/interpreter/linkResolver.cpp, line 767]
Event: 12.822 Thread 0x00007fe8bbcc1000 Exception <a 'java/lang/NoSuchMethodError'{0x000000070319f428}: 'java.lang.Object java.lang.invoke.DirectMethodHandle$Holder.invokeStatic(java.lang.Object, java.lang.Object, long, java.lang.Object, java.lang.Object, java.lang.Object)'> (0x000000070319f428) 
thrown [/Users/jigga/projects/openjdk/loom/src/hotspot/share/interpreter/linkResolver.cpp, line 767]
Event: 12.823 Thread 0x00007fe8bbcc1000 Exception <a 'java/lang/NoSuchMethodError'{0x00000007031a5a18}: 'java.lang.Object java.lang.invoke.Invokers$Holder.linkToTargetMethod(java.lang.Object, long, java.lang.Object, java.lang.Object, java.lang.Object, java.lang.Object)'> (0x00000007031a5a18) 
thrown [/Users/jigga/projects/openjdk/loom/src/hotspot/share/interpreter/linkResolver.cpp, line 767]
Event: 83.627 Thread 0x00007fe8bbcc1000 Implicit null exception at 0x000000012a7bf897 to 0x000000012a7c019a
Event: 83.627 Thread 0x00007fe8bb414800 Implicit null exception at 0x000000012a7bf897 to 0x000000012a7c019a
Event: 101.691 Thread 0x00007fe8bd248000 Implicit null exception at 0x000000012a7bf897 to 0x000000012a7c019a
Event: 102.611 Thread 0x00007fe8bd809000 Implicit null exception at 0x000000012a7bf897 to 0x000000012a7c019a
Event: 103.565 Thread 0x00007fe8bd3b7800 Implicit null exception at 0x000000012a7bf897 to 0x000000012a7c019a
Event: 103.565 Thread 0x00007fe8bbcc3000 Implicit null exception at 0x000000012a7bf897 to 0x000000012a7c019a
Event: 303.056 Thread 0x00007fe8c0002800 Implicit null exception at 0x000000012a8d4d90 to 0x000000012a8d54c2
Event: 303.056 Thread 0x00007fe8c0002800 Implicit null exception at 0x000000012a8cb718 to 0x000000012a8cb97a

Events (20 events):
Event: 303.056 Thread 0x00007fe8c0002800 Thread added: 0x00007fe8c0002800
Event: 303.056 Protecting memory [0x0000700006f50000,0x0000700006f54000] with protection modes 0
Event: 361.751 Thread 0x00007fe8bb193000 Thread added: 0x00007fe8bb193000
Event: 361.751 Protecting memory [0x0000700007053000,0x0000700007057000] with protection modes 0
Event: 361.751 Thread 0x00007fe8bd3b7800 Thread added: 0x00007fe8bd3b7800
Event: 361.751 Protecting memory [0x0000700007156000,0x000070000715a000] with protection modes 0
Event: 361.911 Thread 0x00007fe8bb562000 Thread added: 0x00007fe8bb562000
Event: 361.911 Protecting memory [0x0000700007259000,0x000070000725d000] with protection modes 0
Event: 362.391 Thread 0x00007fe8bb5d0000 Thread added: 0x00007fe8bb5d0000
Event: 362.391 Protecting memory [0x0000700007562000,0x0000700007566000] with protection modes 0
Event: 362.671 Loaded shared library /Library/Java/JavaVirtualMachines/jdk-14-loom-20190902.jdk/Contents/Home/lib/libnio.dylib
Event: 363.650 Executing VM operation: G1CollectForAllocation
Event: 363.654 Executing VM operation: G1CollectForAllocation done
Event: 363.670 Executing VM operation: G1Concurrent
Event: 363.673 Executing VM operation: G1Concurrent done
Event: 363.682 Executing VM operation: G1Concurrent
Event: 363.682 Executing VM operation: G1Concurrent done
Event: 367.007 Executing VM operation: G1CollectForAllocation
Event: 367.010 Executing VM operation: G1CollectForAllocation done
Event: 367.157 Executing VM operation: G1CollectForAllocation


Dynamic libraries:
0x00007fff7a17b000 	/usr/lib/libz.1.dylib
0x000000010ffd7000 	/Library/Java/JavaVirtualMachines/jdk-14-loom-20190902.jdk/Contents/Home/lib/libjli.dylib
0x00007fff4e39d000 	/System/Library/Frameworks/Cocoa.framework/Versions/A/Cocoa
0x00007fff5a0b5000 	/System/Library/Frameworks/Security.framework/Versions/A/Security
0x00007fff4d032000 	/System/Library/Frameworks/ApplicationServices.framework/Versions/A/ApplicationServices
0x00007fff77ad5000 	/usr/lib/libSystem.B.dylib
0x00007fff7a971000 	/usr/lib/system/libcache.dylib
0x00007fff7a976000 	/usr/lib/system/libcommonCrypto.dylib
0x00007fff7a981000 	/usr/lib/system/libcompiler_rt.dylib
0x00007fff7a989000 	/usr/lib/system/libcopyfile.dylib
0x00007fff7a993000 	/usr/lib/system/libcorecrypto.dylib
0x00007fff7aa9e000 	/usr/lib/system/libdispatch.dylib
0x00007fff7aad8000 	/usr/lib/system/libdyld.dylib
0x00007fff7ab05000 	/usr/lib/system/libkeymgr.dylib
0x00007fff7ab13000 	/usr/lib/system/liblaunch.dylib
0x00007fff7ab14000 	/usr/lib/system/libmacho.dylib
0x00007fff7ab1a000 	/usr/lib/system/libquarantine.dylib
0x00007fff7ab1d000 	/usr/lib/system/libremovefile.dylib
0x00007fff7ab1f000 	/usr/lib/system/libsystem_asl.dylib
0x00007fff7ab37000 	/usr/lib/system/libsystem_blocks.dylib
0x00007fff7ab38000 	/usr/lib/system/libsystem_c.dylib
0x00007fff7abc0000 	/usr/lib/system/libsystem_configuration.dylib
0x00007fff7abc4000 	/usr/lib/system/libsystem_coreservices.dylib
0x00007fff7abc8000 	/usr/lib/system/libsystem_darwin.dylib
0x00007fff7abcf000 	/usr/lib/system/libsystem_dnssd.dylib
0x00007fff7abd6000 	/usr/lib/system/libsystem_info.dylib
0x00007fff7ac4b000 	/usr/lib/system/libsystem_m.dylib
0x00007fff7ac97000 	/usr/lib/system/libsystem_malloc.dylib
0x00007fff7acc2000 	/usr/lib/system/libsystem_networkextension.dylib
0x00007fff7accd000 	/usr/lib/system/libsystem_notify.dylib
0x00007fff7acea000 	/usr/lib/system/libsystem_sandbox.dylib
0x00007fff7acee000 	/usr/lib/system/libsystem_secinit.dylib
0x00007fff7ac22000 	/usr/lib/system/libsystem_kernel.dylib
0x00007fff7acd5000 	/usr/lib/system/libsystem_platform.dylib
0x00007fff7acdf000 	/usr/lib/system/libsystem_pthread.dylib
0x00007fff7acf1000 	/usr/lib/system/libsystem_symptoms.dylib
0x00007fff7acf9000 	/usr/lib/system/libsystem_trace.dylib
0x00007fff7ad10000 	/usr/lib/system/libunwind.dylib
0x00007fff7ad16000 	/usr/lib/system/libxpc.dylib
0x00007fff7930c000 	/usr/lib/libobjc.A.dylib
0x00007fff77d6c000 	/usr/lib/libc++abi.dylib
0x00007fff77d18000 	/usr/lib/libc++.1.dylib
0x00007fff4eb85000 	/System/Library/Frameworks/CoreFoundation.framework/Versions/A/CoreFoundation
0x00007fff50e07000 	/System/Library/Frameworks/Foundation.framework/Versions/C/Foundation
0x00007fff4c22b000 	/System/Library/Frameworks/AppKit.framework/Versions/C/AppKit
0x00007fff4e718000 	/System/Library/Frameworks/CoreData.framework/Versions/A/CoreData
0x00007fff715a8000 	/System/Library/PrivateFrameworks/RemoteViewServices.framework/Versions/A/RemoteViewServices
0x00007fff75815000 	/System/Library/PrivateFrameworks/UIFoundation.framework/Versions/A/UIFoundation
0x00007fff76ef7000 	/System/Library/PrivateFrameworks/XCTTargetBootstrap.framework/Versions/A/XCTTargetBootstrap
0x00007fff4ea9d000 	/System/Library/Frameworks/CoreDisplay.framework/Versions/A/CoreDisplay
0x00007fff6c2fb000 	/System/Library/PrivateFrameworks/IconServices.framework/Versions/A/IconServices
0x00007fff5372b000 	/System/Library/Frameworks/Metal.framework/Versions/A/Metal
0x00007fff63876000 	/System/Library/PrivateFrameworks/DesktopServicesPriv.framework/Versions/A/DesktopServicesPriv
0x00007fff7866f000 	/usr/lib/libenergytrace.dylib
0x00007fff73cfe000 	/System/Library/PrivateFrameworks/SkyLight.framework/Versions/A/SkyLight
0x00007fff4efcb000 	/System/Library/Frameworks/CoreGraphics.framework/Versions/A/CoreGraphics
0x00007fff4aff7000 	/System/Library/Frameworks/Accelerate.framework/Versions/A/Accelerate
0x00007fff5154f000 	/System/Library/Frameworks/IOSurface.framework/Versions/A/IOSurface
0x00007fff636e2000 	/System/Library/PrivateFrameworks/DFRFoundation.framework/Versions/A/DFRFoundation
0x00007fff4d515000 	/System/Library/Frameworks/AudioToolbox.framework/Versions/A/AudioToolbox
0x00007fff4d78e000 	/System/Library/Frameworks/AudioUnit.framework/Versions/A/AudioUnit
0x00007fff63777000 	/System/Library/PrivateFrameworks/DataDetectorsCore.framework/Versions/A/DataDetectorsCore
0x00007fff4dea1000 	/System/Library/Frameworks/Carbon.framework/Versions/A/Frameworks/HIToolbox.framework/Versions/A/HIToolbox
0x00007fff787c8000 	/usr/lib/libicucore.A.dylib
0x00007fff5962a000 	/System/Library/Frameworks/QuartzCore.framework/Versions/A/QuartzCore
0x00007fff4e275000 	/System/Library/Frameworks/Carbon.framework/Versions/A/Frameworks/SpeechRecognition.framework/Versions/A/SpeechRecognition
0x00007fff77c29000 	/usr/lib/libauto.dylib
0x00007fff7a06f000 	/usr/lib/libxml2.2.dylib
0x00007fff632bf000 	/System/Library/PrivateFrameworks/CoreUI.framework/Versions/A/CoreUI
0x00007fff4e603000 	/System/Library/Frameworks/CoreAudio.framework/Versions/A/CoreAudio
0x00007fff50c3c000 	/System/Library/Frameworks/DiskArbitration.framework/Versions/A/DiskArbitration
0x00007fff78a76000 	/usr/lib/liblangid.dylib
0x00007fff6d709000 	/System/Library/PrivateFrameworks/MultitouchSupport.framework/Versions/A/MultitouchSupport
0x00007fff514be000 	/System/Library/Frameworks/IOKit.framework/Versions/A/IOKit
0x00007fff77696000 	/usr/lib/libDiagnosticMessagesClient.dylib
0x00007fff4fdda000 	/System/Library/Frameworks/CoreServices.framework/Versions/A/CoreServices
0x00007fff6f3b0000 	/System/Library/PrivateFrameworks/PerformanceAnalysis.framework/Versions/A/PerformanceAnalysis
0x00007fff58818000 	/System/Library/Frameworks/OpenGL.framework/Versions/A/OpenGL
0x00007fff4e3ab000 	/System/Library/Frameworks/ColorSync.framework/Versions/A/ColorSync
0x00007fff4f65c000 	/System/Library/Frameworks/CoreImage.framework/Versions/A/CoreImage
0x00007fff507b3000 	/System/Library/Frameworks/CoreText.framework/Versions/A/CoreText
0x00007fff515b2000 	/System/Library/Frameworks/ImageIO.framework/Versions/A/ImageIO
0x00007fff5f914000 	/System/Library/PrivateFrameworks/Backup.framework/Versions/A/Backup
0x00007fff77b7c000 	/usr/lib/libarchive.2.dylib
0x00007fff4dae6000 	/System/Library/Frameworks/CFNetwork.framework/Versions/A/CFNetwork
0x00007fff5a80f000 	/System/Library/Frameworks/SystemConfiguration.framework/Versions/A/SystemConfiguration
0x00007fff775c7000 	/usr/lib/libCRFSuite.dylib
0x00007fff77cf9000 	/usr/lib/libbsm.0.dylib
0x00007fff7ab06000 	/usr/lib/system/libkxld.dylib
0x00007fff5ed05000 	/System/Library/PrivateFrameworks/AppleFSCompression.framework/Versions/A/AppleFSCompression
0x00007fff77995000 	/usr/lib/libOpenScriptingUtil.dylib
0x00007fff78021000 	/usr/lib/libcoretls.dylib
0x00007fff78038000 	/usr/lib/libcoretls_cfhelpers.dylib
0x00007fff79aa3000 	/usr/lib/libpam.2.dylib
0x00007fff79c63000 	/usr/lib/libsqlite3.dylib
0x00007fff7a05d000 	/usr/lib/libxar.1.dylib
0x00007fff77d0a000 	/usr/lib/libbz2.1.0.dylib
0x00007fff78a78000 	/usr/lib/liblzma.5.dylib
0x00007fff78f29000 	/usr/lib/libnetwork.dylib
0x00007fff77b65000 	/usr/lib/libapple_nghttp2.dylib
0x00007fff79aaa000 	/usr/lib/libpcap.A.dylib
0x00007fff50179000 	/System/Library/Frameworks/CoreServices.framework/Versions/A/Frameworks/FSEvents.framework/Versions/A/FSEvents
0x00007fff4fe58000 	/System/Library/Frameworks/CoreServices.framework/Versions/A/Frameworks/CarbonCore.framework/Versions/A/CarbonCore
0x00007fff50335000 	/System/Library/Frameworks/CoreServices.framework/Versions/A/Frameworks/Metadata.framework/Versions/A/Metadata
0x00007fff503d4000 	/System/Library/Frameworks/CoreServices.framework/Versions/A/Frameworks/OSServices.framework/Versions/A/OSServices
0x00007fff5041f000 	/System/Library/Frameworks/CoreServices.framework/Versions/A/Frameworks/SearchKit.framework/Versions/A/SearchKit
0x00007fff4fddb000 	/System/Library/Frameworks/CoreServices.framework/Versions/A/Frameworks/AE.framework/Versions/A/AE
0x00007fff50182000 	/System/Library/Frameworks/CoreServices.framework/Versions/A/Frameworks/LaunchServices.framework/Versions/A/LaunchServices
0x00007fff50130000 	/System/Library/Frameworks/CoreServices.framework/Versions/A/Frameworks/DictionaryServices.framework/Versions/A/DictionaryServices
0x00007fff50487000 	/System/Library/Frameworks/CoreServices.framework/Versions/A/Frameworks/SharedFileList.framework/Versions/A/SharedFileList
0x00007fff547f3000 	/System/Library/Frameworks/NetFS.framework/Versions/A/NetFS
0x00007fff6d96f000 	/System/Library/PrivateFrameworks/NetAuth.framework/Versions/A/NetAuth
0x00007fff772fb000 	/System/Library/PrivateFrameworks/login.framework/Versions/A/Frameworks/loginsupport.framework/Versions/A/loginsupport
0x00007fff7541e000 	/System/Library/PrivateFrameworks/TCC.framework/Versions/A/TCC
0x00007fff6291c000 	/System/Library/PrivateFrameworks/CoreNLP.framework/Versions/A/CoreNLP
0x00007fff6d402000 	/System/Library/PrivateFrameworks/MetadataUtilities.framework/Versions/A/MetadataUtilities
0x00007fff78b4d000 	/usr/lib/libmecabra.dylib
0x00007fff4d033000 	/System/Library/Frameworks/ApplicationServices.framework/Versions/A/Frameworks/ATS.framework/Versions/A/ATS
0x00007fff4d382000 	/System/Library/Frameworks/ApplicationServices.framework/Versions/A/Frameworks/ColorSyncLegacy.framework/Versions/A/ColorSyncLegacy
0x00007fff4d421000 	/System/Library/Frameworks/ApplicationServices.framework/Versions/A/Frameworks/HIServices.framework/Versions/A/HIServices
0x00007fff4d474000 	/System/Library/Frameworks/ApplicationServices.framework/Versions/A/Frameworks/LangAnalysis.framework/Versions/A/LangAnalysis
0x00007fff4d484000 	/System/Library/Frameworks/ApplicationServices.framework/Versions/A/Frameworks/PrintCore.framework/Versions/A/PrintCore
0x00007fff4d4ce000 	/System/Library/Frameworks/ApplicationServices.framework/Versions/A/Frameworks/QD.framework/Versions/A/QD
0x00007fff4d508000 	/System/Library/Frameworks/ApplicationServices.framework/Versions/A/Frameworks/SpeechSynthesis.framework/Versions/A/SpeechSynthesis
0x00007fff77d94000 	/usr/lib/libcompression.dylib
0x00007fff539fb000 	/System/Library/Frameworks/MetalPerformanceShaders.framework/Versions/A/MetalPerformanceShaders
0x00007fff4b00f000 	/System/Library/Frameworks/Accelerate.framework/Versions/A/Frameworks/vImage.framework/Versions/A/vImage
0x00007fff4c089000 	/System/Library/Frameworks/Accelerate.framework/Versions/A/Frameworks/vecLib.framework/Versions/A/vecLib
0x00007fff4bfd5000 	/System/Library/Frameworks/Accelerate.framework/Versions/A/Frameworks/vecLib.framework/Versions/A/libvMisc.dylib
0x00007fff4bded000 	/System/Library/Frameworks/Accelerate.framework/Versions/A/Frameworks/vecLib.framework/Versions/A/libvDSP.dylib
0x00007fff4b6a9000 	/System/Library/Frameworks/Accelerate.framework/Versions/A/Frameworks/vecLib.framework/Versions/A/libBLAS.dylib
0x00007fff4b996000 	/System/Library/Frameworks/Accelerate.framework/Versions/A/Frameworks/vecLib.framework/Versions/A/libLAPACK.dylib
0x00007fff4bd40000 	/System/Library/Frameworks/Accelerate.framework/Versions/A/Frameworks/vecLib.framework/Versions/A/libLinearAlgebra.dylib
0x00007fff4bdd9000 	/System/Library/Frameworks/Accelerate.framework/Versions/A/Frameworks/vecLib.framework/Versions/A/libSparseBLAS.dylib
0x00007fff4bd56000 	/System/Library/Frameworks/Accelerate.framework/Versions/A/Frameworks/vecLib.framework/Versions/A/libQuadrature.dylib
0x00007fff4b923000 	/System/Library/Frameworks/Accelerate.framework/Versions/A/Frameworks/vecLib.framework/Versions/A/libBNNS.dylib
0x00007fff4bd5c000 	/System/Library/Frameworks/Accelerate.framework/Versions/A/Frameworks/vecLib.framework/Versions/A/libSparse.dylib
0x00007fff69c5e000 	/System/Library/PrivateFrameworks/GPUWrangler.framework/Versions/A/GPUWrangler
0x00007fff6bf30000 	/System/Library/PrivateFrameworks/IOAccelerator.framework/Versions/A/IOAccelerator
0x00007fff6bf3b000 	/System/Library/PrivateFrameworks/IOPresentment.framework/Versions/A/IOPresentment
0x00007fff636f2000 	/System/Library/PrivateFrameworks/DSExternalDisplay.framework/Versions/A/DSExternalDisplay
0x00007fff57c6f000 	/System/Library/Frameworks/OpenGL.framework/Versions/A/Libraries/libCoreFSCache.dylib
0x00007fff537ef000 	/System/Library/Frameworks/MetalPerformanceShaders.framework/Frameworks/MPSCore.framework/Versions/A/MPSCore
0x00007fff5380f000 	/System/Library/Frameworks/MetalPerformanceShaders.framework/Frameworks/MPSImage.framework/Versions/A/MPSImage
0x00007fff538b4000 	/System/Library/Frameworks/MetalPerformanceShaders.framework/Frameworks/MPSNeuralNetwork.framework/Versions/A/MPSNeuralNetwork
0x00007fff5388c000 	/System/Library/Frameworks/MetalPerformanceShaders.framework/Frameworks/MPSMatrix.framework/Versions/A/MPSMatrix
0x00007fff539e0000 	/System/Library/Frameworks/MetalPerformanceShaders.framework/Frameworks/MPSRayIntersector.framework/Versions/A/MPSRayIntersector
0x00007fff6d42b000 	/System/Library/PrivateFrameworks/MetalTools.framework/Versions/A/MetalTools
0x00007fff5e5b2000 	/System/Library/PrivateFrameworks/AggregateDictionary.framework/Versions/A/AggregateDictionary
0x00007fff77976000 	/usr/lib/libMobileGestalt.dylib
0x00007fff50916000 	/System/Library/Frameworks/CoreVideo.framework/Versions/A/CoreVideo
0x00007fff6aa6e000 	/System/Library/PrivateFrameworks/GraphVisualizer.framework/Versions/A/GraphVisualizer
0x00007fff648ee000 	/System/Library/PrivateFrameworks/FaceCore.framework/Versions/A/FaceCore
0x00007fff5729d000 	/System/Library/Frameworks/OpenCL.framework/Versions/A/OpenCL
0x00007fff776ce000 	/usr/lib/libFosl_dynamic.dylib
0x00007fff6e1da000 	/System/Library/PrivateFrameworks/OTSVG.framework/Versions/A/OTSVG
0x00007fff4d137000 	/System/Library/Frameworks/ApplicationServices.framework/Versions/A/Frameworks/ATS.framework/Versions/A/Resources/libFontParser.dylib
0x00007fff4d24f000 	/System/Library/Frameworks/ApplicationServices.framework/Versions/A/Frameworks/ATS.framework/Versions/A/Resources/libFontRegistry.dylib
0x00007fff51820000 	/System/Library/Frameworks/ImageIO.framework/Versions/A/Resources/libJPEG.dylib
0x00007fff51b32000 	/System/Library/Frameworks/ImageIO.framework/Versions/A/Resources/libTIFF.dylib
0x00007fff51b08000 	/System/Library/Frameworks/ImageIO.framework/Versions/A/Resources/libPng.dylib
0x00007fff5173e000 	/System/Library/Frameworks/ImageIO.framework/Versions/A/Resources/libGIF.dylib
0x00007fff51743000 	/System/Library/Frameworks/ImageIO.framework/Versions/A/Resources/libJP2.dylib
0x00007fff51b2f000 	/System/Library/Frameworks/ImageIO.framework/Versions/A/Resources/libRadiance.dylib
0x00007fff5ee5c000 	/System/Library/PrivateFrameworks/AppleJPEG.framework/Versions/A/AppleJPEG
0x00007fff57c7a000 	/System/Library/Frameworks/OpenGL.framework/Versions/A/Libraries/libGFXShared.dylib
0x00007fff57e3d000 	/System/Library/Frameworks/OpenGL.framework/Versions/A/Libraries/libGLU.dylib
0x00007fff57c83000 	/System/Library/Frameworks/OpenGL.framework/Versions/A/Libraries/libGL.dylib
0x00007fff57c8f000 	/System/Library/Frameworks/OpenGL.framework/Versions/A/Libraries/libGLImage.dylib
0x00007fff57c6c000 	/System/Library/Frameworks/OpenGL.framework/Versions/A/Libraries/libCVMSPluginSupport.dylib
0x00007fff57c75000 	/System/Library/Frameworks/OpenGL.framework/Versions/A/Libraries/libCoreVMClient.dylib
0x00007fff784e5000 	/usr/lib/libcups.2.dylib
0x00007fff52cf6000 	/System/Library/Frameworks/Kerberos.framework/Versions/A/Kerberos
0x00007fff51223000 	/System/Library/Frameworks/GSS.framework/Versions/A/GSS
0x00007fff79bf8000 	/usr/lib/libresolv.9.dylib
0x00007fff786d7000 	/usr/lib/libiconv.2.dylib
0x00007fff6abcd000 	/System/Library/PrivateFrameworks/Heimdal.framework/Versions/A/Heimdal
0x00007fff786a7000 	/usr/lib/libheimdal-asn1.dylib
0x00007fff57311000 	/System/Library/Frameworks/OpenDirectory.framework/Versions/A/OpenDirectory
0x00007fff61681000 	/System/Library/PrivateFrameworks/CommonAuth.framework/Versions/A/CommonAuth
0x00007fff572f5000 	/System/Library/Frameworks/OpenDirectory.framework/Versions/A/Frameworks/CFOpenDirectory.framework/Versions/A/CFOpenDirectory
0x00007fff5a3b5000 	/System/Library/Frameworks/SecurityFoundation.framework/Versions/A/SecurityFoundation
0x00007fff5dafb000 	/System/Library/PrivateFrameworks/APFS.framework/Versions/A/APFS
0x00007fff7a059000 	/usr/lib/libutil.dylib
0x00007fff77d82000 	/usr/lib/libcharset.1.dylib
0x00007fff5f0f9000 	/System/Library/PrivateFrameworks/AppleSauce.framework/Versions/A/AppleSauce
0x00007fff5f27a000 	/System/Library/PrivateFrameworks/AssertionServices.framework/Versions/A/AssertionServices
0x00007fff5f9aa000 	/System/Library/PrivateFrameworks/BaseBoard.framework/Versions/A/BaseBoard
0x00007fff78aa8000 	/usr/lib/libmecab.1.0.0.dylib
0x00007fff786a1000 	/usr/lib/libgermantok.dylib
0x00007fff77b52000 	/usr/lib/libThaiTokenizer.dylib
0x00007fff775fe000 	/usr/lib/libChineseTokenizer.dylib
0x00007fff6c5e9000 	/System/Library/PrivateFrameworks/LanguageModeling.framework/Versions/A/LanguageModeling
0x00007fff62362000 	/System/Library/PrivateFrameworks/CoreEmoji.framework/Versions/A/CoreEmoji
0x00007fff6c6c5000 	/System/Library/PrivateFrameworks/Lexicon.framework/Versions/A/Lexicon
0x00007fff6c708000 	/System/Library/PrivateFrameworks/LinguisticData.framework/Versions/A/LinguisticData
0x00007fff77d83000 	/usr/lib/libcmph.dylib
0x00007fff5a473000 	/System/Library/Frameworks/ServiceManagement.framework/Versions/A/ServiceManagement
0x00007fff5f90b000 	/System/Library/PrivateFrameworks/BackgroundTaskManagement.framework/Versions/A/BackgroundTaskManagement
0x00007fff7a152000 	/usr/lib/libxslt.1.dylib
0x00007fff4e1a2000 	/System/Library/Frameworks/Carbon.framework/Versions/A/Frameworks/Ink.framework/Versions/A/Ink
0x00007fff75690000 	/System/Library/PrivateFrameworks/TextureIO.framework/Versions/A/TextureIO
0x00007fff77ba6000 	/usr/lib/libate.dylib
0x00007fff63641000 	/System/Library/PrivateFrameworks/CrashReporterSupport.framework/Versions/A/CrashReporterSupport
0x00007fff72dcf000 	/System/Library/PrivateFrameworks/Sharing.framework/Versions/A/Sharing
0x00007fff5f65d000 	/System/Library/PrivateFrameworks/AuthKit.framework/Versions/A/AuthKit
0x00007fff5ebb1000 	/System/Library/PrivateFrameworks/Apple80211.framework/Versions/A/Apple80211
0x00007fff633eb000 	/System/Library/PrivateFrameworks/CoreUtils.framework/Versions/A/CoreUtils
0x00007fff50956000 	/System/Library/Frameworks/CoreWLAN.framework/Versions/A/CoreWLAN
0x00007fff51352000 	/System/Library/Frameworks/IOBluetooth.framework/Versions/A/IOBluetooth
0x00007fff7124f000 	/System/Library/PrivateFrameworks/ProtocolBuffer.framework/Versions/A/ProtocolBuffer
0x00007fff6d665000 	/System/Library/PrivateFrameworks/MobileKeyBag.framework/Versions/A/MobileKeyBag
0x00007fff62c2f000 	/System/Library/PrivateFrameworks/CorePhoneNumbers.framework/Versions/A/CorePhoneNumbers
0x00007fff5ee10000 	/System/Library/PrivateFrameworks/AppleIDAuthSupport.framework/Versions/A/AppleIDAuthSupport
0x00007fff6c5bc000 	/System/Library/PrivateFrameworks/KeychainCircle.framework/Versions/A/KeychainCircle
0x00007fff71405000 	/System/Library/PrivateFrameworks/ROCKit.framework/Versions/A/ROCKit
0x00007fff635dd000 	/System/Library/PrivateFrameworks/CoreWiFi.framework/Versions/A/CoreWiFi
0x00007fff4e6ed000 	/System/Library/Frameworks/CoreBluetooth.framework/Versions/A/CoreBluetooth
0x00007fff63838000 	/System/Library/PrivateFrameworks/DebugSymbols.framework/Versions/A/DebugSymbols
0x00007fff631ab000 	/System/Library/PrivateFrameworks/CoreSymbolication.framework/Versions/A/CoreSymbolication
0x00007fff74eab000 	/System/Library/PrivateFrameworks/Symbolication.framework/Versions/A/Symbolication
0x00007fff7474e000 	/System/Library/PrivateFrameworks/SpeechRecognitionCore.framework/Versions/A/SpeechRecognitionCore
0x0000000111a00000 	/Library/Java/JavaVirtualMachines/jdk-14-loom-20190902.jdk/Contents/Home/lib/server/libjvm.dylib
0x0000000110007000 	/Library/Java/JavaVirtualMachines/jdk-14-loom-20190902.jdk/Contents/Home/lib/libverify.dylib
0x0000000110013000 	/Library/Java/JavaVirtualMachines/jdk-14-loom-20190902.jdk/Contents/Home/lib/libjava.dylib
0x0000000110098000 	/Library/Java/JavaVirtualMachines/jdk-14-loom-20190902.jdk/Contents/Home/lib/libzip.dylib
0x000000011009f000 	/Library/Java/JavaVirtualMachines/jdk-14-loom-20190902.jdk/Contents/Home/lib/libjimage.dylib
0x000000011a125000 	/Library/Java/JavaVirtualMachines/jdk-14-loom-20190902.jdk/Contents/Home/lib/libnio.dylib
0x000000011a133000 	/Library/Java/JavaVirtualMachines/jdk-14-loom-20190902.jdk/Contents/Home/lib/./libnet.dylib
0x0000000137bd0000 	/Library/Java/JavaVirtualMachines/jdk-14-loom-20190902.jdk/Contents/Home/lib/libmanagement.dylib
0x0000000137bd5000 	/Library/Java/JavaVirtualMachines/jdk-14-loom-20190902.jdk/Contents/Home/lib/libmanagement_ext.dylib
0x0000000137bf9000 	/Library/Java/JavaVirtualMachines/jdk-14-loom-20190902.jdk/Contents/Home/lib/libsunec.dylib
0x000000011a162000 	/Library/Java/JavaVirtualMachines/jdk-14-loom-20190902.jdk/Contents/Home/lib/libextnet.dylib


VM Arguments:
jvm_args: -Dfile.encoding=UTF-8 -Duser.country=PL -Duser.language=en -Duser.variant 
java_command: loom.workshop.WorkshopService
java_class_path (initial): /Users/jigga/projects/pl.jigga/loom-academy/workshop-service/build/classes/java/main:/Users/jigga/projects/pl.jigga/loom-academy/workshop-service/build/resources/main:/Users/jigga/.gradle/caches/modules-2/files-2.1/org.springframework.boot/spring-boot-starter-web/2.1.2.RELEASE/33749ef5bf458829eef0e0c45615bf536521a97a/spring-boot-starter-web-2.1.2.RELEASE.jar:/Users/jigga/.gradle/caches/modules-2/files-2.1/org.springframework.cloud/spring-cloud-starter-netflix-eureka-client/2.1.0.RELEASE/a61b33193531acf406a4e3cbb9c76e3ec6c77abd/spring-cloud-starter-netflix-eureka-client-2.1.0.RELEASE.jar:/Users/jigga/.gradle/caches/modules-2/files-2.1/org.springframework.boot/spring-boot-starter-json/2.1.2.RELEASE/db59b1857966985cec2cdb81cd6cfeb315f1c849/spring-boot-starter-json-2.1.2.RELEASE.jar:/Users/jigga/.gradle/caches/modules-2/files-2.1/org.springframework.cloud/spring-cloud-starter-netflix-ribbon/2.1.0.RELEASE/979c991d77b2f8fe9092f8d56d2f64d5f30cf385/spring-cloud-starter-netflix-ribbon-2.1.0.RELEASE.jar:/Users/jigga/.gradle/caches/modules-2/files-2.1/org.springframework.cloud/spring-cloud-starter-netflix-archaius/2.1.0.RELEASE/1e894ff28bca79c0581972797ca521cc276db08b/spring-cloud-starter-netflix-archaius-2.1.0.RELEASE.jar:/Users/jigga/.gradle/caches/modules-2/files-2.1/org.springframework.cloud/spring-cloud-starter/2.1.0.RELEASE/bc5df6550f2108f99ef5b62c7656123aee44c0d9/spring-cloud-starter-2.1.0.RELEASE.jar:/Users/jigga/.gradle/caches/modules-2/files-2.1/org.springframework.cloud/spring-cloud-netflix-eureka-client/2.1.0.RELEASE/90d9174bfdb439f47feb7b1fa2d597cfebfb3ea8/spring-cloud-netflix-eureka-client-2.1.0.RELEASE.jar:/Users/jigga/.gradle/caches/modules-2/files-2.1/org.springframework.cloud/spring-cloud-netflix-hystrix/2.1.0.RELEASE/475af941f77e5ef3e35fa3533bbd7aa1ec4f4cf7/spring-cloud-netflix-hystrix-2.1.0.RELEASE.jar:/Users/jigga/.gradle/caches/modules-2/files-2.1/org.springframework.boot/spring-boot-starter-aop/2.1.2.RELEASE/d4266d045585b54b0
Launcher Type: SUN_STANDARD

[Global flags]
     intx CICompilerCount                          = 4                                         {product} {ergonomic}
     uint ConcGCThreads                            = 3                                         {product} {ergonomic}
     uint G1ConcRefinementThreads                  = 10                                        {product} {ergonomic}
   size_t G1HeapRegionSize                         = 1048576                                   {product} {ergonomic}
    uintx GCDrainStackTargetSize                   = 64                                        {product} {ergonomic}
   size_t InitialHeapSize                          = 268435456                                 {product} {ergonomic}
   size_t MarkStackSize                            = 4194304                                   {product} {ergonomic}
   size_t MaxHeapSize                              = 4294967296                                {product} {ergonomic}
   size_t MaxNewSize                               = 2576351232                                {product} {ergonomic}
   size_t MinHeapDeltaBytes                        = 1048576                                   {product} {ergonomic}
   size_t MinHeapSize                              = 8388608                                   {product} {ergonomic}
    uintx NonNMethodCodeHeapSize                   = 5836300                                {pd product} {ergonomic}
    uintx NonProfiledCodeHeapSize                  = 122910970                              {pd product} {ergonomic}
    uintx ProfiledCodeHeapSize                     = 122910970                              {pd product} {ergonomic}
    uintx ReservedCodeCacheSize                    = 251658240                              {pd product} {ergonomic}
     bool SegmentedCodeCache                       = true                                      {product} {ergonomic}
   size_t SoftMaxHeapSize                          = 4294967296                             {manageable} {ergonomic}
     bool UseCompressedClassPointers               = true                                 {lp64_product} {ergonomic}
     bool UseCompressedOops                        = true                                 {lp64_product} {ergonomic}
     bool UseG1GC                                  = true                                      {product} {ergonomic}

Logging:
Log output configuration:
 #0: stdout all=warning uptime,level,tags
 #1: stderr all=off uptime,level,tags

Environment Variables:
PATH=/Users/jigga/google-cloud-sdk/bin:/usr/local/bin:/usr/bin:/bin:/usr/sbin:/sbin
SHELL=/bin/bash

Signal Handlers:
SIGSEGV: [libjvm.dylib+0x902aa0], sa_mask[0]=11111111011111110111111111111111, sa_flags=SA_ONSTACK|SA_RESTART|SA_SIGINFO
SIGBUS: [libjvm.dylib+0x902aa0], sa_mask[0]=11111111011111110111111111111111, sa_flags=SA_RESTART|SA_SIGINFO
SIGFPE: [libjvm.dylib+0x902aa0], sa_mask[0]=11111111011111110111111111111111, sa_flags=SA_RESTART|SA_SIGINFO
SIGPIPE: [libjvm.dylib+0x740253], sa_mask[0]=11111111011111110111111111111111, sa_flags=SA_RESTART|SA_SIGINFO
SIGXFSZ: [libjvm.dylib+0x740253], sa_mask[0]=11111111011111110111111111111111, sa_flags=SA_RESTART|SA_SIGINFO
SIGILL: [libjvm.dylib+0x902aa0], sa_mask[0]=11111111011111110111111111111111, sa_flags=SA_RESTART|SA_SIGINFO
SIGUSR2: [libjvm.dylib+0x74083b], sa_mask[0]=00100000000000000000000000000000, sa_flags=SA_RESTART|SA_SIGINFO
SIGHUP: [libjvm.dylib+0x73f84b], sa_mask[0]=11111111011111110111111111111111, sa_flags=SA_RESTART|SA_SIGINFO
SIGINT: [libjvm.dylib+0x73f84b], sa_mask[0]=11111111011111110111111111111111, sa_flags=SA_RESTART|SA_SIGINFO
SIGTERM: [libjvm.dylib+0x73f84b], sa_mask[0]=11111111011111110111111111111111, sa_flags=SA_RESTART|SA_SIGINFO
SIGQUIT: [libjvm.dylib+0x73f84b], sa_mask[0]=11111111011111110111111111111111, sa_flags=SA_RESTART|SA_SIGINFO


---------------  S Y S T E M  ---------------

OS:uname:Darwin 18.6.0 Darwin Kernel Version 18.6.0: Thu Apr 25 23:16:27 PDT 2019; root:xnu-4903.261.4~2/RELEASE_X86_64 x86_64
rlimit: STACK 8192k, CORE 0k, NPROC 1418, NOFILE 10240, AS infinity, DATA infinity, FSIZE infinity
load average:3.21 3.02 2.96

CPU:total 12 (initial active 12) (6 cores per cpu, 2 threads per core) family 6 model 158 stepping 10, cmov, cx8, fxsr, mmx, sse, sse2, sse3, ssse3, sse4.1, sse4.2, popcnt, avx, avx2, aes, clmul, erms, rtm, 3dnowpref, lzcnt, ht, tsc, tscinvbit, bmi1, bmi2, adx, fma

Memory: 4k page, physical 16777216k(83368k free), swap 5242880k(354560k free)

vm_info: OpenJDK 64-Bit Server VM (14-internal+0-adhoc.jigga.loom) for bsd-amd64 JRE (14-internal+0-adhoc.jigga.loom), built on Sep  2 2019 21:37:06 by "jigga" with clang 4.2.1 Compatible Apple LLVM 10.0.1 (clang-1001.0.46.4)

END.
