#
# A fatal error has been detected by the Java Runtime Environment:
#
#  SIGSEGV (0xb) at pc=0x000000011316df85, pid=4205, tid=28427
#
# JRE version: OpenJDK Runtime Environment (14.0) (build 14-internal+0-adhoc.jigga.loom)
# Java VM: OpenJDK 64-Bit Server VM (14-internal+0-adhoc.jigga.loom, mixed mode, sharing, tiered, compressed oops, g1 gc, bsd-amd64)
# Problematic frame:
# C  0x000000011316df85
#
# No core dump will be written. Core dumps have been disabled. To enable core dumping, try "ulimit -c unlimited" before starting Java again
#
# If you would like to submit a bug report, please visit:
#   http://bugreport.java.com/bugreport/crash.jsp
#

---------------  S U M M A R Y ------------

Command Line: -Dfile.encoding=UTF-8 -Duser.country=PL -Duser.language=en -Duser.variant loom.workshop.WorkshopService

Host: MacBookPro15,1 x86_64 2600 MHz, 12 cores, 16G, Darwin 18.7.0
Time: Sat Sep 21 21:15:00 2019 CEST elapsed time: 40 seconds (0d 0h 0m 40s)

---------------  T H R E A D  ---------------

Current thread (0x00007fed01bfc000):  GCTaskThread "GC Thread#8" [stack: 0x0000700008a87000,0x0000700008b87000] [id=28427]

Stack: [0x0000700008a87000,0x0000700008b87000],  sp=0x0000700008b86bd8,  free space=1022k
Native frames: (J=compiled Java code, A=aot compiled Java code, j=interpreted, Vv=VM code, C=native code)
C  0x000000011316df85
V  [libjvm.dylib+0x3f53ad]  G1CodeRootSetTable::nmethods_do(CodeBlobClosure*)+0x33
V  [libjvm.dylib+0x432b37]  G1ScanCollectionSetRegionClosure::do_heap_region(HeapRegion*)+0xd9
V  [libjvm.dylib+0x40238c]  G1CollectionSet::iterate_incremental_part_from(HeapRegionClosure*, HeapRegionClaimer*, unsigned int, unsigned int) const+0x84
V  [libjvm.dylib+0x430819]  G1RemSet::scan_collection_set_regions(G1ParScanThreadState*, unsigned int, G1GCPhaseTimes::GCParPhases, G1GCPhaseTimes::GCParPhases, G1GCPhaseTimes::GCParPhases)+0x8d
V  [libjvm.dylib+0x3fe6a0]  G1EvacuateRegionsBaseTask::work(unsigned int)+0x88
V  [libjvm.dylib+0x929bf1]  GangWorker::loop()+0x43
V  [libjvm.dylib+0x8acedd]  Thread::call_run()+0x71
V  [libjvm.dylib+0x73e617]  thread_native_entry(Thread*)+0x132
C  [libsystem_pthread.dylib+0x32eb]  _pthread_body+0x7e
C  [libsystem_pthread.dylib+0x6249]  _pthread_start+0x42
C  [libsystem_pthread.dylib+0x240d]  thread_start+0xd


siginfo: si_signo: 11 (SIGSEGV), si_code: 1 (SEGV_MAPERR), si_addr: 0x000000001316b480

Register to memory mapping:

RAX=0x000000001316b480 is an unknown value
RBX=0x0000000113164690 points into unknown readable memory: 80 b4 16 13 01 00 00 00
RCX=0x000000011367dfec is at entry_point+6796 in (nmethod*)0x000000011367c190
RDX=0x0 is NULL
RSP=0x0000700008b86bd8 points into unknown readable memory: 4c 4e 7f 08 01 00 00 00
RBP=0x0000700008b86bf0 points into unknown readable memory: 20 6c b8 08 00 70 00 00
RSI=0x0000000113164690 points into unknown readable memory: 80 b4 16 13 01 00 00 00
RDI=0x0000000113164690 points into unknown readable memory: 80 b4 16 13 01 00 00 00
R8 =0x000000011367c53c is at entry_point+-36 in (nmethod*)0x000000011367c190
R9 =0x00000000ffffdfff is an unknown value
R10=0x00007fed05400000 points into unknown readable memory: 44 4e 4f 43 00 00 00 00
R11=0x00000001230b9000 points into unknown readable memory: 09 00 02 80 00 20 00 08
R12=0x00007fed09a07a88 points into unknown readable memory: 60 a3 ea 08 01 00 00 00
R13=0x000000000000000a is an unknown value
R14=0x00007fed09a07a88 points into unknown readable memory: 60 a3 ea 08 01 00 00 00
R15=0x000000000000001d is an unknown value


Registers:
RAX=0x000000001316b480, RBX=0x0000000113164690, RCX=0x000000011367dfec, RDX=0x0000000000000000
RSP=0x0000700008b86bd8, RBP=0x0000700008b86bf0, RSI=0x0000000113164690, RDI=0x0000000113164690
R8 =0x000000011367c53c, R9 =0x00000000ffffdfff, R10=0x00007fed05400000, R11=0x00000001230b9000
R12=0x00007fed09a07a88, R13=0x000000000000000a, R14=0x00007fed09a07a88, R15=0x000000000000001d
RIP=0x000000011316df85, EFLAGS=0x0000000000010202, ERR=0x0000000000000006
  TRAPNO=0x000000000000000e

Top of Stack: (sp=0x0000700008b86bd8)
0x0000700008b86bd8:   00000001087f4e4c 00007fed0071c760
0x0000700008b86be8:   00007fed0071c3e0 0000700008b86c20
0x0000700008b86bf8:   00000001087f53ad 0000700008b86d10
0x0000700008b86c08:   000000000000000a 00007fed004169e0
0x0000700008b86c18:   0000000000000001 0000700008b86cb0
0x0000700008b86c28:   0000000108832b37 00007fed09a07530
0x0000700008b86c38:   000000096142c1de 0000000000000000
0x0000700008b86c48:   0000700008b86d50 0000700008b86d60
0x0000700008b86c58:   0000700008b86d00 0000000000000000
0x0000700008b86c68:   0000000000000000 00007fed0051b300
0x0000700008b86c78:   00007fed00800a00 0000700008b86cc0
0x0000700008b86c88:   000000010881f9d1 00007fed00800ca8
0x0000700008b86c98:   0000000000000000 0000700008b86d10
0x0000700008b86ca8:   0000000000000000 0000700008b86d00
0x0000700008b86cb8:   000000010880238c 0000700008b86d90
0x0000700008b86cc8:   0000000000000013 0000000000000016
0x0000700008b86cd8:   00007fed0051b330 0000700008b86dd8
0x0000700008b86ce8:   0000000000000009 0000000000000013
0x0000700008b86cf8:   0000700008b86d10 0000700008b86dc0
0x0000700008b86d08:   0000000108830819 0000000108eac6c8
0x0000700008b86d18:   0000000000000301 00007fed09a07530
0x0000700008b86d28:   00007fed0051b3a0 0000001500000013
0x0000700008b86d38:   0000000000000009 0000000000000000
0x0000700008b86d48:   0000000000000000 000000000000032f
0x0000700008b86d58:   0000000000000000 0000000000000000
0x0000700008b86d68:   0000000000000000 0000000000000000
0x0000700008b86d78:   0000000000000000 0000000000000000
0x0000700008b86d88:   0000000000000000 0000001500000017
0x0000700008b86d98:   000070000681d748 0000700008b86dd8
0x0000700008b86da8:   00007fed09a07530 0000000000000009
0x0000700008b86db8:   0000700008b86e10 0000700008b86e60
0x0000700008b86dc8:   00000001087fe6a0 0000000000000000 

Instructions: (pc=0x000000011316df85)
0x000000011316de85:   00 41 52 e9 13 fc e9 fe f4 f4 f4 60 e7 f7 2d 01
0x000000011316de95:   00 00 00 88 3a 41 00 08 00 00 00 f0 1f cf 00 08
0x000000011316dea5:   00 00 00 ff 01 00 d2 03 00 01 00 01 00 00 01 00
0x000000011316deb5:   00 00 01 02 0b 00 00 0e 02 00 01 00 00 00 00 00
0x000000011316dec5:   00 00 00 ff ff ff ff 00 00 00 00 00 00 00 00 00
0x000000011316ded5:   00 00 00 dd 00 00 00 05 00 00 00 00 00 00 00 00
0x000000011316dee5:   00 00 00 fb 00 00 00 14 00 00 00 00 00 00 00 00
0x000000011316def5:   00 00 00 d1 01 00 00 00 00 00 00 00 00 00 00 00
0x000000011316df05:   00 00 00 02 03 00 00 00 00 00 00 00 00 00 00 00
0x000000011316df15:   00 00 00 00 00 00 00 00 00 00 00 00 00 00 00 00
0x000000011316df25:   00 00 00 00 00 00 00 00 00 00 00 00 00 00 00 00
0x000000011316df35:   00 00 00 00 00 00 00 00 00 00 00 00 00 00 00 00
0x000000011316df45:   00 00 00 00 00 00 00 00 00 00 00 00 00 00 00 00
0x000000011316df55:   00 00 00 00 00 00 00 00 00 00 00 00 00 00 00 00
0x000000011316df65:   00 00 00 00 00 00 00 00 00 00 00 00 00 00 00 00
0x000000011316df75:   00 00 00 00 00 00 00 00 00 00 00 2d 00 00 00 00
0x000000011316df85:   00 00 00 00 00 00 00 00 00 00 00 80 04 17 13 01
0x000000011316df95:   00 00 00 01 00 00 00 c0 04 00 00 78 01 00 00 4c
0x000000011316dfa5:   00 00 00 38 04 00 00 08 00 00 00 60 e1 16 13 01
0x000000011316dfb5:   00 00 00 c8 e3 16 13 01 00 00 00 60 e1 16 13 01
0x000000011316dfc5:   00 00 00 50 e4 16 13 01 00 00 00 08 e1 16 13 01
0x000000011316dfd5:   00 00 00 48 e1 16 13 01 00 00 00 01 00 00 00 00
0x000000011316dfe5:   00 00 00 00 00 00 00 00 00 00 00 00 00 00 00 00
0x000000011316dff5:   00 00 00 31 47 d8 08 01 00 00 00 00 00 00 00 00
0x000000011316e005:   00 00 00 00 00 00 00 00 00 00 00 d0 e3 16 13 01
0x000000011316e015:   00 00 00 b0 e3 16 13 01 00 00 00 00 00 00 00 00
0x000000011316e025:   00 00 00 f8 e3 16 13 01 00 00 00 e8 e3 16 13 01
0x000000011316e035:   00 00 00 e8 e3 16 13 01 00 00 00 e8 e3 16 13 01
0x000000011316e045:   00 00 00 00 00 00 00 00 00 00 00 00 00 00 00 00
0x000000011316e055:   00 00 00 00 00 00 00 00 00 00 00 ff ff ff ff 00
0x000000011316e065:   00 00 00 00 00 00 00 00 00 00 00 00 00 00 00 00
0x000000011316e075:   00 00 00 00 00 00 00 00 00 00 00 60 e1 16 13 01 


Stack slot to memory mapping:
stack at sp + 0 slots: 0x00000001087f4e4c: _ZN17G1CodeBlobClosure12do_code_blobEP8CodeBlob+0x16 in /Library/Java/JavaVirtualMachines/jdk-14-loom-20190902.jdk/Contents/Home/lib/server/libjvm.dylib at 0x0000000108400000
stack at sp + 1 slots: 0x00007fed0071c760 points into unknown readable memory: 1d 6a 30 11 00 00 00 00
stack at sp + 2 slots: 0x00007fed0071c3e0 points into unknown readable memory: 00 02 00 00 00 00 00 d0
stack at sp + 3 slots: 0x0000700008b86c20 points into unknown readable memory: b0 6c b8 08 00 70 00 00
stack at sp + 4 slots: 0x00000001087f53ad: _ZN18G1CodeRootSetTable11nmethods_doEP15CodeBlobClosure+0x33 in /Library/Java/JavaVirtualMachines/jdk-14-loom-20190902.jdk/Contents/Home/lib/server/libjvm.dylib at 0x0000000108400000
stack at sp + 5 slots: 0x0000700008b86d10 points into unknown readable memory: c8 c6 ea 08 01 00 00 00
stack at sp + 6 slots: 0x000000000000000a is an unknown value
stack at sp + 7 slots: 0x00007fed004169e0 points into unknown readable memory: a0 ea ea 08 01 00 00 00


---------------  P R O C E S S  ---------------

Threads class SMR info:
_java_thread_list=0x00007fed07deb6c0, length=36, elements={
0x00007fed02813000, 0x00007fed02816000, 0x00007fed0084c800, 0x00007fed00843800,
0x00007fed0100e000, 0x00007fed03800000, 0x00007fed0180e800, 0x00007fed00845800,
0x00007fed03cfb000, 0x00007fed0159c800, 0x00007fed00a96800, 0x00007fed0158e000,
0x00007fed01c0b800, 0x00007fed016cd000, 0x00007fed03b75000, 0x00007fed0084a800,
0x00007fed02ade800, 0x00007fed02b0d000, 0x00007fed02adf800, 0x00007fed02c40800,
0x00007fed02c45800, 0x00007fed0700e000, 0x00007fed01a8f800, 0x00007fed08878000,
0x00007fed06805000, 0x00007fed06003000, 0x00007fed08889800, 0x00007fed0914b800,
0x00007fed0888a800, 0x00007fed01f55800, 0x00007fed01990800, 0x00007fed04807800,
0x00007fed09164800, 0x00007fed00aab800, 0x00007fed082e5000, 0x00007fed01991000
}

Java Threads: ( => current thread )
  0x00007fed02813000 JavaThread "Reference Handler" daemon [_thread_blocked, id=15363, stack(0x0000700006821000,0x0000700006921000)]
  0x00007fed02816000 JavaThread "Finalizer" daemon [_thread_blocked, id=16131, stack(0x0000700006924000,0x0000700006a24000)]
  0x00007fed0084c800 JavaThread "Signal Dispatcher" daemon [_thread_blocked, id=42755, stack(0x0000700006a27000,0x0000700006b27000)]
  0x00007fed00843800 JavaThread "C2 CompilerThread0" daemon [_thread_in_native, id=22531, stack(0x0000700006b2a000,0x0000700006c2a000)]
  0x00007fed0100e000 JavaThread "C1 CompilerThread0" daemon [_thread_blocked, id=23043, stack(0x0000700006c2d000,0x0000700006d2d000)]
  0x00007fed03800000 JavaThread "Sweeper thread" daemon [_thread_blocked, id=23555, stack(0x0000700006d30000,0x0000700006e30000)]
  0x00007fed0180e800 JavaThread "Service Thread" daemon [_thread_blocked, id=24067, stack(0x0000700006e33000,0x0000700006f33000)]
  0x00007fed00845800 JavaThread "Common-Cleaner" daemon [_thread_blocked, id=41475, stack(0x0000700007039000,0x0000700007139000)]
  0x00007fed03cfb000 JavaThread "http-nio-8081-BlockPoller" daemon [_thread_in_native, id=40719, stack(0x000070000723f000,0x000070000733f000)]
  0x00007fed0159c800 JavaThread "Catalina-utility-1" [_thread_blocked, id=39171, stack(0x0000700007b5a000,0x0000700007c5a000)]
  0x00007fed00a96800 JavaThread "Catalina-utility-2" [_thread_blocked, id=38403, stack(0x0000700007c5d000,0x0000700007d5d000)]
  0x00007fed0158e000 JavaThread "container-0" [_thread_blocked, id=29699, stack(0x0000700007d60000,0x0000700007e60000)]
  0x00007fed01c0b800 JavaThread "spring.cloud.inetutils" daemon [_thread_blocked, id=37635, stack(0x0000700007e63000,0x0000700007f63000)]
  0x00007fed016cd000 JavaThread "HttpClient-1-SelectorManager" daemon [_thread_blocked, id=36355, stack(0x000070000816c000,0x000070000826c000)]
  0x00007fed03b75000 JavaThread "Eureka-JerseyClient-Conn-Cleaner2" daemon [_thread_blocked, id=30723, stack(0x000070000826f000,0x000070000836f000)]
  0x00007fed0084a800 JavaThread "AsyncResolver-bootstrap-0" daemon [_thread_blocked, id=31491, stack(0x0000700008372000,0x0000700008472000)]
  0x00007fed02ade800 JavaThread "DiscoveryClient-0" daemon [_thread_blocked, id=32259, stack(0x0000700008475000,0x0000700008575000)]
  0x00007fed02b0d000 JavaThread "http-nio-8080-BlockPoller" daemon [_thread_in_native, id=35331, stack(0x0000700008578000,0x0000700008678000)]
  0x00007fed02adf800 JavaThread "http-nio-8080-ClientPoller" daemon [_thread_blocked, id=32771, stack(0x000070000867b000,0x000070000877b000)]
  0x00007fed02c40800 JavaThread "http-nio-8080-Acceptor" daemon [_thread_in_native, id=33283, stack(0x000070000877e000,0x000070000887e000)]
  0x00007fed02c45800 JavaThread "http-nio-8081-ClientPoller" daemon [_thread_in_native, id=34051, stack(0x0000700008881000,0x0000700008981000)]
  0x00007fed0700e000 JavaThread "http-nio-8081-Acceptor" daemon [_thread_in_native, id=43779, stack(0x0000700008984000,0x0000700008a84000)]
  0x00007fed01a8f800 JavaThread "DestroyJavaVM" [_thread_blocked, id=6403, stack(0x000070000610c000,0x000070000620c000)]
  0x00007fed08878000 JavaThread "fiber-carrier-thread-0" [_thread_blocked, id=40967, stack(0x000070000713c000,0x000070000723c000)]
  0x00007fed06805000 JavaThread "HttpClient-1-Worker-0" daemon [_thread_blocked, id=86531, stack(0x0000700008c8d000,0x0000700008d8d000)]
  0x00007fed06003000 JavaThread "HttpClient-1-Worker-1" daemon [_thread_blocked, id=45059, stack(0x0000700008d90000,0x0000700008e90000)]
  0x00007fed08889800 JavaThread "HttpClient-1-Worker-2" daemon [_thread_blocked, id=45827, stack(0x0000700008e93000,0x0000700008f93000)]
  0x00007fed0914b800 JavaThread "fiber-carrier-thread-1" [_thread_blocked, id=28943, stack(0x0000700007851000,0x0000700007951000)]
  0x00007fed0888a800 JavaThread "fiber-carrier-thread-2" [_thread_blocked, id=46595, stack(0x0000700008f96000,0x0000700009096000)]
  0x00007fed01f55800 JavaThread "fiber-carrier-thread-3" [_thread_blocked, id=47107, stack(0x0000700009099000,0x0000700009199000)]
  0x00007fed01990800 JavaThread "HttpClient-1-Worker-3" daemon [_thread_blocked, id=47875, stack(0x000070000919c000,0x000070000929c000)]
  0x00007fed04807800 JavaThread "HttpClient-1-Worker-4" daemon [_thread_blocked, id=48643, stack(0x00007000094a5000,0x00007000095a5000)]
  0x00007fed09164800 JavaThread "HttpClient-1-Worker-5" daemon [_thread_blocked, id=49411, stack(0x00007000095a8000,0x00007000096a8000)]
  0x00007fed00aab800 JavaThread "HttpClient-1-Worker-6" daemon [_thread_blocked, id=84483, stack(0x00007000096ab000,0x00007000097ab000)]
  0x00007fed082e5000 JavaThread "DiscoveryClient-CacheRefreshExecutor-0" daemon [_thread_blocked, id=50435, stack(0x00007000097ae000,0x00007000098ae000)]
  0x00007fed01991000 JavaThread "DiscoveryClient-1" daemon [_thread_blocked, id=50947, stack(0x00007000098b1000,0x00007000099b1000)]

Other Threads:
  0x00007fed02812000 VMThread "VM Thread" [stack: 0x000070000671e000,0x000070000681e000] [id=14339]
  0x00007fed0180f800 WatcherThread [stack: 0x0000700006f36000,0x0000700007036000] [id=41731]
  0x00007fed00842000 GCTaskThread "GC Thread#0" [stack: 0x000070000620f000,0x000070000630f000] [id=12291]
  0x00007fed01295000 GCTaskThread "GC Thread#1" [stack: 0x0000700007342000,0x0000700007442000] [id=26115]
  0x00007fed0134c800 GCTaskThread "GC Thread#2" [stack: 0x0000700007445000,0x0000700007545000] [id=40451]
  0x00007fed03107000 GCTaskThread "GC Thread#3" [stack: 0x0000700007548000,0x0000700007648000] [id=26883]
  0x00007fed03175000 GCTaskThread "GC Thread#4" [stack: 0x000070000764b000,0x000070000774b000] [id=27139]
  0x00007fed01a65800 GCTaskThread "GC Thread#5" [stack: 0x000070000774e000,0x000070000784e000] [id=27651]
  0x00007fed00aaa800 GCTaskThread "GC Thread#6" [stack: 0x0000700007f66000,0x0000700008066000] [id=30211]
  0x00007fed01c0f000 GCTaskThread "GC Thread#7" [stack: 0x0000700008069000,0x0000700008169000] [id=36867]
=>0x00007fed01bfc000 GCTaskThread "GC Thread#8" [stack: 0x0000700008a87000,0x0000700008b87000] [id=28427]
  0x00007fed08884000 GCTaskThread "GC Thread#9" [stack: 0x0000700008b8a000,0x0000700008c8a000] [id=87043]
  0x00007fed01021000 ConcurrentGCThread "G1 Main Marker" [stack: 0x0000700006312000,0x0000700006412000] [id=12803]
  0x00007fed01022000 ConcurrentGCThread "G1 Conc#0" [stack: 0x0000700006415000,0x0000700006515000] [id=19715]
  0x00007fed013b4000 ConcurrentGCThread "G1 Conc#1" [stack: 0x0000700007954000,0x0000700007a54000] [id=28167]
  0x00007fed01a88800 ConcurrentGCThread "G1 Conc#2" [stack: 0x0000700007a57000,0x0000700007b57000] [id=39683]
  0x00007fed010ca800 ConcurrentGCThread "G1 Refine#0" [stack: 0x0000700006518000,0x0000700006618000] [id=13059]
  0x00007fed00b4d800 ConcurrentGCThread "G1 Refine#1" [stack: 0x000070000929f000,0x000070000939f000] [id=85763]
  0x00007fed08b18800 ConcurrentGCThread "G1 Refine#2" [stack: 0x00007000093a2000,0x00007000094a2000] [id=85251]
  0x00007fed010cb800 ConcurrentGCThread "G1 Young RemSet Sampling" [stack: 0x000070000661b000,0x000070000671b000] [id=13315]

Threads with active compile tasks:
C2 CompilerThread0    40299 9309       4       org.springframework.http.converter.StringHttpMessageConverter::writeInternal (10 bytes)

VM state:at safepoint (normal execution)

VM Mutex/Monitor currently owned by a thread:  ([mutex/lock_event])
[0x00007fed0040a900] Threads_lock - owner thread: 0x00007fed02812000
[0x00007fed0040ba00] Heap_lock - owner thread: 0x00007fed08878000

Heap address: 0x0000000700000000, size: 4096 MB, Compressed Oops mode: Zero based, Oop shift amount: 3
Narrow klass base: 0x0000000800000000, Narrow klass shift: 3
Compressed class space size: 1073741824 Address: 0x0000000800b47000

Heap:
 garbage-first heap   total 153600K, used 69858K [0x0000000700000000, 0x0000000800000000)
  region size 1024K, 7 young (7168K), 1 survivors (1024K)
 Metaspace       used 51450K, capacity 52677K, committed 52992K, reserved 1095680K
  class space    used 6067K, capacity 6534K, committed 6656K, reserved 1048576K
Heap Regions: E=young(eden), S=young(survivor), O=old, HS=humongous(starts), HC=humongous(continues), CS=collection set, F=free, A=archive, TAMS=top-at-mark-start (previous, next)
|   0|0x0000000700000000, 0x0000000700100000, 0x0000000700100000|100%| O|  |TAMS 0x0000000700100000, 0x0000000700000000| Untracked 
|   1|0x0000000700100000, 0x0000000700200000, 0x0000000700200000|100%| O|  |TAMS 0x0000000700200000, 0x0000000700100000| Untracked 
|   2|0x0000000700200000, 0x0000000700300000, 0x0000000700300000|100%| O|  |TAMS 0x0000000700200000, 0x0000000700200000| Untracked 
|   3|0x0000000700300000, 0x0000000700400000, 0x0000000700400000|100%| O|  |TAMS 0x0000000700400000, 0x0000000700300000| Untracked 
|   4|0x0000000700400000, 0x0000000700500000, 0x0000000700500000|100%| O|  |TAMS 0x0000000700500000, 0x0000000700400000| Untracked 
|   5|0x0000000700500000, 0x0000000700600000, 0x0000000700600000|100%| O|  |TAMS 0x0000000700600000, 0x0000000700500000| Untracked 
|   6|0x0000000700600000, 0x0000000700700000, 0x0000000700700000|100%| O|  |TAMS 0x0000000700700000, 0x0000000700600000| Untracked 
|   7|0x0000000700700000, 0x0000000700800000, 0x0000000700800000|100%| O|  |TAMS 0x0000000700800000, 0x0000000700700000| Untracked 
|   8|0x0000000700800000, 0x0000000700900000, 0x0000000700900000|100%| O|  |TAMS 0x0000000700900000, 0x0000000700800000| Untracked 
|   9|0x0000000700900000, 0x0000000700a00000, 0x0000000700a00000|100%| O|  |TAMS 0x0000000700a00000, 0x0000000700900000| Complete 
|  10|0x0000000700a00000, 0x0000000700b00000, 0x0000000700b00000|100%| O|CS|TAMS 0x0000000700b00000, 0x0000000700a00000| Complete 
|  11|0x0000000700b00000, 0x0000000700c00000, 0x0000000700c00000|100%| O|  |TAMS 0x0000000700c00000, 0x0000000700b00000| Untracked 
|  12|0x0000000700c00000, 0x0000000700d00000, 0x0000000700d00000|100%| O|  |TAMS 0x0000000700d00000, 0x0000000700c00000| Untracked 
|  13|0x0000000700d00000, 0x0000000700e00000, 0x0000000700e00000|100%| O|  |TAMS 0x0000000700e00000, 0x0000000700d00000| Untracked 
|  14|0x0000000700e00000, 0x0000000700f00000, 0x0000000700f00000|100%| O|  |TAMS 0x0000000700f00000, 0x0000000700e00000| Untracked 
|  15|0x0000000700f00000, 0x0000000701000000, 0x0000000701000000|100%| O|  |TAMS 0x0000000701000000, 0x0000000700f00000| Complete 
|  16|0x0000000701000000, 0x0000000701100000, 0x0000000701100000|100%| O|  |TAMS 0x0000000701100000, 0x0000000701000000| Complete 
|  17|0x0000000701100000, 0x0000000701200000, 0x0000000701200000|100%| O|CS|TAMS 0x0000000701200000, 0x0000000701100000| Complete 
|  18|0x0000000701200000, 0x0000000701300000, 0x0000000701300000|100%| O|  |TAMS 0x0000000701300000, 0x0000000701200000| Complete 
|  19|0x0000000701300000, 0x0000000701400000, 0x0000000701400000|100%| O|  |TAMS 0x0000000701400000, 0x0000000701300000| Complete 
|  20|0x0000000701400000, 0x0000000701500000, 0x0000000701500000|100%| O|  |TAMS 0x0000000701400000, 0x0000000701400000| Untracked 
|  21|0x0000000701500000, 0x0000000701600000, 0x0000000701600000|100%| O|  |TAMS 0x0000000701600000, 0x0000000701500000| Untracked 
|  22|0x0000000701600000, 0x0000000701700000, 0x0000000701700000|100%| O|  |TAMS 0x0000000701700000, 0x0000000701600000| Untracked 
|  23|0x0000000701700000, 0x0000000701800000, 0x0000000701800000|100%| O|  |TAMS 0x0000000701700000, 0x0000000701700000| Untracked 
|  24|0x0000000701800000, 0x0000000701900000, 0x0000000701900000|100%| O|  |TAMS 0x0000000701900000, 0x0000000701800000| Untracked 
|  25|0x0000000701900000, 0x0000000701a00000, 0x0000000701a00000|100%| O|  |TAMS 0x0000000701a00000, 0x0000000701900000| Untracked 
|  26|0x0000000701a00000, 0x0000000701b00000, 0x0000000701b00000|100%| O|  |TAMS 0x0000000701b00000, 0x0000000701a00000| Untracked 
|  27|0x0000000701b00000, 0x0000000701c00000, 0x0000000701c00000|100%| O|  |TAMS 0x0000000701c00000, 0x0000000701b00000| Untracked 
|  28|0x0000000701c00000, 0x0000000701d00000, 0x0000000701d00000|100%| O|  |TAMS 0x0000000701d00000, 0x0000000701c00000| Untracked 
|  29|0x0000000701d00000, 0x0000000701e00000, 0x0000000701e00000|100%| O|  |TAMS 0x0000000701e00000, 0x0000000701d00000| Untracked 
|  30|0x0000000701e00000, 0x0000000701f00000, 0x0000000701f00000|100%| O|  |TAMS 0x0000000701f00000, 0x0000000701e00000| Untracked 
|  31|0x0000000701f00000, 0x0000000702000000, 0x0000000702000000|100%| O|  |TAMS 0x0000000702000000, 0x0000000701f00000| Untracked 
|  32|0x0000000702000000, 0x0000000702100000, 0x0000000702100000|100%| O|  |TAMS 0x0000000702100000, 0x0000000702000000| Untracked 
|  33|0x0000000702100000, 0x0000000702200000, 0x0000000702200000|100%| O|  |TAMS 0x0000000702200000, 0x0000000702100000| Untracked 
|  34|0x0000000702200000, 0x0000000702300000, 0x0000000702300000|100%| O|  |TAMS 0x0000000702300000, 0x0000000702200000| Untracked 
|  35|0x0000000702300000, 0x0000000702400000, 0x0000000702400000|100%| O|  |TAMS 0x0000000702400000, 0x0000000702300000| Complete 
|  36|0x0000000702400000, 0x0000000702500000, 0x0000000702500000|100%| O|  |TAMS 0x0000000702500000, 0x0000000702400000| Complete 
|  37|0x0000000702500000, 0x0000000702600000, 0x0000000702600000|100%| O|  |TAMS 0x0000000702600000, 0x0000000702500000| Untracked 
|  38|0x0000000702600000, 0x0000000702700000, 0x0000000702700000|100%| O|CS|TAMS 0x0000000702700000, 0x0000000702600000| Complete 
|  39|0x0000000702700000, 0x0000000702800000, 0x0000000702800000|100%| O|CS|TAMS 0x0000000702800000, 0x0000000702700000| Complete 
|  40|0x0000000702800000, 0x0000000702900000, 0x0000000702900000|100%| O|CS|TAMS 0x0000000702900000, 0x0000000702800000| Complete 
|  41|0x0000000702900000, 0x0000000702a00000, 0x0000000702a00000|100%| O|  |TAMS 0x0000000702a00000, 0x0000000702900000| Untracked 
|  42|0x0000000702a00000, 0x0000000702b00000, 0x0000000702b00000|100%| O|  |TAMS 0x0000000702b00000, 0x0000000702a00000| Untracked 
|  43|0x0000000702b00000, 0x0000000702c00000, 0x0000000702c00000|100%| O|  |TAMS 0x0000000702b00000, 0x0000000702b00000| Untracked 
|  44|0x0000000702c00000, 0x0000000702d00000, 0x0000000702d00000|100%| O|  |TAMS 0x0000000702c00000, 0x0000000702c00000| Untracked 
|  45|0x0000000702d00000, 0x0000000702e00000, 0x0000000702e00000|100%| O|CS|TAMS 0x0000000702e00000, 0x0000000702d00000| Complete 
|  46|0x0000000702e00000, 0x0000000702f00000, 0x0000000702f00000|100%| O|  |TAMS 0x0000000702e00000, 0x0000000702e00000| Untracked 
|  47|0x0000000702f00000, 0x0000000703000000, 0x0000000703000000|100%| O|CS|TAMS 0x0000000703000000, 0x0000000702f00000| Complete 
|  48|0x0000000703000000, 0x0000000703100000, 0x0000000703100000|100%| O|  |TAMS 0x0000000703100000, 0x0000000703000000| Complete 
|  49|0x0000000703100000, 0x0000000703200000, 0x0000000703200000|100%| O|  |TAMS 0x0000000703200000, 0x0000000703100000| Complete 
|  50|0x0000000703200000, 0x0000000703300000, 0x0000000703300000|100%| O|CS|TAMS 0x0000000703300000, 0x0000000703200000| Complete 
|  51|0x0000000703300000, 0x0000000703400000, 0x0000000703400000|100%| O|  |TAMS 0x0000000703300000, 0x0000000703300000| Untracked 
|  52|0x0000000703400000, 0x0000000703500000, 0x0000000703500000|100%| O|  |TAMS 0x0000000703500000, 0x0000000703400000| Complete 
|  53|0x0000000703500000, 0x0000000703600000, 0x0000000703600000|100%| O|CS|TAMS 0x0000000703600000, 0x0000000703500000| Complete 
|  54|0x0000000703600000, 0x0000000703700000, 0x0000000703700000|100%| O|CS|TAMS 0x0000000703700000, 0x0000000703600000| Complete 
|  55|0x0000000703700000, 0x0000000703800000, 0x0000000703800000|100%| O|  |TAMS 0x0000000703700000, 0x0000000703700000| Untracked 
|  56|0x0000000703800000, 0x0000000703900000, 0x0000000703900000|100%| O|  |TAMS 0x0000000703900000, 0x0000000703800000| Complete 
|  57|0x0000000703900000, 0x000000070392ecd0, 0x0000000703a00000| 18%| O|  |TAMS 0x0000000703900000, 0x0000000703900000| Untracked 
|  58|0x0000000703a00000, 0x0000000703b00000, 0x0000000703b00000|100%| O|CS|TAMS 0x0000000703b00000, 0x0000000703a00000| Complete 
|  59|0x0000000703b00000, 0x0000000703c00000, 0x0000000703c00000|100%| O|CS|TAMS 0x0000000703c00000, 0x0000000703b00000| Complete 
|  60|0x0000000703c00000, 0x0000000703c00000, 0x0000000703d00000|  0%| F|  |TAMS 0x0000000703c00000, 0x0000000703c00000| Untracked 
|  61|0x0000000703d00000, 0x0000000703e00000, 0x0000000703e00000|100%| O|  |TAMS 0x0000000703d00000, 0x0000000703d00000| Untracked 
|  62|0x0000000703e00000, 0x0000000703f00000, 0x0000000703f00000|100%| O|  |TAMS 0x0000000703e00000, 0x0000000703e00000| Untracked 
|  63|0x0000000703f00000, 0x0000000703f00000, 0x0000000704000000|  0%| F|  |TAMS 0x0000000703f00000, 0x0000000703f00000| Untracked 
|  64|0x0000000704000000, 0x0000000704000000, 0x0000000704100000|  0%| F|  |TAMS 0x0000000704000000, 0x0000000704000000| Untracked 
|  65|0x0000000704100000, 0x0000000704100000, 0x0000000704200000|  0%| F|  |TAMS 0x0000000704100000, 0x0000000704100000| Untracked 
|  66|0x0000000704200000, 0x0000000704200000, 0x0000000704300000|  0%| F|  |TAMS 0x0000000704200000, 0x0000000704200000| Untracked 
|  67|0x0000000704300000, 0x0000000704300000, 0x0000000704400000|  0%| F|  |TAMS 0x0000000704300000, 0x0000000704300000| Untracked 
|  68|0x0000000704400000, 0x0000000704400000, 0x0000000704500000|  0%| F|  |TAMS 0x0000000704400000, 0x0000000704400000| Untracked 
|  69|0x0000000704500000, 0x0000000704500000, 0x0000000704600000|  0%| F|  |TAMS 0x0000000704500000, 0x0000000704500000| Untracked 
|  70|0x0000000704600000, 0x0000000704600000, 0x0000000704700000|  0%| F|  |TAMS 0x0000000704600000, 0x0000000704600000| Untracked 
|  71|0x0000000704700000, 0x0000000704700000, 0x0000000704800000|  0%| F|  |TAMS 0x0000000704700000, 0x0000000704700000| Untracked 
|  72|0x0000000704800000, 0x0000000704800000, 0x0000000704900000|  0%| F|  |TAMS 0x0000000704800000, 0x0000000704800000| Untracked 
|  73|0x0000000704900000, 0x0000000704900000, 0x0000000704a00000|  0%| F|  |TAMS 0x0000000704900000, 0x0000000704900000| Untracked 
|  74|0x0000000704a00000, 0x0000000704a00000, 0x0000000704b00000|  0%| F|  |TAMS 0x0000000704a00000, 0x0000000704a00000| Untracked 
|  75|0x0000000704b00000, 0x0000000704b00000, 0x0000000704c00000|  0%| F|  |TAMS 0x0000000704b00000, 0x0000000704b00000| Untracked 
|  76|0x0000000704c00000, 0x0000000704c00000, 0x0000000704d00000|  0%| F|  |TAMS 0x0000000704c00000, 0x0000000704c00000| Untracked 
|  77|0x0000000704d00000, 0x0000000704d00000, 0x0000000704e00000|  0%| F|  |TAMS 0x0000000704d00000, 0x0000000704d00000| Untracked 
|  78|0x0000000704e00000, 0x0000000704e00000, 0x0000000704f00000|  0%| F|  |TAMS 0x0000000704e00000, 0x0000000704e00000| Untracked 
|  79|0x0000000704f00000, 0x0000000704f00000, 0x0000000705000000|  0%| F|  |TAMS 0x0000000704f00000, 0x0000000704f00000| Untracked 
|  80|0x0000000705000000, 0x0000000705000000, 0x0000000705100000|  0%| F|  |TAMS 0x0000000705000000, 0x0000000705000000| Untracked 
|  81|0x0000000705100000, 0x0000000705200000, 0x0000000705200000|100%| O|CS|TAMS 0x0000000705200000, 0x0000000705100000| Complete 
|  82|0x0000000705200000, 0x0000000705300000, 0x0000000705300000|100%| O|CS|TAMS 0x0000000705300000, 0x0000000705200000| Complete 
|  83|0x0000000705300000, 0x0000000705400000, 0x0000000705400000|100%| O|CS|TAMS 0x0000000705400000, 0x0000000705300000| Complete 
|  84|0x0000000705400000, 0x0000000705500000, 0x0000000705500000|100%| O|  |TAMS 0x00000007054ec000, 0x0000000705400000| Complete 
|  85|0x0000000705500000, 0x0000000705600000, 0x0000000705600000|100%| O|  |TAMS 0x0000000705500000, 0x0000000705500000| Untracked 
|  86|0x0000000705600000, 0x0000000705700000, 0x0000000705700000|100%| O|  |TAMS 0x0000000705600000, 0x0000000705600000| Untracked 
|  87|0x0000000705700000, 0x0000000705800000, 0x0000000705800000|100%| O|  |TAMS 0x0000000705700000, 0x0000000705700000| Untracked 
|  88|0x0000000705800000, 0x0000000705900000, 0x0000000705900000|100%| O|  |TAMS 0x0000000705800000, 0x0000000705800000| Untracked 
|  89|0x0000000705900000, 0x0000000705900000, 0x0000000705a00000|  0%| F|  |TAMS 0x0000000705900000, 0x0000000705900000| Untracked 
|  90|0x0000000705a00000, 0x0000000705a00000, 0x0000000705b00000|  0%| F|  |TAMS 0x0000000705a00000, 0x0000000705a00000| Untracked 
|  91|0x0000000705b00000, 0x0000000705b00000, 0x0000000705c00000|  0%| F|  |TAMS 0x0000000705b00000, 0x0000000705b00000| Untracked 
|  92|0x0000000705c00000, 0x0000000705c00000, 0x0000000705d00000|  0%| F|  |TAMS 0x0000000705c00000, 0x0000000705c00000| Untracked 
|  93|0x0000000705d00000, 0x0000000705d00000, 0x0000000705e00000|  0%| F|  |TAMS 0x0000000705d00000, 0x0000000705d00000| Untracked 
|  94|0x0000000705e00000, 0x0000000705e00000, 0x0000000705f00000|  0%| F|  |TAMS 0x0000000705e00000, 0x0000000705e00000| Untracked 
|  95|0x0000000705f00000, 0x0000000705f00000, 0x0000000706000000|  0%| F|  |TAMS 0x0000000705f00000, 0x0000000705f00000| Untracked 
|  96|0x0000000706000000, 0x0000000706000000, 0x0000000706100000|  0%| F|  |TAMS 0x0000000706000000, 0x0000000706000000| Untracked 
|  97|0x0000000706100000, 0x0000000706100000, 0x0000000706200000|  0%| F|  |TAMS 0x0000000706100000, 0x0000000706100000| Untracked 
|  98|0x0000000706200000, 0x0000000706200000, 0x0000000706300000|  0%| F|  |TAMS 0x0000000706200000, 0x0000000706200000| Untracked 
|  99|0x0000000706300000, 0x0000000706300000, 0x0000000706400000|  0%| F|  |TAMS 0x0000000706300000, 0x0000000706300000| Untracked 
| 100|0x0000000706400000, 0x0000000706400000, 0x0000000706500000|  0%| F|  |TAMS 0x0000000706400000, 0x0000000706400000| Untracked 
| 101|0x0000000706500000, 0x0000000706500000, 0x0000000706600000|  0%| F|  |TAMS 0x0000000706500000, 0x0000000706500000| Untracked 
| 102|0x0000000706600000, 0x0000000706600000, 0x0000000706700000|  0%| F|  |TAMS 0x0000000706600000, 0x0000000706600000| Untracked 
| 103|0x0000000706700000, 0x0000000706700000, 0x0000000706800000|  0%| F|  |TAMS 0x0000000706700000, 0x0000000706700000| Untracked 
| 104|0x0000000706800000, 0x0000000706800000, 0x0000000706900000|  0%| F|  |TAMS 0x0000000706800000, 0x0000000706800000| Untracked 
| 105|0x0000000706900000, 0x0000000706900000, 0x0000000706a00000|  0%| F|  |TAMS 0x0000000706900000, 0x0000000706900000| Untracked 
| 106|0x0000000706a00000, 0x0000000706a00000, 0x0000000706b00000|  0%| F|  |TAMS 0x0000000706a00000, 0x0000000706a00000| Untracked 
| 107|0x0000000706b00000, 0x0000000706b00000, 0x0000000706c00000|  0%| F|  |TAMS 0x0000000706b00000, 0x0000000706b00000| Untracked 
| 108|0x0000000706c00000, 0x0000000706c00000, 0x0000000706d00000|  0%| F|  |TAMS 0x0000000706c00000, 0x0000000706c00000| Untracked 
| 109|0x0000000706d00000, 0x0000000706d00000, 0x0000000706e00000|  0%| F|  |TAMS 0x0000000706d00000, 0x0000000706d00000| Untracked 
| 110|0x0000000706e00000, 0x0000000706e00000, 0x0000000706f00000|  0%| F|  |TAMS 0x0000000706e00000, 0x0000000706e00000| Untracked 
| 111|0x0000000706f00000, 0x0000000706f00000, 0x0000000707000000|  0%| F|  |TAMS 0x0000000706f00000, 0x0000000706f00000| Untracked 
| 112|0x0000000707000000, 0x0000000707000000, 0x0000000707100000|  0%| F|  |TAMS 0x0000000707000000, 0x0000000707000000| Untracked 
| 113|0x0000000707100000, 0x0000000707100000, 0x0000000707200000|  0%| F|  |TAMS 0x0000000707100000, 0x0000000707100000| Untracked 
| 114|0x0000000707200000, 0x0000000707200000, 0x0000000707300000|  0%| F|  |TAMS 0x0000000707200000, 0x0000000707200000| Untracked 
| 115|0x0000000707300000, 0x0000000707300000, 0x0000000707400000|  0%| F|  |TAMS 0x0000000707300000, 0x0000000707300000| Untracked 
| 116|0x0000000707400000, 0x0000000707400000, 0x0000000707500000|  0%| F|  |TAMS 0x0000000707400000, 0x0000000707400000| Untracked 
| 117|0x0000000707500000, 0x0000000707500000, 0x0000000707600000|  0%| F|  |TAMS 0x0000000707500000, 0x0000000707500000| Untracked 
| 118|0x0000000707600000, 0x0000000707600000, 0x0000000707700000|  0%| F|  |TAMS 0x0000000707600000, 0x0000000707600000| Untracked 
| 119|0x0000000707700000, 0x0000000707700000, 0x0000000707800000|  0%| F|  |TAMS 0x0000000707700000, 0x0000000707700000| Untracked 
| 120|0x0000000707800000, 0x0000000707800000, 0x0000000707900000|  0%| F|  |TAMS 0x0000000707800000, 0x0000000707800000| Untracked 
| 121|0x0000000707900000, 0x0000000707900000, 0x0000000707a00000|  0%| F|  |TAMS 0x0000000707900000, 0x0000000707900000| Untracked 
| 122|0x0000000707a00000, 0x0000000707a00000, 0x0000000707b00000|  0%| F|  |TAMS 0x0000000707a00000, 0x0000000707a00000| Untracked 
| 123|0x0000000707b00000, 0x0000000707b00000, 0x0000000707c00000|  0%| F|  |TAMS 0x0000000707b00000, 0x0000000707b00000| Untracked 
| 124|0x0000000707c00000, 0x0000000707c00000, 0x0000000707d00000|  0%| F|  |TAMS 0x0000000707c00000, 0x0000000707c00000| Untracked 
| 125|0x0000000707d00000, 0x0000000707d00000, 0x0000000707e00000|  0%| F|  |TAMS 0x0000000707d00000, 0x0000000707d00000| Untracked 
| 126|0x0000000707e00000, 0x0000000707e00000, 0x0000000707f00000|  0%| F|  |TAMS 0x0000000707e00000, 0x0000000707e00000| Untracked 
| 127|0x0000000707f00000, 0x0000000707f00000, 0x0000000708000000|  0%| F|  |TAMS 0x0000000707f00000, 0x0000000707f00000| Untracked 
| 128|0x0000000708000000, 0x0000000708000000, 0x0000000708100000|  0%| F|  |TAMS 0x0000000708000000, 0x0000000708000000| Untracked 
| 129|0x0000000708100000, 0x0000000708100000, 0x0000000708200000|  0%| F|  |TAMS 0x0000000708100000, 0x0000000708100000| Untracked 
| 130|0x0000000708200000, 0x0000000708200000, 0x0000000708300000|  0%| F|  |TAMS 0x0000000708200000, 0x0000000708200000| Untracked 
| 131|0x0000000708300000, 0x0000000708300000, 0x0000000708400000|  0%| F|  |TAMS 0x0000000708300000, 0x0000000708300000| Untracked 
| 132|0x0000000708400000, 0x0000000708400000, 0x0000000708500000|  0%| F|  |TAMS 0x0000000708400000, 0x0000000708400000| Untracked 
| 133|0x0000000708500000, 0x0000000708500000, 0x0000000708600000|  0%| F|  |TAMS 0x0000000708500000, 0x0000000708500000| Untracked 
| 134|0x0000000708600000, 0x0000000708600000, 0x0000000708700000|  0%| F|  |TAMS 0x0000000708600000, 0x0000000708600000| Untracked 
| 135|0x0000000708700000, 0x0000000708700000, 0x0000000708800000|  0%| F|  |TAMS 0x0000000708700000, 0x0000000708700000| Untracked 
| 136|0x0000000708800000, 0x0000000708800000, 0x0000000708900000|  0%| F|  |TAMS 0x0000000708800000, 0x0000000708800000| Untracked 
| 137|0x0000000708900000, 0x0000000708900000, 0x0000000708a00000|  0%| F|  |TAMS 0x0000000708900000, 0x0000000708900000| Untracked 
| 138|0x0000000708a00000, 0x0000000708a00000, 0x0000000708b00000|  0%| F|  |TAMS 0x0000000708a00000, 0x0000000708a00000| Untracked 
| 139|0x0000000708b00000, 0x0000000708b00000, 0x0000000708c00000|  0%| F|  |TAMS 0x0000000708b00000, 0x0000000708b00000| Untracked 
| 140|0x0000000708c00000, 0x0000000708d00000, 0x0000000708d00000|100%| S|  |TAMS 0x0000000708c00000, 0x0000000708c00000| Complete 
| 141|0x0000000708d00000, 0x0000000708e00000, 0x0000000708e00000|100%| E|CS|TAMS 0x0000000708d00000, 0x0000000708d00000| Complete 
| 142|0x0000000708e00000, 0x0000000708eff760, 0x0000000708f00000| 99%| E|CS|TAMS 0x0000000708e00000, 0x0000000708e00000| Complete 
| 143|0x0000000708f00000, 0x0000000709000000, 0x0000000709000000|100%| E|CS|TAMS 0x0000000708f00000, 0x0000000708f00000| Complete 
| 144|0x0000000709000000, 0x0000000709100000, 0x0000000709100000|100%| E|CS|TAMS 0x0000000709000000, 0x0000000709000000| Complete 
| 145|0x0000000709100000, 0x0000000709200000, 0x0000000709200000|100%| E|CS|TAMS 0x0000000709100000, 0x0000000709100000| Complete 
| 146|0x0000000709200000, 0x0000000709300000, 0x0000000709300000|100%| E|CS|TAMS 0x0000000709200000, 0x0000000709200000| Complete 
| 255|0x000000070ff00000, 0x0000000710000000, 0x0000000710000000|100%| E|CS|TAMS 0x000000070ff00000, 0x000000070ff00000| Complete 
|3070|0x00000007bfe00000, 0x00000007bfe49000, 0x00000007bff00000| 28%|OA|  |TAMS 0x00000007bfe49000, 0x00000007bfe00000| Untracked 
|3071|0x00000007bff00000, 0x00000007bff79000, 0x00000007c0000000| 47%|CA|  |TAMS 0x00000007bff79000, 0x00000007bff00000| Untracked 

Card table byte_map: [0x00000001220b9000,0x00000001228b9000] _byte_map_base: 0x000000011e8b9000

Marking Bits (Prev, Next): (CMBitMap*) 0x00007fed01010818, (CMBitMap*) 0x00007fed01010858
 Prev Bits: [0x00000001230b9000, 0x00000001270b9000)
 Next Bits: [0x00000001270b9000, 0x000000012b0b9000)

Polling page: 0x0000000106a5a000

Metaspace:

Usage:
  Non-class:     45.06 MB capacity,    44.32 MB ( 98%) used,   599.58 KB (  1%) free+waste,   160.31 KB ( <1%) overhead. 
      Class:      6.38 MB capacity,     5.93 MB ( 93%) used,   396.80 KB (  6%) free+waste,    69.81 KB (  1%) overhead. 
       Both:     51.44 MB capacity,    50.24 MB ( 98%) used,   996.38 KB (  2%) free+waste,   230.12 KB ( <1%) overhead. 

Virtual space:
  Non-class space:       46.00 MB reserved,      45.25 MB ( 98%) committed 
      Class space:        1.00 GB reserved,       6.50 MB ( <1%) committed 
             Both:        1.04 GB reserved,      51.75 MB (  5%) committed 

Chunk freelists:
   Non-Class:  17.00 KB
       Class:  0 bytes
        Both:  17.00 KB

MaxMetaspaceSize: unlimited
CompressedClassSpaceSize: 1.00 GB

CodeHeap 'non-profiled nmethods': size=120032Kb used=5552Kb max_used=5552Kb free=114479Kb
 bounds [0x0000000119a81000, 0x0000000119ff1000, 0x0000000120fb9000]
CodeHeap 'profiled nmethods': size=120028Kb used=15295Kb max_used=19672Kb free=104732Kb
 bounds [0x000000011254a000, 0x00000001138ea000, 0x0000000119a81000]
CodeHeap 'non-nmethods': size=5700Kb used=1409Kb max_used=1442Kb free=4290Kb
 bounds [0x0000000111fb9000, 0x0000000112229000, 0x000000011254a000]
 total_blobs=13962 nmethods=7169 adapters=469
 compilation: enabled
              stopped_count=0, restarted_count=0
 full_count=0

Compilation events (20 events):
Event: 40.145 Thread 0x00007fed00843800 nmethod 9300 0x0000000119fe7d10 code [0x0000000119fe7ee0, 0x0000000119fe8110]
Event: 40.145 Thread 0x00007fed00843800 9299       4       ch.qos.logback.classic.Logger::filterAndLog_2 (75 bytes)
Event: 40.149 Thread 0x00007fed00843800 nmethod 9299 0x0000000119fe8390 code [0x0000000119fe8560, 0x0000000119fe8a08]
Event: 40.149 Thread 0x00007fed00843800 9301       4       org.springframework.web.servlet.mvc.method.annotation.ViewMethodReturnValueHandler::supportsReturnType (10 bytes)
Event: 40.150 Thread 0x00007fed00843800 nmethod 9301 0x0000000119fe8d10 code [0x0000000119fe8ea0, 0x0000000119fe8fb8]
Event: 40.156 Thread 0x00007fed00843800 9302  s    4       org.apache.coyote.AsyncStateMachine::recycle (32 bytes)
Event: 40.157 Thread 0x00007fed00843800 nmethod 9302 0x0000000119fe9110 code [0x0000000119fe92a0, 0x0000000119fe94f8]
Event: 40.157 Thread 0x00007fed00843800 9303       4       java.lang.Double::toString (8 bytes)
Event: 40.166 Thread 0x00007fed00843800 nmethod 9303 0x0000000119fe9590 code [0x0000000119fe97a0, 0x0000000119fea0c0]
Event: 40.167 Thread 0x00007fed00843800 9304       4       org.apache.coyote.http11.Http11Processor::recycle (56 bytes)
Event: 40.182 Thread 0x00007fed00843800 nmethod 9304 0x0000000119fea790 code [0x0000000119fea9c0, 0x0000000119feb8f8]
Event: 40.183 Thread 0x00007fed00843800 9305       4       org.apache.catalina.core.StandardWrapperFacade::getServletName (10 bytes)
Event: 40.183 Thread 0x00007fed00843800 nmethod 9305 0x0000000119d91e90 code [0x0000000119d92020, 0x0000000119d920d8]
Event: 40.183 Thread 0x00007fed00843800 9306       4       org.apache.catalina.core.StandardWrapper::getServletName (5 bytes)
Event: 40.183 Thread 0x00007fed00843800 nmethod 9306 0x0000000119e14110 code [0x0000000119e142a0, 0x0000000119e14318]
Event: 40.188 Thread 0x00007fed00843800 9307       4       sun.nio.cs.ISO_8859_1::newEncoder (9 bytes)
Event: 40.195 Thread 0x00007fed00843800 nmethod 9307 0x0000000119fec110 code [0x0000000119fec2e0, 0x0000000119feca08]
Event: 40.209 Thread 0x00007fed00843800 9308   !   4       org.apache.tomcat.util.collections.ConcurrentCache::get (63 bytes)
Event: 40.213 Thread 0x00007fed00843800 nmethod 9308 0x0000000119fecb90 code [0x0000000119fecd60, 0x0000000119fed1c8]
Event: 40.213 Thread 0x00007fed00843800 9309       4       org.springframework.http.converter.StringHttpMessageConverter::writeInternal (10 bytes)

GC Heap History (20 events):
Event: 38.311 GC heap after
{Heap after GC invocations=50 (full 0):
 garbage-first heap   total 102400K, used 83581K [0x0000000700000000, 0x0000000800000000)
  region size 1024K, 1 young (1024K), 1 survivors (1024K)
 Metaspace       used 51450K, capacity 52677K, committed 52992K, reserved 1095680K
  class space    used 6067K, capacity 6534K, committed 6656K, reserved 1048576K
}
Event: 38.477 GC heap before
{Heap before GC invocations=50 (full 0):
 garbage-first heap   total 102400K, used 87677K [0x0000000700000000, 0x0000000800000000)
  region size 1024K, 5 young (5120K), 1 survivors (1024K)
 Metaspace       used 51450K, capacity 52677K, committed 52992K, reserved 1095680K
  class space    used 6067K, capacity 6534K, committed 6656K, reserved 1048576K
}
Event: 38.478 GC heap after
{Heap after GC invocations=51 (full 0):
 garbage-first heap   total 102400K, used 84621K [0x0000000700000000, 0x0000000800000000)
  region size 1024K, 1 young (1024K), 1 survivors (1024K)
 Metaspace       used 51450K, capacity 52677K, committed 52992K, reserved 1095680K
  class space    used 6067K, capacity 6534K, committed 6656K, reserved 1048576K
}
Event: 38.633 GC heap before
{Heap before GC invocations=51 (full 0):
 garbage-first heap   total 102400K, used 88717K [0x0000000700000000, 0x0000000800000000)
  region size 1024K, 5 young (5120K), 1 survivors (1024K)
 Metaspace       used 51450K, capacity 52677K, committed 52992K, reserved 1095680K
  class space    used 6067K, capacity 6534K, committed 6656K, reserved 1048576K
}
Event: 38.635 GC heap after
{Heap after GC invocations=52 (full 0):
 garbage-first heap   total 102400K, used 85691K [0x0000000700000000, 0x0000000800000000)
  region size 1024K, 1 young (1024K), 1 survivors (1024K)
 Metaspace       used 51450K, capacity 52677K, committed 52992K, reserved 1095680K
  class space    used 6067K, capacity 6534K, committed 6656K, reserved 1048576K
}
Event: 38.806 GC heap before
{Heap before GC invocations=52 (full 0):
 garbage-first heap   total 102400K, used 89787K [0x0000000700000000, 0x0000000800000000)
  region size 1024K, 5 young (5120K), 1 survivors (1024K)
 Metaspace       used 51450K, capacity 52677K, committed 52992K, reserved 1095680K
  class space    used 6067K, capacity 6534K, committed 6656K, reserved 1048576K
}
Event: 38.808 GC heap after
{Heap after GC invocations=53 (full 0):
 garbage-first heap   total 102400K, used 86751K [0x0000000700000000, 0x0000000800000000)
  region size 1024K, 1 young (1024K), 1 survivors (1024K)
 Metaspace       used 51450K, capacity 52677K, committed 52992K, reserved 1095680K
  class space    used 6067K, capacity 6534K, committed 6656K, reserved 1048576K
}
Event: 38.974 GC heap before
{Heap before GC invocations=53 (full 0):
 garbage-first heap   total 102400K, used 89823K [0x0000000700000000, 0x0000000800000000)
  region size 1024K, 5 young (5120K), 1 survivors (1024K)
 Metaspace       used 51450K, capacity 52677K, committed 52992K, reserved 1095680K
  class space    used 6067K, capacity 6534K, committed 6656K, reserved 1048576K
}
Event: 38.975 GC heap after
{Heap after GC invocations=54 (full 0):
 garbage-first heap   total 102400K, used 87811K [0x0000000700000000, 0x0000000800000000)
  region size 1024K, 1 young (1024K), 1 survivors (1024K)
 Metaspace       used 51450K, capacity 52677K, committed 52992K, reserved 1095680K
  class space    used 6067K, capacity 6534K, committed 6656K, reserved 1048576K
}
Event: 39.144 GC heap before
{Heap before GC invocations=54 (full 0):
 garbage-first heap   total 102400K, used 91907K [0x0000000700000000, 0x0000000800000000)
  region size 1024K, 5 young (5120K), 1 survivors (1024K)
 Metaspace       used 51450K, capacity 52677K, committed 52992K, reserved 1095680K
  class space    used 6067K, capacity 6534K, committed 6656K, reserved 1048576K
}
Event: 39.145 GC heap after
{Heap after GC invocations=55 (full 0):
 garbage-first heap   total 102400K, used 88760K [0x0000000700000000, 0x0000000800000000)
  region size 1024K, 1 young (1024K), 1 survivors (1024K)
 Metaspace       used 51450K, capacity 52677K, committed 52992K, reserved 1095680K
  class space    used 6067K, capacity 6534K, committed 6656K, reserved 1048576K
}
Event: 39.303 GC heap before
{Heap before GC invocations=55 (full 0):
 garbage-first heap   total 102400K, used 92856K [0x0000000700000000, 0x0000000800000000)
  region size 1024K, 5 young (5120K), 1 survivors (1024K)
 Metaspace       used 51450K, capacity 52677K, committed 52992K, reserved 1095680K
  class space    used 6067K, capacity 6534K, committed 6656K, reserved 1048576K
}
Event: 39.305 GC heap after
{Heap after GC invocations=56 (full 0):
 garbage-first heap   total 102400K, used 89781K [0x0000000700000000, 0x0000000800000000)
  region size 1024K, 1 young (1024K), 1 survivors (1024K)
 Metaspace       used 51450K, capacity 52677K, committed 52992K, reserved 1095680K
  class space    used 6067K, capacity 6534K, committed 6656K, reserved 1048576K
}
Event: 39.533 GC heap before
{Heap before GC invocations=57 (full 0):
 garbage-first heap   total 153600K, used 94901K [0x0000000700000000, 0x0000000800000000)
  region size 1024K, 7 young (7168K), 1 survivors (1024K)
 Metaspace       used 51450K, capacity 52677K, committed 52992K, reserved 1095680K
  class space    used 6067K, capacity 6534K, committed 6656K, reserved 1048576K
}
Event: 39.535 GC heap after
{Heap after GC invocations=58 (full 0):
 garbage-first heap   total 153600K, used 90979K [0x0000000700000000, 0x0000000800000000)
  region size 1024K, 1 young (1024K), 1 survivors (1024K)
 Metaspace       used 51450K, capacity 52677K, committed 52992K, reserved 1095680K
  class space    used 6067K, capacity 6534K, committed 6656K, reserved 1048576K
}
Event: 39.790 GC heap before
{Heap before GC invocations=58 (full 0):
 garbage-first heap   total 153600K, used 97123K [0x0000000700000000, 0x0000000800000000)
  region size 1024K, 7 young (7168K), 1 survivors (1024K)
 Metaspace       used 51450K, capacity 52677K, committed 52992K, reserved 1095680K
  class space    used 6067K, capacity 6534K, committed 6656K, reserved 1048576K
}
Event: 39.792 GC heap after
{Heap after GC invocations=59 (full 0):
 garbage-first heap   total 153600K, used 77096K [0x0000000700000000, 0x0000000800000000)
  region size 1024K, 1 young (1024K), 1 survivors (1024K)
 Metaspace       used 51450K, capacity 52677K, committed 52992K, reserved 1095680K
  class space    used 6067K, capacity 6534K, committed 6656K, reserved 1048576K
}
Event: 40.050 GC heap before
{Heap before GC invocations=59 (full 0):
 garbage-first heap   total 153600K, used 82216K [0x0000000700000000, 0x0000000800000000)
  region size 1024K, 7 young (7168K), 1 survivors (1024K)
 Metaspace       used 51450K, capacity 52677K, committed 52992K, reserved 1095680K
  class space    used 6067K, capacity 6534K, committed 6656K, reserved 1048576K
}
Event: 40.052 GC heap after
{Heap after GC invocations=60 (full 0):
 garbage-first heap   total 153600K, used 63716K [0x0000000700000000, 0x0000000800000000)
  region size 1024K, 1 young (1024K), 1 survivors (1024K)
 Metaspace       used 51450K, capacity 52677K, committed 52992K, reserved 1095680K
  class space    used 6067K, capacity 6534K, committed 6656K, reserved 1048576K
}
Event: 40.283 GC heap before
{Heap before GC invocations=60 (full 0):
 garbage-first heap   total 153600K, used 68836K [0x0000000700000000, 0x0000000800000000)
  region size 1024K, 7 young (7168K), 1 survivors (1024K)
 Metaspace       used 51450K, capacity 52677K, committed 52992K, reserved 1095680K
  class space    used 6067K, capacity 6534K, committed 6656K, reserved 1048576K
}

Deoptimization events (20 events):
Event: 34.901 Thread 0x00007fed0888a800 DEOPT PACKING pc=0x0000000119e14308 sp=0x0000700009095230
Event: 34.901 Thread 0x00007fed0888a800 DEOPT UNPACKING pc=0x000000011200d83b sp=0x00007000090951e0 mode 2
Event: 34.903 Thread 0x00007fed02adf800 Uncommon trap: trap_request=0xffffff45 fr.pc=0x0000000119d9feac relative=0x00000000000006ac
Event: 34.903 Thread 0x00007fed02adf800 Uncommon trap: reason=unstable_if action=reinterpret pc=0x0000000119d9feac method=sun.nio.ch.SelectorImpl.processDeregisterQueue()V @ 144 c2
Event: 34.903 Thread 0x00007fed02adf800 DEOPT PACKING pc=0x0000000119d9feac sp=0x000070000877a890
Event: 34.903 Thread 0x00007fed02adf800 DEOPT UNPACKING pc=0x000000011200d83b sp=0x000070000877a838 mode 2
Event: 35.573 Thread 0x00007fed016cd000 DEOPT PACKING pc=0x000000011388f9d1 sp=0x000070000826b770
Event: 35.573 Thread 0x00007fed016cd000 DEOPT UNPACKING pc=0x000000011200dd30 sp=0x000070000826ae98 mode 0
Event: 37.297 Thread 0x00007fed016cd000 DEOPT PACKING pc=0x000000011388f9d1 sp=0x000070000826b770
Event: 37.297 Thread 0x00007fed016cd000 DEOPT UNPACKING pc=0x000000011200dd30 sp=0x000070000826ae98 mode 0
Event: 37.706 Thread 0x00007fed08878000 DEOPT PACKING pc=0x00000001135140df sp=0x000070000723a7e0
Event: 37.706 Thread 0x00007fed08878000 DEOPT UNPACKING pc=0x000000011200dd30 sp=0x0000700007239c20 mode 0
Event: 37.876 Thread 0x00007fed01f55800 DEOPT PACKING pc=0x00000001135f64fa sp=0x0000700009197880
Event: 37.876 Thread 0x00007fed01f55800 DEOPT UNPACKING pc=0x000000011200dd30 sp=0x0000700009196cb0 mode 0
Event: 38.526 Thread 0x00007fed016cd000 Uncommon trap: trap_request=0xffffff45 fr.pc=0x0000000119dde6a4 relative=0x0000000000000584
Event: 38.526 Thread 0x00007fed016cd000 Uncommon trap: reason=unstable_if action=reinterpret pc=0x0000000119dde6a4 method=sun.nio.ch.KQueueSelectorImpl.processUpdateQueue()V @ 117 c2
Event: 38.526 Thread 0x00007fed016cd000 DEOPT PACKING pc=0x0000000119dde6a4 sp=0x000070000826b6a0
Event: 38.526 Thread 0x00007fed016cd000 DEOPT UNPACKING pc=0x000000011200d83b sp=0x000070000826b638 mode 2
Event: 39.050 Thread 0x00007fed016cd000 DEOPT PACKING pc=0x00000001138bdf5d sp=0x000070000826b7b0
Event: 39.050 Thread 0x00007fed016cd000 DEOPT UNPACKING pc=0x000000011200dd30 sp=0x000070000826ae88 mode 0

Classes unloaded (0 events):
No events

Classes redefined (0 events):
No events

Internal exceptions (20 events):
Event: 3.048 Thread 0x00007fed00808000 Exception <a 'java/lang/NoClassDefFoundError'{0x0000000704a3db78}: javax/activation/DataSource> (0x0000000704a3db78) 
thrown [/Users/jigga/projects/openjdk/loom/src/hotspot/share/classfile/systemDictionary.cpp, line 221]
Event: 3.048 Thread 0x00007fed00808000 Exception <a 'java/lang/NoClassDefFoundError'{0x0000000704a445b0}: javax/mail/internet/ParseException> (0x0000000704a445b0) 
thrown [/Users/jigga/projects/openjdk/loom/src/hotspot/share/classfile/systemDictionary.cpp, line 221]
Event: 3.048 Thread 0x00007fed00808000 Exception <a 'java/lang/NoClassDefFoundError'{0x0000000704a4ac88}: javax/xml/bind/PropertyException> (0x0000000704a4ac88) 
thrown [/Users/jigga/projects/openjdk/loom/src/hotspot/share/classfile/systemDictionary.cpp, line 221]
Event: 3.048 Thread 0x00007fed00808000 Exception <a 'java/lang/NoClassDefFoundError'{0x0000000704a51320}: javax/xml/bind/PropertyException> (0x0000000704a51320) 
thrown [/Users/jigga/projects/openjdk/loom/src/hotspot/share/classfile/systemDictionary.cpp, line 221]
Event: 3.049 Thread 0x00007fed00808000 Exception <a 'java/lang/NoClassDefFoundError'{0x0000000704a579c0}: javax/xml/bind/PropertyException> (0x0000000704a579c0) 
thrown [/Users/jigga/projects/openjdk/loom/src/hotspot/share/classfile/systemDictionary.cpp, line 221]
Event: 3.049 Thread 0x00007fed00808000 Exception <a 'java/lang/NoClassDefFoundError'{0x0000000704a5e070}: javax/xml/bind/PropertyException> (0x0000000704a5e070) 
thrown [/Users/jigga/projects/openjdk/loom/src/hotspot/share/classfile/systemDictionary.cpp, line 221]
Event: 3.049 Thread 0x00007fed00808000 Exception <a 'java/lang/NoClassDefFoundError'{0x0000000704a64708}: javax/xml/bind/PropertyException> (0x0000000704a64708) 
thrown [/Users/jigga/projects/openjdk/loom/src/hotspot/share/classfile/systemDictionary.cpp, line 221]
Event: 3.049 Thread 0x00007fed00808000 Exception <a 'java/lang/NoClassDefFoundError'{0x0000000704a6ada8}: javax/xml/bind/PropertyException> (0x0000000704a6ada8) 
thrown [/Users/jigga/projects/openjdk/loom/src/hotspot/share/classfile/systemDictionary.cpp, line 221]
Event: 3.049 Thread 0x00007fed00808000 Exception <a 'java/lang/NoClassDefFoundError'{0x0000000704a71458}: javax/xml/bind/PropertyException> (0x0000000704a71458) 
thrown [/Users/jigga/projects/openjdk/loom/src/hotspot/share/classfile/systemDictionary.cpp, line 221]
Event: 3.049 Thread 0x00007fed00808000 Exception <a 'java/lang/NoClassDefFoundError'{0x0000000704a77af0}: javax/xml/bind/PropertyException> (0x0000000704a77af0) 
thrown [/Users/jigga/projects/openjdk/loom/src/hotspot/share/classfile/systemDictionary.cpp, line 221]
Event: 3.049 Thread 0x00007fed00808000 Exception <a 'java/lang/NoClassDefFoundError'{0x0000000704a7e190}: javax/xml/bind/PropertyException> (0x0000000704a7e190) 
thrown [/Users/jigga/projects/openjdk/loom/src/hotspot/share/classfile/systemDictionary.cpp, line 221]
Event: 3.246 Thread 0x00007fed00808000 Exception <a 'java/lang/NoSuchMethodError'{0x0000000702f49880}: 'void java.lang.invoke.DirectMethodHandle$Holder.invokeSpecial(java.lang.Object, java.lang.Object)'> (0x0000000702f49880) 
thrown [/Users/jigga/projects/openjdk/loom/src/hotspot/share/interpreter/linkResolver.cpp, line 767]
Event: 3.246 Thread 0x00007fed00808000 Exception <a 'java/lang/NoSuchMethodError'{0x0000000702f4ee88}: 'java.lang.Object java.lang.invoke.DirectMethodHandle$Holder.newInvokeSpecial(java.lang.Object, int)'> (0x0000000702f4ee88) 
thrown [/Users/jigga/projects/openjdk/loom/src/hotspot/share/interpreter/linkResolver.cpp, line 767]
Event: 7.661 Thread 0x00007fed02adf800 Exception <a 'java/lang/NoSuchMethodError'{0x0000000702fb08d0}: 'void java.lang.invoke.DirectMethodHandle$Holder.invokeStaticInit(java.lang.Object, java.lang.Object, java.lang.Object)'> (0x0000000702fb08d0) 
thrown [/Users/jigga/projects/openjdk/loom/src/hotspot/share/interpreter/linkResolver.cpp, line 767]
Event: 7.739 Thread 0x00007fed08878000 Exception <a 'java/lang/NoSuchMethodError'{0x000000070ffdace0}: 'void java.lang.invoke.DirectMethodHandle$Holder.invokeStatic(java.lang.Object, java.lang.Object, java.lang.Object, java.lang.Object, java.lang.Object, java.lang.Object, java.lang.Object)'> (0x000000070ffdace0) 
thrown [/Users/jigga/projects/openjdk/loom/src/hotspot/share/interpreter/linkResolver.cpp, line 767]
Event: 7.753 Thread 0x00007fed08878000 Implicit null exception at 0x0000000119bfe56c to 0x0000000119bfe62a
Event: 7.767 Thread 0x00007fed016cd000 Exception <a 'java/lang/NoSuchMethodError'{0x000000070552cd50}: 'void java.lang.invoke.DirectMethodHandle$Holder.invokeStatic(java.lang.Object, java.lang.Object, int)'> (0x000000070552cd50) 
thrown [/Users/jigga/projects/openjdk/loom/src/hotspot/share/interpreter/linkResolver.cpp, line 767]
Event: 8.509 Thread 0x00007fed06805000 Exception <a 'java/lang/NoSuchMethodError'{0x000000070546d658}: 'java.lang.Object java.lang.invoke.DirectMethodHandle$Holder.invokeStatic(java.lang.Object, java.lang.Object, long, java.lang.Object, java.lang.Object, java.lang.Object)'> (0x000000070546d658) 
thrown [/Users/jigga/projects/openjdk/loom/src/hotspot/share/interpreter/linkResolver.cpp, line 767]
Event: 8.509 Thread 0x00007fed06805000 Exception <a 'java/lang/NoSuchMethodError'{0x0000000705473c48}: 'java.lang.Object java.lang.invoke.Invokers$Holder.linkToTargetMethod(java.lang.Object, long, java.lang.Object, java.lang.Object, java.lang.Object, java.lang.Object)'> (0x0000000705473c48) 
thrown [/Users/jigga/projects/openjdk/loom/src/hotspot/share/interpreter/linkResolver.cpp, line 767]
Event: 30.487 Thread 0x00007fed0914b800 Implicit null exception at 0x0000000119ed482d to 0x0000000119ed4aee

Events (20 events):
Event: 39.656 Thread 0x00007fed03800000 flushing nmethod 0x000000011371c590
Event: 39.656 Thread 0x00007fed03800000 flushing nmethod 0x000000011372e510
Event: 39.656 Thread 0x00007fed03800000 flushing nmethod 0x0000000113731c10
Event: 39.656 Thread 0x00007fed03800000 flushing nmethod 0x0000000113786d10
Event: 39.656 Thread 0x00007fed03800000 flushing nmethod 0x00000001137a2b10
Event: 39.656 Thread 0x00007fed03800000 flushing nmethod 0x00000001137a4290
Event: 39.656 Thread 0x00007fed03800000 flushing nmethod 0x00000001137de590
Event: 39.656 Thread 0x00007fed03800000 flushing nmethod 0x0000000113865090
Event: 39.656 Thread 0x00007fed03800000 flushing nmethod 0x000000011386c810
Event: 39.656 Thread 0x00007fed03800000 flushing nmethod 0x000000011387e190
Event: 39.656 Thread 0x00007fed03800000 flushing nmethod 0x000000011387f390
Event: 39.704 Executing VM operation: HandshakeAllThreads
Event: 39.704 Executing VM operation: HandshakeAllThreads done
Event: 39.711 Thread 0x00007fed03800000 flushing nmethod 0x0000000113388f10
Event: 39.711 Thread 0x00007fed03800000 flushing nmethod 0x0000000113389910
Event: 39.789 Executing VM operation: G1CollectForAllocation
Event: 39.792 Executing VM operation: G1CollectForAllocation done
Event: 40.049 Executing VM operation: G1CollectForAllocation
Event: 40.052 Executing VM operation: G1CollectForAllocation done
Event: 40.283 Executing VM operation: G1CollectForAllocation


Dynamic libraries:
0x00007fff7c282000 	/usr/lib/libz.1.dylib
0x00000001069e2000 	/Library/Java/JavaVirtualMachines/jdk-14-loom-20190902.jdk/Contents/Home/lib/libjli.dylib
0x00007fff503ec000 	/System/Library/Frameworks/Cocoa.framework/Versions/A/Cocoa
0x00007fff5c190000 	/System/Library/Frameworks/Security.framework/Versions/A/Security
0x00007fff4f07f000 	/System/Library/Frameworks/ApplicationServices.framework/Versions/A/ApplicationServices
0x00007fff79bdc000 	/usr/lib/libSystem.B.dylib
0x00007fff7ca78000 	/usr/lib/system/libcache.dylib
0x00007fff7ca7d000 	/usr/lib/system/libcommonCrypto.dylib
0x00007fff7ca88000 	/usr/lib/system/libcompiler_rt.dylib
0x00007fff7ca90000 	/usr/lib/system/libcopyfile.dylib
0x00007fff7ca9a000 	/usr/lib/system/libcorecrypto.dylib
0x00007fff7cba5000 	/usr/lib/system/libdispatch.dylib
0x00007fff7cbdf000 	/usr/lib/system/libdyld.dylib
0x00007fff7cc0c000 	/usr/lib/system/libkeymgr.dylib
0x00007fff7cc1a000 	/usr/lib/system/liblaunch.dylib
0x00007fff7cc1b000 	/usr/lib/system/libmacho.dylib
0x00007fff7cc21000 	/usr/lib/system/libquarantine.dylib
0x00007fff7cc24000 	/usr/lib/system/libremovefile.dylib
0x00007fff7cc26000 	/usr/lib/system/libsystem_asl.dylib
0x00007fff7cc3e000 	/usr/lib/system/libsystem_blocks.dylib
0x00007fff7cc3f000 	/usr/lib/system/libsystem_c.dylib
0x00007fff7ccc7000 	/usr/lib/system/libsystem_configuration.dylib
0x00007fff7cccb000 	/usr/lib/system/libsystem_coreservices.dylib
0x00007fff7cccf000 	/usr/lib/system/libsystem_darwin.dylib
0x00007fff7ccd6000 	/usr/lib/system/libsystem_dnssd.dylib
0x00007fff7ccdd000 	/usr/lib/system/libsystem_info.dylib
0x00007fff7cd52000 	/usr/lib/system/libsystem_m.dylib
0x00007fff7cd9e000 	/usr/lib/system/libsystem_malloc.dylib
0x00007fff7cdc9000 	/usr/lib/system/libsystem_networkextension.dylib
0x00007fff7cdd4000 	/usr/lib/system/libsystem_notify.dylib
0x00007fff7cdf1000 	/usr/lib/system/libsystem_sandbox.dylib
0x00007fff7cdf5000 	/usr/lib/system/libsystem_secinit.dylib
0x00007fff7cd29000 	/usr/lib/system/libsystem_kernel.dylib
0x00007fff7cddc000 	/usr/lib/system/libsystem_platform.dylib
0x00007fff7cde6000 	/usr/lib/system/libsystem_pthread.dylib
0x00007fff7cdf8000 	/usr/lib/system/libsystem_symptoms.dylib
0x00007fff7ce00000 	/usr/lib/system/libsystem_trace.dylib
0x00007fff7ce17000 	/usr/lib/system/libunwind.dylib
0x00007fff7ce1d000 	/usr/lib/system/libxpc.dylib
0x00007fff7b413000 	/usr/lib/libobjc.A.dylib
0x00007fff79e73000 	/usr/lib/libc++abi.dylib
0x00007fff79e1f000 	/usr/lib/libc++.1.dylib
0x00007fff50c61000 	/System/Library/Frameworks/CoreFoundation.framework/Versions/A/CoreFoundation
0x00007fff52ee3000 	/System/Library/Frameworks/Foundation.framework/Versions/C/Foundation
0x00007fff4e278000 	/System/Library/Frameworks/AppKit.framework/Versions/C/AppKit
0x00007fff507ea000 	/System/Library/Frameworks/CoreData.framework/Versions/A/CoreData
0x00007fff736a2000 	/System/Library/PrivateFrameworks/RemoteViewServices.framework/Versions/A/RemoteViewServices
0x00007fff77919000 	/System/Library/PrivateFrameworks/UIFoundation.framework/Versions/A/UIFoundation
0x00007fff78ffd000 	/System/Library/PrivateFrameworks/XCTTargetBootstrap.framework/Versions/A/XCTTargetBootstrap
0x00007fff50b70000 	/System/Library/Frameworks/CoreDisplay.framework/Versions/A/CoreDisplay
0x00007fff6e3d8000 	/System/Library/PrivateFrameworks/IconServices.framework/Versions/A/IconServices
0x00007fff55804000 	/System/Library/Frameworks/Metal.framework/Versions/A/Metal
0x00007fff6591b000 	/System/Library/PrivateFrameworks/DesktopServicesPriv.framework/Versions/A/DesktopServicesPriv
0x00007fff7a776000 	/usr/lib/libenergytrace.dylib
0x00007fff75e00000 	/System/Library/PrivateFrameworks/SkyLight.framework/Versions/A/SkyLight
0x00007fff510a7000 	/System/Library/Frameworks/CoreGraphics.framework/Versions/A/CoreGraphics
0x00007fff4d044000 	/System/Library/Frameworks/Accelerate.framework/Versions/A/Accelerate
0x00007fff5362c000 	/System/Library/Frameworks/IOSurface.framework/Versions/A/IOSurface
0x00007fff65787000 	/System/Library/PrivateFrameworks/DFRFoundation.framework/Versions/A/DFRFoundation
0x00007fff4f562000 	/System/Library/Frameworks/AudioToolbox.framework/Versions/A/AudioToolbox
0x00007fff4f7db000 	/System/Library/Frameworks/AudioUnit.framework/Versions/A/AudioUnit
0x00007fff6581c000 	/System/Library/PrivateFrameworks/DataDetectorsCore.framework/Versions/A/DataDetectorsCore
0x00007fff4feef000 	/System/Library/Frameworks/Carbon.framework/Versions/A/Frameworks/HIToolbox.framework/Versions/A/HIToolbox
0x00007fff7a8cf000 	/usr/lib/libicucore.A.dylib
0x00007fff5b703000 	/System/Library/Frameworks/QuartzCore.framework/Versions/A/QuartzCore
0x00007fff502c4000 	/System/Library/Frameworks/Carbon.framework/Versions/A/Frameworks/SpeechRecognition.framework/Versions/A/SpeechRecognition
0x00007fff79d30000 	/usr/lib/libauto.dylib
0x00007fff7c176000 	/usr/lib/libxml2.2.dylib
0x00007fff65362000 	/System/Library/PrivateFrameworks/CoreUI.framework/Versions/A/CoreUI
0x00007fff506d5000 	/System/Library/Frameworks/CoreAudio.framework/Versions/A/CoreAudio
0x00007fff52d18000 	/System/Library/Frameworks/DiskArbitration.framework/Versions/A/DiskArbitration
0x00007fff7ab7d000 	/usr/lib/liblangid.dylib
0x00007fff6f7e3000 	/System/Library/PrivateFrameworks/MultitouchSupport.framework/Versions/A/MultitouchSupport
0x00007fff5359b000 	/System/Library/Frameworks/IOKit.framework/Versions/A/IOKit
0x00007fff7979c000 	/usr/lib/libDiagnosticMessagesClient.dylib
0x00007fff51eb6000 	/System/Library/Frameworks/CoreServices.framework/Versions/A/CoreServices
0x00007fff7149d000 	/System/Library/PrivateFrameworks/PerformanceAnalysis.framework/Versions/A/PerformanceAnalysis
0x00007fff5a8f1000 	/System/Library/Frameworks/OpenGL.framework/Versions/A/OpenGL
0x00007fff503fa000 	/System/Library/Frameworks/ColorSync.framework/Versions/A/ColorSync
0x00007fff51738000 	/System/Library/Frameworks/CoreImage.framework/Versions/A/CoreImage
0x00007fff5288e000 	/System/Library/Frameworks/CoreText.framework/Versions/A/CoreText
0x00007fff5368f000 	/System/Library/Frameworks/ImageIO.framework/Versions/A/ImageIO
0x00007fff619b4000 	/System/Library/PrivateFrameworks/Backup.framework/Versions/A/Backup
0x00007fff79c83000 	/usr/lib/libarchive.2.dylib
0x00007fff4fb34000 	/System/Library/Frameworks/CFNetwork.framework/Versions/A/CFNetwork
0x00007fff5c8ec000 	/System/Library/Frameworks/SystemConfiguration.framework/Versions/A/SystemConfiguration
0x00007fff796cd000 	/usr/lib/libCRFSuite.dylib
0x00007fff79e00000 	/usr/lib/libbsm.0.dylib
0x00007fff7cc0d000 	/usr/lib/system/libkxld.dylib
0x00007fff60da5000 	/System/Library/PrivateFrameworks/AppleFSCompression.framework/Versions/A/AppleFSCompression
0x00007fff79a9c000 	/usr/lib/libOpenScriptingUtil.dylib
0x00007fff7a128000 	/usr/lib/libcoretls.dylib
0x00007fff7a13f000 	/usr/lib/libcoretls_cfhelpers.dylib
0x00007fff7bbaa000 	/usr/lib/libpam.2.dylib
0x00007fff7bd6a000 	/usr/lib/libsqlite3.dylib
0x00007fff7c164000 	/usr/lib/libxar.1.dylib
0x00007fff79e11000 	/usr/lib/libbz2.1.0.dylib
0x00007fff7ab7f000 	/usr/lib/liblzma.5.dylib
0x00007fff7b030000 	/usr/lib/libnetwork.dylib
0x00007fff79c6c000 	/usr/lib/libapple_nghttp2.dylib
0x00007fff7bbb1000 	/usr/lib/libpcap.A.dylib
0x00007fff52255000 	/System/Library/Frameworks/CoreServices.framework/Versions/A/Frameworks/FSEvents.framework/Versions/A/FSEvents
0x00007fff51f34000 	/System/Library/Frameworks/CoreServices.framework/Versions/A/Frameworks/CarbonCore.framework/Versions/A/CarbonCore
0x00007fff52410000 	/System/Library/Frameworks/CoreServices.framework/Versions/A/Frameworks/Metadata.framework/Versions/A/Metadata
0x00007fff524af000 	/System/Library/Frameworks/CoreServices.framework/Versions/A/Frameworks/OSServices.framework/Versions/A/OSServices
0x00007fff524fa000 	/System/Library/Frameworks/CoreServices.framework/Versions/A/Frameworks/SearchKit.framework/Versions/A/SearchKit
0x00007fff51eb7000 	/System/Library/Frameworks/CoreServices.framework/Versions/A/Frameworks/AE.framework/Versions/A/AE
0x00007fff5225e000 	/System/Library/Frameworks/CoreServices.framework/Versions/A/Frameworks/LaunchServices.framework/Versions/A/LaunchServices
0x00007fff5220c000 	/System/Library/Frameworks/CoreServices.framework/Versions/A/Frameworks/DictionaryServices.framework/Versions/A/DictionaryServices
0x00007fff52562000 	/System/Library/Frameworks/CoreServices.framework/Versions/A/Frameworks/SharedFileList.framework/Versions/A/SharedFileList
0x00007fff568cc000 	/System/Library/Frameworks/NetFS.framework/Versions/A/NetFS
0x00007fff6fa49000 	/System/Library/PrivateFrameworks/NetAuth.framework/Versions/A/NetAuth
0x00007fff79401000 	/System/Library/PrivateFrameworks/login.framework/Versions/A/Frameworks/loginsupport.framework/Versions/A/loginsupport
0x00007fff77522000 	/System/Library/PrivateFrameworks/TCC.framework/Versions/A/TCC
0x00007fff649bf000 	/System/Library/PrivateFrameworks/CoreNLP.framework/Versions/A/CoreNLP
0x00007fff6f4de000 	/System/Library/PrivateFrameworks/MetadataUtilities.framework/Versions/A/MetadataUtilities
0x00007fff7ac54000 	/usr/lib/libmecabra.dylib
0x00007fff4f080000 	/System/Library/Frameworks/ApplicationServices.framework/Versions/A/Frameworks/ATS.framework/Versions/A/ATS
0x00007fff4f3cf000 	/System/Library/Frameworks/ApplicationServices.framework/Versions/A/Frameworks/ColorSyncLegacy.framework/Versions/A/ColorSyncLegacy
0x00007fff4f46e000 	/System/Library/Frameworks/ApplicationServices.framework/Versions/A/Frameworks/HIServices.framework/Versions/A/HIServices
0x00007fff4f4c1000 	/System/Library/Frameworks/ApplicationServices.framework/Versions/A/Frameworks/LangAnalysis.framework/Versions/A/LangAnalysis
0x00007fff4f4d1000 	/System/Library/Frameworks/ApplicationServices.framework/Versions/A/Frameworks/PrintCore.framework/Versions/A/PrintCore
0x00007fff4f51b000 	/System/Library/Frameworks/ApplicationServices.framework/Versions/A/Frameworks/QD.framework/Versions/A/QD
0x00007fff4f555000 	/System/Library/Frameworks/ApplicationServices.framework/Versions/A/Frameworks/SpeechSynthesis.framework/Versions/A/SpeechSynthesis
0x00007fff79e9b000 	/usr/lib/libcompression.dylib
0x00007fff55ad4000 	/System/Library/Frameworks/MetalPerformanceShaders.framework/Versions/A/MetalPerformanceShaders
0x00007fff4d05c000 	/System/Library/Frameworks/Accelerate.framework/Versions/A/Frameworks/vImage.framework/Versions/A/vImage
0x00007fff4e0d6000 	/System/Library/Frameworks/Accelerate.framework/Versions/A/Frameworks/vecLib.framework/Versions/A/vecLib
0x00007fff4e022000 	/System/Library/Frameworks/Accelerate.framework/Versions/A/Frameworks/vecLib.framework/Versions/A/libvMisc.dylib
0x00007fff4de3a000 	/System/Library/Frameworks/Accelerate.framework/Versions/A/Frameworks/vecLib.framework/Versions/A/libvDSP.dylib
0x00007fff4d6f6000 	/System/Library/Frameworks/Accelerate.framework/Versions/A/Frameworks/vecLib.framework/Versions/A/libBLAS.dylib
0x00007fff4d9e3000 	/System/Library/Frameworks/Accelerate.framework/Versions/A/Frameworks/vecLib.framework/Versions/A/libLAPACK.dylib
0x00007fff4dd8d000 	/System/Library/Frameworks/Accelerate.framework/Versions/A/Frameworks/vecLib.framework/Versions/A/libLinearAlgebra.dylib
0x00007fff4de26000 	/System/Library/Frameworks/Accelerate.framework/Versions/A/Frameworks/vecLib.framework/Versions/A/libSparseBLAS.dylib
0x00007fff4dda3000 	/System/Library/Frameworks/Accelerate.framework/Versions/A/Frameworks/vecLib.framework/Versions/A/libQuadrature.dylib
0x00007fff4d970000 	/System/Library/Frameworks/Accelerate.framework/Versions/A/Frameworks/vecLib.framework/Versions/A/libBNNS.dylib
0x00007fff4dda9000 	/System/Library/Frameworks/Accelerate.framework/Versions/A/Frameworks/vecLib.framework/Versions/A/libSparse.dylib
0x00007fff6bd0d000 	/System/Library/PrivateFrameworks/GPUWrangler.framework/Versions/A/GPUWrangler
0x00007fff6e00d000 	/System/Library/PrivateFrameworks/IOAccelerator.framework/Versions/A/IOAccelerator
0x00007fff6e018000 	/System/Library/PrivateFrameworks/IOPresentment.framework/Versions/A/IOPresentment
0x00007fff65797000 	/System/Library/PrivateFrameworks/DSExternalDisplay.framework/Versions/A/DSExternalDisplay
0x00007fff59d48000 	/System/Library/Frameworks/OpenGL.framework/Versions/A/Libraries/libCoreFSCache.dylib
0x00007fff558c8000 	/System/Library/Frameworks/MetalPerformanceShaders.framework/Frameworks/MPSCore.framework/Versions/A/MPSCore
0x00007fff558e8000 	/System/Library/Frameworks/MetalPerformanceShaders.framework/Frameworks/MPSImage.framework/Versions/A/MPSImage
0x00007fff5598d000 	/System/Library/Frameworks/MetalPerformanceShaders.framework/Frameworks/MPSNeuralNetwork.framework/Versions/A/MPSNeuralNetwork
0x00007fff55965000 	/System/Library/Frameworks/MetalPerformanceShaders.framework/Frameworks/MPSMatrix.framework/Versions/A/MPSMatrix
0x00007fff55ab9000 	/System/Library/Frameworks/MetalPerformanceShaders.framework/Frameworks/MPSRayIntersector.framework/Versions/A/MPSRayIntersector
0x00007fff6f507000 	/System/Library/PrivateFrameworks/MetalTools.framework/Versions/A/MetalTools
0x00007fff6064f000 	/System/Library/PrivateFrameworks/AggregateDictionary.framework/Versions/A/AggregateDictionary
0x00007fff79a7c000 	/usr/lib/libMobileGestalt.dylib
0x00007fff529f1000 	/System/Library/Frameworks/CoreVideo.framework/Versions/A/CoreVideo
0x00007fff6cb1e000 	/System/Library/PrivateFrameworks/GraphVisualizer.framework/Versions/A/GraphVisualizer
0x00007fff6699d000 	/System/Library/PrivateFrameworks/FaceCore.framework/Versions/A/FaceCore
0x00007fff59376000 	/System/Library/Frameworks/OpenCL.framework/Versions/A/OpenCL
0x00007fff797d4000 	/usr/lib/libFosl_dynamic.dylib
0x00007fff702b4000 	/System/Library/PrivateFrameworks/OTSVG.framework/Versions/A/OTSVG
0x00007fff4f184000 	/System/Library/Frameworks/ApplicationServices.framework/Versions/A/Frameworks/ATS.framework/Versions/A/Resources/libFontParser.dylib
0x00007fff4f29c000 	/System/Library/Frameworks/ApplicationServices.framework/Versions/A/Frameworks/ATS.framework/Versions/A/Resources/libFontRegistry.dylib
0x00007fff538fd000 	/System/Library/Frameworks/ImageIO.framework/Versions/A/Resources/libJPEG.dylib
0x00007fff53c0f000 	/System/Library/Frameworks/ImageIO.framework/Versions/A/Resources/libTIFF.dylib
0x00007fff53be5000 	/System/Library/Frameworks/ImageIO.framework/Versions/A/Resources/libPng.dylib
0x00007fff5381b000 	/System/Library/Frameworks/ImageIO.framework/Versions/A/Resources/libGIF.dylib
0x00007fff53820000 	/System/Library/Frameworks/ImageIO.framework/Versions/A/Resources/libJP2.dylib
0x00007fff53c0c000 	/System/Library/Frameworks/ImageIO.framework/Versions/A/Resources/libRadiance.dylib
0x00007fff60efc000 	/System/Library/PrivateFrameworks/AppleJPEG.framework/Versions/A/AppleJPEG
0x00007fff59d53000 	/System/Library/Frameworks/OpenGL.framework/Versions/A/Libraries/libGFXShared.dylib
0x00007fff59f16000 	/System/Library/Frameworks/OpenGL.framework/Versions/A/Libraries/libGLU.dylib
0x00007fff59d5c000 	/System/Library/Frameworks/OpenGL.framework/Versions/A/Libraries/libGL.dylib
0x00007fff59d68000 	/System/Library/Frameworks/OpenGL.framework/Versions/A/Libraries/libGLImage.dylib
0x00007fff59d45000 	/System/Library/Frameworks/OpenGL.framework/Versions/A/Libraries/libCVMSPluginSupport.dylib
0x00007fff59d4e000 	/System/Library/Frameworks/OpenGL.framework/Versions/A/Libraries/libCoreVMClient.dylib
0x00007fff7a5ec000 	/usr/lib/libcups.2.dylib
0x00007fff54dcf000 	/System/Library/Frameworks/Kerberos.framework/Versions/A/Kerberos
0x00007fff532ff000 	/System/Library/Frameworks/GSS.framework/Versions/A/GSS
0x00007fff7bcff000 	/usr/lib/libresolv.9.dylib
0x00007fff7a7de000 	/usr/lib/libiconv.2.dylib
0x00007fff6cc93000 	/System/Library/PrivateFrameworks/Heimdal.framework/Versions/A/Heimdal
0x00007fff7a7ae000 	/usr/lib/libheimdal-asn1.dylib
0x00007fff593ea000 	/System/Library/Frameworks/OpenDirectory.framework/Versions/A/OpenDirectory
0x00007fff63722000 	/System/Library/PrivateFrameworks/CommonAuth.framework/Versions/A/CommonAuth
0x00007fff593ce000 	/System/Library/Frameworks/OpenDirectory.framework/Versions/A/Frameworks/CFOpenDirectory.framework/Versions/A/CFOpenDirectory
0x00007fff5c491000 	/System/Library/Frameworks/SecurityFoundation.framework/Versions/A/SecurityFoundation
0x00007fff5fb95000 	/System/Library/PrivateFrameworks/APFS.framework/Versions/A/APFS
0x00007fff7c160000 	/usr/lib/libutil.dylib
0x00007fff79e89000 	/usr/lib/libcharset.1.dylib
0x00007fff61199000 	/System/Library/PrivateFrameworks/AppleSauce.framework/Versions/A/AppleSauce
0x00007fff6131a000 	/System/Library/PrivateFrameworks/AssertionServices.framework/Versions/A/AssertionServices
0x00007fff61a4a000 	/System/Library/PrivateFrameworks/BaseBoard.framework/Versions/A/BaseBoard
0x00007fff7abaf000 	/usr/lib/libmecab.1.0.0.dylib
0x00007fff7a7a8000 	/usr/lib/libgermantok.dylib
0x00007fff79c59000 	/usr/lib/libThaiTokenizer.dylib
0x00007fff79704000 	/usr/lib/libChineseTokenizer.dylib
0x00007fff6e6c5000 	/System/Library/PrivateFrameworks/LanguageModeling.framework/Versions/A/LanguageModeling
0x00007fff64404000 	/System/Library/PrivateFrameworks/CoreEmoji.framework/Versions/A/CoreEmoji
0x00007fff6e7a1000 	/System/Library/PrivateFrameworks/Lexicon.framework/Versions/A/Lexicon
0x00007fff6e7e4000 	/System/Library/PrivateFrameworks/LinguisticData.framework/Versions/A/LinguisticData
0x00007fff79e8a000 	/usr/lib/libcmph.dylib
0x00007fff5c54f000 	/System/Library/Frameworks/ServiceManagement.framework/Versions/A/ServiceManagement
0x00007fff619ab000 	/System/Library/PrivateFrameworks/BackgroundTaskManagement.framework/Versions/A/BackgroundTaskManagement
0x00007fff7c259000 	/usr/lib/libxslt.1.dylib
0x00007fff501f1000 	/System/Library/Frameworks/Carbon.framework/Versions/A/Frameworks/Ink.framework/Versions/A/Ink
0x00007fff77794000 	/System/Library/PrivateFrameworks/TextureIO.framework/Versions/A/TextureIO
0x00007fff79cad000 	/usr/lib/libate.dylib
0x00007fff656e6000 	/System/Library/PrivateFrameworks/CrashReporterSupport.framework/Versions/A/CrashReporterSupport
0x00007fff74ece000 	/System/Library/PrivateFrameworks/Sharing.framework/Versions/A/Sharing
0x00007fff616fd000 	/System/Library/PrivateFrameworks/AuthKit.framework/Versions/A/AuthKit
0x00007fff60c51000 	/System/Library/PrivateFrameworks/Apple80211.framework/Versions/A/Apple80211
0x00007fff6548e000 	/System/Library/PrivateFrameworks/CoreUtils.framework/Versions/A/CoreUtils
0x00007fff52a32000 	/System/Library/Frameworks/CoreWLAN.framework/Versions/A/CoreWLAN
0x00007fff5342e000 	/System/Library/Frameworks/IOBluetooth.framework/Versions/A/IOBluetooth
0x00007fff7333e000 	/System/Library/PrivateFrameworks/ProtocolBuffer.framework/Versions/A/ProtocolBuffer
0x00007fff6f73f000 	/System/Library/PrivateFrameworks/MobileKeyBag.framework/Versions/A/MobileKeyBag
0x00007fff64cd2000 	/System/Library/PrivateFrameworks/CorePhoneNumbers.framework/Versions/A/CorePhoneNumbers
0x00007fff60eb0000 	/System/Library/PrivateFrameworks/AppleIDAuthSupport.framework/Versions/A/AppleIDAuthSupport
0x00007fff6e698000 	/System/Library/PrivateFrameworks/KeychainCircle.framework/Versions/A/KeychainCircle
0x00007fff734f4000 	/System/Library/PrivateFrameworks/ROCKit.framework/Versions/A/ROCKit
0x00007fff65682000 	/System/Library/PrivateFrameworks/CoreWiFi.framework/Versions/A/CoreWiFi
0x00007fff507bf000 	/System/Library/Frameworks/CoreBluetooth.framework/Versions/A/CoreBluetooth
0x00007fff658dd000 	/System/Library/PrivateFrameworks/DebugSymbols.framework/Versions/A/DebugSymbols
0x00007fff6524e000 	/System/Library/PrivateFrameworks/CoreSymbolication.framework/Versions/A/CoreSymbolication
0x00007fff76faf000 	/System/Library/PrivateFrameworks/Symbolication.framework/Versions/A/Symbolication
0x00007fff76852000 	/System/Library/PrivateFrameworks/SpeechRecognitionCore.framework/Versions/A/SpeechRecognitionCore
0x0000000108400000 	/Library/Java/JavaVirtualMachines/jdk-14-loom-20190902.jdk/Contents/Home/lib/server/libjvm.dylib
0x0000000106a13000 	/Library/Java/JavaVirtualMachines/jdk-14-loom-20190902.jdk/Contents/Home/lib/libverify.dylib
0x0000000106a1f000 	/Library/Java/JavaVirtualMachines/jdk-14-loom-20190902.jdk/Contents/Home/lib/libjava.dylib
0x0000000106aa4000 	/Library/Java/JavaVirtualMachines/jdk-14-loom-20190902.jdk/Contents/Home/lib/libzip.dylib
0x0000000106aab000 	/Library/Java/JavaVirtualMachines/jdk-14-loom-20190902.jdk/Contents/Home/lib/libjimage.dylib
0x000000012e49d000 	/Library/Java/JavaVirtualMachines/jdk-14-loom-20190902.jdk/Contents/Home/lib/libnio.dylib
0x000000012e4ab000 	/Library/Java/JavaVirtualMachines/jdk-14-loom-20190902.jdk/Contents/Home/lib/./libnet.dylib
0x00000001096cf000 	/Library/Java/JavaVirtualMachines/jdk-14-loom-20190902.jdk/Contents/Home/lib/libmanagement.dylib
0x00000001096d4000 	/Library/Java/JavaVirtualMachines/jdk-14-loom-20190902.jdk/Contents/Home/lib/libmanagement_ext.dylib
0x000000012e518000 	/Library/Java/JavaVirtualMachines/jdk-14-loom-20190902.jdk/Contents/Home/lib/libextnet.dylib
0x000000012e6ae000 	/Library/Java/JavaVirtualMachines/jdk-14-loom-20190902.jdk/Contents/Home/lib/libsunec.dylib


VM Arguments:
jvm_args: -Dfile.encoding=UTF-8 -Duser.country=PL -Duser.language=en -Duser.variant 
java_command: loom.workshop.WorkshopService
java_class_path (initial): /Users/jigga/projects/pl.jigga/loom-academy/workshop-service/build/classes/java/main:/Users/jigga/projects/pl.jigga/loom-academy/workshop-service/build/resources/main:/Users/jigga/.gradle/caches/modules-2/files-2.1/org.springframework.boot/spring-boot-starter-web/2.1.2.RELEASE/33749ef5bf458829eef0e0c45615bf536521a97a/spring-boot-starter-web-2.1.2.RELEASE.jar:/Users/jigga/.gradle/caches/modules-2/files-2.1/org.springframework.cloud/spring-cloud-starter-netflix-eureka-client/2.1.0.RELEASE/a61b33193531acf406a4e3cbb9c76e3ec6c77abd/spring-cloud-starter-netflix-eureka-client-2.1.0.RELEASE.jar:/Users/jigga/.gradle/caches/modules-2/files-2.1/org.springframework.boot/spring-boot-starter-json/2.1.2.RELEASE/db59b1857966985cec2cdb81cd6cfeb315f1c849/spring-boot-starter-json-2.1.2.RELEASE.jar:/Users/jigga/.gradle/caches/modules-2/files-2.1/org.springframework.cloud/spring-cloud-starter-netflix-ribbon/2.1.0.RELEASE/979c991d77b2f8fe9092f8d56d2f64d5f30cf385/spring-cloud-starter-netflix-ribbon-2.1.0.RELEASE.jar:/Users/jigga/.gradle/caches/modules-2/files-2.1/org.springframework.cloud/spring-cloud-starter-netflix-archaius/2.1.0.RELEASE/1e894ff28bca79c0581972797ca521cc276db08b/spring-cloud-starter-netflix-archaius-2.1.0.RELEASE.jar:/Users/jigga/.gradle/caches/modules-2/files-2.1/org.springframework.cloud/spring-cloud-starter/2.1.0.RELEASE/bc5df6550f2108f99ef5b62c7656123aee44c0d9/spring-cloud-starter-2.1.0.RELEASE.jar:/Users/jigga/.gradle/caches/modules-2/files-2.1/org.springframework.cloud/spring-cloud-netflix-eureka-client/2.1.0.RELEASE/90d9174bfdb439f47feb7b1fa2d597cfebfb3ea8/spring-cloud-netflix-eureka-client-2.1.0.RELEASE.jar:/Users/jigga/.gradle/caches/modules-2/files-2.1/org.springframework.cloud/spring-cloud-netflix-hystrix/2.1.0.RELEASE/475af941f77e5ef3e35fa3533bbd7aa1ec4f4cf7/spring-cloud-netflix-hystrix-2.1.0.RELEASE.jar:/Users/jigga/.gradle/caches/modules-2/files-2.1/org.springframework.boot/spring-boot-starter-aop/2.1.2.RELEASE/d4266d045585b54b0
Launcher Type: SUN_STANDARD

[Global flags]
     intx CICompilerCount                          = 4                                         {product} {ergonomic}
     uint ConcGCThreads                            = 3                                         {product} {ergonomic}
     uint G1ConcRefinementThreads                  = 10                                        {product} {ergonomic}
   size_t G1HeapRegionSize                         = 1048576                                   {product} {ergonomic}
    uintx GCDrainStackTargetSize                   = 64                                        {product} {ergonomic}
   size_t InitialHeapSize                          = 268435456                                 {product} {ergonomic}
   size_t MarkStackSize                            = 4194304                                   {product} {ergonomic}
   size_t MaxHeapSize                              = 4294967296                                {product} {ergonomic}
   size_t MaxNewSize                               = 2576351232                                {product} {ergonomic}
   size_t MinHeapDeltaBytes                        = 1048576                                   {product} {ergonomic}
   size_t MinHeapSize                              = 8388608                                   {product} {ergonomic}
    uintx NonNMethodCodeHeapSize                   = 5836300                                {pd product} {ergonomic}
    uintx NonProfiledCodeHeapSize                  = 122910970                              {pd product} {ergonomic}
    uintx ProfiledCodeHeapSize                     = 122910970                              {pd product} {ergonomic}
    uintx ReservedCodeCacheSize                    = 251658240                              {pd product} {ergonomic}
     bool SegmentedCodeCache                       = true                                      {product} {ergonomic}
   size_t SoftMaxHeapSize                          = 4294967296                             {manageable} {ergonomic}
     bool UseCompressedClassPointers               = true                                 {lp64_product} {ergonomic}
     bool UseCompressedOops                        = true                                 {lp64_product} {ergonomic}
     bool UseG1GC                                  = true                                      {product} {ergonomic}

Logging:
Log output configuration:
 #0: stdout all=warning uptime,level,tags
 #1: stderr all=off uptime,level,tags

Environment Variables:
PATH=/Users/jigga/google-cloud-sdk/bin:/usr/local/bin:/usr/bin:/bin:/usr/sbin:/sbin
SHELL=/bin/bash

Signal Handlers:
SIGSEGV: [libjvm.dylib+0x902aa0], sa_mask[0]=11111111011111110111111111111111, sa_flags=SA_ONSTACK|SA_RESTART|SA_SIGINFO
SIGBUS: [libjvm.dylib+0x902aa0], sa_mask[0]=11111111011111110111111111111111, sa_flags=SA_RESTART|SA_SIGINFO
SIGFPE: [libjvm.dylib+0x902aa0], sa_mask[0]=11111111011111110111111111111111, sa_flags=SA_RESTART|SA_SIGINFO
SIGPIPE: [libjvm.dylib+0x740253], sa_mask[0]=11111111011111110111111111111111, sa_flags=SA_RESTART|SA_SIGINFO
SIGXFSZ: [libjvm.dylib+0x740253], sa_mask[0]=11111111011111110111111111111111, sa_flags=SA_RESTART|SA_SIGINFO
SIGILL: [libjvm.dylib+0x902aa0], sa_mask[0]=11111111011111110111111111111111, sa_flags=SA_RESTART|SA_SIGINFO
SIGUSR2: [libjvm.dylib+0x74083b], sa_mask[0]=00100000000000000000000000000000, sa_flags=SA_RESTART|SA_SIGINFO
SIGHUP: [libjvm.dylib+0x73f84b], sa_mask[0]=11111111011111110111111111111111, sa_flags=SA_RESTART|SA_SIGINFO
SIGINT: [libjvm.dylib+0x73f84b], sa_mask[0]=11111111011111110111111111111111, sa_flags=SA_RESTART|SA_SIGINFO
SIGTERM: [libjvm.dylib+0x73f84b], sa_mask[0]=11111111011111110111111111111111, sa_flags=SA_RESTART|SA_SIGINFO
SIGQUIT: [libjvm.dylib+0x73f84b], sa_mask[0]=11111111011111110111111111111111, sa_flags=SA_RESTART|SA_SIGINFO


---------------  S Y S T E M  ---------------

OS:uname:Darwin 18.7.0 Darwin Kernel Version 18.7.0: Tue Aug 20 16:57:14 PDT 2019; root:xnu-4903.271.2~2/RELEASE_X86_64 x86_64
rlimit: STACK 8192k, CORE 0k, NPROC 1418, NOFILE 10240, AS infinity, DATA infinity, FSIZE infinity
load average:3.97 3.51 3.44

CPU:total 12 (initial active 12) (6 cores per cpu, 2 threads per core) family 6 model 158 stepping 10, cmov, cx8, fxsr, mmx, sse, sse2, sse3, ssse3, sse4.1, sse4.2, popcnt, avx, avx2, aes, clmul, erms, rtm, 3dnowpref, lzcnt, ht, tsc, tscinvbit, bmi1, bmi2, adx, fma

Memory: 4k page, physical 16777216k(180868k free), swap 4194304k(426240k free)

vm_info: OpenJDK 64-Bit Server VM (14-internal+0-adhoc.jigga.loom) for bsd-amd64 JRE (14-internal+0-adhoc.jigga.loom), built on Sep  2 2019 21:37:06 by "jigga" with clang 4.2.1 Compatible Apple LLVM 10.0.1 (clang-1001.0.46.4)

END.
