#
# A fatal error has been detected by the Java Runtime Environment:
#
#  SIGSEGV (0xb) at pc=0x0000000119899210, pid=3950, tid=26115
#
# JRE version: OpenJDK Runtime Environment (14.0) (build 14-internal+0-adhoc.jigga.loom)
# Java VM: OpenJDK 64-Bit Server VM (14-internal+0-adhoc.jigga.loom, mixed mode, sharing, tiered, compressed oops, g1 gc, bsd-amd64)
# Problematic frame:
# C  0x0000000119899210
#
# No core dump will be written. Core dumps have been disabled. To enable core dumping, try "ulimit -c unlimited" before starting Java again
#
# If you would like to submit a bug report, please visit:
#   http://bugreport.java.com/bugreport/crash.jsp
#

---------------  S U M M A R Y ------------

Command Line: -Dfile.encoding=UTF-8 -Duser.country=PL -Duser.language=en -Duser.variant loom.workshop.WorkshopService

Host: MacBookPro15,1 x86_64 2600 MHz, 12 cores, 16G, Darwin 18.7.0
Time: Sat Sep 21 20:58:26 2019 CEST elapsed time: 115 seconds (0d 0h 1m 55s)

---------------  T H R E A D  ---------------

Current thread (0x00007fe7b20a6800):  GCTaskThread "GC Thread#4" [stack: 0x00007000027c3000,0x00007000028c3000] [id=26115]

Stack: [0x00007000027c3000,0x00007000028c3000],  sp=0x00007000028c2bd8,  free space=1022k
Native frames: (J=compiled Java code, A=aot compiled Java code, j=interpreted, Vv=VM code, C=native code)
C  0x0000000119899210
V  [libjvm.dylib+0x3f53ad]  _ZN18G1CodeRootSetTable11nmethods_doEP15CodeBlobClosure+0x33
V  [libjvm.dylib+0x432b37]  _ZN32G1ScanCollectionSetRegionClosure14do_heap_regionEP10HeapRegion+0xd9
V  [libjvm.dylib+0x40238c]  _ZNK15G1CollectionSet29iterate_incremental_part_fromEP17HeapRegionClosureP17HeapRegionClaimerjj+0x84
V  [libjvm.dylib+0x430819]  _ZN8G1RemSet27scan_collection_set_regionsEP20G1ParScanThreadStatejN14G1GCPhaseTimes11GCParPhasesES3_S3_+0x8d
V  [libjvm.dylib+0x3fe6a0]  _ZN25G1EvacuateRegionsBaseTask4workEj+0x88
V  [libjvm.dylib+0x929bf1]  _ZN10GangWorker4loopEv+0x43
V  [libjvm.dylib+0x8acedd]  _ZN6Thread8call_runEv+0x71
V  [libjvm.dylib+0x73e617]  _ZL19thread_native_entryP6Thread+0x132
C  [libsystem_pthread.dylib+0x32eb]  _pthread_body+0x7e
C  [libsystem_pthread.dylib+0x6249]  _pthread_start+0x42
C  [libsystem_pthread.dylib+0x240d]  thread_start+0xd


siginfo: si_signo: 11 (SIGSEGV), si_code: 1 (SEGV_MAPERR), si_addr: 0x000000048115b128

Register to memory mapping:

RAX=0x0000000119897fe9 points into unknown readable memory: 5f 00 00 00 00 00 00
RBX=0x0000000119885290 points into unknown readable memory: 80 7f 89 19 01 00 00 00
RCX=0x0000000120456c4a is at entry_point+5738 in (nmethod*)0x0000000120455290
RDX=0x0 is NULL
RSP=0x00007000028c2bd8 points into unknown readable memory: 4c de 07 0f 01 00 00 00
RBP=0x00007000028c2bf0 points into unknown readable memory: 20 2c 8c 02 00 70 00 00
RSI=0x0000000119885290 points into unknown readable memory: 80 7f 89 19 01 00 00 00
RDI=0x0000000119885290 points into unknown readable memory: 80 7f 89 19 01 00 00 00
R8 =0x00000001204555c0 is at entry_point+-32 in (nmethod*)0x0000000120455290
R9 =0x00000000fffdffff is an unknown value
R10=0x00007fe7b5d00000 points into unknown readable memory: 5a 54 55 4d 00 00 00 00
R11=0x0000000000000246 is an unknown value
R12=0x00007fe7b6b0d3d8 points into unknown readable memory: 60 33 73 0f 01 00 00 00
R13=0x000000000000001b is an unknown value
R14=0x00007fe7b6b0d3d8 points into unknown readable memory: 60 33 73 0f 01 00 00 00
R15=0x0000000000000035 is an unknown value


Registers:
RAX=0x0000000119897fe9, RBX=0x0000000119885290, RCX=0x0000000120456c4a, RDX=0x0000000000000000
RSP=0x00007000028c2bd8, RBP=0x00007000028c2bf0, RSI=0x0000000119885290, RDI=0x0000000119885290
R8 =0x00000001204555c0, R9 =0x00000000fffdffff, R10=0x00007fe7b5d00000, R11=0x0000000000000246
R12=0x00007fe7b6b0d3d8, R13=0x000000000000001b, R14=0x00007fe7b6b0d3d8, R15=0x0000000000000035
RIP=0x0000000119899210, EFLAGS=0x0000000000010207, ERR=0x0000000000000006
  TRAPNO=0x000000000000000e

Top of Stack: (sp=0x00007000028c2bd8)
0x00007000028c2bd8:   000000010f07de4c 00007fe7b0a14750
0x00007000028c2be8:   00007fe7b5e6e340 00007000028c2c20
0x00007000028c2bf8:   000000010f07e3ad 00007000028c2d10
0x00007000028c2c08:   000000000000001b 00007fe7aed1c850
0x00007000028c2c18:   0000000000000001 00007000028c2cb0
0x00007000028c2c28:   000000010f0bbb37 00007fe7b6b16230
0x00007000028c2c38:   0000001af696d056 0000000000000000
0x00007000028c2c48:   00007000028c2d50 00007000028c2d60
0x00007000028c2c58:   00007000028c2d00 0000000000000000
0x00007000028c2c68:   0000000000000000 00007fe7aef0ce00
0x00007000028c2c78:   00007fe7b1809e00 00007000028c2cc0
0x00007000028c2c88:   000000010f0a89d1 00007fe7b180a0a8
0x00007000028c2c98:   0000000000000002 00007000028c2d10
0x00007000028c2ca8:   0000000000000000 00007000028c2d00
0x00007000028c2cb8:   000000010f08b38c 00007000028c2d90
0x00007000028c2cc8:   0000000000000007 000000000000000a
0x00007000028c2cd8:   00007fe7aef0ce30 00007000028c2dd8
0x00007000028c2ce8:   0000000000000007 0000000000000013
0x00007000028c2cf8:   00007000028c2d10 00007000028c2dc0
0x00007000028c2d08:   000000010f0b9819 000000010f7356c8
0x00007000028c2d18:   0000000000000101 00007fe7b6b16230
0x00007000028c2d28:   00007fe7aef0cea0 0000001500000013
0x00007000028c2d38:   0000000000000007 0000000000000000
0x00007000028c2d48:   0000000000000000 00000000000001b0
0x00007000028c2d58:   0000000000000000 0000000000000000
0x00007000028c2d68:   0000000000000000 0000000000000000
0x00007000028c2d78:   0000000000000000 0000000000000000
0x00007000028c2d88:   0000000000000000 0000001500000017
0x00007000028c2d98:   0000700001a98748 00007000028c2dd8
0x00007000028c2da8:   00007fe7b6b16230 0000000000000007
0x00007000028c2db8:   00007000028c2e10 00007000028c2e60
0x00007000028c2dc8:   000000010f0876a0 0000000000000000 

Instructions: (pc=0x0000000119899210)
0x0000000119899110:   bf 58 e2 60 0f 01 00 00 00 48 be b9 90 89 19 01
0x0000000119899120:   00 00 00 48 8b d4 48 83 e4 f0 e8 25 3e a7 f5 f4
0x0000000119899130:   49 ba 30 91 89 19 01 00 00 00 41 52 e9 5f 59 ca
0x0000000119899140:   fe f4 f4 f4 f4 f4 f4 f4 00 00 30 00 07 00 00 00
0x0000000119899150:   18 92 83 35 01 00 00 00 d8 b2 83 35 01 00 00 00
0x0000000119899160:   ff 01 00 00 00 01 1a 01 00 00 01 00 d2 03 00 01
0x0000000119899170:   00 0a 00 00 00 01 02 0a 00 00 14 02 00 0a 00 00
0x0000000119899180:   ff ff ff ff 00 00 00 00 00 00 00 00 00 00 00 00
0x0000000119899190:   8c 02 00 00 04 00 00 00 00 00 00 00 00 00 00 00
0x00000001198991a0:   da 02 00 00 0e 00 00 00 00 00 00 00 00 00 00 00
0x00000001198991b0:   fb 02 00 00 1a 00 00 00 00 00 00 00 00 00 00 00
0x00000001198991c0:   e9 03 00 00 00 00 00 00 00 00 00 00 00 00 00 00
0x00000001198991d0:   00 00 00 00 00 00 00 00 00 00 00 00 00 00 00 00
0x00000001198991e0:   00 00 00 00 00 00 00 00 00 00 00 00 00 00 00 00
0x00000001198991f0:   00 00 00 00 00 00 00 00 00 00 00 00 00 00 00 00
0x0000000119899200:   0a 01 00 00 00 00 00 00 00 00 00 00 00 00 00 00
0x0000000119899210:   00 1c 8a 19 01 00 00 00 01 00 00 00 98 84 00 00
0x0000000119899220:   78 01 00 00 0f 00 00 00 08 5e 00 00 42 00 00 00
0x0000000119899230:   00 9a 89 19 01 00 00 00 18 f0 89 19 01 00 00 00
0x0000000119899240:   00 9a 89 19 01 00 00 00 a8 16 8a 19 01 00 00 00
0x0000000119899250:   88 93 89 19 01 00 00 00 f8 99 89 19 01 00 00 00
0x0000000119899260:   01 00 00 00 00 00 00 00 00 00 00 00 00 00 00 00
0x0000000119899270:   00 00 00 00 00 00 00 00 31 d7 60 0f 01 00 00 00
0x0000000119899280:   00 00 00 00 00 10 00 00 00 00 00 00 00 00 00 00
0x0000000119899290:   d0 f1 89 19 01 00 00 00 00 f0 89 19 01 00 00 00
0x00000001198992a0:   00 00 00 00 00 00 00 00 c0 00 8a 19 01 00 00 00
0x00000001198992b0:   b0 00 8a 19 01 00 00 00 a0 00 8a 19 01 00 00 00
0x00000001198992c0:   a0 00 8a 19 01 00 00 00 00 00 00 00 00 00 00 00
0x00000001198992d0:   00 00 00 00 00 00 00 00 00 00 00 00 00 00 00 00
0x00000001198992e0:   ff ff ff ff 00 00 00 00 00 00 00 00 00 00 00 00
0x00000001198992f0:   00 00 00 00 00 00 00 00 00 00 00 00 00 00 00 00
0x0000000119899300:   00 9a 89 19 01 00 00 00 00 9a 89 19 01 00 00 00 


Stack slot to memory mapping:
stack at sp + 0 slots: 0x000000010f07de4c: _ZN17G1CodeBlobClosure12do_code_blobEP8CodeBlob+0x16 in /Library/Java/JavaVirtualMachines/jdk-14-loom-20190902.jdk/Contents/Home/lib/server/libjvm.dylib at 0x000000010ec89000
stack at sp + 1 slots: 0x00007fe7b0a14750 points into unknown readable memory: 35 42 bb 1b 00 00 00 00
stack at sp + 2 slots: 0x00007fe7b5e6e340 points into unknown readable memory: 00 02 00 00 00 00 00 00
stack at sp + 3 slots: 0x00007000028c2c20 points into unknown readable memory: b0 2c 8c 02 00 70 00 00
stack at sp + 4 slots: 0x000000010f07e3ad: _ZN18G1CodeRootSetTable11nmethods_doEP15CodeBlobClosure+0x33 in /Library/Java/JavaVirtualMachines/jdk-14-loom-20190902.jdk/Contents/Home/lib/server/libjvm.dylib at 0x000000010ec89000
stack at sp + 5 slots: 0x00007000028c2d10 points into unknown readable memory: c8 56 73 0f 01 00 00 00
stack at sp + 6 slots: 0x000000000000001b is an unknown value
stack at sp + 7 slots: 0x00007fe7aed1c850 points into unknown readable memory: a0 7a 73 0f 01 00 00 00


---------------  P R O C E S S  ---------------

Threads class SMR info:
_java_thread_list=0x00007fe7b58ce2c0, length=41, elements={
0x00007fe7b1832800, 0x00007fe7b1835800, 0x00007fe7b1834800, 0x00007fe7b1837800,
0x00007fe7b00eb800, 0x00007fe7b1000800, 0x00007fe7b1035800, 0x00007fe7af801000,
0x00007fe7b1b77000, 0x00007fe7af2de000, 0x00007fe7b1baa800, 0x00007fe7b1b63000,
0x00007fe7afd1c000, 0x00007fe7b1461000, 0x00007fe7b03e7000, 0x00007fe7b1e3f800,
0x00007fe7b146d800, 0x00007fe7b04ef800, 0x00007fe7b04f0800, 0x00007fe7b04f1800,
0x00007fe7b221b000, 0x00007fe7afd4c000, 0x00007fe7b1091000, 0x00007fe7b03c5000,
0x00007fe7b1092000, 0x00007fe7b14a5000, 0x00007fe7b1da8800, 0x00007fe7b14a6000,
0x00007fe7afd1c800, 0x00007fe7afbd4800, 0x00007fe7b1b61800, 0x00007fe7b1ac4000,
0x00007fe7b1ac8800, 0x00007fe7b112b800, 0x00007fe7b1039800, 0x00007fe7b024b800,
0x00007fe7b103a000, 0x00007fe7b5013800, 0x00007fe7b13cc000, 0x00007fe7afa55000,
0x00007fe7afa56000
}

Java Threads: ( => current thread )
  0x00007fe7b1832800 JavaThread "Reference Handler" daemon [_thread_blocked, id=15107, stack(0x0000700001a9c000,0x0000700001b9c000)]
  0x00007fe7b1835800 JavaThread "Finalizer" daemon [_thread_blocked, id=17155, stack(0x0000700001b9f000,0x0000700001c9f000)]
  0x00007fe7b1834800 JavaThread "Signal Dispatcher" daemon [_thread_blocked, id=22275, stack(0x0000700001ca2000,0x0000700001da2000)]
  0x00007fe7b1837800 JavaThread "C2 CompilerThread0" daemon [_thread_blocked, id=22531, stack(0x0000700001da5000,0x0000700001ea5000)]
  0x00007fe7b00eb800 JavaThread "C1 CompilerThread0" daemon [_thread_blocked, id=41987, stack(0x0000700001ea8000,0x0000700001fa8000)]
  0x00007fe7b1000800 JavaThread "Sweeper thread" daemon [_thread_blocked, id=41475, stack(0x0000700001fab000,0x00007000020ab000)]
  0x00007fe7b1035800 JavaThread "Service Thread" daemon [_thread_blocked, id=23299, stack(0x00007000020ae000,0x00007000021ae000)]
  0x00007fe7af801000 JavaThread "Common-Cleaner" daemon [_thread_blocked, id=24323, stack(0x00007000022b4000,0x00007000023b4000)]
  0x00007fe7b1b77000 JavaThread "http-nio-8081-BlockPoller" daemon [_thread_in_native, id=39183, stack(0x0000700002acc000,0x0000700002bcc000)]
  0x00007fe7af2de000 JavaThread "Catalina-utility-1" [_thread_blocked, id=38915, stack(0x0000700002bcf000,0x0000700002ccf000)]
  0x00007fe7b1baa800 JavaThread "Catalina-utility-2" [_thread_blocked, id=38659, stack(0x0000700002cd2000,0x0000700002dd2000)]
  0x00007fe7b1b63000 JavaThread "container-0" [_thread_blocked, id=28419, stack(0x0000700002dd5000,0x0000700002ed5000)]
  0x00007fe7afd1c000 JavaThread "spring.cloud.inetutils" daemon [_thread_blocked, id=37891, stack(0x0000700002ed8000,0x0000700002fd8000)]
  0x00007fe7b1461000 JavaThread "HttpClient-1-SelectorManager" daemon [_thread_blocked, id=29187, stack(0x00007000031e1000,0x00007000032e1000)]
  0x00007fe7b03e7000 JavaThread "Eureka-JerseyClient-Conn-Cleaner2" daemon [_thread_blocked, id=36099, stack(0x00007000032e4000,0x00007000033e4000)]
  0x00007fe7b1e3f800 JavaThread "AsyncResolver-bootstrap-0" daemon [_thread_blocked, id=35587, stack(0x00007000033e7000,0x00007000034e7000)]
  0x00007fe7b146d800 JavaThread "DiscoveryClient-0" daemon [_thread_blocked, id=29955, stack(0x00007000034ea000,0x00007000035ea000)]
  0x00007fe7b04ef800 JavaThread "http-nio-8080-BlockPoller" daemon [_thread_in_native, id=30467, stack(0x00007000035ed000,0x00007000036ed000)]
  0x00007fe7b04f0800 JavaThread "http-nio-8080-ClientPoller" daemon [_thread_blocked, id=30723, stack(0x00007000036f0000,0x00007000037f0000)]
  0x00007fe7b04f1800 JavaThread "http-nio-8080-Acceptor" daemon [_thread_in_native, id=31235, stack(0x00007000037f3000,0x00007000038f3000)]
  0x00007fe7b221b000 JavaThread "http-nio-8081-ClientPoller" daemon [_thread_in_native, id=31747, stack(0x00007000038f6000,0x00007000039f6000)]
  0x00007fe7afd4c000 JavaThread "http-nio-8081-Acceptor" daemon [_thread_in_native, id=33539, stack(0x00007000039f9000,0x0000700003af9000)]
  0x00007fe7b1091000 JavaThread "DestroyJavaVM" [_thread_blocked, id=10243, stack(0x0000700001387000,0x0000700001487000)]
  0x00007fe7b03c5000 JavaThread "fiber-carrier-thread-0" [_thread_blocked, id=32515, stack(0x0000700003afc000,0x0000700003bfc000)]
  0x00007fe7b1092000 JavaThread "HttpClient-1-Worker-1" daemon [_thread_blocked, id=86275, stack(0x0000700003f08000,0x0000700004008000)]
  0x00007fe7b14a5000 JavaThread "HttpClient-1-Worker-2" daemon [_thread_blocked, id=85763, stack(0x000070000400b000,0x000070000410b000)]
  0x00007fe7b1da8800 JavaThread "fiber-carrier-thread-1" [_thread_blocked, id=45315, stack(0x000070000410e000,0x000070000420e000)]
  0x00007fe7b14a6000 JavaThread "fiber-carrier-thread-2" [_thread_blocked, id=84995, stack(0x0000700004211000,0x0000700004311000)]
  0x00007fe7afd1c800 JavaThread "fiber-carrier-thread-3" [_thread_blocked, id=84227, stack(0x0000700004314000,0x0000700004414000)]
  0x00007fe7afbd4800 JavaThread "Attach Listener" daemon [_thread_blocked, id=83459, stack(0x0000700004417000,0x0000700004517000)]
  0x00007fe7b1b61800 JavaThread "RMI TCP Accept-0" daemon [_thread_in_native, id=45571, stack(0x000070000451a000,0x000070000461a000)]
  0x00007fe7b1ac4000 JavaThread "RMI TCP Connection(1)-192.168.86.48" daemon [_thread_in_native, id=82435, stack(0x000070000461d000,0x000070000471d000)]
  0x00007fe7b1ac8800 JavaThread "RMI Scheduler(0)" daemon [_thread_blocked, id=46595, stack(0x0000700004720000,0x0000700004820000)]
  0x00007fe7b112b800 JavaThread "JMX server connection timeout 48" daemon [_thread_blocked, id=81923, stack(0x0000700004823000,0x0000700004923000)]
  0x00007fe7b1039800 JavaThread "RMI TCP Connection(2)-192.168.86.48" daemon [_thread_in_native, id=47363, stack(0x0000700004926000,0x0000700004a26000)]
  0x00007fe7b024b800 JavaThread "DiscoveryClient-CacheRefreshExecutor-0" daemon [_thread_blocked, id=47879, stack(0x0000700004a29000,0x0000700004b29000)]
  0x00007fe7b103a000 JavaThread "DiscoveryClient-1" daemon [_thread_blocked, id=80643, stack(0x0000700004b2c000,0x0000700004c2c000)]
  0x00007fe7b5013800 JavaThread "HttpClient-1-Worker-3" daemon [_thread_blocked, id=48387, stack(0x0000700004c2f000,0x0000700004d2f000)]
  0x00007fe7b13cc000 JavaThread "HttpClient-1-Worker-4" daemon [_thread_blocked, id=79879, stack(0x0000700004d32000,0x0000700004e32000)]
  0x00007fe7afa55000 JavaThread "HttpClient-1-Worker-5" daemon [_thread_blocked, id=79363, stack(0x0000700004e35000,0x0000700004f35000)]
  0x00007fe7afa56000 JavaThread "HttpClient-1-Worker-6" daemon [_thread_blocked, id=78595, stack(0x0000700004f38000,0x0000700005038000)]

Other Threads:
  0x00007fe7b00e7000 VMThread "VM Thread" [stack: 0x0000700001999000,0x0000700001a99000] [id=14851]
  0x00007fe7b1036800 WatcherThread [stack: 0x00007000021b1000,0x00007000022b1000] [id=23811]
  0x00007fe7b1831800 GCTaskThread "GC Thread#0" [stack: 0x000070000148a000,0x000070000158a000] [id=12291]
  0x00007fe7b1a99800 GCTaskThread "GC Thread#1" [stack: 0x00007000024ba000,0x00007000025ba000] [id=25347]
  0x00007fe7b1a9a800 GCTaskThread "GC Thread#2" [stack: 0x00007000025bd000,0x00007000026bd000] [id=25603]
  0x00007fe7b20a6000 GCTaskThread "GC Thread#3" [stack: 0x00007000026c0000,0x00007000027c0000] [id=40195]
=>0x00007fe7b20a6800 GCTaskThread "GC Thread#4" [stack: 0x00007000027c3000,0x00007000028c3000] [id=26115]
  0x00007fe7afbdb000 GCTaskThread "GC Thread#5" [stack: 0x00007000028c6000,0x00007000029c6000] [id=26627]
  0x00007fe7b1462800 GCTaskThread "GC Thread#6" [stack: 0x0000700002fdb000,0x00007000030db000] [id=28931]
  0x00007fe7b220c000 GCTaskThread "GC Thread#7" [stack: 0x00007000030de000,0x00007000031de000] [id=37123]
  0x00007fe7b1463800 GCTaskThread "GC Thread#8" [stack: 0x0000700003bff000,0x0000700003cff000] [id=33027]
  0x00007fe7b1801000 GCTaskThread "GC Thread#9" [stack: 0x0000700003d02000,0x0000700003e02000] [id=87043]
  0x00007fe7b001f800 ConcurrentGCThread "G1 Main Marker" [stack: 0x000070000158d000,0x000070000168d000] [id=20483]
  0x00007fe7b0020800 ConcurrentGCThread "G1 Conc#0" [stack: 0x0000700001690000,0x0000700001790000] [id=13059]
  0x00007fe7b1137800 ConcurrentGCThread "G1 Conc#1" [stack: 0x00007000023b7000,0x00007000024b7000] [id=25095]
  0x00007fe7b20e5000 ConcurrentGCThread "G1 Conc#2" [stack: 0x00007000029c9000,0x0000700002ac9000] [id=24839]
  0x00007fe7b00c9000 ConcurrentGCThread "G1 Refine#0" [stack: 0x0000700001793000,0x0000700001893000] [id=19715]
  0x00007fe7b00ca000 ConcurrentGCThread "G1 Young RemSet Sampling" [stack: 0x0000700001896000,0x0000700001996000] [id=13827]

Threads with active compile tasks:
C2 CompilerThread0   115817 9700   !   4       org.springframework.web.servlet.mvc.condition.ProducesRequestCondition::getMatchingCondition (95 bytes)

VM state:at safepoint (normal execution)

VM Mutex/Monitor currently owned by a thread:  ([mutex/lock_event])
[0x00007fe7aed09cb0] Threads_lock - owner thread: 0x00007fe7b00e7000
[0x00007fe7aed0adb0] Heap_lock - owner thread: 0x00007fe7afd1c800

Heap address: 0x0000000700000000, size: 4096 MB, Compressed Oops mode: Zero based, Oop shift amount: 3
Narrow klass base: 0x0000000800000000, Narrow klass shift: 3
Compressed class space size: 1073741824 Address: 0x0000000800b47000

Heap:
 garbage-first heap   total 71680K, used 39152K [0x0000000700000000, 0x0000000800000000)
  region size 1024K, 2 young (2048K), 1 survivors (1024K)
 Metaspace       used 53276K, capacity 54703K, committed 55040K, reserved 1097728K
  class space    used 6262K, capacity 6789K, committed 6912K, reserved 1048576K
Heap Regions: E=young(eden), S=young(survivor), O=old, HS=humongous(starts), HC=humongous(continues), CS=collection set, F=free, A=archive, TAMS=top-at-mark-start (previous, next)
|   0|0x0000000700000000, 0x0000000700100000, 0x0000000700100000|100%| O|  |TAMS 0x0000000700100000, 0x0000000700000000| Untracked 
|   1|0x0000000700100000, 0x0000000700200000, 0x0000000700200000|100%| O|  |TAMS 0x0000000700200000, 0x0000000700100000| Untracked 
|   2|0x0000000700200000, 0x0000000700300000, 0x0000000700300000|100%| O|  |TAMS 0x00000007002f1200, 0x0000000700200000| Untracked 
|   3|0x0000000700300000, 0x0000000700400000, 0x0000000700400000|100%| O|  |TAMS 0x0000000700400000, 0x0000000700300000| Untracked 
|   4|0x0000000700400000, 0x0000000700500000, 0x0000000700500000|100%| O|  |TAMS 0x0000000700500000, 0x0000000700400000| Untracked 
|   5|0x0000000700500000, 0x0000000700600000, 0x0000000700600000|100%| O|  |TAMS 0x0000000700600000, 0x0000000700500000| Untracked 
|   6|0x0000000700600000, 0x0000000700700000, 0x0000000700700000|100%| O|  |TAMS 0x0000000700600000, 0x0000000700600000| Untracked 
|   7|0x0000000700700000, 0x0000000700800000, 0x0000000700800000|100%| O|  |TAMS 0x0000000700800000, 0x0000000700700000| Untracked 
|   8|0x0000000700800000, 0x0000000700900000, 0x0000000700900000|100%| O|  |TAMS 0x0000000700900000, 0x0000000700800000| Untracked 
|   9|0x0000000700900000, 0x0000000700a00000, 0x0000000700a00000|100%| O|  |TAMS 0x0000000700a00000, 0x0000000700900000| Untracked 
|  10|0x0000000700a00000, 0x0000000700b00000, 0x0000000700b00000|100%| O|  |TAMS 0x0000000700b00000, 0x0000000700a00000| Complete 
|  11|0x0000000700b00000, 0x0000000700c00000, 0x0000000700c00000|100%| O|  |TAMS 0x0000000700b00000, 0x0000000700b00000| Untracked 
|  12|0x0000000700c00000, 0x0000000700d00000, 0x0000000700d00000|100%| O|  |TAMS 0x0000000700c00000, 0x0000000700c00000| Untracked 
|  13|0x0000000700d00000, 0x0000000700e00000, 0x0000000700e00000|100%| O|  |TAMS 0x0000000700e00000, 0x0000000700d00000| Untracked 
|  14|0x0000000700e00000, 0x0000000700f00000, 0x0000000700f00000|100%| O|  |TAMS 0x0000000700f00000, 0x0000000700e00000| Untracked 
|  15|0x0000000700f00000, 0x0000000701000000, 0x0000000701000000|100%| O|  |TAMS 0x0000000701000000, 0x0000000700f00000| Untracked 
|  16|0x0000000701000000, 0x0000000701100000, 0x0000000701100000|100%| O|  |TAMS 0x0000000701100000, 0x0000000701000000| Complete 
|  17|0x0000000701100000, 0x0000000701200000, 0x0000000701200000|100%| O|  |TAMS 0x0000000701200000, 0x0000000701100000| Complete 
|  18|0x0000000701200000, 0x0000000701300000, 0x0000000701300000|100%| O|  |TAMS 0x0000000701300000, 0x0000000701200000| Complete 
|  19|0x0000000701300000, 0x0000000701400000, 0x0000000701400000|100%| O|CS|TAMS 0x0000000701400000, 0x0000000701300000| Complete 
|  20|0x0000000701400000, 0x0000000701500000, 0x0000000701500000|100%| O|  |TAMS 0x0000000701500000, 0x0000000701400000| Complete 
|  21|0x0000000701500000, 0x0000000701600000, 0x0000000701600000|100%| O|CS|TAMS 0x0000000701600000, 0x0000000701500000| Complete 
|  22|0x0000000701600000, 0x0000000701700000, 0x0000000701700000|100%| O|  |TAMS 0x0000000701600000, 0x0000000701600000| Untracked 
|  23|0x0000000701700000, 0x0000000701800000, 0x0000000701800000|100%| O|  |TAMS 0x0000000701800000, 0x0000000701700000| Untracked 
|  24|0x0000000701800000, 0x0000000701900000, 0x0000000701900000|100%| O|  |TAMS 0x0000000701900000, 0x0000000701800000| Untracked 
|  25|0x0000000701900000, 0x0000000701a00000, 0x0000000701a00000|100%| O|  |TAMS 0x0000000701a00000, 0x0000000701900000| Complete 
|  26|0x0000000701a00000, 0x0000000701b00000, 0x0000000701b00000|100%| O|  |TAMS 0x0000000701b00000, 0x0000000701a00000| Complete 
|  27|0x0000000701b00000, 0x0000000701c00000, 0x0000000701c00000|100%| O|CS|TAMS 0x0000000701c00000, 0x0000000701b00000| Complete 
|  28|0x0000000701c00000, 0x0000000701d00000, 0x0000000701d00000|100%| O|  |TAMS 0x0000000701c00000, 0x0000000701c00000| Untracked 
|  29|0x0000000701d00000, 0x0000000701d59598, 0x0000000701e00000| 34%| O|  |TAMS 0x0000000701d00000, 0x0000000701d00000| Untracked 
|  30|0x0000000701e00000, 0x0000000701f00000, 0x0000000701f00000|100%| O|CS|TAMS 0x0000000701f00000, 0x0000000701e00000| Complete 
|  31|0x0000000701f00000, 0x0000000702000000, 0x0000000702000000|100%| O|  |TAMS 0x0000000702000000, 0x0000000701f00000| Complete 
|  32|0x0000000702000000, 0x0000000702100000, 0x0000000702100000|100%| O|  |TAMS 0x0000000702100000, 0x0000000702000000| Untracked 
|  33|0x0000000702100000, 0x0000000702200000, 0x0000000702200000|100%| O|CS|TAMS 0x0000000702200000, 0x0000000702100000| Complete 
|  34|0x0000000702200000, 0x0000000702300000, 0x0000000702300000|100%| O|  |TAMS 0x0000000702300000, 0x0000000702200000| Untracked 
|  35|0x0000000702300000, 0x0000000702400000, 0x0000000702400000|100%| O|CS|TAMS 0x0000000702400000, 0x0000000702300000| Complete 
|  36|0x0000000702400000, 0x0000000702500000, 0x0000000702500000|100%| O|  |TAMS 0x0000000702500000, 0x0000000702400000| Untracked 
|  37|0x0000000702500000, 0x0000000702600000, 0x0000000702600000|100%| O|  |TAMS 0x0000000702600000, 0x0000000702500000| Untracked 
|  38|0x0000000702600000, 0x0000000702700000, 0x0000000702700000|100%| O|  |TAMS 0x0000000702700000, 0x0000000702600000| Untracked 
|  39|0x0000000702700000, 0x0000000702800000, 0x0000000702800000|100%| O|CS|TAMS 0x0000000702800000, 0x0000000702700000| Complete 
|  40|0x0000000702800000, 0x0000000702900000, 0x0000000702900000|100%| O|  |TAMS 0x0000000702900000, 0x0000000702800000| Complete 
|  41|0x0000000702900000, 0x0000000702900000, 0x0000000702a00000|  0%| F|  |TAMS 0x0000000702900000, 0x0000000702900000| Untracked 
|  42|0x0000000702a00000, 0x0000000702a00000, 0x0000000702b00000|  0%| F|  |TAMS 0x0000000702a00000, 0x0000000702a00000| Untracked 
|  43|0x0000000702b00000, 0x0000000702b00000, 0x0000000702c00000|  0%| F|  |TAMS 0x0000000702b00000, 0x0000000702b00000| Untracked 
|  44|0x0000000702c00000, 0x0000000702c891f0, 0x0000000702d00000| 53%| E|CS|TAMS 0x0000000702c00000, 0x0000000702c00000| Complete 
|  45|0x0000000702d00000, 0x0000000702d00000, 0x0000000702e00000|  0%| F|  |TAMS 0x0000000702d00000, 0x0000000702d00000| Untracked 
|  46|0x0000000702e00000, 0x0000000702f00000, 0x0000000702f00000|100%| E|CS|TAMS 0x0000000702e00000, 0x0000000702e00000| Complete 
|  47|0x0000000702f00000, 0x0000000702f00000, 0x0000000703000000|  0%| F|  |TAMS 0x0000000702f00000, 0x0000000702f00000| Untracked 
|  48|0x0000000703000000, 0x0000000703000000, 0x0000000703100000|  0%| F|  |TAMS 0x0000000703000000, 0x0000000703000000| Untracked 
|  49|0x0000000703100000, 0x0000000703100000, 0x0000000703200000|  0%| F|  |TAMS 0x0000000703100000, 0x0000000703100000| Untracked 
|  50|0x0000000703200000, 0x0000000703200000, 0x0000000703300000|  0%| F|  |TAMS 0x0000000703200000, 0x0000000703200000| Untracked 
|  51|0x0000000703300000, 0x0000000703300000, 0x0000000703400000|  0%| F|  |TAMS 0x0000000703300000, 0x0000000703300000| Untracked 
|  52|0x0000000703400000, 0x0000000703400000, 0x0000000703500000|  0%| F|  |TAMS 0x0000000703400000, 0x0000000703400000| Untracked 
|  53|0x0000000703500000, 0x0000000703500000, 0x0000000703600000|  0%| F|  |TAMS 0x0000000703500000, 0x0000000703500000| Untracked 
|  54|0x0000000703600000, 0x0000000703600000, 0x0000000703700000|  0%| F|  |TAMS 0x0000000703600000, 0x0000000703600000| Untracked 
|  55|0x0000000703700000, 0x0000000703700000, 0x0000000703800000|  0%| F|  |TAMS 0x0000000703700000, 0x0000000703700000| Untracked 
|  56|0x0000000703800000, 0x0000000703800000, 0x0000000703900000|  0%| F|  |TAMS 0x0000000703800000, 0x0000000703800000| Untracked 
|  57|0x0000000703900000, 0x0000000703900000, 0x0000000703a00000|  0%| F|  |TAMS 0x0000000703900000, 0x0000000703900000| Untracked 
|  58|0x0000000703a00000, 0x0000000703a00000, 0x0000000703b00000|  0%| F|  |TAMS 0x0000000703a00000, 0x0000000703a00000| Untracked 
|  59|0x0000000703b00000, 0x0000000703b00000, 0x0000000703c00000|  0%| F|  |TAMS 0x0000000703b00000, 0x0000000703b00000| Untracked 
|  84|0x0000000705400000, 0x0000000705400000, 0x0000000705500000|  0%| F|  |TAMS 0x0000000705400000, 0x0000000705400000| Untracked 
|  85|0x0000000705500000, 0x0000000705500000, 0x0000000705600000|  0%| F|  |TAMS 0x0000000705500000, 0x0000000705500000| Untracked 
|  86|0x0000000705600000, 0x0000000705600000, 0x0000000705700000|  0%| F|  |TAMS 0x0000000705600000, 0x0000000705600000| Untracked 
|  87|0x0000000705700000, 0x0000000705700000, 0x0000000705800000|  0%| F|  |TAMS 0x0000000705700000, 0x0000000705700000| Untracked 
|  88|0x0000000705800000, 0x0000000705800000, 0x0000000705900000|  0%| F|  |TAMS 0x0000000705800000, 0x0000000705800000| Untracked 
|  89|0x0000000705900000, 0x0000000705900000, 0x0000000705a00000|  0%| F|  |TAMS 0x0000000705900000, 0x0000000705900000| Untracked 
|  90|0x0000000705a00000, 0x0000000705a50950, 0x0000000705b00000| 31%| S|  |TAMS 0x0000000705a00000, 0x0000000705a00000| Complete 
| 255|0x000000070ff00000, 0x0000000710000000, 0x0000000710000000|100%| E|CS|TAMS 0x000000070ff00000, 0x000000070ff00000| Complete 
|3070|0x00000007bfe00000, 0x00000007bfe49000, 0x00000007bff00000| 28%|OA|  |TAMS 0x00000007bfe49000, 0x00000007bfe00000| Untracked 
|3071|0x00000007bff00000, 0x00000007bff79000, 0x00000007c0000000| 47%|CA|  |TAMS 0x00000007bff79000, 0x00000007bff00000| Untracked 

Card table byte_map: [0x0000000127cea000,0x00000001284ea000] _byte_map_base: 0x00000001244ea000

Marking Bits (Prev, Next): (CMBitMap*) 0x00007fe7b000f018, (CMBitMap*) 0x00007fe7b000f058
 Prev Bits: [0x0000000128cea000, 0x000000012ccea000)
 Next Bits: [0x000000012ccea000, 0x0000000130cea000)

Polling page: 0x000000010c699000

Metaspace:

Usage:
  Non-class:     46.79 MB capacity,    45.91 MB ( 98%) used,   721.29 KB (  2%) free+waste,   178.38 KB ( <1%) overhead. 
      Class:      6.63 MB capacity,     6.12 MB ( 92%) used,   448.82 KB (  7%) free+waste,    77.94 KB (  1%) overhead. 
       Both:     53.42 MB capacity,    52.03 MB ( 97%) used,     1.14 MB (  2%) free+waste,   256.31 KB ( <1%) overhead. 

Virtual space:
  Non-class space:       48.00 MB reserved,      47.00 MB ( 98%) committed 
      Class space:        1.00 GB reserved,       6.75 MB ( <1%) committed 
             Both:        1.05 GB reserved,      53.75 MB (  5%) committed 

Chunk freelists:
   Non-Class:  62.00 KB
       Class:  0 bytes
        Both:  62.00 KB

MaxMetaspaceSize: unlimited
CompressedClassSpaceSize: 1.00 GB

CodeHeap 'non-profiled nmethods': size=120032Kb used=5635Kb max_used=5635Kb free=114396Kb
 bounds [0x000000011ffb2000, 0x0000000120542000, 0x00000001274ea000]
CodeHeap 'profiled nmethods': size=120028Kb used=15319Kb max_used=19680Kb free=104708Kb
 bounds [0x0000000118a7b000, 0x0000000119e1b000, 0x000000011ffb2000]
CodeHeap 'non-nmethods': size=5700Kb used=1426Kb max_used=1462Kb free=4273Kb
 bounds [0x00000001184ea000, 0x000000011875a000, 0x0000000118a7b000]
 total_blobs=14190 nmethods=7547 adapters=472
 compilation: enabled
              stopped_count=0, restarted_count=0
 full_count=0

Compilation events (20 events):
Event: 113.246 Thread 0x00007fe7b00eb800 nmethod 9689 0x0000000118c6a310 code [0x0000000118c6a540, 0x0000000118c6aa38]
Event: 113.462 Thread 0x00007fe7b1837800 9691       4       java.lang.FiberScope::afterTask (7 bytes)
Event: 113.462 Thread 0x00007fe7b1837800 nmethod 9691 0x0000000120530210 code [0x00000001205303a0, 0x0000000120530418]
Event: 113.734 Thread 0x00007fe7b1837800 9692       4       java.util.concurrent.locks.LockSupport::getThreadId (11 bytes)
Event: 113.735 Thread 0x00007fe7b1837800 nmethod 9692 0x0000000120530510 code [0x00000001205306a0, 0x00000001205306d8]
Event: 113.756 Thread 0x00007fe7b00eb800 9693   !   3       jdk.internal.reflect.GeneratedMethodAccessor79::invoke (83 bytes)
Event: 113.757 Thread 0x00007fe7b00eb800 nmethod 9693 0x00000001192b9e10 code [0x00000001192ba060, 0x00000001192babb8]
Event: 114.306 Thread 0x00007fe7b1837800 9694       4       java.nio.channels.SelectionKey::isWritable (15 bytes)
Event: 114.306 Thread 0x00007fe7b1837800 nmethod 9694 0x0000000120530810 code [0x00000001205309a0, 0x0000000120530a58]
Event: 114.506 Thread 0x00007fe7b00eb800 9695       3       java.util.concurrent.locks.AbstractQueuedSynchronizer::enq (37 bytes)
Event: 114.507 Thread 0x00007fe7b00eb800 nmethod 9695 0x00000001198d4910 code [0x00000001198d4d40, 0x00000001198d6c48]
Event: 115.636 Thread 0x00007fe7b1837800 9696       4       org.apache.tomcat.util.buf.MessageBytes::setCharset (9 bytes)
Event: 115.638 Thread 0x00007fe7b1837800 nmethod 9696 0x0000000120530b10 code [0x0000000120530ca0, 0x0000000120530e18]
Event: 115.713 Thread 0x00007fe7b00eb800 9697       3       sun.nio.ch.IOVecWrapper$Deallocator::run (8 bytes)
Event: 115.713 Thread 0x00007fe7b00eb800 nmethod 9697 0x0000000118cb2890 code [0x0000000118cb2aa0, 0x0000000118cb3118]
Event: 115.760 Thread 0x00007fe7b00eb800 9699   !   3       jdk.internal.reflect.GeneratedMethodAccessor80::invoke (61 bytes)
Event: 115.761 Thread 0x00007fe7b00eb800 nmethod 9699 0x0000000118cf1690 code [0x0000000118cf18e0, 0x0000000118cf20d8]
Event: 115.784 Thread 0x00007fe7b1837800 9701       4       org.springframework.web.servlet.mvc.condition.PatternsRequestCondition::getMatchingCondition (71 bytes)
Event: 115.798 Thread 0x00007fe7b1837800 nmethod 9701 0x0000000120531310 code [0x0000000120531600, 0x0000000120532180]
Event: 115.798 Thread 0x00007fe7b1837800 9700   !   4       org.springframework.web.servlet.mvc.condition.ProducesRequestCondition::getMatchingCondition (95 bytes)

GC Heap History (20 events):
Event: 95.500 GC heap after
{Heap after GC invocations=47 (full 0):
 garbage-first heap   total 71680K, used 37686K [0x0000000700000000, 0x0000000800000000)
  region size 1024K, 2 young (2048K), 2 survivors (2048K)
 Metaspace       used 53217K, capacity 54631K, committed 55040K, reserved 1097728K
  class space    used 6260K, capacity 6787K, committed 6912K, reserved 1048576K
}
Event: 97.883 GC heap before
{Heap before GC invocations=47 (full 0):
 garbage-first heap   total 71680K, used 57142K [0x0000000700000000, 0x0000000800000000)
  region size 1024K, 21 young (21504K), 2 survivors (2048K)
 Metaspace       used 53222K, capacity 54631K, committed 55040K, reserved 1097728K
  class space    used 6260K, capacity 6787K, committed 6912K, reserved 1048576K
}
Event: 97.884 GC heap after
{Heap after GC invocations=48 (full 0):
 garbage-first heap   total 71680K, used 38048K [0x0000000700000000, 0x0000000800000000)
  region size 1024K, 2 young (2048K), 2 survivors (2048K)
 Metaspace       used 53222K, capacity 54631K, committed 55040K, reserved 1097728K
  class space    used 6260K, capacity 6787K, committed 6912K, reserved 1048576K
}
Event: 100.242 GC heap before
{Heap before GC invocations=49 (full 0):
 garbage-first heap   total 71680K, used 56480K [0x0000000700000000, 0x0000000800000000)
  region size 1024K, 21 young (21504K), 2 survivors (2048K)
 Metaspace       used 53231K, capacity 54637K, committed 55040K, reserved 1097728K
  class space    used 6262K, capacity 6789K, committed 6912K, reserved 1048576K
}
Event: 100.244 GC heap after
{Heap after GC invocations=50 (full 0):
 garbage-first heap   total 71680K, used 38334K [0x0000000700000000, 0x0000000800000000)
  region size 1024K, 2 young (2048K), 2 survivors (2048K)
 Metaspace       used 53231K, capacity 54637K, committed 55040K, reserved 1097728K
  class space    used 6262K, capacity 6789K, committed 6912K, reserved 1048576K
}
Event: 100.367 GC heap before
{Heap before GC invocations=50 (full 0):
 garbage-first heap   total 71680K, used 39358K [0x0000000700000000, 0x0000000800000000)
  region size 1024K, 3 young (3072K), 2 survivors (2048K)
 Metaspace       used 53231K, capacity 54637K, committed 55040K, reserved 1097728K
  class space    used 6262K, capacity 6789K, committed 6912K, reserved 1048576K
}
Event: 100.371 GC heap after
{Heap after GC invocations=51 (full 0):
 garbage-first heap   total 71680K, used 35516K [0x0000000700000000, 0x0000000800000000)
  region size 1024K, 1 young (1024K), 1 survivors (1024K)
 Metaspace       used 53231K, capacity 54637K, committed 55040K, reserved 1097728K
  class space    used 6262K, capacity 6789K, committed 6912K, reserved 1048576K
}
Event: 102.987 GC heap before
{Heap before GC invocations=51 (full 0):
 garbage-first heap   total 71680K, used 57020K [0x0000000700000000, 0x0000000800000000)
  region size 1024K, 22 young (22528K), 1 survivors (1024K)
 Metaspace       used 53240K, capacity 54637K, committed 55040K, reserved 1097728K
  class space    used 6262K, capacity 6789K, committed 6912K, reserved 1048576K
}
Event: 102.990 GC heap after
{Heap after GC invocations=52 (full 0):
 garbage-first heap   total 71680K, used 36710K [0x0000000700000000, 0x0000000800000000)
  region size 1024K, 2 young (2048K), 2 survivors (2048K)
 Metaspace       used 53240K, capacity 54637K, committed 55040K, reserved 1097728K
  class space    used 6262K, capacity 6789K, committed 6912K, reserved 1048576K
}
Event: 105.465 GC heap before
{Heap before GC invocations=53 (full 0):
 garbage-first heap   total 71680K, used 56166K [0x0000000700000000, 0x0000000800000000)
  region size 1024K, 22 young (22528K), 2 survivors (2048K)
 Metaspace       used 53256K, capacity 54701K, committed 55040K, reserved 1097728K
  class space    used 6262K, capacity 6789K, committed 6912K, reserved 1048576K
}
Event: 105.467 GC heap after
{Heap after GC invocations=54 (full 0):
 garbage-first heap   total 71680K, used 37486K [0x0000000700000000, 0x0000000800000000)
  region size 1024K, 3 young (3072K), 3 survivors (3072K)
 Metaspace       used 53256K, capacity 54701K, committed 55040K, reserved 1097728K
  class space    used 6262K, capacity 6789K, committed 6912K, reserved 1048576K
}
Event: 107.901 GC heap before
{Heap before GC invocations=54 (full 0):
 garbage-first heap   total 71680K, used 56942K [0x0000000700000000, 0x0000000800000000)
  region size 1024K, 22 young (22528K), 3 survivors (3072K)
 Metaspace       used 53256K, capacity 54701K, committed 55040K, reserved 1097728K
  class space    used 6262K, capacity 6789K, committed 6912K, reserved 1048576K
}
Event: 107.903 GC heap after
{Heap after GC invocations=55 (full 0):
 garbage-first heap   total 71680K, used 37942K [0x0000000700000000, 0x0000000800000000)
  region size 1024K, 2 young (2048K), 2 survivors (2048K)
 Metaspace       used 53256K, capacity 54701K, committed 55040K, reserved 1097728K
  class space    used 6262K, capacity 6789K, committed 6912K, reserved 1048576K
}
Event: 110.495 GC heap before
{Heap before GC invocations=56 (full 0):
 garbage-first heap   total 71680K, used 57398K [0x0000000700000000, 0x0000000800000000)
  region size 1024K, 22 young (22528K), 2 survivors (2048K)
 Metaspace       used 53263K, capacity 54701K, committed 55040K, reserved 1097728K
  class space    used 6262K, capacity 6789K, committed 6912K, reserved 1048576K
}
Event: 110.497 GC heap after
{Heap after GC invocations=57 (full 0):
 garbage-first heap   total 71680K, used 37986K [0x0000000700000000, 0x0000000800000000)
  region size 1024K, 2 young (2048K), 2 survivors (2048K)
 Metaspace       used 53263K, capacity 54701K, committed 55040K, reserved 1097728K
  class space    used 6262K, capacity 6789K, committed 6912K, reserved 1048576K
}
Event: 113.115 GC heap before
{Heap before GC invocations=57 (full 0):
 garbage-first heap   total 71680K, used 58466K [0x0000000700000000, 0x0000000800000000)
  region size 1024K, 22 young (22528K), 2 survivors (2048K)
 Metaspace       used 53268K, capacity 54701K, committed 55040K, reserved 1097728K
  class space    used 6262K, capacity 6789K, committed 6912K, reserved 1048576K
}
Event: 113.117 GC heap after
{Heap after GC invocations=58 (full 0):
 garbage-first heap   total 71680K, used 38135K [0x0000000700000000, 0x0000000800000000)
  region size 1024K, 2 young (2048K), 2 survivors (2048K)
 Metaspace       used 53268K, capacity 54701K, committed 55040K, reserved 1097728K
  class space    used 6262K, capacity 6789K, committed 6912K, reserved 1048576K
}
Event: 115.712 GC heap before
{Heap before GC invocations=59 (full 0):
 garbage-first heap   total 71680K, used 58615K [0x0000000700000000, 0x0000000800000000)
  region size 1024K, 22 young (22528K), 2 survivors (2048K)
 Metaspace       used 53275K, capacity 54702K, committed 55040K, reserved 1097728K
  class space    used 6262K, capacity 6789K, committed 6912K, reserved 1048576K
}
Event: 115.713 GC heap after
{Heap after GC invocations=60 (full 0):
 garbage-first heap   total 71680K, used 38128K [0x0000000700000000, 0x0000000800000000)
  region size 1024K, 2 young (2048K), 2 survivors (2048K)
 Metaspace       used 53275K, capacity 54702K, committed 55040K, reserved 1097728K
  class space    used 6262K, capacity 6789K, committed 6912K, reserved 1048576K
}
Event: 115.804 GC heap before
{Heap before GC invocations=60 (full 0):
 garbage-first heap   total 71680K, used 39152K [0x0000000700000000, 0x0000000800000000)
  region size 1024K, 3 young (3072K), 2 survivors (2048K)
 Metaspace       used 53276K, capacity 54703K, committed 55040K, reserved 1097728K
  class space    used 6262K, capacity 6789K, committed 6912K, reserved 1048576K
}

Deoptimization events (20 events):
Event: 110.588 Thread 0x00007fe7afd4a800 Uncommon trap: trap_request=0xffffff45 fr.pc=0x0000000120287800 relative=0x0000000000000920
Event: 110.588 Thread 0x00007fe7afd4a800 Uncommon trap: reason=unstable_if action=reinterpret pc=0x0000000120287800 method=java.util.concurrent.SynchronousQueue$TransferStack.transfer(Ljava/lang/Object;ZJ)Ljava/lang/Object; @ 111 c2
Event: 110.588 Thread 0x00007fe7afd4a800 DEOPT PACKING pc=0x0000000120287800 sp=0x0000700003f04770
Event: 110.588 Thread 0x00007fe7afd4a800 DEOPT UNPACKING pc=0x000000011853e83b sp=0x0000700003f04728 mode 2
Event: 110.588 Thread 0x00007fe7afd4a800 Uncommon trap: trap_request=0xffffff45 fr.pc=0x00000001202ee810 relative=0x0000000000000070
Event: 110.588 Thread 0x00007fe7afd4a800 Uncommon trap: reason=unstable_if action=reinterpret pc=0x00000001202ee810 method=java.util.concurrent.SynchronousQueue$TransferStack$SNode.isCancelled()Z @ 5 c2
Event: 110.588 Thread 0x00007fe7afd4a800 DEOPT PACKING pc=0x00000001202ee810 sp=0x0000700003f04680
Event: 110.588 Thread 0x00007fe7afd4a800 DEOPT UNPACKING pc=0x000000011853e83b sp=0x0000700003f04638 mode 2
Event: 110.588 Thread 0x00007fe7afd4a800 Uncommon trap: trap_request=0xffffffde fr.pc=0x000000012046d60c relative=0x000000000000044c
Event: 110.588 Thread 0x00007fe7afd4a800 Uncommon trap: reason=class_check action=maybe_recompile pc=0x000000012046d60c method=java.util.Collections$SetFromMap.iterator()Ljava/util/Iterator; @ 4 c2
Event: 110.588 Thread 0x00007fe7afd4a800 DEOPT PACKING pc=0x000000012046d60c sp=0x0000700003f049a0
Event: 110.588 Thread 0x00007fe7afd4a800 DEOPT UNPACKING pc=0x000000011853e83b sp=0x0000700003f04970 mode 2
Event: 112.246 Thread 0x00007fe7b1461000 DEOPT PACKING pc=0x0000000119e08171 sp=0x00007000032e0770
Event: 112.246 Thread 0x00007fe7b1461000 DEOPT UNPACKING pc=0x000000011853ed30 sp=0x00007000032dfe98 mode 0
Event: 112.751 Thread 0x00007fe7b1039800 DEOPT PACKING pc=0x00000001196fb998 sp=0x0000700004a24820
Event: 112.752 Thread 0x00007fe7b1039800 DEOPT UNPACKING pc=0x000000011853ed30 sp=0x0000700004a23da0 mode 0
Event: 113.916 Thread 0x00007fe7b1092000 Uncommon trap: trap_request=0xffffff45 fr.pc=0x0000000120396194 relative=0x00000000000001d4
Event: 113.916 Thread 0x00007fe7b1092000 Uncommon trap: reason=unstable_if action=reinterpret pc=0x0000000120396194 method=java.util.concurrent.locks.AbstractQueuedSynchronizer.enq(Ljava/util/concurrent/locks/AbstractQueuedSynchronizer$Node;)Ljava/util/concurrent/locks/AbstractQueuedSynchronizer
Event: 113.916 Thread 0x00007fe7b1092000 DEOPT PACKING pc=0x0000000120396194 sp=0x00007000040073e0
Event: 113.916 Thread 0x00007fe7b1092000 DEOPT UNPACKING pc=0x000000011853e83b sp=0x0000700004007398 mode 2

Classes unloaded (1 events):
Event: 2.228 Thread 0x00007fe7b00e7000 Unloading class 0x0000000800bf7440 'org/springframework/core/GenericTypeResolver$$Lambda$48'

Classes redefined (0 events):
No events

Internal exceptions (20 events):
Event: 9.093 Thread 0x00007fe7b04f0800 Exception <a 'java/lang/NoSuchMethodError'{0x000000070230a2b0}: 'void java.lang.invoke.DirectMethodHandle$Holder.invokeStaticInit(java.lang.Object, java.lang.Object, java.lang.Object)'> (0x000000070230a2b0) 
thrown [/Users/jigga/projects/openjdk/loom/src/hotspot/share/interpreter/linkResolver.cpp, line 767]
Event: 9.167 Thread 0x00007fe7b03c5000 Exception <a 'java/lang/NoSuchMethodError'{0x00000007058f16c8}: 'void java.lang.invoke.DirectMethodHandle$Holder.invokeStatic(java.lang.Object, java.lang.Object, java.lang.Object, java.lang.Object, java.lang.Object, java.lang.Object, java.lang.Object)'> (0x00000007058f16c8) 
thrown [/Users/jigga/projects/openjdk/loom/src/hotspot/share/interpreter/linkResolver.cpp, line 767]
Event: 9.180 Thread 0x00007fe7b03c5000 Implicit null exception at 0x000000012017a557 to 0x000000012017a63e
Event: 9.192 Thread 0x00007fe7b1461000 Exception <a 'java/lang/NoSuchMethodError'{0x0000000705732010}: 'void java.lang.invoke.DirectMethodHandle$Holder.invokeStatic(java.lang.Object, java.lang.Object, int)'> (0x0000000705732010) 
thrown [/Users/jigga/projects/openjdk/loom/src/hotspot/share/interpreter/linkResolver.cpp, line 767]
Event: 9.888 Thread 0x00007fe7afd4a800 Exception <a 'java/lang/NoSuchMethodError'{0x000000070568aa08}: 'java.lang.Object java.lang.invoke.DirectMethodHandle$Holder.invokeStatic(java.lang.Object, java.lang.Object, long, java.lang.Object, java.lang.Object, java.lang.Object)'> (0x000000070568aa08) 
thrown [/Users/jigga/projects/openjdk/loom/src/hotspot/share/interpreter/linkResolver.cpp, line 767]
Event: 9.888 Thread 0x00007fe7afd4a800 Exception <a 'java/lang/NoSuchMethodError'{0x00000007056913d0}: 'java.lang.Object java.lang.invoke.Invokers$Holder.linkToTargetMethod(java.lang.Object, long, java.lang.Object, java.lang.Object, java.lang.Object, java.lang.Object)'> (0x00000007056913d0) 
thrown [/Users/jigga/projects/openjdk/loom/src/hotspot/share/interpreter/linkResolver.cpp, line 767]
Event: 24.439 Thread 0x00007fe7afbd4800 Exception <a 'java/lang/ClassNotFoundException'{0x0000000703be8260}: javax/management/remote/rmi/RMIServerImpl_Skel> (0x0000000703be8260) 
thrown [/Users/jigga/projects/openjdk/loom/src/hotspot/share/classfile/systemDictionary.cpp, line 232]
Event: 24.460 Thread 0x00007fe7b1ac4000 Exception <a 'java/lang/NoSuchMethodError'{0x0000000703a880d0}: static [B.<clinit>()V> (0x0000000703a880d0) 
thrown [/Users/jigga/projects/openjdk/loom/src/hotspot/share/prims/jni.cpp, line 1347]
Event: 24.464 Thread 0x00007fe7b1ac4000 Exception <a 'java/lang/ClassNotFoundException'{0x0000000703a90348}: javax/management/remote/rmi/RMIConnectionImpl_Skel> (0x0000000703a90348) 
thrown [/Users/jigga/projects/openjdk/loom/src/hotspot/share/classfile/systemDictionary.cpp, line 232]
Event: 24.464 Thread 0x00007fe7b112b800 Exception <a 'java/lang/NoSuchMethodError'{0x0000000703ac38c0}: 'java.lang.Object java.lang.invoke.Invokers$Holder.linkToTargetMethod(java.lang.Object, long, java.lang.Object)'> (0x0000000703ac38c0) 
thrown [/Users/jigga/projects/openjdk/loom/src/hotspot/share/interpreter/linkResolver.cpp, line 767]
Event: 24.481 Thread 0x00007fe7b1ac4000 Exception <a 'java/lang/NoSuchMethodError'{0x000000070395b4b0}: static [Ljavax/management/MBeanAttributeInfo;.<clinit>()V> (0x000000070395b4b0) 
thrown [/Users/jigga/projects/openjdk/loom/src/hotspot/share/prims/jni.cpp, line 1347]
Event: 24.482 Thread 0x00007fe7b1ac4000 Exception <a 'java/lang/NoSuchMethodError'{0x000000070396b6a8}: static [Ljava/lang/String;.<clinit>()V> (0x000000070396b6a8) 
thrown [/Users/jigga/projects/openjdk/loom/src/hotspot/share/prims/jni.cpp, line 1347]
Event: 24.482 Thread 0x00007fe7b1ac4000 Exception <a 'java/lang/NoSuchMethodError'{0x000000070396c378}: static [Ljava/lang/Object;.<clinit>()V> (0x000000070396c378) 
thrown [/Users/jigga/projects/openjdk/loom/src/hotspot/share/prims/jni.cpp, line 1347]
Event: 24.485 Thread 0x00007fe7b1ac4000 Exception <a 'java/lang/NoSuchMethodError'{0x000000070398b550}: static [Ljavax/management/MBeanConstructorInfo;.<clinit>()V> (0x000000070398b550) 
thrown [/Users/jigga/projects/openjdk/loom/src/hotspot/share/prims/jni.cpp, line 1347]
Event: 24.485 Thread 0x00007fe7b1ac4000 Exception <a 'java/lang/NoSuchMethodError'{0x000000070398c6d8}: static [Ljavax/management/MBeanNotificationInfo;.<clinit>()V> (0x000000070398c6d8) 
thrown [/Users/jigga/projects/openjdk/loom/src/hotspot/share/prims/jni.cpp, line 1347]
Event: 24.485 Thread 0x00007fe7b1ac4000 Exception <a 'java/lang/NoSuchMethodError'{0x000000070398d598}: static [Ljavax/management/MBeanOperationInfo;.<clinit>()V> (0x000000070398d598) 
thrown [/Users/jigga/projects/openjdk/loom/src/hotspot/share/prims/jni.cpp, line 1347]
Event: 25.499 Thread 0x00007fe7b1ac4000 Exception <a 'java/lang/NoSuchMethodError'{0x00000007039ddb28}: static [J.<clinit>()V> (0x00000007039ddb28) 
thrown [/Users/jigga/projects/openjdk/loom/src/hotspot/share/prims/jni.cpp, line 1347]
Event: 25.508 Thread 0x00007fe7b1ac4000 Exception <a 'java/lang/NoSuchMethodError'{0x00000007038512a0}: static [Ljavax/management/openmbean/CompositeData;.<clinit>()V> (0x00000007038512a0) 
thrown [/Users/jigga/projects/openjdk/loom/src/hotspot/share/prims/jni.cpp, line 1347]
Event: 94.026 Thread 0x00007fe7b03c5000 Implicit null exception at 0x00000001204833c0 to 0x00000001204838e6
Event: 98.868 Thread 0x00007fe7b5013800 Implicit null exception at 0x0000000120470c10 to 0x0000000120470c55

Events (20 events):
Event: 113.117 Executing VM operation: G1CollectForAllocation done
Event: 113.133 Executing VM operation: G1Concurrent
Event: 113.136 Executing VM operation: G1Concurrent done
Event: 113.146 Executing VM operation: G1Concurrent
Event: 113.147 Executing VM operation: G1Concurrent done
Event: 113.287 Executing VM operation: HandshakeOneThread
Event: 113.287 Executing VM operation: HandshakeOneThread done
Event: 113.755 Executing VM operation: ThreadDump
Event: 113.756 Executing VM operation: ThreadDump done
Event: 114.256 Executing VM operation: HandshakeOneThread
Event: 114.256 Executing VM operation: HandshakeOneThread done
Event: 114.758 Executing VM operation: ThreadDump
Event: 114.758 Executing VM operation: ThreadDump done
Event: 115.711 Executing VM operation: G1CollectForAllocation
Event: 115.713 Executing VM operation: G1CollectForAllocation done
Event: 115.759 Executing VM operation: ThreadDump
Event: 115.759 Executing VM operation: ThreadDump done
Event: 115.761 Executing VM operation: FindDeadlocks
Event: 115.762 Executing VM operation: FindDeadlocks done
Event: 115.804 Executing VM operation: G1CollectForAllocation


Dynamic libraries:
0x00007fff7c282000 	/usr/lib/libz.1.dylib
0x000000010c61e000 	/Library/Java/JavaVirtualMachines/jdk-14-loom-20190902.jdk/Contents/Home/lib/libjli.dylib
0x00007fff503ec000 	/System/Library/Frameworks/Cocoa.framework/Versions/A/Cocoa
0x00007fff5c190000 	/System/Library/Frameworks/Security.framework/Versions/A/Security
0x00007fff4f07f000 	/System/Library/Frameworks/ApplicationServices.framework/Versions/A/ApplicationServices
0x00007fff79bdc000 	/usr/lib/libSystem.B.dylib
0x00007fff7ca78000 	/usr/lib/system/libcache.dylib
0x00007fff7ca7d000 	/usr/lib/system/libcommonCrypto.dylib
0x00007fff7ca88000 	/usr/lib/system/libcompiler_rt.dylib
0x00007fff7ca90000 	/usr/lib/system/libcopyfile.dylib
0x00007fff7ca9a000 	/usr/lib/system/libcorecrypto.dylib
0x00007fff7cba5000 	/usr/lib/system/libdispatch.dylib
0x00007fff7cbdf000 	/usr/lib/system/libdyld.dylib
0x00007fff7cc0c000 	/usr/lib/system/libkeymgr.dylib
0x00007fff7cc1a000 	/usr/lib/system/liblaunch.dylib
0x00007fff7cc1b000 	/usr/lib/system/libmacho.dylib
0x00007fff7cc21000 	/usr/lib/system/libquarantine.dylib
0x00007fff7cc24000 	/usr/lib/system/libremovefile.dylib
0x00007fff7cc26000 	/usr/lib/system/libsystem_asl.dylib
0x00007fff7cc3e000 	/usr/lib/system/libsystem_blocks.dylib
0x00007fff7cc3f000 	/usr/lib/system/libsystem_c.dylib
0x00007fff7ccc7000 	/usr/lib/system/libsystem_configuration.dylib
0x00007fff7cccb000 	/usr/lib/system/libsystem_coreservices.dylib
0x00007fff7cccf000 	/usr/lib/system/libsystem_darwin.dylib
0x00007fff7ccd6000 	/usr/lib/system/libsystem_dnssd.dylib
0x00007fff7ccdd000 	/usr/lib/system/libsystem_info.dylib
0x00007fff7cd52000 	/usr/lib/system/libsystem_m.dylib
0x00007fff7cd9e000 	/usr/lib/system/libsystem_malloc.dylib
0x00007fff7cdc9000 	/usr/lib/system/libsystem_networkextension.dylib
0x00007fff7cdd4000 	/usr/lib/system/libsystem_notify.dylib
0x00007fff7cdf1000 	/usr/lib/system/libsystem_sandbox.dylib
0x00007fff7cdf5000 	/usr/lib/system/libsystem_secinit.dylib
0x00007fff7cd29000 	/usr/lib/system/libsystem_kernel.dylib
0x00007fff7cddc000 	/usr/lib/system/libsystem_platform.dylib
0x00007fff7cde6000 	/usr/lib/system/libsystem_pthread.dylib
0x00007fff7cdf8000 	/usr/lib/system/libsystem_symptoms.dylib
0x00007fff7ce00000 	/usr/lib/system/libsystem_trace.dylib
0x00007fff7ce17000 	/usr/lib/system/libunwind.dylib
0x00007fff7ce1d000 	/usr/lib/system/libxpc.dylib
0x00007fff7b413000 	/usr/lib/libobjc.A.dylib
0x00007fff79e73000 	/usr/lib/libc++abi.dylib
0x00007fff79e1f000 	/usr/lib/libc++.1.dylib
0x00007fff50c61000 	/System/Library/Frameworks/CoreFoundation.framework/Versions/A/CoreFoundation
0x00007fff52ee3000 	/System/Library/Frameworks/Foundation.framework/Versions/C/Foundation
0x00007fff4e278000 	/System/Library/Frameworks/AppKit.framework/Versions/C/AppKit
0x00007fff507ea000 	/System/Library/Frameworks/CoreData.framework/Versions/A/CoreData
0x00007fff736a2000 	/System/Library/PrivateFrameworks/RemoteViewServices.framework/Versions/A/RemoteViewServices
0x00007fff77919000 	/System/Library/PrivateFrameworks/UIFoundation.framework/Versions/A/UIFoundation
0x00007fff78ffd000 	/System/Library/PrivateFrameworks/XCTTargetBootstrap.framework/Versions/A/XCTTargetBootstrap
0x00007fff50b70000 	/System/Library/Frameworks/CoreDisplay.framework/Versions/A/CoreDisplay
0x00007fff6e3d8000 	/System/Library/PrivateFrameworks/IconServices.framework/Versions/A/IconServices
0x00007fff55804000 	/System/Library/Frameworks/Metal.framework/Versions/A/Metal
0x00007fff6591b000 	/System/Library/PrivateFrameworks/DesktopServicesPriv.framework/Versions/A/DesktopServicesPriv
0x00007fff7a776000 	/usr/lib/libenergytrace.dylib
0x00007fff75e00000 	/System/Library/PrivateFrameworks/SkyLight.framework/Versions/A/SkyLight
0x00007fff510a7000 	/System/Library/Frameworks/CoreGraphics.framework/Versions/A/CoreGraphics
0x00007fff4d044000 	/System/Library/Frameworks/Accelerate.framework/Versions/A/Accelerate
0x00007fff5362c000 	/System/Library/Frameworks/IOSurface.framework/Versions/A/IOSurface
0x00007fff65787000 	/System/Library/PrivateFrameworks/DFRFoundation.framework/Versions/A/DFRFoundation
0x00007fff4f562000 	/System/Library/Frameworks/AudioToolbox.framework/Versions/A/AudioToolbox
0x00007fff4f7db000 	/System/Library/Frameworks/AudioUnit.framework/Versions/A/AudioUnit
0x00007fff6581c000 	/System/Library/PrivateFrameworks/DataDetectorsCore.framework/Versions/A/DataDetectorsCore
0x00007fff4feef000 	/System/Library/Frameworks/Carbon.framework/Versions/A/Frameworks/HIToolbox.framework/Versions/A/HIToolbox
0x00007fff7a8cf000 	/usr/lib/libicucore.A.dylib
0x00007fff5b703000 	/System/Library/Frameworks/QuartzCore.framework/Versions/A/QuartzCore
0x00007fff502c4000 	/System/Library/Frameworks/Carbon.framework/Versions/A/Frameworks/SpeechRecognition.framework/Versions/A/SpeechRecognition
0x00007fff79d30000 	/usr/lib/libauto.dylib
0x00007fff7c176000 	/usr/lib/libxml2.2.dylib
0x00007fff65362000 	/System/Library/PrivateFrameworks/CoreUI.framework/Versions/A/CoreUI
0x00007fff506d5000 	/System/Library/Frameworks/CoreAudio.framework/Versions/A/CoreAudio
0x00007fff52d18000 	/System/Library/Frameworks/DiskArbitration.framework/Versions/A/DiskArbitration
0x00007fff7ab7d000 	/usr/lib/liblangid.dylib
0x00007fff6f7e3000 	/System/Library/PrivateFrameworks/MultitouchSupport.framework/Versions/A/MultitouchSupport
0x00007fff5359b000 	/System/Library/Frameworks/IOKit.framework/Versions/A/IOKit
0x00007fff7979c000 	/usr/lib/libDiagnosticMessagesClient.dylib
0x00007fff51eb6000 	/System/Library/Frameworks/CoreServices.framework/Versions/A/CoreServices
0x00007fff7149d000 	/System/Library/PrivateFrameworks/PerformanceAnalysis.framework/Versions/A/PerformanceAnalysis
0x00007fff5a8f1000 	/System/Library/Frameworks/OpenGL.framework/Versions/A/OpenGL
0x00007fff503fa000 	/System/Library/Frameworks/ColorSync.framework/Versions/A/ColorSync
0x00007fff51738000 	/System/Library/Frameworks/CoreImage.framework/Versions/A/CoreImage
0x00007fff5288e000 	/System/Library/Frameworks/CoreText.framework/Versions/A/CoreText
0x00007fff5368f000 	/System/Library/Frameworks/ImageIO.framework/Versions/A/ImageIO
0x00007fff619b4000 	/System/Library/PrivateFrameworks/Backup.framework/Versions/A/Backup
0x00007fff79c83000 	/usr/lib/libarchive.2.dylib
0x00007fff4fb34000 	/System/Library/Frameworks/CFNetwork.framework/Versions/A/CFNetwork
0x00007fff5c8ec000 	/System/Library/Frameworks/SystemConfiguration.framework/Versions/A/SystemConfiguration
0x00007fff796cd000 	/usr/lib/libCRFSuite.dylib
0x00007fff79e00000 	/usr/lib/libbsm.0.dylib
0x00007fff7cc0d000 	/usr/lib/system/libkxld.dylib
0x00007fff60da5000 	/System/Library/PrivateFrameworks/AppleFSCompression.framework/Versions/A/AppleFSCompression
0x00007fff79a9c000 	/usr/lib/libOpenScriptingUtil.dylib
0x00007fff7a128000 	/usr/lib/libcoretls.dylib
0x00007fff7a13f000 	/usr/lib/libcoretls_cfhelpers.dylib
0x00007fff7bbaa000 	/usr/lib/libpam.2.dylib
0x00007fff7bd6a000 	/usr/lib/libsqlite3.dylib
0x00007fff7c164000 	/usr/lib/libxar.1.dylib
0x00007fff79e11000 	/usr/lib/libbz2.1.0.dylib
0x00007fff7ab7f000 	/usr/lib/liblzma.5.dylib
0x00007fff7b030000 	/usr/lib/libnetwork.dylib
0x00007fff79c6c000 	/usr/lib/libapple_nghttp2.dylib
0x00007fff7bbb1000 	/usr/lib/libpcap.A.dylib
0x00007fff52255000 	/System/Library/Frameworks/CoreServices.framework/Versions/A/Frameworks/FSEvents.framework/Versions/A/FSEvents
0x00007fff51f34000 	/System/Library/Frameworks/CoreServices.framework/Versions/A/Frameworks/CarbonCore.framework/Versions/A/CarbonCore
0x00007fff52410000 	/System/Library/Frameworks/CoreServices.framework/Versions/A/Frameworks/Metadata.framework/Versions/A/Metadata
0x00007fff524af000 	/System/Library/Frameworks/CoreServices.framework/Versions/A/Frameworks/OSServices.framework/Versions/A/OSServices
0x00007fff524fa000 	/System/Library/Frameworks/CoreServices.framework/Versions/A/Frameworks/SearchKit.framework/Versions/A/SearchKit
0x00007fff51eb7000 	/System/Library/Frameworks/CoreServices.framework/Versions/A/Frameworks/AE.framework/Versions/A/AE
0x00007fff5225e000 	/System/Library/Frameworks/CoreServices.framework/Versions/A/Frameworks/LaunchServices.framework/Versions/A/LaunchServices
0x00007fff5220c000 	/System/Library/Frameworks/CoreServices.framework/Versions/A/Frameworks/DictionaryServices.framework/Versions/A/DictionaryServices
0x00007fff52562000 	/System/Library/Frameworks/CoreServices.framework/Versions/A/Frameworks/SharedFileList.framework/Versions/A/SharedFileList
0x00007fff568cc000 	/System/Library/Frameworks/NetFS.framework/Versions/A/NetFS
0x00007fff6fa49000 	/System/Library/PrivateFrameworks/NetAuth.framework/Versions/A/NetAuth
0x00007fff79401000 	/System/Library/PrivateFrameworks/login.framework/Versions/A/Frameworks/loginsupport.framework/Versions/A/loginsupport
0x00007fff77522000 	/System/Library/PrivateFrameworks/TCC.framework/Versions/A/TCC
0x00007fff649bf000 	/System/Library/PrivateFrameworks/CoreNLP.framework/Versions/A/CoreNLP
0x00007fff6f4de000 	/System/Library/PrivateFrameworks/MetadataUtilities.framework/Versions/A/MetadataUtilities
0x00007fff7ac54000 	/usr/lib/libmecabra.dylib
0x00007fff4f080000 	/System/Library/Frameworks/ApplicationServices.framework/Versions/A/Frameworks/ATS.framework/Versions/A/ATS
0x00007fff4f3cf000 	/System/Library/Frameworks/ApplicationServices.framework/Versions/A/Frameworks/ColorSyncLegacy.framework/Versions/A/ColorSyncLegacy
0x00007fff4f46e000 	/System/Library/Frameworks/ApplicationServices.framework/Versions/A/Frameworks/HIServices.framework/Versions/A/HIServices
0x00007fff4f4c1000 	/System/Library/Frameworks/ApplicationServices.framework/Versions/A/Frameworks/LangAnalysis.framework/Versions/A/LangAnalysis
0x00007fff4f4d1000 	/System/Library/Frameworks/ApplicationServices.framework/Versions/A/Frameworks/PrintCore.framework/Versions/A/PrintCore
0x00007fff4f51b000 	/System/Library/Frameworks/ApplicationServices.framework/Versions/A/Frameworks/QD.framework/Versions/A/QD
0x00007fff4f555000 	/System/Library/Frameworks/ApplicationServices.framework/Versions/A/Frameworks/SpeechSynthesis.framework/Versions/A/SpeechSynthesis
0x00007fff79e9b000 	/usr/lib/libcompression.dylib
0x00007fff55ad4000 	/System/Library/Frameworks/MetalPerformanceShaders.framework/Versions/A/MetalPerformanceShaders
0x00007fff4d05c000 	/System/Library/Frameworks/Accelerate.framework/Versions/A/Frameworks/vImage.framework/Versions/A/vImage
0x00007fff4e0d6000 	/System/Library/Frameworks/Accelerate.framework/Versions/A/Frameworks/vecLib.framework/Versions/A/vecLib
0x00007fff4e022000 	/System/Library/Frameworks/Accelerate.framework/Versions/A/Frameworks/vecLib.framework/Versions/A/libvMisc.dylib
0x00007fff4de3a000 	/System/Library/Frameworks/Accelerate.framework/Versions/A/Frameworks/vecLib.framework/Versions/A/libvDSP.dylib
0x00007fff4d6f6000 	/System/Library/Frameworks/Accelerate.framework/Versions/A/Frameworks/vecLib.framework/Versions/A/libBLAS.dylib
0x00007fff4d9e3000 	/System/Library/Frameworks/Accelerate.framework/Versions/A/Frameworks/vecLib.framework/Versions/A/libLAPACK.dylib
0x00007fff4dd8d000 	/System/Library/Frameworks/Accelerate.framework/Versions/A/Frameworks/vecLib.framework/Versions/A/libLinearAlgebra.dylib
0x00007fff4de26000 	/System/Library/Frameworks/Accelerate.framework/Versions/A/Frameworks/vecLib.framework/Versions/A/libSparseBLAS.dylib
0x00007fff4dda3000 	/System/Library/Frameworks/Accelerate.framework/Versions/A/Frameworks/vecLib.framework/Versions/A/libQuadrature.dylib
0x00007fff4d970000 	/System/Library/Frameworks/Accelerate.framework/Versions/A/Frameworks/vecLib.framework/Versions/A/libBNNS.dylib
0x00007fff4dda9000 	/System/Library/Frameworks/Accelerate.framework/Versions/A/Frameworks/vecLib.framework/Versions/A/libSparse.dylib
0x00007fff6bd0d000 	/System/Library/PrivateFrameworks/GPUWrangler.framework/Versions/A/GPUWrangler
0x00007fff6e00d000 	/System/Library/PrivateFrameworks/IOAccelerator.framework/Versions/A/IOAccelerator
0x00007fff6e018000 	/System/Library/PrivateFrameworks/IOPresentment.framework/Versions/A/IOPresentment
0x00007fff65797000 	/System/Library/PrivateFrameworks/DSExternalDisplay.framework/Versions/A/DSExternalDisplay
0x00007fff59d48000 	/System/Library/Frameworks/OpenGL.framework/Versions/A/Libraries/libCoreFSCache.dylib
0x00007fff558c8000 	/System/Library/Frameworks/MetalPerformanceShaders.framework/Frameworks/MPSCore.framework/Versions/A/MPSCore
0x00007fff558e8000 	/System/Library/Frameworks/MetalPerformanceShaders.framework/Frameworks/MPSImage.framework/Versions/A/MPSImage
0x00007fff5598d000 	/System/Library/Frameworks/MetalPerformanceShaders.framework/Frameworks/MPSNeuralNetwork.framework/Versions/A/MPSNeuralNetwork
0x00007fff55965000 	/System/Library/Frameworks/MetalPerformanceShaders.framework/Frameworks/MPSMatrix.framework/Versions/A/MPSMatrix
0x00007fff55ab9000 	/System/Library/Frameworks/MetalPerformanceShaders.framework/Frameworks/MPSRayIntersector.framework/Versions/A/MPSRayIntersector
0x00007fff6f507000 	/System/Library/PrivateFrameworks/MetalTools.framework/Versions/A/MetalTools
0x00007fff6064f000 	/System/Library/PrivateFrameworks/AggregateDictionary.framework/Versions/A/AggregateDictionary
0x00007fff79a7c000 	/usr/lib/libMobileGestalt.dylib
0x00007fff529f1000 	/System/Library/Frameworks/CoreVideo.framework/Versions/A/CoreVideo
0x00007fff6cb1e000 	/System/Library/PrivateFrameworks/GraphVisualizer.framework/Versions/A/GraphVisualizer
0x00007fff6699d000 	/System/Library/PrivateFrameworks/FaceCore.framework/Versions/A/FaceCore
0x00007fff59376000 	/System/Library/Frameworks/OpenCL.framework/Versions/A/OpenCL
0x00007fff797d4000 	/usr/lib/libFosl_dynamic.dylib
0x00007fff702b4000 	/System/Library/PrivateFrameworks/OTSVG.framework/Versions/A/OTSVG
0x00007fff4f184000 	/System/Library/Frameworks/ApplicationServices.framework/Versions/A/Frameworks/ATS.framework/Versions/A/Resources/libFontParser.dylib
0x00007fff4f29c000 	/System/Library/Frameworks/ApplicationServices.framework/Versions/A/Frameworks/ATS.framework/Versions/A/Resources/libFontRegistry.dylib
0x00007fff538fd000 	/System/Library/Frameworks/ImageIO.framework/Versions/A/Resources/libJPEG.dylib
0x00007fff53c0f000 	/System/Library/Frameworks/ImageIO.framework/Versions/A/Resources/libTIFF.dylib
0x00007fff53be5000 	/System/Library/Frameworks/ImageIO.framework/Versions/A/Resources/libPng.dylib
0x00007fff5381b000 	/System/Library/Frameworks/ImageIO.framework/Versions/A/Resources/libGIF.dylib
0x00007fff53820000 	/System/Library/Frameworks/ImageIO.framework/Versions/A/Resources/libJP2.dylib
0x00007fff53c0c000 	/System/Library/Frameworks/ImageIO.framework/Versions/A/Resources/libRadiance.dylib
0x00007fff60efc000 	/System/Library/PrivateFrameworks/AppleJPEG.framework/Versions/A/AppleJPEG
0x00007fff59d53000 	/System/Library/Frameworks/OpenGL.framework/Versions/A/Libraries/libGFXShared.dylib
0x00007fff59f16000 	/System/Library/Frameworks/OpenGL.framework/Versions/A/Libraries/libGLU.dylib
0x00007fff59d5c000 	/System/Library/Frameworks/OpenGL.framework/Versions/A/Libraries/libGL.dylib
0x00007fff59d68000 	/System/Library/Frameworks/OpenGL.framework/Versions/A/Libraries/libGLImage.dylib
0x00007fff59d45000 	/System/Library/Frameworks/OpenGL.framework/Versions/A/Libraries/libCVMSPluginSupport.dylib
0x00007fff59d4e000 	/System/Library/Frameworks/OpenGL.framework/Versions/A/Libraries/libCoreVMClient.dylib
0x00007fff7a5ec000 	/usr/lib/libcups.2.dylib
0x00007fff54dcf000 	/System/Library/Frameworks/Kerberos.framework/Versions/A/Kerberos
0x00007fff532ff000 	/System/Library/Frameworks/GSS.framework/Versions/A/GSS
0x00007fff7bcff000 	/usr/lib/libresolv.9.dylib
0x00007fff7a7de000 	/usr/lib/libiconv.2.dylib
0x00007fff6cc93000 	/System/Library/PrivateFrameworks/Heimdal.framework/Versions/A/Heimdal
0x00007fff7a7ae000 	/usr/lib/libheimdal-asn1.dylib
0x00007fff593ea000 	/System/Library/Frameworks/OpenDirectory.framework/Versions/A/OpenDirectory
0x00007fff63722000 	/System/Library/PrivateFrameworks/CommonAuth.framework/Versions/A/CommonAuth
0x00007fff593ce000 	/System/Library/Frameworks/OpenDirectory.framework/Versions/A/Frameworks/CFOpenDirectory.framework/Versions/A/CFOpenDirectory
0x00007fff5c491000 	/System/Library/Frameworks/SecurityFoundation.framework/Versions/A/SecurityFoundation
0x00007fff5fb95000 	/System/Library/PrivateFrameworks/APFS.framework/Versions/A/APFS
0x00007fff7c160000 	/usr/lib/libutil.dylib
0x00007fff79e89000 	/usr/lib/libcharset.1.dylib
0x00007fff61199000 	/System/Library/PrivateFrameworks/AppleSauce.framework/Versions/A/AppleSauce
0x00007fff6131a000 	/System/Library/PrivateFrameworks/AssertionServices.framework/Versions/A/AssertionServices
0x00007fff61a4a000 	/System/Library/PrivateFrameworks/BaseBoard.framework/Versions/A/BaseBoard
0x00007fff7abaf000 	/usr/lib/libmecab.1.0.0.dylib
0x00007fff7a7a8000 	/usr/lib/libgermantok.dylib
0x00007fff79c59000 	/usr/lib/libThaiTokenizer.dylib
0x00007fff79704000 	/usr/lib/libChineseTokenizer.dylib
0x00007fff6e6c5000 	/System/Library/PrivateFrameworks/LanguageModeling.framework/Versions/A/LanguageModeling
0x00007fff64404000 	/System/Library/PrivateFrameworks/CoreEmoji.framework/Versions/A/CoreEmoji
0x00007fff6e7a1000 	/System/Library/PrivateFrameworks/Lexicon.framework/Versions/A/Lexicon
0x00007fff6e7e4000 	/System/Library/PrivateFrameworks/LinguisticData.framework/Versions/A/LinguisticData
0x00007fff79e8a000 	/usr/lib/libcmph.dylib
0x00007fff5c54f000 	/System/Library/Frameworks/ServiceManagement.framework/Versions/A/ServiceManagement
0x00007fff619ab000 	/System/Library/PrivateFrameworks/BackgroundTaskManagement.framework/Versions/A/BackgroundTaskManagement
0x00007fff7c259000 	/usr/lib/libxslt.1.dylib
0x00007fff501f1000 	/System/Library/Frameworks/Carbon.framework/Versions/A/Frameworks/Ink.framework/Versions/A/Ink
0x00007fff77794000 	/System/Library/PrivateFrameworks/TextureIO.framework/Versions/A/TextureIO
0x00007fff79cad000 	/usr/lib/libate.dylib
0x00007fff656e6000 	/System/Library/PrivateFrameworks/CrashReporterSupport.framework/Versions/A/CrashReporterSupport
0x00007fff74ece000 	/System/Library/PrivateFrameworks/Sharing.framework/Versions/A/Sharing
0x00007fff616fd000 	/System/Library/PrivateFrameworks/AuthKit.framework/Versions/A/AuthKit
0x00007fff60c51000 	/System/Library/PrivateFrameworks/Apple80211.framework/Versions/A/Apple80211
0x00007fff6548e000 	/System/Library/PrivateFrameworks/CoreUtils.framework/Versions/A/CoreUtils
0x00007fff52a32000 	/System/Library/Frameworks/CoreWLAN.framework/Versions/A/CoreWLAN
0x00007fff5342e000 	/System/Library/Frameworks/IOBluetooth.framework/Versions/A/IOBluetooth
0x00007fff7333e000 	/System/Library/PrivateFrameworks/ProtocolBuffer.framework/Versions/A/ProtocolBuffer
0x00007fff6f73f000 	/System/Library/PrivateFrameworks/MobileKeyBag.framework/Versions/A/MobileKeyBag
0x00007fff64cd2000 	/System/Library/PrivateFrameworks/CorePhoneNumbers.framework/Versions/A/CorePhoneNumbers
0x00007fff60eb0000 	/System/Library/PrivateFrameworks/AppleIDAuthSupport.framework/Versions/A/AppleIDAuthSupport
0x00007fff6e698000 	/System/Library/PrivateFrameworks/KeychainCircle.framework/Versions/A/KeychainCircle
0x00007fff734f4000 	/System/Library/PrivateFrameworks/ROCKit.framework/Versions/A/ROCKit
0x00007fff65682000 	/System/Library/PrivateFrameworks/CoreWiFi.framework/Versions/A/CoreWiFi
0x00007fff507bf000 	/System/Library/Frameworks/CoreBluetooth.framework/Versions/A/CoreBluetooth
0x00007fff658dd000 	/System/Library/PrivateFrameworks/DebugSymbols.framework/Versions/A/DebugSymbols
0x00007fff6524e000 	/System/Library/PrivateFrameworks/CoreSymbolication.framework/Versions/A/CoreSymbolication
0x00007fff76faf000 	/System/Library/PrivateFrameworks/Symbolication.framework/Versions/A/Symbolication
0x00007fff76852000 	/System/Library/PrivateFrameworks/SpeechRecognitionCore.framework/Versions/A/SpeechRecognitionCore
0x000000010ec89000 	/Library/Java/JavaVirtualMachines/jdk-14-loom-20190902.jdk/Contents/Home/lib/server/libjvm.dylib
0x000000010c652000 	/Library/Java/JavaVirtualMachines/jdk-14-loom-20190902.jdk/Contents/Home/lib/libverify.dylib
0x000000010c65e000 	/Library/Java/JavaVirtualMachines/jdk-14-loom-20190902.jdk/Contents/Home/lib/libjava.dylib
0x000000010c6e3000 	/Library/Java/JavaVirtualMachines/jdk-14-loom-20190902.jdk/Contents/Home/lib/libzip.dylib
0x000000010c6ea000 	/Library/Java/JavaVirtualMachines/jdk-14-loom-20190902.jdk/Contents/Home/lib/libjimage.dylib
0x00000001340ce000 	/Library/Java/JavaVirtualMachines/jdk-14-loom-20190902.jdk/Contents/Home/lib/libnio.dylib
0x00000001340dc000 	/Library/Java/JavaVirtualMachines/jdk-14-loom-20190902.jdk/Contents/Home/lib/./libnet.dylib
0x0000000134172000 	/Library/Java/JavaVirtualMachines/jdk-14-loom-20190902.jdk/Contents/Home/lib/libmanagement.dylib
0x0000000134177000 	/Library/Java/JavaVirtualMachines/jdk-14-loom-20190902.jdk/Contents/Home/lib/libmanagement_ext.dylib
0x0000000134149000 	/Library/Java/JavaVirtualMachines/jdk-14-loom-20190902.jdk/Contents/Home/lib/libextnet.dylib
0x0000000134395000 	/Library/Java/JavaVirtualMachines/jdk-14-loom-20190902.jdk/Contents/Home/lib/libsunec.dylib


VM Arguments:
jvm_args: -Dfile.encoding=UTF-8 -Duser.country=PL -Duser.language=en -Duser.variant 
java_command: loom.workshop.WorkshopService
java_class_path (initial): /Users/jigga/projects/pl.jigga/loom-academy/workshop-service/build/classes/java/main:/Users/jigga/projects/pl.jigga/loom-academy/workshop-service/build/resources/main:/Users/jigga/.gradle/caches/modules-2/files-2.1/org.springframework.boot/spring-boot-starter-web/2.1.2.RELEASE/33749ef5bf458829eef0e0c45615bf536521a97a/spring-boot-starter-web-2.1.2.RELEASE.jar:/Users/jigga/.gradle/caches/modules-2/files-2.1/org.springframework.cloud/spring-cloud-starter-netflix-eureka-client/2.1.0.RELEASE/a61b33193531acf406a4e3cbb9c76e3ec6c77abd/spring-cloud-starter-netflix-eureka-client-2.1.0.RELEASE.jar:/Users/jigga/.gradle/caches/modules-2/files-2.1/org.springframework.boot/spring-boot-starter-json/2.1.2.RELEASE/db59b1857966985cec2cdb81cd6cfeb315f1c849/spring-boot-starter-json-2.1.2.RELEASE.jar:/Users/jigga/.gradle/caches/modules-2/files-2.1/org.springframework.cloud/spring-cloud-starter-netflix-ribbon/2.1.0.RELEASE/979c991d77b2f8fe9092f8d56d2f64d5f30cf385/spring-cloud-starter-netflix-ribbon-2.1.0.RELEASE.jar:/Users/jigga/.gradle/caches/modules-2/files-2.1/org.springframework.cloud/spring-cloud-starter-netflix-archaius/2.1.0.RELEASE/1e894ff28bca79c0581972797ca521cc276db08b/spring-cloud-starter-netflix-archaius-2.1.0.RELEASE.jar:/Users/jigga/.gradle/caches/modules-2/files-2.1/org.springframework.cloud/spring-cloud-starter/2.1.0.RELEASE/bc5df6550f2108f99ef5b62c7656123aee44c0d9/spring-cloud-starter-2.1.0.RELEASE.jar:/Users/jigga/.gradle/caches/modules-2/files-2.1/org.springframework.cloud/spring-cloud-netflix-eureka-client/2.1.0.RELEASE/90d9174bfdb439f47feb7b1fa2d597cfebfb3ea8/spring-cloud-netflix-eureka-client-2.1.0.RELEASE.jar:/Users/jigga/.gradle/caches/modules-2/files-2.1/org.springframework.cloud/spring-cloud-netflix-hystrix/2.1.0.RELEASE/475af941f77e5ef3e35fa3533bbd7aa1ec4f4cf7/spring-cloud-netflix-hystrix-2.1.0.RELEASE.jar:/Users/jigga/.gradle/caches/modules-2/files-2.1/org.springframework.boot/spring-boot-starter-aop/2.1.2.RELEASE/d4266d045585b54b0
Launcher Type: SUN_STANDARD

[Global flags]
     intx CICompilerCount                          = 4                                         {product} {ergonomic}
     uint ConcGCThreads                            = 3                                         {product} {ergonomic}
     uint G1ConcRefinementThreads                  = 10                                        {product} {ergonomic}
   size_t G1HeapRegionSize                         = 1048576                                   {product} {ergonomic}
    uintx GCDrainStackTargetSize                   = 64                                        {product} {ergonomic}
   size_t InitialHeapSize                          = 268435456                                 {product} {ergonomic}
   size_t MarkStackSize                            = 4194304                                   {product} {ergonomic}
   size_t MaxHeapSize                              = 4294967296                                {product} {ergonomic}
   size_t MaxNewSize                               = 2576351232                                {product} {ergonomic}
   size_t MinHeapDeltaBytes                        = 1048576                                   {product} {ergonomic}
   size_t MinHeapSize                              = 8388608                                   {product} {ergonomic}
    uintx NonNMethodCodeHeapSize                   = 5836300                                {pd product} {ergonomic}
    uintx NonProfiledCodeHeapSize                  = 122910970                              {pd product} {ergonomic}
    uintx ProfiledCodeHeapSize                     = 122910970                              {pd product} {ergonomic}
    uintx ReservedCodeCacheSize                    = 251658240                              {pd product} {ergonomic}
     bool SegmentedCodeCache                       = true                                      {product} {ergonomic}
   size_t SoftMaxHeapSize                          = 4294967296                             {manageable} {ergonomic}
     bool UseCompressedClassPointers               = true                                 {lp64_product} {ergonomic}
     bool UseCompressedOops                        = true                                 {lp64_product} {ergonomic}
     bool UseG1GC                                  = true                                      {product} {ergonomic}

Logging:
Log output configuration:
 #0: stdout all=warning uptime,level,tags
 #1: stderr all=off uptime,level,tags

Environment Variables:
PATH=/Users/jigga/google-cloud-sdk/bin:/usr/local/bin:/usr/bin:/bin:/usr/sbin:/sbin
SHELL=/bin/bash

Signal Handlers:
SIGSEGV: [libjvm.dylib+0x902aa0], sa_mask[0]=11111111011111110111111111111111, sa_flags=SA_ONSTACK|SA_RESTART|SA_SIGINFO
SIGBUS: [libjvm.dylib+0x902aa0], sa_mask[0]=11111111011111110111111111111111, sa_flags=SA_RESTART|SA_SIGINFO
SIGFPE: [libjvm.dylib+0x902aa0], sa_mask[0]=11111111011111110111111111111111, sa_flags=SA_RESTART|SA_SIGINFO
SIGPIPE: [libjvm.dylib+0x740253], sa_mask[0]=11111111011111110111111111111111, sa_flags=SA_RESTART|SA_SIGINFO
SIGXFSZ: [libjvm.dylib+0x740253], sa_mask[0]=11111111011111110111111111111111, sa_flags=SA_RESTART|SA_SIGINFO
SIGILL: [libjvm.dylib+0x902aa0], sa_mask[0]=11111111011111110111111111111111, sa_flags=SA_RESTART|SA_SIGINFO
SIGUSR2: [libjvm.dylib+0x74083b], sa_mask[0]=00100000000000000000000000000000, sa_flags=SA_RESTART|SA_SIGINFO
SIGHUP: [libjvm.dylib+0x73f84b], sa_mask[0]=11111111011111110111111111111111, sa_flags=SA_RESTART|SA_SIGINFO
SIGINT: [libjvm.dylib+0x73f84b], sa_mask[0]=11111111011111110111111111111111, sa_flags=SA_RESTART|SA_SIGINFO
SIGTERM: [libjvm.dylib+0x73f84b], sa_mask[0]=11111111011111110111111111111111, sa_flags=SA_RESTART|SA_SIGINFO
SIGQUIT: [libjvm.dylib+0x73f84b], sa_mask[0]=11111111011111110111111111111111, sa_flags=SA_RESTART|SA_SIGINFO


---------------  S Y S T E M  ---------------

OS:uname:Darwin 18.7.0 Darwin Kernel Version 18.7.0: Tue Aug 20 16:57:14 PDT 2019; root:xnu-4903.271.2~2/RELEASE_X86_64 x86_64
rlimit: STACK 8192k, CORE 0k, NPROC 1418, NOFILE 10240, AS infinity, DATA infinity, FSIZE infinity
load average:4.90 4.18 3.82

CPU:total 12 (initial active 12) (6 cores per cpu, 2 threads per core) family 6 model 158 stepping 10, cmov, cx8, fxsr, mmx, sse, sse2, sse3, ssse3, sse4.1, sse4.2, popcnt, avx, avx2, aes, clmul, erms, rtm, 3dnowpref, lzcnt, ht, tsc, tscinvbit, bmi1, bmi2, adx, fma

Memory: 4k page, physical 16777216k(278656k free), swap 4194304k(709888k free)

vm_info: OpenJDK 64-Bit Server VM (14-internal+0-adhoc.jigga.loom) for bsd-amd64 JRE (14-internal+0-adhoc.jigga.loom), built on Sep  2 2019 21:37:06 by "jigga" with clang 4.2.1 Compatible Apple LLVM 10.0.1 (clang-1001.0.46.4)

END.
