#
# A fatal error has been detected by the Java Runtime Environment:
#
#  SIGSEGV (0xb) at pc=0x000000010c83b459, pid=3837, tid=29699
#
# JRE version: OpenJDK Runtime Environment (14.0) (build 14-internal+0-adhoc.jigga.loom)
# Java VM: OpenJDK 64-Bit Server VM (14-internal+0-adhoc.jigga.loom, mixed mode, sharing, tiered, compressed oops, g1 gc, bsd-amd64)
# Problematic frame:
# V  [libjvm.dylib+0x43b459]  void G1ParCopyClosure<(G1Barrier)0, (G1Mark)0>::do_oop_work<oopDesc*>(oopDesc**)+0xb
#
# No core dump will be written. Core dumps have been disabled. To enable core dumping, try "ulimit -c unlimited" before starting Java again
#
# If you would like to submit a bug report, please visit:
#   http://bugreport.java.com/bugreport/crash.jsp
#

---------------  S U M M A R Y ------------

Command Line: -agentlib:jdwp=transport=dt_socket,server=n,suspend=y,address=49809 -Dfile.encoding=UTF-8 -Duser.country=PL -Duser.language=en -Duser.variant loom.workshop.WorkshopService

Host: MacBookPro15,1 x86_64 2600 MHz, 12 cores, 16G, Darwin 18.7.0
Time: Sat Sep 21 20:52:23 2019 CEST elapsed time: 86 seconds (0d 0h 1m 26s)

---------------  T H R E A D  ---------------

Current thread (0x00007fe9c4df8800):  GCTaskThread "GC Thread#7" [stack: 0x0000700004031000,0x0000700004131000] [id=29699]

Stack: [0x0000700004031000,0x0000700004131000],  sp=0x000070000412f5f0,  free space=1017k
Native frames: (J=compiled Java code, A=aot compiled Java code, j=interpreted, Vv=VM code, C=native code)
V  [libjvm.dylib+0x43b459]  void G1ParCopyClosure<(G1Barrier)0, (G1Mark)0>::do_oop_work<oopDesc*>(oopDesc**)+0xb
V  [libjvm.dylib+0x3ea3ce]  CompiledArgumentOopFinder::oops_do()+0x18
V  [libjvm.dylib+0x3ea3a4]  frame::oops_compiled_arguments_do(Symbol*, bool, bool, RegisterMap const*, OopClosure*)+0x64
V  [libjvm.dylib+0x233b69]  CompiledMethod::preserve_callee_argument_oops(frame, RegisterMap const*, OopClosure*)+0x15f
V  [libjvm.dylib+0x3ea2b7]  frame::oops_code_blob_do(OopClosure*, CodeBlobClosure*, DerivedOopClosure*, RegisterMap const*)+0xbf
V  [libjvm.dylib+0x8b0f23]  JavaThread::oops_do(OopClosure*, CodeBlobClosure*)+0x12b
V  [libjvm.dylib+0x8b1ec6]  Threads::possibly_parallel_threads_do(bool, ThreadClosure*)+0x82
V  [libjvm.dylib+0x8b3874]  Threads::possibly_parallel_oops_do(bool, OopClosure*, CodeBlobClosure*)+0x26
V  [libjvm.dylib+0x43db86]  G1RootProcessor::process_java_roots(G1RootClosures*, G1GCPhaseTimes*, unsigned int)+0xc2
V  [libjvm.dylib+0x43d976]  G1RootProcessor::evacuate_roots(G1ParScanThreadState*, unsigned int)+0x60
V  [libjvm.dylib+0x3fe774]  G1EvacuateRegionsTask::scan_roots(G1ParScanThreadState*, unsigned int)+0x1c
V  [libjvm.dylib+0x3fe6a0]  G1EvacuateRegionsBaseTask::work(unsigned int)+0x88
V  [libjvm.dylib+0x929bf1]  GangWorker::loop()+0x43
V  [libjvm.dylib+0x8acedd]  Thread::call_run()+0x71
V  [libjvm.dylib+0x73e617]  thread_native_entry(Thread*)+0x132
C  [libsystem_pthread.dylib+0x32eb]  _pthread_body+0x7e
C  [libsystem_pthread.dylib+0x6249]  _pthread_start+0x42
C  [libsystem_pthread.dylib+0x240d]  thread_start+0xd

JavaThread 0x00007fe9cb859800 (nid = 85507) was being processed
Java frames: (J=compiled Java code, j=interpreted, Vv=VM code)
J 8796 c2 java.lang.Continuation.run()V java.base@14-internal (723 bytes) @ 0x000000011f38e28c [0x000000011f38e120+0x000000000000016c]
J 8791 c2 java.lang.Fiber$$Lambda$604.run()V java.base@14-internal (8 bytes) @ 0x000000011f38bca4 [0x000000011f38bbc0+0x00000000000000e4]
j  java.util.concurrent.ThreadPoolExecutor.runWorker(Ljava/util/concurrent/ThreadPoolExecutor$Worker;)V+92 java.base@14-internal
j  java.util.concurrent.ThreadPoolExecutor$Worker.run()V+5 java.base@14-internal
j  java.lang.Thread.run()V+11 java.base@14-internal
v  ~StubRoutines::call_stub

siginfo: si_signo: 11 (SIGSEGV), si_code: 1 (SEGV_MAPERR), si_addr: 0x0000000000000000

Register to memory mapping:

RAX=0x000000010c83b43a: _ZN16G1ParCopyClosureIL9G1Barrier0EL6G1Mark0EE6do_oopEPP7oopDesc+0 in /Library/Java/JavaVirtualMachines/jdk-14-loom-20190902.jdk/Contents/Home/lib/server/libjvm.dylib at 0x000000010c400000
RBX=0x000070000412f640 points into unknown readable memory: 08 9c ea 0c 01 00 00 00
RCX=0x0000000000000030 is an unknown value
RDX=0x0000000000000130 is an unknown value
RSP=0x000070000412f5f0 points into unknown readable memory: 40 f6 12 04 00 70 00 00
RBP=0x000070000412f610 points into unknown readable memory: 30 f6 12 04 00 70 00 00
RSI=0x0 is NULL
RDI=0x00007fe9cc403018 points into unknown readable memory: 58 c9 ea 0c 01 00 00 00
R8 =0xffffffffffffffff is an unknown value
R9 =0x0000000000000001 is an unknown value
R10=0x000000010cf6be60: _ZZN13SharedRuntime23java_calling_conventionEPK9BasicTypeP9VMRegPairiiE10INT_ArgReg+0 in /Library/Java/JavaVirtualMachines/jdk-14-loom-20190902.jdk/Contents/Home/lib/server/libjvm.dylib at 0x000000010c400000
R11=0xffffffffffffffff is an unknown value
R12=0x000000011f38df10 is at entry_point+-528 in (nmethod*)0x000000011f38df10
R13=0x0000700004b4e8a0 is pointing into the stack for thread: 0x00007fe9cb859800
R14=0x000000011f38e28c is at entry_point+364 in (nmethod*)0x000000011f38df10
R15=3764485921 is a compressed pointer to object: java.lang.Fiber$1 
{0x00000007030bf908} - klass: 'java/lang/Fiber$1'


Registers:
RAX=0x000000010c83b43a, RBX=0x000070000412f640, RCX=0x0000000000000030, RDX=0x0000000000000130
RSP=0x000070000412f5f0, RBP=0x000070000412f610, RSI=0x0000000000000000, RDI=0x00007fe9cc403018
R8 =0xffffffffffffffff, R9 =0x0000000000000001, R10=0x000000010cf6be60, R11=0xffffffffffffffff
R12=0x000000011f38df10, R13=0x0000700004b4e8a0, R14=0x000000011f38e28c, R15=0x00000000e0617f21
RIP=0x000000010c83b459, EFLAGS=0x0000000000010202, ERR=0x0000000000000004
  TRAPNO=0x000000000000000e

Top of Stack: (sp=0x000070000412f5f0)
0x000070000412f5f0:   000070000412f640 000000011f38df10
0x000070000412f600:   000000011f38e28c 00000000e0617f21
0x000070000412f610:   000070000412f630 000000010c7ea3ce
0x000070000412f620:   00007fe9cbd26610 0000700000000000
0x000070000412f630:   000070000412f6f0 000000010c7ea3a4
0x000070000412f640:   000000010cea9c08 0000000800419c98
0x000070000412f650:   000000001f38df10 0000000000000063
0x000070000412f660:   0000700000000000 00007fe9cc403018
0x000070000412f670:   0000000100000000 0000700004b4e8a0
0x000070000412f680:   000000011f38e28c 000000011f38df10
0x000070000412f690:   00007fe9c95d6fa0 0000700000000000
0x000070000412f6a0:   00000000e0617f21 0000700004b4e8a0
0x000070000412f6b0:   000070000412f868 0000000100000001
0x000070000412f6c0:   00007fe9cbd26610 000000011f38df10
0x000070000412f6d0:   0000000000000000 000000011f38e287
0x000070000412f6e0:   000070000412f701 0000000800419c98
0x000070000412f6f0:   000070000412f770 000000010c633b69
0x000070000412f700:   000000080039acb0 000000010000009b
0x000070000412f710:   0000000800a80b33 00000008000000b6
0x000070000412f720:   000000080039acb0 000000080039acb0
0x000070000412f730:   00007fe9c4df8800 00007fe9cc403018
0x000070000412f740:   000070000412f868 000070000412f830
0x000070000412f750:   000000011f38e28c 0000700004b4e8a0
0x000070000412f760:   00007fe9cc403098 000070000412f868
0x000070000412f770:   000070000412f820 000000010c7ea2b7
0x000070000412f780:   0000700004b4e8a0 000000011f38e28c
0x000070000412f790:   000000011f38df10 00007fe9c95d6fa0
0x000070000412f7a0:   0000700000000000 00000000e0617f21
0x000070000412f7b0:   0000700004b4e8a0 000000010c7ea236
0x000070000412f7c0:   0000700004b4e8a0 000000011f38e28c
0x000070000412f7d0:   000000011f38df10 00007fe9c95d6fa0
0x000070000412f7e0:   0000700000000000 00000000e0617f21 

Instructions: (pc=0x000000010c83b459)
0x000000010c83b359:   e8 fa cc fe ff 48 8d 05 f3 15 67 00 48 89 03 4c
0x000000010c83b369:   8d 73 30 4c 89 f7 4c 89 ee 4c 89 e2 e8 de cc fe
0x000000010c83b379:   ff 48 8d 05 f7 15 67 00 48 89 43 30 48 8d 05 a4
0x000000010c83b389:   0f 67 00 48 83 c0 10 48 89 43 60 4c 89 73 68 44
0x000000010c83b399:   88 7b 70 8b 45 c0 89 43 74 c7 43 78 00 00 00 00
0x000000010c83b3a9:   48 8d 05 80 ef 66 00 48 83 c0 10 66 48 0f 6e c0
0x000000010c83b3b9:   48 8d 05 90 ef 66 00 48 83 c0 10 66 48 0f 6e c8
0x000000010c83b3c9:   66 0f 6c c8 66 0f 7f 4d c0 f3 0f 7f 8b 80 00 00
0x000000010c83b3d9:   00 e8 1d f2 fb ff 48 89 83 90 00 00 00 48 89 9b
0x000000010c83b3e9:   98 00 00 00 45 31 f6 4c 89 b3 a0 00 00 00 c6 83
0x000000010c83b3f9:   a8 00 00 00 01 0f 28 45 c0 0f 11 83 b0 00 00 00
0x000000010c83b409:   e8 ee f1 fb ff 48 89 83 c0 00 00 00 48 89 9b c8
0x000000010c83b419:   00 00 00 4c 89 b3 d0 00 00 00 c6 83 d8 00 00 00
0x000000010c83b429:   00 48 83 c4 18 5b 41 5c 41 5d 41 5e 41 5f 5d c3
0x000000010c83b439:   90 55 48 89 e5 5d e9 0a 00 00 00 55 48 89 e5 5d
0x000000010c83b449:   e9 3c 02 00 00 55 48 89 e5 41 57 41 56 41 54 53
0x000000010c83b459:   48 8b 16 48 85 d2 0f 84 3c 01 00 00 48 89 f3 49
0x000000010c83b469:   89 fe 48 8b 47 08 8a 88 a0 05 00 00 48 89 d6 48
0x000000010c83b479:   d3 ee 48 8b 88 90 05 00 00 0f b7 34 71 89 f1 c1
0x000000010c83b489:   e9 08 84 c9 78 35 48 8b 0a 89 c8 83 e0 03 bf 03
0x000000010c83b499:   00 00 00 48 39 f8 75 62 48 8d 15 aa 6f 69 00 89
0x000000010c83b4a9:   ce 83 e6 07 48 83 e1 fc 31 c0 80 3a 00 48 0f 44
0x000000010c83b4b9:   c1 48 83 fe 05 48 0f 45 c1 eb 48 80 f9 fd 0f 84
0x000000010c83b4c9:   dd 00 00 00 80 f9 fe 75 3d 48 2b 50 10 48 8d 0d
0x000000010c83b4d9:   93 83 6f 00 8a 09 48 d3 ea 89 d1 48 8b 90 28 02
0x000000010c83b4e9:   00 00 80 3c 0a 00 74 1e c6 04 0a 00 48 8b 80 80
0x000000010c83b4f9:   05 00 00 c6 44 48 01 ff eb 0c 49 8b 7e 10 e8 40
0x000000010c83b509:   e7 fe ff 48 89 03 49 8b 5e 10 48 8b 43 10 48 83
0x000000010c83b519:   b8 c8 01 00 00 00 75 1f 8b 08 2b 48 08 81 e1 ff
0x000000010c83b529:   ff 01 00 31 c0 ba ff ff 01 00 39 d1 0f 45 c1 3b
0x000000010c83b539:   83 d8 01 00 00 76 61 e8 23 fb 47 00 49 89 c7 49
0x000000010c83b549:   89 d6 41 bc ff ff 01 00 8b b3 dc 01 00 00 48 89 


Stack slot to memory mapping:
stack at sp + 0 slots: 0x000070000412f640 points into unknown readable memory: 08 9c ea 0c 01 00 00 00
stack at sp + 1 slots: 0x000000011f38df10 is at entry_point+-528 in (nmethod*)0x000000011f38df10
stack at sp + 2 slots: 0x000000011f38e28c is at entry_point+364 in (nmethod*)0x000000011f38df10
stack at sp + 3 slots: 3764485921 is a compressed pointer to object: java.lang.Fiber$1 
{0x00000007030bf908} - klass: 'java/lang/Fiber$1'
stack at sp + 4 slots: 0x000070000412f630 points into unknown readable memory: f0 f6 12 04 00 70 00 00
stack at sp + 5 slots: 0x000000010c7ea3ce: _ZN25CompiledArgumentOopFinder7oops_doEv+0x18 in /Library/Java/JavaVirtualMachines/jdk-14-loom-20190902.jdk/Contents/Home/lib/server/libjvm.dylib at 0x000000010c400000
stack at sp + 6 slots: 0x00007fe9cbd26610 points into unknown readable memory: 0d 00 00 00 00 00 00 00
stack at sp + 7 slots: 0x0000700000000000 is an unknown value


---------------  P R O C E S S  ---------------

Threads class SMR info:
_java_thread_list=0x00007fe9c3c4b530, length=48, elements={
0x00007fe9c30bd000, 0x00007fe9c4816800, 0x00007fe9c2855800, 0x00007fe9c284c800,
0x00007fe9c4805800, 0x00007fe9c30be800, 0x00007fe9c2851000, 0x00007fe9c2852000,
0x00007fe9c2853000, 0x00007fe9c580c800, 0x00007fe9c5013800, 0x00007fe9c2c1b000,
0x00007fe9c331a000, 0x00007fe9c5e64000, 0x00007fe9c256b800, 0x00007fe9c2501800,
0x00007fe9c5e78000, 0x00007fe9ca962000, 0x00007fe9c2c21000, 0x00007fe9c29c2000,
0x00007fe9c5c0d800, 0x00007fe9c3195800, 0x00007fe9c7800000, 0x00007fe9c2a21800,
0x00007fe9c2a83800, 0x00007fe9c2356000, 0x00007fe9ca95f000, 0x00007fe9cb859800,
0x00007fe9cb839000, 0x00007fe9cb82e000, 0x00007fe9c8805000, 0x00007fe9c6800800,
0x00007fe9c7822000, 0x00007fe9ca109800, 0x00007fe9c880a000, 0x00007fe9c6002800,
0x00007fe9ca10a800, 0x00007fe9ca882000, 0x00007fe9ca883000, 0x00007fe9c8009800,
0x00007fe9cb1f1000, 0x00007fe9cb1f2000, 0x00007fe9ca876000, 0x00007fe9caac6800,
0x00007fe9cb0ea000, 0x00007fe9caac7800, 0x00007fe9c3268800, 0x00007fe9ca323000
}

Java Threads: ( => current thread )
  0x00007fe9c30bd000 JavaThread "Reference Handler" daemon [_thread_blocked, id=17923, stack(0x00007000025e3000,0x00007000026e3000)]
  0x00007fe9c4816800 JavaThread "Finalizer" daemon [_thread_blocked, id=17155, stack(0x00007000026e6000,0x00007000027e6000)]
  0x00007fe9c2855800 JavaThread "Signal Dispatcher" daemon [_thread_blocked, id=43011, stack(0x00007000027e9000,0x00007000028e9000)]
  0x00007fe9c284c800 JavaThread "C2 CompilerThread0" daemon [_thread_blocked, id=22275, stack(0x00007000028ec000,0x00007000029ec000)]
  0x00007fe9c4805800 JavaThread "C1 CompilerThread0" daemon [_thread_blocked, id=41731, stack(0x00007000029ef000,0x0000700002aef000)]
  0x00007fe9c30be800 JavaThread "Sweeper thread" daemon [_thread_blocked, id=23043, stack(0x0000700002af2000,0x0000700002bf2000)]
  0x00007fe9c2851000 JavaThread "Common-Cleaner" daemon [_thread_blocked, id=40963, stack(0x0000700002bf5000,0x0000700002cf5000)]
  0x00007fe9c2852000 JavaThread "JDWP Transport Listener: dt_socket" daemon [_thread_blocked, id=23811, stack(0x0000700002cf8000,0x0000700002df8000)]
  0x00007fe9c2853000 JavaThread "JDWP Event Helper Thread" daemon [_thread_blocked, id=40195, stack(0x0000700002dfb000,0x0000700002efb000)]
  0x00007fe9c580c800 JavaThread "JDWP Command Reader" daemon [_thread_in_native, id=24579, stack(0x0000700002efe000,0x0000700002ffe000)]
  0x00007fe9c5013800 JavaThread "Service Thread" daemon [_thread_blocked, id=39939, stack(0x0000700003001000,0x0000700003101000)]
  0x00007fe9c2c1b000 JavaThread "http-nio-8081-BlockPoller" daemon [_thread_in_native, id=38415, stack(0x000070000330a000,0x000070000340a000)]
  0x00007fe9c331a000 JavaThread "Catalina-utility-1" [_thread_blocked, id=28163, stack(0x0000700003b22000,0x0000700003c22000)]
  0x00007fe9c5e64000 JavaThread "Catalina-utility-2" [_thread_blocked, id=28419, stack(0x0000700003c25000,0x0000700003d25000)]
  0x00007fe9c256b800 JavaThread "container-0" [_thread_blocked, id=28675, stack(0x0000700003d28000,0x0000700003e28000)]
  0x00007fe9c2501800 JavaThread "spring.cloud.inetutils" daemon [_thread_blocked, id=35331, stack(0x0000700003e2b000,0x0000700003f2b000)]
  0x00007fe9c5e78000 JavaThread "HttpClient-1-SelectorManager" daemon [_thread_blocked, id=34051, stack(0x0000700004134000,0x0000700004234000)]
  0x00007fe9ca962000 JavaThread "Eureka-JerseyClient-Conn-Cleaner2" daemon [_thread_blocked, id=30467, stack(0x0000700004237000,0x0000700004337000)]
  0x00007fe9c2c21000 JavaThread "AsyncResolver-bootstrap-0" daemon [_thread_blocked, id=30979, stack(0x000070000433a000,0x000070000443a000)]
  0x00007fe9c29c2000 JavaThread "DiscoveryClient-0" daemon [_thread_blocked, id=31235, stack(0x000070000443d000,0x000070000453d000)]
  0x00007fe9c5c0d800 JavaThread "http-nio-8080-BlockPoller" daemon [_thread_in_native, id=32771, stack(0x0000700004540000,0x0000700004640000)]
  0x00007fe9c3195800 JavaThread "http-nio-8080-ClientPoller" daemon [_thread_blocked, id=32259, stack(0x0000700004643000,0x0000700004743000)]
  0x00007fe9c7800000 JavaThread "http-nio-8080-Acceptor" daemon [_thread_in_native, id=87043, stack(0x0000700004746000,0x0000700004846000)]
  0x00007fe9c2a21800 JavaThread "http-nio-8081-ClientPoller" daemon [_thread_in_native, id=86531, stack(0x0000700004849000,0x0000700004949000)]
  0x00007fe9c2a83800 JavaThread "http-nio-8081-Acceptor" daemon [_thread_in_native, id=86019, stack(0x000070000494c000,0x0000700004a4c000)]
  0x00007fe9c2356000 JavaThread "DestroyJavaVM" [_thread_blocked, id=9219, stack(0x0000700001ece000,0x0000700001fce000)]
  0x00007fe9ca95f000 JavaThread "fiber-carrier-thread-0" [_thread_blocked, id=25607, stack(0x0000700003207000,0x0000700003307000)]
  0x00007fe9cb859800 JavaThread "fiber-carrier-thread-1" [_thread_blocked, id=85507, stack(0x0000700004a4f000,0x0000700004b4f000)]
  0x00007fe9cb839000 JavaThread "fiber-carrier-thread-2" [_thread_blocked, id=44547, stack(0x0000700004b52000,0x0000700004c52000)]
  0x00007fe9cb82e000 JavaThread "fiber-carrier-thread-3" [_thread_blocked, id=84739, stack(0x0000700004c55000,0x0000700004d55000)]
  0x00007fe9c8805000 JavaThread "HttpClient-1-Worker-0" daemon [_thread_blocked, id=45059, stack(0x0000700004d58000,0x0000700004e58000)]
  0x00007fe9c6800800 JavaThread "HttpClient-1-Worker-1" daemon [_thread_blocked, id=83459, stack(0x0000700004e5b000,0x0000700004f5b000)]
  0x00007fe9c7822000 JavaThread "HttpClient-1-Worker-2" daemon [_thread_blocked, id=45571, stack(0x0000700004f5e000,0x000070000505e000)]
  0x00007fe9ca109800 JavaThread "HttpClient-1-Worker-3" daemon [_thread_blocked, id=82435, stack(0x0000700005061000,0x0000700005161000)]
  0x00007fe9c880a000 JavaThread "HttpClient-1-Worker-4" daemon [_thread_blocked, id=81923, stack(0x0000700005164000,0x0000700005264000)]
  0x00007fe9c6002800 JavaThread "HttpClient-1-Worker-5" daemon [_thread_blocked, id=81155, stack(0x0000700005267000,0x0000700005367000)]
  0x00007fe9ca10a800 JavaThread "HttpClient-1-Worker-6" daemon [_thread_blocked, id=80643, stack(0x000070000536a000,0x000070000546a000)]
  0x00007fe9ca882000 JavaThread "HttpClient-1-Worker-7" daemon [_thread_blocked, id=46339, stack(0x000070000546d000,0x000070000556d000)]
  0x00007fe9ca883000 JavaThread "HttpClient-1-Worker-8" daemon [_thread_blocked, id=79875, stack(0x0000700005570000,0x0000700005670000)]
  0x00007fe9c8009800 JavaThread "HttpClient-1-Worker-9" daemon [_thread_blocked, id=79363, stack(0x0000700005673000,0x0000700005773000)]
  0x00007fe9cb1f1000 JavaThread "DiscoveryClient-CacheRefreshExecutor-0" daemon [_thread_blocked, id=48387, stack(0x000070000597c000,0x0000700005a7c000)]
  0x00007fe9cb1f2000 JavaThread "DiscoveryClient-1" daemon [_thread_blocked, id=78339, stack(0x0000700005a7f000,0x0000700005b7f000)]
  0x00007fe9ca876000 JavaThread "Attach Listener" daemon [_thread_blocked, id=77827, stack(0x0000700005b82000,0x0000700005c82000)]
  0x00007fe9caac6800 JavaThread "RMI TCP Accept-0" daemon [_thread_in_native, id=49155, stack(0x0000700005c85000,0x0000700005d85000)]
  0x00007fe9cb0ea000 JavaThread "RMI TCP Connection(1)-192.168.86.48" daemon [_thread_in_native, id=76803, stack(0x0000700005d88000,0x0000700005e88000)]
  0x00007fe9caac7800 JavaThread "RMI Scheduler(0)" daemon [_thread_blocked, id=50179, stack(0x0000700005e8b000,0x0000700005f8b000)]
  0x00007fe9c3268800 JavaThread "JMX server connection timeout 2036" daemon [_thread_blocked, id=76291, stack(0x0000700005f8e000,0x000070000608e000)]
  0x00007fe9ca323000 JavaThread "RMI TCP Connection(2)-192.168.86.48" daemon [_thread_blocked, id=75523, stack(0x0000700006091000,0x0000700006191000)]

Other Threads:
  0x00007fe9c580c000 VMThread "VM Thread" [stack: 0x00007000024e0000,0x00007000025e0000] [id=14339]
  0x00007fe9c4819000 WatcherThread [stack: 0x0000700003104000,0x0000700003204000] [id=39427]
  0x00007fe9c283a800 GCTaskThread "GC Thread#0" [stack: 0x0000700001fd1000,0x00007000020d1000] [id=19971]
  0x00007fe9c29e8000 GCTaskThread "GC Thread#1" [stack: 0x000070000340d000,0x000070000350d000] [id=38147]
  0x00007fe9c29e9000 GCTaskThread "GC Thread#2" [stack: 0x0000700003510000,0x0000700003610000] [id=26371]
  0x00007fe9c29f2000 GCTaskThread "GC Thread#3" [stack: 0x0000700003613000,0x0000700003713000] [id=26883]
  0x00007fe9c5891000 GCTaskThread "GC Thread#4" [stack: 0x0000700003716000,0x0000700003816000] [id=37635]
  0x00007fe9c5892000 GCTaskThread "GC Thread#5" [stack: 0x0000700003819000,0x0000700003919000] [id=27139]
  0x00007fe9c4df8000 GCTaskThread "GC Thread#6" [stack: 0x0000700003f2e000,0x000070000402e000] [id=35075]
=>0x00007fe9c4df8800 GCTaskThread "GC Thread#7" [stack: 0x0000700004031000,0x0000700004131000] [id=29699]
  0x00007fe9c3589000 GCTaskThread "GC Thread#8" [stack: 0x0000700005776000,0x0000700005876000] [id=47619]
  0x00007fe9c680e800 GCTaskThread "GC Thread#9" [stack: 0x0000700005879000,0x0000700005979000] [id=78851]
  0x00007fe9c284b800 ConcurrentGCThread "G1 Main Marker" [stack: 0x00007000020d4000,0x00007000021d4000] [id=11523]
  0x00007fe9c3001800 ConcurrentGCThread "G1 Conc#0" [stack: 0x00007000021d7000,0x00007000022d7000] [id=12035]
  0x00007fe9c2a23800 ConcurrentGCThread "G1 Conc#1" [stack: 0x000070000391c000,0x0000700003a1c000] [id=37127]
  0x00007fe9c6803800 ConcurrentGCThread "G1 Conc#2" [stack: 0x0000700003a1f000,0x0000700003b1f000] [id=36871]
  0x00007fe9c30aa800 ConcurrentGCThread "G1 Refine#0" [stack: 0x00007000022da000,0x00007000023da000] [id=12547]
  0x00007fe9c5000000 ConcurrentGCThread "G1 Young RemSet Sampling" [stack: 0x00007000023dd000,0x00007000024dd000] [id=18947]

Threads with active compile tasks:
C2 CompilerThread0    86315 9506       4       jdk.internal.net.http.ResponseContent$ChunkedBodyParser::onSubscribe (58 bytes)

VM state:at safepoint (normal execution)

VM Mutex/Monitor currently owned by a thread:  ([mutex/lock_event])
[0x00007fe9c3a09f00] Threads_lock - owner thread: 0x00007fe9c580c000
[0x00007fe9c3a0b000] Heap_lock - owner thread: 0x00007fe9c6800800

Heap address: 0x0000000700000000, size: 4096 MB, Compressed Oops mode: Zero based, Oop shift amount: 3
Narrow klass base: 0x0000000800000000, Narrow klass shift: 3
Compressed class space size: 1073741824 Address: 0x0000000800b47000

Heap:
 garbage-first heap   total 71680K, used 58492K [0x0000000700000000, 0x0000000800000000)
  region size 1024K, 22 young (22528K), 2 survivors (2048K)
 Metaspace       used 53449K, capacity 54908K, committed 55296K, reserved 1097728K
  class space    used 6248K, capacity 6786K, committed 6912K, reserved 1048576K
Heap Regions: E=young(eden), S=young(survivor), O=old, HS=humongous(starts), HC=humongous(continues), CS=collection set, F=free, A=archive, TAMS=top-at-mark-start (previous, next)
|   0|0x0000000700000000, 0x0000000700100000, 0x0000000700100000|100%| O|  |TAMS 0x0000000700100000, 0x0000000700000000| Untracked 
|   1|0x0000000700100000, 0x0000000700200000, 0x0000000700200000|100%| O|  |TAMS 0x0000000700200000, 0x0000000700100000| Untracked 
|   2|0x0000000700200000, 0x0000000700300000, 0x0000000700300000|100%| O|  |TAMS 0x0000000700300000, 0x0000000700200000| Complete 
|   3|0x0000000700300000, 0x0000000700400000, 0x0000000700400000|100%| O|  |TAMS 0x0000000700400000, 0x0000000700300000| Untracked 
|   4|0x0000000700400000, 0x0000000700500000, 0x0000000700500000|100%| O|  |TAMS 0x0000000700500000, 0x0000000700400000| Untracked 
|   5|0x0000000700500000, 0x0000000700600000, 0x0000000700600000|100%| O|  |TAMS 0x0000000700600000, 0x0000000700500000| Untracked 
|   6|0x0000000700600000, 0x0000000700700000, 0x0000000700700000|100%| O|  |TAMS 0x0000000700700000, 0x0000000700600000| Untracked 
|   7|0x0000000700700000, 0x0000000700800000, 0x0000000700800000|100%| O|  |TAMS 0x0000000700800000, 0x0000000700700000| Untracked 
|   8|0x0000000700800000, 0x0000000700900000, 0x0000000700900000|100%| O|  |TAMS 0x0000000700900000, 0x0000000700800000| Untracked 
|   9|0x0000000700900000, 0x0000000700a00000, 0x0000000700a00000|100%| O|  |TAMS 0x0000000700a00000, 0x0000000700900000| Complete 
|  10|0x0000000700a00000, 0x0000000700ae2530, 0x0000000700b00000| 88%| O|  |TAMS 0x0000000700a94a00, 0x0000000700a00000| Untracked 
|  11|0x0000000700b00000, 0x0000000700c00000, 0x0000000700c00000|100%| O|  |TAMS 0x0000000700c00000, 0x0000000700b00000| Untracked 
|  12|0x0000000700c00000, 0x0000000700d00000, 0x0000000700d00000|100%| O|  |TAMS 0x0000000700d00000, 0x0000000700c00000| Untracked 
|  13|0x0000000700d00000, 0x0000000700e00000, 0x0000000700e00000|100%| O|  |TAMS 0x0000000700e00000, 0x0000000700d00000| Untracked 
|  14|0x0000000700e00000, 0x0000000700f00000, 0x0000000700f00000|100%| O|  |TAMS 0x0000000700f00000, 0x0000000700e00000| Untracked 
|  15|0x0000000700f00000, 0x0000000701000000, 0x0000000701000000|100%| O|  |TAMS 0x0000000701000000, 0x0000000700f00000| Complete 
|  16|0x0000000701000000, 0x0000000701000000, 0x0000000701100000|  0%| F|  |TAMS 0x0000000701000000, 0x0000000701000000| Untracked 
|  17|0x0000000701100000, 0x0000000701200000, 0x0000000701200000|100%| O|  |TAMS 0x0000000701200000, 0x0000000701100000| Complete 
|  18|0x0000000701200000, 0x0000000701300000, 0x0000000701300000|100%| O|  |TAMS 0x0000000701300000, 0x0000000701200000| Untracked 
|  19|0x0000000701300000, 0x0000000701300000, 0x0000000701400000|  0%| F|  |TAMS 0x0000000701300000, 0x0000000701300000| Untracked 
|  20|0x0000000701400000, 0x0000000701500000, 0x0000000701500000|100%| O|  |TAMS 0x0000000701500000, 0x0000000701400000| Complete 
|  21|0x0000000701500000, 0x0000000701600000, 0x0000000701600000|100%| O|  |TAMS 0x0000000701600000, 0x0000000701500000| Complete 
|  22|0x0000000701600000, 0x0000000701600000, 0x0000000701700000|  0%| F|  |TAMS 0x0000000701600000, 0x0000000701600000| Untracked 
|  23|0x0000000701700000, 0x0000000701800000, 0x0000000701800000|100%| O|  |TAMS 0x0000000701800000, 0x0000000701700000| Untracked 
|  24|0x0000000701800000, 0x0000000701900000, 0x0000000701900000|100%| O|  |TAMS 0x0000000701900000, 0x0000000701800000| Untracked 
|  25|0x0000000701900000, 0x0000000701a00000, 0x0000000701a00000|100%| O|  |TAMS 0x0000000701a00000, 0x0000000701900000| Untracked 
|  26|0x0000000701a00000, 0x0000000701b00000, 0x0000000701b00000|100%| O|  |TAMS 0x0000000701b00000, 0x0000000701a00000| Untracked 
|  27|0x0000000701b00000, 0x0000000701b00000, 0x0000000701c00000|  0%| F|  |TAMS 0x0000000701b00000, 0x0000000701b00000| Untracked 
|  28|0x0000000701c00000, 0x0000000701c00000, 0x0000000701d00000|  0%| F|  |TAMS 0x0000000701c00000, 0x0000000701c00000| Untracked 
|  29|0x0000000701d00000, 0x0000000701e00000, 0x0000000701e00000|100%| O|  |TAMS 0x0000000701e00000, 0x0000000701d00000| Untracked 
|  30|0x0000000701e00000, 0x0000000701f00000, 0x0000000701f00000|100%| O|  |TAMS 0x0000000701f00000, 0x0000000701e00000| Untracked 
|  31|0x0000000701f00000, 0x0000000702000000, 0x0000000702000000|100%| O|  |TAMS 0x0000000702000000, 0x0000000701f00000| Untracked 
|  32|0x0000000702000000, 0x0000000702100000, 0x0000000702100000|100%| O|  |TAMS 0x0000000702100000, 0x0000000702000000| Untracked 
|  33|0x0000000702100000, 0x0000000702200000, 0x0000000702200000|100%| O|  |TAMS 0x0000000702200000, 0x0000000702100000| Complete 
|  34|0x0000000702200000, 0x0000000702300000, 0x0000000702300000|100%| O|  |TAMS 0x0000000702300000, 0x0000000702200000| Complete 
|  35|0x0000000702300000, 0x0000000702400000, 0x0000000702400000|100%| O|  |TAMS 0x0000000702400000, 0x0000000702300000| Complete 
|  36|0x0000000702400000, 0x0000000702500000, 0x0000000702500000|100%| O|  |TAMS 0x0000000702500000, 0x0000000702400000| Complete 
|  37|0x0000000702500000, 0x0000000702600000, 0x0000000702600000|100%| O|  |TAMS 0x0000000702600000, 0x0000000702500000| Complete 
|  38|0x0000000702600000, 0x0000000702700000, 0x0000000702700000|100%| O|  |TAMS 0x0000000702700000, 0x0000000702600000| Complete 
|  39|0x0000000702700000, 0x0000000702800000, 0x0000000702800000|100%| O|  |TAMS 0x0000000702800000, 0x0000000702700000| Complete 
|  40|0x0000000702800000, 0x0000000702800000, 0x0000000702900000|  0%| F|  |TAMS 0x0000000702800000, 0x0000000702800000| Untracked 
|  41|0x0000000702900000, 0x0000000702900000, 0x0000000702a00000|  0%| F|  |TAMS 0x0000000702900000, 0x0000000702900000| Untracked 
|  42|0x0000000702a00000, 0x0000000702a00000, 0x0000000702b00000|  0%| F|  |TAMS 0x0000000702a00000, 0x0000000702a00000| Untracked 
|  43|0x0000000702b00000, 0x0000000702b00000, 0x0000000702c00000|  0%| F|  |TAMS 0x0000000702b00000, 0x0000000702b00000| Untracked 
|  44|0x0000000702c00000, 0x0000000702ca7590, 0x0000000702d00000| 65%| E|CS|TAMS 0x0000000702c00000, 0x0000000702c00000| Complete 
|  45|0x0000000702d00000, 0x0000000702e00000, 0x0000000702e00000|100%| E|CS|TAMS 0x0000000702d00000, 0x0000000702d00000| Complete 
|  46|0x0000000702e00000, 0x0000000702ee10e8, 0x0000000702f00000| 87%| S|  |TAMS 0x0000000702e00000, 0x0000000702e00000| Complete 
|  47|0x0000000702f00000, 0x0000000703000000, 0x0000000703000000|100%| S|  |TAMS 0x0000000702f00000, 0x0000000702f00000| Complete 
|  48|0x0000000703000000, 0x0000000703100000, 0x0000000703100000|100%| E|CS|TAMS 0x0000000703000000, 0x0000000703000000| Complete 
|  49|0x0000000703100000, 0x0000000703200000, 0x0000000703200000|100%| E|CS|TAMS 0x0000000703100000, 0x0000000703100000| Complete 
|  50|0x0000000703200000, 0x0000000703300000, 0x0000000703300000|100%| E|CS|TAMS 0x0000000703200000, 0x0000000703200000| Complete 
|  51|0x0000000703300000, 0x0000000703400000, 0x0000000703400000|100%| E|CS|TAMS 0x0000000703300000, 0x0000000703300000| Complete 
|  52|0x0000000703400000, 0x0000000703500000, 0x0000000703500000|100%| E|CS|TAMS 0x0000000703400000, 0x0000000703400000| Complete 
|  53|0x0000000703500000, 0x0000000703600000, 0x0000000703600000|100%| E|CS|TAMS 0x0000000703500000, 0x0000000703500000| Complete 
|  54|0x0000000703600000, 0x0000000703700000, 0x0000000703700000|100%| E|CS|TAMS 0x0000000703600000, 0x0000000703600000| Complete 
|  55|0x0000000703700000, 0x0000000703800000, 0x0000000703800000|100%| E|CS|TAMS 0x0000000703700000, 0x0000000703700000| Complete 
|  56|0x0000000703800000, 0x0000000703900000, 0x0000000703900000|100%| E|CS|TAMS 0x0000000703800000, 0x0000000703800000| Complete 
|  57|0x0000000703900000, 0x0000000703a00000, 0x0000000703a00000|100%| E|CS|TAMS 0x0000000703900000, 0x0000000703900000| Complete 
|  58|0x0000000703a00000, 0x0000000703b00000, 0x0000000703b00000|100%| E|CS|TAMS 0x0000000703a00000, 0x0000000703a00000| Complete 
|  59|0x0000000703b00000, 0x0000000703c00000, 0x0000000703c00000|100%| E|CS|TAMS 0x0000000703b00000, 0x0000000703b00000| Complete 
|  74|0x0000000704a00000, 0x0000000704b00000, 0x0000000704b00000|100%| E|CS|TAMS 0x0000000704a00000, 0x0000000704a00000| Complete 
|  75|0x0000000704b00000, 0x0000000704c00000, 0x0000000704c00000|100%| E|CS|TAMS 0x0000000704b00000, 0x0000000704b00000| Complete 
|  76|0x0000000704c00000, 0x0000000704d00000, 0x0000000704d00000|100%| E|CS|TAMS 0x0000000704c00000, 0x0000000704c00000| Complete 
|  77|0x0000000704d00000, 0x0000000704e00000, 0x0000000704e00000|100%| E|CS|TAMS 0x0000000704d00000, 0x0000000704d00000| Complete 
|  78|0x0000000704e00000, 0x0000000704f00000, 0x0000000704f00000|100%| E|CS|TAMS 0x0000000704e00000, 0x0000000704e00000| Complete 
|  79|0x0000000704f00000, 0x0000000705000000, 0x0000000705000000|100%| E|CS|TAMS 0x0000000704f00000, 0x0000000704f00000| Complete 
|  80|0x0000000705000000, 0x0000000705100000, 0x0000000705100000|100%| E|CS|TAMS 0x0000000705000000, 0x0000000705000000| Complete 
| 255|0x000000070ff00000, 0x0000000710000000, 0x0000000710000000|100%| E|CS|TAMS 0x000000070ff00000, 0x000000070ff00000| Complete 
|3070|0x00000007bfe00000, 0x00000007bfe49000, 0x00000007bff00000| 28%|OA|  |TAMS 0x00000007bfe49000, 0x00000007bfe00000| Untracked 
|3071|0x00000007bff00000, 0x00000007bff79000, 0x00000007c0000000| 47%|CA|  |TAMS 0x00000007bff79000, 0x00000007bff00000| Untracked 

Card table byte_map: [0x000000012644e000,0x0000000126c4e000] _byte_map_base: 0x0000000122c4e000

Marking Bits (Prev, Next): (CMBitMap*) 0x00007fe9c283b018, (CMBitMap*) 0x00007fe9c283b058
 Prev Bits: [0x000000012744e000, 0x000000012b44e000)
 Next Bits: [0x000000012b44e000, 0x000000012f44e000)

Polling page: 0x000000010ab86000

Metaspace:

Usage:
  Non-class:     46.99 MB capacity,    46.10 MB ( 98%) used,   741.48 KB (  2%) free+waste,   179.19 KB ( <1%) overhead. 
      Class:      6.63 MB capacity,     6.10 MB ( 92%) used,   459.95 KB (  7%) free+waste,    77.75 KB (  1%) overhead. 
       Both:     53.62 MB capacity,    52.20 MB ( 97%) used,     1.17 MB (  2%) free+waste,   256.94 KB ( <1%) overhead. 

Virtual space:
  Non-class space:       48.00 MB reserved,      47.25 MB ( 98%) committed 
      Class space:        1.00 GB reserved,       6.75 MB ( <1%) committed 
             Both:        1.05 GB reserved,      54.00 MB (  5%) committed 

Chunk freelists:
   Non-Class:  134.00 KB
       Class:  98.00 KB
        Both:  232.00 KB

MaxMetaspaceSize: unlimited
CompressedClassSpaceSize: 1.00 GB

CodeHeap 'non-profiled nmethods': size=120032Kb used=5999Kb max_used=5999Kb free=114033Kb
 bounds [0x000000011ef16000, 0x000000011f4f6000, 0x000000012644e000]
CodeHeap 'profiled nmethods': size=120028Kb used=16875Kb max_used=19833Kb free=103152Kb
 bounds [0x00000001179df000, 0x0000000118dcf000, 0x000000011ef16000]
CodeHeap 'non-nmethods': size=5700Kb used=1593Kb max_used=1667Kb free=4106Kb
 bounds [0x000000011744e000, 0x00000001176be000, 0x00000001179df000]
 total_blobs=14025 nmethods=7469 adapters=472
 compilation: enabled
              stopped_count=0, restarted_count=0
 full_count=0

Compilation events (20 events):
Event: 85.940 Thread 0x00007fe9c284c800 nmethod 9496 0x000000011f4ea710 code [0x000000011f4ea8c0, 0x000000011f4eab58]
Event: 85.952 Thread 0x00007fe9c284c800 9497       4       org.apache.catalina.connector.RequestFacade::getRemoteAddr (31 bytes)
Event: 85.960 Thread 0x00007fe9c284c800 nmethod 9497 0x000000011f4ead10 code [0x000000011f4eaec0, 0x000000011f4eb1f8]
Event: 85.963 Thread 0x00007fe9c284c800 9498       4       org.apache.catalina.connector.CoyoteOutputStream::write (26 bytes)
Event: 85.980 Thread 0x00007fe9c284c800 nmethod 9498 0x000000011f4eb390 code [0x000000011f4eb580, 0x000000011f4ec588]
Event: 85.980 Thread 0x00007fe9c284c800 9499       4       org.springframework.web.servlet.HandlerExecutionChain::applyPostHandle (54 bytes)
Event: 85.983 Thread 0x00007fe9c284c800 nmethod 9499 0x000000011f4ed390 code [0x000000011f4ed540, 0x000000011f4ed748]
Event: 86.004 Thread 0x00007fe9c284c800 9500       4       org.springframework.web.servlet.mvc.method.annotation.AsyncTaskMethodReturnValueHandler::supportsReturnType (10 bytes)
Event: 86.006 Thread 0x00007fe9c284c800 nmethod 9500 0x000000011f4ed910 code [0x000000011f4edac0, 0x000000011f4edbd8]
Event: 86.006 Thread 0x00007fe9c284c800 9501       4       org.apache.catalina.connector.OutputBuffer::close (161 bytes)
Event: 86.016 Thread 0x00007fe9c284c800 nmethod 9501 0x000000011f4edd10 code [0x000000011f4edf00, 0x000000011f4ee350]
Event: 86.016 Thread 0x00007fe9c284c800 9502       4       java.nio.charset.Charset::forName (20 bytes)
Event: 86.021 Thread 0x00007fe9c284c800 nmethod 9502 0x000000011f4ee690 code [0x000000011f4ee840, 0x000000011f4eea38]
Event: 86.039 Thread 0x00007fe9c284c800 9503       4       org.apache.catalina.connector.Response::containsHeader (81 bytes)
Event: 86.044 Thread 0x00007fe9c284c800 nmethod 9503 0x000000011f4eec10 code [0x000000011f4eede0, 0x000000011f4ef0a8]
Event: 86.074 Thread 0x00007fe9c284c800 9504       4       org.springframework.web.servlet.FrameworkServlet::publishRequestHandledEvent (85 bytes)
Event: 86.152 Thread 0x00007fe9c284c800 nmethod 9504 0x000000011f4ef310 code [0x000000011f4ef560, 0x000000011f4f0ad0]
Event: 86.160 Thread 0x00007fe9c284c800 9505       4       org.springframework.web.servlet.mvc.method.annotation.RequestResponseBodyMethodProcessor::supportsReturnType (27 bytes)
Event: 86.162 Thread 0x00007fe9c284c800 nmethod 9505 0x000000011f4f1710 code [0x000000011f4f18c0, 0x000000011f4f1aa8]
Event: 86.239 Thread 0x00007fe9c284c800 9506       4       jdk.internal.net.http.ResponseContent$ChunkedBodyParser::onSubscribe (58 bytes)

GC Heap History (20 events):
Event: 63.569 GC heap after
{Heap after GC invocations=35 (full 0):
 garbage-first heap   total 71680K, used 37299K [0x0000000700000000, 0x0000000800000000)
  region size 1024K, 2 young (2048K), 2 survivors (2048K)
 Metaspace       used 53263K, capacity 54649K, committed 55040K, reserved 1097728K
  class space    used 6242K, capacity 6775K, committed 6912K, reserved 1048576K
}
Event: 65.782 GC heap before
{Heap before GC invocations=35 (full 0):
 garbage-first heap   total 71680K, used 56755K [0x0000000700000000, 0x0000000800000000)
  region size 1024K, 22 young (22528K), 2 survivors (2048K)
 Metaspace       used 53310K, capacity 54679K, committed 55040K, reserved 1097728K
  class space    used 6244K, capacity 6779K, committed 6912K, reserved 1048576K
}
Event: 65.784 GC heap after
{Heap after GC invocations=36 (full 0):
 garbage-first heap   total 71680K, used 37370K [0x0000000700000000, 0x0000000800000000)
  region size 1024K, 2 young (2048K), 2 survivors (2048K)
 Metaspace       used 53310K, capacity 54679K, committed 55040K, reserved 1097728K
  class space    used 6244K, capacity 6779K, committed 6912K, reserved 1048576K
}
Event: 67.966 GC heap before
{Heap before GC invocations=37 (full 0):
 garbage-first heap   total 71680K, used 56826K [0x0000000700000000, 0x0000000800000000)
  region size 1024K, 21 young (21504K), 2 survivors (2048K)
 Metaspace       used 53364K, capacity 54832K, committed 55040K, reserved 1097728K
  class space    used 6247K, capacity 6784K, committed 6912K, reserved 1048576K
}
Event: 67.972 GC heap after
{Heap after GC invocations=38 (full 0):
 garbage-first heap   total 71680K, used 37466K [0x0000000700000000, 0x0000000800000000)
  region size 1024K, 2 young (2048K), 2 survivors (2048K)
 Metaspace       used 53364K, capacity 54832K, committed 55040K, reserved 1097728K
  class space    used 6247K, capacity 6784K, committed 6912K, reserved 1048576K
}
Event: 70.222 GC heap before
{Heap before GC invocations=38 (full 0):
 garbage-first heap   total 71680K, used 57946K [0x0000000700000000, 0x0000000800000000)
  region size 1024K, 22 young (22528K), 2 survivors (2048K)
 Metaspace       used 53369K, capacity 54832K, committed 55040K, reserved 1097728K
  class space    used 6247K, capacity 6784K, committed 6912K, reserved 1048576K
}
Event: 70.227 GC heap after
{Heap after GC invocations=39 (full 0):
 garbage-first heap   total 71680K, used 37261K [0x0000000700000000, 0x0000000800000000)
  region size 1024K, 2 young (2048K), 2 survivors (2048K)
 Metaspace       used 53369K, capacity 54832K, committed 55040K, reserved 1097728K
  class space    used 6247K, capacity 6784K, committed 6912K, reserved 1048576K
}
Event: 72.493 GC heap before
{Heap before GC invocations=40 (full 0):
 garbage-first heap   total 71680K, used 56717K [0x0000000700000000, 0x0000000800000000)
  region size 1024K, 22 young (22528K), 2 survivors (2048K)
 Metaspace       used 53372K, capacity 54832K, committed 55040K, reserved 1097728K
  class space    used 6247K, capacity 6784K, committed 6912K, reserved 1048576K
}
Event: 72.496 GC heap after
{Heap after GC invocations=41 (full 0):
 garbage-first heap   total 71680K, used 37400K [0x0000000700000000, 0x0000000800000000)
  region size 1024K, 2 young (2048K), 2 survivors (2048K)
 Metaspace       used 53372K, capacity 54832K, committed 55040K, reserved 1097728K
  class space    used 6247K, capacity 6784K, committed 6912K, reserved 1048576K
}
Event: 74.766 GC heap before
{Heap before GC invocations=41 (full 0):
 garbage-first heap   total 71680K, used 57880K [0x0000000700000000, 0x0000000800000000)
  region size 1024K, 22 young (22528K), 2 survivors (2048K)
 Metaspace       used 53393K, capacity 54837K, committed 55296K, reserved 1097728K
  class space    used 6247K, capacity 6784K, committed 6912K, reserved 1048576K
}
Event: 74.774 GC heap after
{Heap after GC invocations=42 (full 0):
 garbage-first heap   total 71680K, used 37507K [0x0000000700000000, 0x0000000800000000)
  region size 1024K, 2 young (2048K), 2 survivors (2048K)
 Metaspace       used 53393K, capacity 54837K, committed 55296K, reserved 1097728K
  class space    used 6247K, capacity 6784K, committed 6912K, reserved 1048576K
}
Event: 77.092 GC heap before
{Heap before GC invocations=43 (full 0):
 garbage-first heap   total 71680K, used 57987K [0x0000000700000000, 0x0000000800000000)
  region size 1024K, 22 young (22528K), 2 survivors (2048K)
 Metaspace       used 53402K, capacity 54837K, committed 55296K, reserved 1097728K
  class space    used 6247K, capacity 6784K, committed 6912K, reserved 1048576K
}
Event: 77.095 GC heap after
{Heap after GC invocations=44 (full 0):
 garbage-first heap   total 71680K, used 37615K [0x0000000700000000, 0x0000000800000000)
  region size 1024K, 2 young (2048K), 2 survivors (2048K)
 Metaspace       used 53402K, capacity 54837K, committed 55296K, reserved 1097728K
  class space    used 6247K, capacity 6784K, committed 6912K, reserved 1048576K
}
Event: 79.323 GC heap before
{Heap before GC invocations=44 (full 0):
 garbage-first heap   total 71680K, used 57071K [0x0000000700000000, 0x0000000800000000)
  region size 1024K, 22 young (22528K), 2 survivors (2048K)
 Metaspace       used 53424K, capacity 54902K, committed 55296K, reserved 1097728K
  class space    used 6247K, capacity 6784K, committed 6912K, reserved 1048576K
}
Event: 79.329 GC heap after
{Heap after GC invocations=45 (full 0):
 garbage-first heap   total 71680K, used 37485K [0x0000000700000000, 0x0000000800000000)
  region size 1024K, 2 young (2048K), 2 survivors (2048K)
 Metaspace       used 53424K, capacity 54902K, committed 55296K, reserved 1097728K
  class space    used 6247K, capacity 6784K, committed 6912K, reserved 1048576K
}
Event: 81.656 GC heap before
{Heap before GC invocations=46 (full 0):
 garbage-first heap   total 71680K, used 56941K [0x0000000700000000, 0x0000000800000000)
  region size 1024K, 22 young (22528K), 2 survivors (2048K)
 Metaspace       used 53426K, capacity 54902K, committed 55296K, reserved 1097728K
  class space    used 6247K, capacity 6784K, committed 6912K, reserved 1048576K
}
Event: 81.661 GC heap after
{Heap after GC invocations=47 (full 0):
 garbage-first heap   total 71680K, used 37814K [0x0000000700000000, 0x0000000800000000)
  region size 1024K, 2 young (2048K), 2 survivors (2048K)
 Metaspace       used 53426K, capacity 54902K, committed 55296K, reserved 1097728K
  class space    used 6247K, capacity 6784K, committed 6912K, reserved 1048576K
}
Event: 83.945 GC heap before
{Heap before GC invocations=47 (full 0):
 garbage-first heap   total 71680K, used 57270K [0x0000000700000000, 0x0000000800000000)
  region size 1024K, 22 young (22528K), 2 survivors (2048K)
 Metaspace       used 53449K, capacity 54908K, committed 55296K, reserved 1097728K
  class space    used 6248K, capacity 6786K, committed 6912K, reserved 1048576K
}
Event: 83.953 GC heap after
{Heap after GC invocations=48 (full 0):
 garbage-first heap   total 71680K, used 38012K [0x0000000700000000, 0x0000000800000000)
  region size 1024K, 2 young (2048K), 2 survivors (2048K)
 Metaspace       used 53449K, capacity 54908K, committed 55296K, reserved 1097728K
  class space    used 6248K, capacity 6786K, committed 6912K, reserved 1048576K
}
Event: 86.255 GC heap before
{Heap before GC invocations=49 (full 0):
 garbage-first heap   total 71680K, used 58492K [0x0000000700000000, 0x0000000800000000)
  region size 1024K, 22 young (22528K), 2 survivors (2048K)
 Metaspace       used 53449K, capacity 54908K, committed 55296K, reserved 1097728K
  class space    used 6248K, capacity 6786K, committed 6912K, reserved 1048576K
}

Deoptimization events (20 events):
Event: 84.899 Thread 0x00007fe9c6002800 Uncommon trap: trap_request=0xffffffde fr.pc=0x000000011f2d66a8 relative=0x00000000000009a8
Event: 84.899 Thread 0x00007fe9c6002800 Uncommon trap: reason=class_check action=maybe_recompile pc=0x000000011f2d66a8 method=java.util.HashMap.computeIfAbsent(Ljava/lang/Object;Ljava/util/function/Function;)Ljava/lang/Object; @ 86 c2
Event: 84.899 Thread 0x00007fe9c6002800 DEOPT PACKING pc=0x000000011f2d66a8 sp=0x00007000053664b0
Event: 84.899 Thread 0x00007fe9c6002800 DEOPT UNPACKING pc=0x00000001174a283b sp=0x0000700005366458 mode 2
Event: 84.901 Thread 0x00007fe9c5e78000 DEOPT PACKING pc=0x0000000118d91744 sp=0x0000700004233650
Event: 84.901 Thread 0x00007fe9c5e78000 DEOPT UNPACKING pc=0x00000001174a2d30 sp=0x0000700004232e88 mode 1
Event: 84.940 Thread 0x00007fe9ca10a800 Uncommon trap: trap_request=0xffffffde fr.pc=0x000000011f2d66a8 relative=0x00000000000009a8
Event: 84.940 Thread 0x00007fe9ca10a800 Uncommon trap: reason=class_check action=maybe_recompile pc=0x000000011f2d66a8 method=java.util.HashMap.computeIfAbsent(Ljava/lang/Object;Ljava/util/function/Function;)Ljava/lang/Object; @ 86 c2
Event: 84.940 Thread 0x00007fe9ca10a800 DEOPT PACKING pc=0x000000011f2d66a8 sp=0x00007000054694b0
Event: 84.940 Thread 0x00007fe9ca10a800 DEOPT UNPACKING pc=0x00000001174a283b sp=0x0000700005469458 mode 2
Event: 85.049 Thread 0x00007fe9ca883000 Uncommon trap: trap_request=0xffffffde fr.pc=0x000000011f2d66a8 relative=0x00000000000009a8
Event: 85.049 Thread 0x00007fe9ca883000 Uncommon trap: reason=class_check action=maybe_recompile pc=0x000000011f2d66a8 method=java.util.HashMap.computeIfAbsent(Ljava/lang/Object;Ljava/util/function/Function;)Ljava/lang/Object; @ 86 c2
Event: 85.049 Thread 0x00007fe9ca883000 DEOPT PACKING pc=0x000000011f2d66a8 sp=0x000070000566f4b0
Event: 85.050 Thread 0x00007fe9ca883000 DEOPT UNPACKING pc=0x00000001174a283b sp=0x000070000566f458 mode 2
Event: 85.052 Thread 0x00007fe9c5e78000 DEOPT PACKING pc=0x0000000118d42d0c sp=0x0000700004233650
Event: 85.052 Thread 0x00007fe9c5e78000 DEOPT UNPACKING pc=0x00000001174a2d30 sp=0x0000700004232e88 mode 1
Event: 85.322 Thread 0x00007fe9ca323000 Uncommon trap: trap_request=0xffffff76 fr.pc=0x000000011f4bf424 relative=0x0000000000001304
Event: 85.322 Thread 0x00007fe9ca323000 Uncommon trap: reason=predicate action=maybe_recompile pc=0x000000011f4bf424 method=java.util.ComparableTimSort.reverseRange([Ljava/lang/Object;II)V @ 5 c2
Event: 85.322 Thread 0x00007fe9ca323000 DEOPT PACKING pc=0x000000011f4bf424 sp=0x000070000618f710
Event: 85.322 Thread 0x00007fe9ca323000 DEOPT UNPACKING pc=0x00000001174a283b sp=0x000070000618f5e0 mode 2

Classes unloaded (20 events):
Event: 33.637 Thread 0x00007fe9c580c000 Unloading class 0x0000000801162440 'jdk/internal/reflect/GeneratedConstructorAccessor57'
Event: 33.637 Thread 0x00007fe9c580c000 Unloading class 0x0000000801162040 'jdk/internal/reflect/GeneratedMethodAccessor46'
Event: 33.637 Thread 0x00007fe9c580c000 Unloading class 0x0000000801162c40 'jdk/internal/reflect/GeneratedMethodAccessor47'
Event: 33.637 Thread 0x00007fe9c580c000 Unloading class 0x0000000801162840 'jdk/internal/reflect/GeneratedMethodAccessor45'
Event: 33.637 Thread 0x00007fe9c580c000 Unloading class 0x0000000801163040 'org/springframework/web/context/request/async/WebAsyncManager$$Lambda$630'
Event: 33.637 Thread 0x00007fe9c580c000 Unloading class 0x0000000801163840 'org/springframework/web/context/request/async/WebAsyncManager$$Lambda$629'
Event: 33.637 Thread 0x00007fe9c580c000 Unloading class 0x0000000801164440 'org/springframework/web/context/request/async/WebAsyncManager$$Lambda$628'
Event: 33.637 Thread 0x00007fe9c580c000 Unloading class 0x0000000801164040 'org/springframework/ui/ModelMap$$Lambda$626'
Event: 33.637 Thread 0x00007fe9c580c000 Unloading class 0x0000000801164840 'org/springframework/ui/ModelMap$$Lambda$625'
Event: 33.637 Thread 0x00007fe9c580c000 Unloading class 0x0000000801165440 'org/springframework/ui/ModelMap$$Lambda$624'
Event: 33.637 Thread 0x00007fe9c580c000 Unloading class 0x0000000801165040 'org/springframework/web/servlet/mvc/method/annotation/RequestMappingHandlerAdapter$$Lambda$622'
Event: 33.637 Thread 0x00007fe9c580c000 Unloading class 0x0000000801165c40 'org/springframework/web/servlet/mvc/method/annotation/RequestMappingHandlerAdapter$$Lambda$619'
Event: 33.637 Thread 0x00007fe9c580c000 Unloading class 0x0000000801166440 'org/springframework/web/servlet/mvc/method/annotation/RequestMappingHandlerAdapter$$Lambda$621'
Event: 33.637 Thread 0x00007fe9c580c000 Unloading class 0x0000000801167c40 'org/springframework/web/servlet/DispatcherServlet$$Lambda$611'
Event: 33.637 Thread 0x00007fe9c580c000 Unloading class 0x0000000801167840 'org/springframework/web/servlet/DispatcherServlet$$Lambda$612'
Event: 33.637 Thread 0x00007fe9c580c000 Unloading class 0x0000000801160c40 'org/springframework/web/servlet/DispatcherServlet$$Lambda$614'
Event: 33.637 Thread 0x00007fe9c580c000 Unloading class 0x0000000801160840 'org/springframework/web/servlet/DispatcherServlet$$Lambda$610'
Event: 33.637 Thread 0x00007fe9c580c000 Unloading class 0x0000000801160440 'org/springframework/web/servlet/DispatcherServlet$$Lambda$608'
Event: 33.637 Thread 0x00007fe9c580c000 Unloading class 0x0000000801160040 'org/springframework/web/servlet/DispatcherServlet$$Lambda$607'
Event: 33.637 Thread 0x00007fe9c580c000 Unloading class 0x0000000800bf7840 'org/springframework/core/GenericTypeResolver$$Lambda$52'

Classes redefined (0 events):
No events

Internal exceptions (20 events):
Event: 27.936 Thread 0x00007fe9cb82e000 Exception <a 'java/lang/NoSuchMethodError'{0x0000000703811018}: 'void java.lang.invoke.DirectMethodHandle$Holder.invokeStatic(java.lang.Object, java.lang.Object, java.lang.Object, java.lang.Object, java.lang.Object, java.lang.Object, java.lang.Object)'> (0x0000000703811018) 
thrown [/Users/jigga/projects/openjdk/loom/src/hotspot/share/interpreter/linkResolver.cpp, line 767]
Event: 27.936 Thread 0x00007fe9ca95f000 Exception <a 'java/lang/NoSuchMethodError'{0x0000000703825690}: 'void java.lang.invoke.DirectMethodHandle$Holder.invokeStatic(java.lang.Object, java.lang.Object, java.lang.Object, java.lang.Object, java.lang.Object, java.lang.Object, java.lang.Object)'> (0x0000000703825690) 
thrown [/Users/jigga/projects/openjdk/loom/src/hotspot/share/interpreter/linkResolver.cpp, line 767]
Event: 27.958 Thread 0x00007fe9ca95f000 Implicit null exception at 0x000000011f0adce5 to 0x000000011f0addd2
Event: 27.970 Thread 0x00007fe9c5e78000 Exception <a 'java/lang/NoSuchMethodError'{0x0000000704c0a518}: 'void java.lang.invoke.DirectMethodHandle$Holder.invokeStatic(java.lang.Object, java.lang.Object, int)'> (0x0000000704c0a518) 
thrown [/Users/jigga/projects/openjdk/loom/src/hotspot/share/interpreter/linkResolver.cpp, line 767]
Event: 28.033 Thread 0x00007fe9ca882000 Exception <a 'java/lang/NoSuchMethodError'{0x00000007033b1398}: 'java.lang.Object java.lang.invoke.DirectMethodHandle$Holder.invokeStatic(java.lang.Object, java.lang.Object, long, java.lang.Object, java.lang.Object, java.lang.Object)'> (0x00000007033b1398) 
thrown [/Users/jigga/projects/openjdk/loom/src/hotspot/share/interpreter/linkResolver.cpp, line 767]
Event: 28.033 Thread 0x00007fe9ca882000 Exception <a 'java/lang/NoSuchMethodError'{0x00000007033b7988}: 'java.lang.Object java.lang.invoke.Invokers$Holder.linkToTargetMethod(java.lang.Object, long, java.lang.Object, java.lang.Object, java.lang.Object, java.lang.Object)'> (0x00000007033b7988) 
thrown [/Users/jigga/projects/openjdk/loom/src/hotspot/share/interpreter/linkResolver.cpp, line 767]
Event: 51.041 Thread 0x00007fe9ca876000 Exception <a 'java/lang/ClassNotFoundException'{0x0000000703987df0}: javax/management/remote/rmi/RMIServerImpl_Skel> (0x0000000703987df0) 
thrown [/Users/jigga/projects/openjdk/loom/src/hotspot/share/classfile/systemDictionary.cpp, line 232]
Event: 51.081 Thread 0x00007fe9cb0ea000 Exception <a 'java/lang/NoSuchMethodError'{0x00000007038576d8}: static [B.<clinit>()V> (0x00000007038576d8) 
thrown [/Users/jigga/projects/openjdk/loom/src/hotspot/share/prims/jni.cpp, line 1347]
Event: 51.086 Thread 0x00007fe9cb0ea000 Exception <a 'java/lang/ClassNotFoundException'{0x000000070387dee8}: javax/management/remote/rmi/RMIConnectionImpl_Skel> (0x000000070387dee8) 
thrown [/Users/jigga/projects/openjdk/loom/src/hotspot/share/classfile/systemDictionary.cpp, line 232]
Event: 51.087 Thread 0x00007fe9c3268800 Exception <a 'java/lang/NoSuchMethodError'{0x00000007038a15a0}: 'java.lang.Object java.lang.invoke.Invokers$Holder.linkToTargetMethod(java.lang.Object, long, java.lang.Object)'> (0x00000007038a15a0) 
thrown [/Users/jigga/projects/openjdk/loom/src/hotspot/share/interpreter/linkResolver.cpp, line 767]
Event: 51.099 Thread 0x00007fe9cb0ea000 Implicit null exception at 0x000000011f00f340 to 0x000000011f0102a6
Event: 51.119 Thread 0x00007fe9cb0ea000 Exception <a 'java/lang/NoSuchMethodError'{0x000000070378d7b0}: static [Ljavax/management/MBeanAttributeInfo;.<clinit>()V> (0x000000070378d7b0) 
thrown [/Users/jigga/projects/openjdk/loom/src/hotspot/share/prims/jni.cpp, line 1347]
Event: 51.129 Thread 0x00007fe9cb0ea000 Exception <a 'java/lang/NoSuchMethodError'{0x00000007037b4798}: static [Ljava/lang/String;.<clinit>()V> (0x00000007037b4798) 
thrown [/Users/jigga/projects/openjdk/loom/src/hotspot/share/prims/jni.cpp, line 1347]
Event: 51.130 Thread 0x00007fe9cb0ea000 Exception <a 'java/lang/NoSuchMethodError'{0x00000007037b5468}: static [Ljava/lang/Object;.<clinit>()V> (0x00000007037b5468) 
thrown [/Users/jigga/projects/openjdk/loom/src/hotspot/share/prims/jni.cpp, line 1347]
Event: 51.154 Thread 0x00007fe9cb0ea000 Exception <a 'java/lang/NoSuchMethodError'{0x00000007037f1fb0}: static [Ljavax/management/MBeanConstructorInfo;.<clinit>()V> (0x00000007037f1fb0) 
thrown [/Users/jigga/projects/openjdk/loom/src/hotspot/share/prims/jni.cpp, line 1347]
Event: 51.156 Thread 0x00007fe9cb0ea000 Exception <a 'java/lang/NoSuchMethodError'{0x00000007037f2ea0}: static [Ljavax/management/MBeanNotificationInfo;.<clinit>()V> (0x00000007037f2ea0) 
thrown [/Users/jigga/projects/openjdk/loom/src/hotspot/share/prims/jni.cpp, line 1347]
Event: 51.158 Thread 0x00007fe9cb0ea000 Exception <a 'java/lang/NoSuchMethodError'{0x00000007037f3d60}: static [Ljavax/management/MBeanOperationInfo;.<clinit>()V> (0x00000007037f3d60) 
thrown [/Users/jigga/projects/openjdk/loom/src/hotspot/share/prims/jni.cpp, line 1347]
Event: 52.258 Thread 0x00007fe9cb0ea000 Exception <a 'java/lang/NoSuchMethodError'{0x00000007050a1a98}: static [J.<clinit>()V> (0x00000007050a1a98) 
thrown [/Users/jigga/projects/openjdk/loom/src/hotspot/share/prims/jni.cpp, line 1347]
Event: 52.402 Thread 0x00007fe9cb0ea000 Exception <a 'java/lang/NoSuchMethodError'{0x0000000704ebde88}: static [Ljavax/management/openmbean/CompositeData;.<clinit>()V> (0x0000000704ebde88) 
thrown [/Users/jigga/projects/openjdk/loom/src/hotspot/share/prims/jni.cpp, line 1347]
Event: 83.805 Thread 0x00007fe9c6002800 Implicit null exception at 0x000000011f12c214 to 0x000000011f12c25d

Events (20 events):
Event: 83.828 Executing VM operation: HandshakeOneThread done
Event: 83.944 Executing VM operation: G1CollectForAllocation
Event: 83.953 Executing VM operation: G1CollectForAllocation done
Event: 84.001 Executing VM operation: G1Concurrent
Event: 84.010 Executing VM operation: G1Concurrent done
Event: 84.035 Executing VM operation: G1Concurrent
Event: 84.036 Executing VM operation: G1Concurrent done
Event: 84.304 Executing VM operation: ThreadDump
Event: 84.305 Executing VM operation: ThreadDump done
Event: 84.900 Executing VM operation: HandshakeOneThread
Event: 84.901 Executing VM operation: HandshakeOneThread done
Event: 84.940 Executing VM operation: HandshakeOneThread
Event: 84.941 Executing VM operation: HandshakeOneThread done
Event: 85.051 Executing VM operation: HandshakeOneThread
Event: 85.052 Executing VM operation: HandshakeOneThread done
Event: 85.319 Executing VM operation: ThreadDump
Event: 85.319 Executing VM operation: ThreadDump done
Event: 85.346 Executing VM operation: HandshakeOneThread
Event: 85.346 Executing VM operation: HandshakeOneThread done
Event: 86.254 Executing VM operation: G1CollectForAllocation


Dynamic libraries:
0x00007fff7c282000 	/usr/lib/libz.1.dylib
0x000000010ab10000 	/Library/Java/JavaVirtualMachines/jdk-14-loom-20190902.jdk/Contents/Home/lib/libjli.dylib
0x00007fff503ec000 	/System/Library/Frameworks/Cocoa.framework/Versions/A/Cocoa
0x00007fff5c190000 	/System/Library/Frameworks/Security.framework/Versions/A/Security
0x00007fff4f07f000 	/System/Library/Frameworks/ApplicationServices.framework/Versions/A/ApplicationServices
0x00007fff79bdc000 	/usr/lib/libSystem.B.dylib
0x00007fff7ca78000 	/usr/lib/system/libcache.dylib
0x00007fff7ca7d000 	/usr/lib/system/libcommonCrypto.dylib
0x00007fff7ca88000 	/usr/lib/system/libcompiler_rt.dylib
0x00007fff7ca90000 	/usr/lib/system/libcopyfile.dylib
0x00007fff7ca9a000 	/usr/lib/system/libcorecrypto.dylib
0x00007fff7cba5000 	/usr/lib/system/libdispatch.dylib
0x00007fff7cbdf000 	/usr/lib/system/libdyld.dylib
0x00007fff7cc0c000 	/usr/lib/system/libkeymgr.dylib
0x00007fff7cc1a000 	/usr/lib/system/liblaunch.dylib
0x00007fff7cc1b000 	/usr/lib/system/libmacho.dylib
0x00007fff7cc21000 	/usr/lib/system/libquarantine.dylib
0x00007fff7cc24000 	/usr/lib/system/libremovefile.dylib
0x00007fff7cc26000 	/usr/lib/system/libsystem_asl.dylib
0x00007fff7cc3e000 	/usr/lib/system/libsystem_blocks.dylib
0x00007fff7cc3f000 	/usr/lib/system/libsystem_c.dylib
0x00007fff7ccc7000 	/usr/lib/system/libsystem_configuration.dylib
0x00007fff7cccb000 	/usr/lib/system/libsystem_coreservices.dylib
0x00007fff7cccf000 	/usr/lib/system/libsystem_darwin.dylib
0x00007fff7ccd6000 	/usr/lib/system/libsystem_dnssd.dylib
0x00007fff7ccdd000 	/usr/lib/system/libsystem_info.dylib
0x00007fff7cd52000 	/usr/lib/system/libsystem_m.dylib
0x00007fff7cd9e000 	/usr/lib/system/libsystem_malloc.dylib
0x00007fff7cdc9000 	/usr/lib/system/libsystem_networkextension.dylib
0x00007fff7cdd4000 	/usr/lib/system/libsystem_notify.dylib
0x00007fff7cdf1000 	/usr/lib/system/libsystem_sandbox.dylib
0x00007fff7cdf5000 	/usr/lib/system/libsystem_secinit.dylib
0x00007fff7cd29000 	/usr/lib/system/libsystem_kernel.dylib
0x00007fff7cddc000 	/usr/lib/system/libsystem_platform.dylib
0x00007fff7cde6000 	/usr/lib/system/libsystem_pthread.dylib
0x00007fff7cdf8000 	/usr/lib/system/libsystem_symptoms.dylib
0x00007fff7ce00000 	/usr/lib/system/libsystem_trace.dylib
0x00007fff7ce17000 	/usr/lib/system/libunwind.dylib
0x00007fff7ce1d000 	/usr/lib/system/libxpc.dylib
0x00007fff7b413000 	/usr/lib/libobjc.A.dylib
0x00007fff79e73000 	/usr/lib/libc++abi.dylib
0x00007fff79e1f000 	/usr/lib/libc++.1.dylib
0x00007fff50c61000 	/System/Library/Frameworks/CoreFoundation.framework/Versions/A/CoreFoundation
0x00007fff52ee3000 	/System/Library/Frameworks/Foundation.framework/Versions/C/Foundation
0x00007fff4e278000 	/System/Library/Frameworks/AppKit.framework/Versions/C/AppKit
0x00007fff507ea000 	/System/Library/Frameworks/CoreData.framework/Versions/A/CoreData
0x00007fff736a2000 	/System/Library/PrivateFrameworks/RemoteViewServices.framework/Versions/A/RemoteViewServices
0x00007fff77919000 	/System/Library/PrivateFrameworks/UIFoundation.framework/Versions/A/UIFoundation
0x00007fff78ffd000 	/System/Library/PrivateFrameworks/XCTTargetBootstrap.framework/Versions/A/XCTTargetBootstrap
0x00007fff50b70000 	/System/Library/Frameworks/CoreDisplay.framework/Versions/A/CoreDisplay
0x00007fff6e3d8000 	/System/Library/PrivateFrameworks/IconServices.framework/Versions/A/IconServices
0x00007fff55804000 	/System/Library/Frameworks/Metal.framework/Versions/A/Metal
0x00007fff6591b000 	/System/Library/PrivateFrameworks/DesktopServicesPriv.framework/Versions/A/DesktopServicesPriv
0x00007fff7a776000 	/usr/lib/libenergytrace.dylib
0x00007fff75e00000 	/System/Library/PrivateFrameworks/SkyLight.framework/Versions/A/SkyLight
0x00007fff510a7000 	/System/Library/Frameworks/CoreGraphics.framework/Versions/A/CoreGraphics
0x00007fff4d044000 	/System/Library/Frameworks/Accelerate.framework/Versions/A/Accelerate
0x00007fff5362c000 	/System/Library/Frameworks/IOSurface.framework/Versions/A/IOSurface
0x00007fff65787000 	/System/Library/PrivateFrameworks/DFRFoundation.framework/Versions/A/DFRFoundation
0x00007fff4f562000 	/System/Library/Frameworks/AudioToolbox.framework/Versions/A/AudioToolbox
0x00007fff4f7db000 	/System/Library/Frameworks/AudioUnit.framework/Versions/A/AudioUnit
0x00007fff6581c000 	/System/Library/PrivateFrameworks/DataDetectorsCore.framework/Versions/A/DataDetectorsCore
0x00007fff4feef000 	/System/Library/Frameworks/Carbon.framework/Versions/A/Frameworks/HIToolbox.framework/Versions/A/HIToolbox
0x00007fff7a8cf000 	/usr/lib/libicucore.A.dylib
0x00007fff5b703000 	/System/Library/Frameworks/QuartzCore.framework/Versions/A/QuartzCore
0x00007fff502c4000 	/System/Library/Frameworks/Carbon.framework/Versions/A/Frameworks/SpeechRecognition.framework/Versions/A/SpeechRecognition
0x00007fff79d30000 	/usr/lib/libauto.dylib
0x00007fff7c176000 	/usr/lib/libxml2.2.dylib
0x00007fff65362000 	/System/Library/PrivateFrameworks/CoreUI.framework/Versions/A/CoreUI
0x00007fff506d5000 	/System/Library/Frameworks/CoreAudio.framework/Versions/A/CoreAudio
0x00007fff52d18000 	/System/Library/Frameworks/DiskArbitration.framework/Versions/A/DiskArbitration
0x00007fff7ab7d000 	/usr/lib/liblangid.dylib
0x00007fff6f7e3000 	/System/Library/PrivateFrameworks/MultitouchSupport.framework/Versions/A/MultitouchSupport
0x00007fff5359b000 	/System/Library/Frameworks/IOKit.framework/Versions/A/IOKit
0x00007fff7979c000 	/usr/lib/libDiagnosticMessagesClient.dylib
0x00007fff51eb6000 	/System/Library/Frameworks/CoreServices.framework/Versions/A/CoreServices
0x00007fff7149d000 	/System/Library/PrivateFrameworks/PerformanceAnalysis.framework/Versions/A/PerformanceAnalysis
0x00007fff5a8f1000 	/System/Library/Frameworks/OpenGL.framework/Versions/A/OpenGL
0x00007fff503fa000 	/System/Library/Frameworks/ColorSync.framework/Versions/A/ColorSync
0x00007fff51738000 	/System/Library/Frameworks/CoreImage.framework/Versions/A/CoreImage
0x00007fff5288e000 	/System/Library/Frameworks/CoreText.framework/Versions/A/CoreText
0x00007fff5368f000 	/System/Library/Frameworks/ImageIO.framework/Versions/A/ImageIO
0x00007fff619b4000 	/System/Library/PrivateFrameworks/Backup.framework/Versions/A/Backup
0x00007fff79c83000 	/usr/lib/libarchive.2.dylib
0x00007fff4fb34000 	/System/Library/Frameworks/CFNetwork.framework/Versions/A/CFNetwork
0x00007fff5c8ec000 	/System/Library/Frameworks/SystemConfiguration.framework/Versions/A/SystemConfiguration
0x00007fff796cd000 	/usr/lib/libCRFSuite.dylib
0x00007fff79e00000 	/usr/lib/libbsm.0.dylib
0x00007fff7cc0d000 	/usr/lib/system/libkxld.dylib
0x00007fff60da5000 	/System/Library/PrivateFrameworks/AppleFSCompression.framework/Versions/A/AppleFSCompression
0x00007fff79a9c000 	/usr/lib/libOpenScriptingUtil.dylib
0x00007fff7a128000 	/usr/lib/libcoretls.dylib
0x00007fff7a13f000 	/usr/lib/libcoretls_cfhelpers.dylib
0x00007fff7bbaa000 	/usr/lib/libpam.2.dylib
0x00007fff7bd6a000 	/usr/lib/libsqlite3.dylib
0x00007fff7c164000 	/usr/lib/libxar.1.dylib
0x00007fff79e11000 	/usr/lib/libbz2.1.0.dylib
0x00007fff7ab7f000 	/usr/lib/liblzma.5.dylib
0x00007fff7b030000 	/usr/lib/libnetwork.dylib
0x00007fff79c6c000 	/usr/lib/libapple_nghttp2.dylib
0x00007fff7bbb1000 	/usr/lib/libpcap.A.dylib
0x00007fff52255000 	/System/Library/Frameworks/CoreServices.framework/Versions/A/Frameworks/FSEvents.framework/Versions/A/FSEvents
0x00007fff51f34000 	/System/Library/Frameworks/CoreServices.framework/Versions/A/Frameworks/CarbonCore.framework/Versions/A/CarbonCore
0x00007fff52410000 	/System/Library/Frameworks/CoreServices.framework/Versions/A/Frameworks/Metadata.framework/Versions/A/Metadata
0x00007fff524af000 	/System/Library/Frameworks/CoreServices.framework/Versions/A/Frameworks/OSServices.framework/Versions/A/OSServices
0x00007fff524fa000 	/System/Library/Frameworks/CoreServices.framework/Versions/A/Frameworks/SearchKit.framework/Versions/A/SearchKit
0x00007fff51eb7000 	/System/Library/Frameworks/CoreServices.framework/Versions/A/Frameworks/AE.framework/Versions/A/AE
0x00007fff5225e000 	/System/Library/Frameworks/CoreServices.framework/Versions/A/Frameworks/LaunchServices.framework/Versions/A/LaunchServices
0x00007fff5220c000 	/System/Library/Frameworks/CoreServices.framework/Versions/A/Frameworks/DictionaryServices.framework/Versions/A/DictionaryServices
0x00007fff52562000 	/System/Library/Frameworks/CoreServices.framework/Versions/A/Frameworks/SharedFileList.framework/Versions/A/SharedFileList
0x00007fff568cc000 	/System/Library/Frameworks/NetFS.framework/Versions/A/NetFS
0x00007fff6fa49000 	/System/Library/PrivateFrameworks/NetAuth.framework/Versions/A/NetAuth
0x00007fff79401000 	/System/Library/PrivateFrameworks/login.framework/Versions/A/Frameworks/loginsupport.framework/Versions/A/loginsupport
0x00007fff77522000 	/System/Library/PrivateFrameworks/TCC.framework/Versions/A/TCC
0x00007fff649bf000 	/System/Library/PrivateFrameworks/CoreNLP.framework/Versions/A/CoreNLP
0x00007fff6f4de000 	/System/Library/PrivateFrameworks/MetadataUtilities.framework/Versions/A/MetadataUtilities
0x00007fff7ac54000 	/usr/lib/libmecabra.dylib
0x00007fff4f080000 	/System/Library/Frameworks/ApplicationServices.framework/Versions/A/Frameworks/ATS.framework/Versions/A/ATS
0x00007fff4f3cf000 	/System/Library/Frameworks/ApplicationServices.framework/Versions/A/Frameworks/ColorSyncLegacy.framework/Versions/A/ColorSyncLegacy
0x00007fff4f46e000 	/System/Library/Frameworks/ApplicationServices.framework/Versions/A/Frameworks/HIServices.framework/Versions/A/HIServices
0x00007fff4f4c1000 	/System/Library/Frameworks/ApplicationServices.framework/Versions/A/Frameworks/LangAnalysis.framework/Versions/A/LangAnalysis
0x00007fff4f4d1000 	/System/Library/Frameworks/ApplicationServices.framework/Versions/A/Frameworks/PrintCore.framework/Versions/A/PrintCore
0x00007fff4f51b000 	/System/Library/Frameworks/ApplicationServices.framework/Versions/A/Frameworks/QD.framework/Versions/A/QD
0x00007fff4f555000 	/System/Library/Frameworks/ApplicationServices.framework/Versions/A/Frameworks/SpeechSynthesis.framework/Versions/A/SpeechSynthesis
0x00007fff79e9b000 	/usr/lib/libcompression.dylib
0x00007fff55ad4000 	/System/Library/Frameworks/MetalPerformanceShaders.framework/Versions/A/MetalPerformanceShaders
0x00007fff4d05c000 	/System/Library/Frameworks/Accelerate.framework/Versions/A/Frameworks/vImage.framework/Versions/A/vImage
0x00007fff4e0d6000 	/System/Library/Frameworks/Accelerate.framework/Versions/A/Frameworks/vecLib.framework/Versions/A/vecLib
0x00007fff4e022000 	/System/Library/Frameworks/Accelerate.framework/Versions/A/Frameworks/vecLib.framework/Versions/A/libvMisc.dylib
0x00007fff4de3a000 	/System/Library/Frameworks/Accelerate.framework/Versions/A/Frameworks/vecLib.framework/Versions/A/libvDSP.dylib
0x00007fff4d6f6000 	/System/Library/Frameworks/Accelerate.framework/Versions/A/Frameworks/vecLib.framework/Versions/A/libBLAS.dylib
0x00007fff4d9e3000 	/System/Library/Frameworks/Accelerate.framework/Versions/A/Frameworks/vecLib.framework/Versions/A/libLAPACK.dylib
0x00007fff4dd8d000 	/System/Library/Frameworks/Accelerate.framework/Versions/A/Frameworks/vecLib.framework/Versions/A/libLinearAlgebra.dylib
0x00007fff4de26000 	/System/Library/Frameworks/Accelerate.framework/Versions/A/Frameworks/vecLib.framework/Versions/A/libSparseBLAS.dylib
0x00007fff4dda3000 	/System/Library/Frameworks/Accelerate.framework/Versions/A/Frameworks/vecLib.framework/Versions/A/libQuadrature.dylib
0x00007fff4d970000 	/System/Library/Frameworks/Accelerate.framework/Versions/A/Frameworks/vecLib.framework/Versions/A/libBNNS.dylib
0x00007fff4dda9000 	/System/Library/Frameworks/Accelerate.framework/Versions/A/Frameworks/vecLib.framework/Versions/A/libSparse.dylib
0x00007fff6bd0d000 	/System/Library/PrivateFrameworks/GPUWrangler.framework/Versions/A/GPUWrangler
0x00007fff6e00d000 	/System/Library/PrivateFrameworks/IOAccelerator.framework/Versions/A/IOAccelerator
0x00007fff6e018000 	/System/Library/PrivateFrameworks/IOPresentment.framework/Versions/A/IOPresentment
0x00007fff65797000 	/System/Library/PrivateFrameworks/DSExternalDisplay.framework/Versions/A/DSExternalDisplay
0x00007fff59d48000 	/System/Library/Frameworks/OpenGL.framework/Versions/A/Libraries/libCoreFSCache.dylib
0x00007fff558c8000 	/System/Library/Frameworks/MetalPerformanceShaders.framework/Frameworks/MPSCore.framework/Versions/A/MPSCore
0x00007fff558e8000 	/System/Library/Frameworks/MetalPerformanceShaders.framework/Frameworks/MPSImage.framework/Versions/A/MPSImage
0x00007fff5598d000 	/System/Library/Frameworks/MetalPerformanceShaders.framework/Frameworks/MPSNeuralNetwork.framework/Versions/A/MPSNeuralNetwork
0x00007fff55965000 	/System/Library/Frameworks/MetalPerformanceShaders.framework/Frameworks/MPSMatrix.framework/Versions/A/MPSMatrix
0x00007fff55ab9000 	/System/Library/Frameworks/MetalPerformanceShaders.framework/Frameworks/MPSRayIntersector.framework/Versions/A/MPSRayIntersector
0x00007fff6f507000 	/System/Library/PrivateFrameworks/MetalTools.framework/Versions/A/MetalTools
0x00007fff6064f000 	/System/Library/PrivateFrameworks/AggregateDictionary.framework/Versions/A/AggregateDictionary
0x00007fff79a7c000 	/usr/lib/libMobileGestalt.dylib
0x00007fff529f1000 	/System/Library/Frameworks/CoreVideo.framework/Versions/A/CoreVideo
0x00007fff6cb1e000 	/System/Library/PrivateFrameworks/GraphVisualizer.framework/Versions/A/GraphVisualizer
0x00007fff6699d000 	/System/Library/PrivateFrameworks/FaceCore.framework/Versions/A/FaceCore
0x00007fff59376000 	/System/Library/Frameworks/OpenCL.framework/Versions/A/OpenCL
0x00007fff797d4000 	/usr/lib/libFosl_dynamic.dylib
0x00007fff702b4000 	/System/Library/PrivateFrameworks/OTSVG.framework/Versions/A/OTSVG
0x00007fff4f184000 	/System/Library/Frameworks/ApplicationServices.framework/Versions/A/Frameworks/ATS.framework/Versions/A/Resources/libFontParser.dylib
0x00007fff4f29c000 	/System/Library/Frameworks/ApplicationServices.framework/Versions/A/Frameworks/ATS.framework/Versions/A/Resources/libFontRegistry.dylib
0x00007fff538fd000 	/System/Library/Frameworks/ImageIO.framework/Versions/A/Resources/libJPEG.dylib
0x00007fff53c0f000 	/System/Library/Frameworks/ImageIO.framework/Versions/A/Resources/libTIFF.dylib
0x00007fff53be5000 	/System/Library/Frameworks/ImageIO.framework/Versions/A/Resources/libPng.dylib
0x00007fff5381b000 	/System/Library/Frameworks/ImageIO.framework/Versions/A/Resources/libGIF.dylib
0x00007fff53820000 	/System/Library/Frameworks/ImageIO.framework/Versions/A/Resources/libJP2.dylib
0x00007fff53c0c000 	/System/Library/Frameworks/ImageIO.framework/Versions/A/Resources/libRadiance.dylib
0x00007fff60efc000 	/System/Library/PrivateFrameworks/AppleJPEG.framework/Versions/A/AppleJPEG
0x00007fff59d53000 	/System/Library/Frameworks/OpenGL.framework/Versions/A/Libraries/libGFXShared.dylib
0x00007fff59f16000 	/System/Library/Frameworks/OpenGL.framework/Versions/A/Libraries/libGLU.dylib
0x00007fff59d5c000 	/System/Library/Frameworks/OpenGL.framework/Versions/A/Libraries/libGL.dylib
0x00007fff59d68000 	/System/Library/Frameworks/OpenGL.framework/Versions/A/Libraries/libGLImage.dylib
0x00007fff59d45000 	/System/Library/Frameworks/OpenGL.framework/Versions/A/Libraries/libCVMSPluginSupport.dylib
0x00007fff59d4e000 	/System/Library/Frameworks/OpenGL.framework/Versions/A/Libraries/libCoreVMClient.dylib
0x00007fff7a5ec000 	/usr/lib/libcups.2.dylib
0x00007fff54dcf000 	/System/Library/Frameworks/Kerberos.framework/Versions/A/Kerberos
0x00007fff532ff000 	/System/Library/Frameworks/GSS.framework/Versions/A/GSS
0x00007fff7bcff000 	/usr/lib/libresolv.9.dylib
0x00007fff7a7de000 	/usr/lib/libiconv.2.dylib
0x00007fff6cc93000 	/System/Library/PrivateFrameworks/Heimdal.framework/Versions/A/Heimdal
0x00007fff7a7ae000 	/usr/lib/libheimdal-asn1.dylib
0x00007fff593ea000 	/System/Library/Frameworks/OpenDirectory.framework/Versions/A/OpenDirectory
0x00007fff63722000 	/System/Library/PrivateFrameworks/CommonAuth.framework/Versions/A/CommonAuth
0x00007fff593ce000 	/System/Library/Frameworks/OpenDirectory.framework/Versions/A/Frameworks/CFOpenDirectory.framework/Versions/A/CFOpenDirectory
0x00007fff5c491000 	/System/Library/Frameworks/SecurityFoundation.framework/Versions/A/SecurityFoundation
0x00007fff5fb95000 	/System/Library/PrivateFrameworks/APFS.framework/Versions/A/APFS
0x00007fff7c160000 	/usr/lib/libutil.dylib
0x00007fff79e89000 	/usr/lib/libcharset.1.dylib
0x00007fff61199000 	/System/Library/PrivateFrameworks/AppleSauce.framework/Versions/A/AppleSauce
0x00007fff6131a000 	/System/Library/PrivateFrameworks/AssertionServices.framework/Versions/A/AssertionServices
0x00007fff61a4a000 	/System/Library/PrivateFrameworks/BaseBoard.framework/Versions/A/BaseBoard
0x00007fff7abaf000 	/usr/lib/libmecab.1.0.0.dylib
0x00007fff7a7a8000 	/usr/lib/libgermantok.dylib
0x00007fff79c59000 	/usr/lib/libThaiTokenizer.dylib
0x00007fff79704000 	/usr/lib/libChineseTokenizer.dylib
0x00007fff6e6c5000 	/System/Library/PrivateFrameworks/LanguageModeling.framework/Versions/A/LanguageModeling
0x00007fff64404000 	/System/Library/PrivateFrameworks/CoreEmoji.framework/Versions/A/CoreEmoji
0x00007fff6e7a1000 	/System/Library/PrivateFrameworks/Lexicon.framework/Versions/A/Lexicon
0x00007fff6e7e4000 	/System/Library/PrivateFrameworks/LinguisticData.framework/Versions/A/LinguisticData
0x00007fff79e8a000 	/usr/lib/libcmph.dylib
0x00007fff5c54f000 	/System/Library/Frameworks/ServiceManagement.framework/Versions/A/ServiceManagement
0x00007fff619ab000 	/System/Library/PrivateFrameworks/BackgroundTaskManagement.framework/Versions/A/BackgroundTaskManagement
0x00007fff7c259000 	/usr/lib/libxslt.1.dylib
0x00007fff501f1000 	/System/Library/Frameworks/Carbon.framework/Versions/A/Frameworks/Ink.framework/Versions/A/Ink
0x00007fff77794000 	/System/Library/PrivateFrameworks/TextureIO.framework/Versions/A/TextureIO
0x00007fff79cad000 	/usr/lib/libate.dylib
0x00007fff656e6000 	/System/Library/PrivateFrameworks/CrashReporterSupport.framework/Versions/A/CrashReporterSupport
0x00007fff74ece000 	/System/Library/PrivateFrameworks/Sharing.framework/Versions/A/Sharing
0x00007fff616fd000 	/System/Library/PrivateFrameworks/AuthKit.framework/Versions/A/AuthKit
0x00007fff60c51000 	/System/Library/PrivateFrameworks/Apple80211.framework/Versions/A/Apple80211
0x00007fff6548e000 	/System/Library/PrivateFrameworks/CoreUtils.framework/Versions/A/CoreUtils
0x00007fff52a32000 	/System/Library/Frameworks/CoreWLAN.framework/Versions/A/CoreWLAN
0x00007fff5342e000 	/System/Library/Frameworks/IOBluetooth.framework/Versions/A/IOBluetooth
0x00007fff7333e000 	/System/Library/PrivateFrameworks/ProtocolBuffer.framework/Versions/A/ProtocolBuffer
0x00007fff6f73f000 	/System/Library/PrivateFrameworks/MobileKeyBag.framework/Versions/A/MobileKeyBag
0x00007fff64cd2000 	/System/Library/PrivateFrameworks/CorePhoneNumbers.framework/Versions/A/CorePhoneNumbers
0x00007fff60eb0000 	/System/Library/PrivateFrameworks/AppleIDAuthSupport.framework/Versions/A/AppleIDAuthSupport
0x00007fff6e698000 	/System/Library/PrivateFrameworks/KeychainCircle.framework/Versions/A/KeychainCircle
0x00007fff734f4000 	/System/Library/PrivateFrameworks/ROCKit.framework/Versions/A/ROCKit
0x00007fff65682000 	/System/Library/PrivateFrameworks/CoreWiFi.framework/Versions/A/CoreWiFi
0x00007fff507bf000 	/System/Library/Frameworks/CoreBluetooth.framework/Versions/A/CoreBluetooth
0x00007fff658dd000 	/System/Library/PrivateFrameworks/DebugSymbols.framework/Versions/A/DebugSymbols
0x00007fff6524e000 	/System/Library/PrivateFrameworks/CoreSymbolication.framework/Versions/A/CoreSymbolication
0x00007fff76faf000 	/System/Library/PrivateFrameworks/Symbolication.framework/Versions/A/Symbolication
0x00007fff76852000 	/System/Library/PrivateFrameworks/SpeechRecognitionCore.framework/Versions/A/SpeechRecognitionCore
0x000000010c400000 	/Library/Java/JavaVirtualMachines/jdk-14-loom-20190902.jdk/Contents/Home/lib/server/libjvm.dylib
0x000000010ab3f000 	/Library/Java/JavaVirtualMachines/jdk-14-loom-20190902.jdk/Contents/Home/lib/libverify.dylib
0x000000010ab4b000 	/Library/Java/JavaVirtualMachines/jdk-14-loom-20190902.jdk/Contents/Home/lib/libjava.dylib
0x000000010ab88000 	/Library/Java/JavaVirtualMachines/jdk-14-loom-20190902.jdk/Contents/Home/lib/libjdwp.dylib
0x000000010abcb000 	/Library/Java/JavaVirtualMachines/jdk-14-loom-20190902.jdk/Contents/Home/lib/libzip.dylib
0x000000010abd2000 	/Library/Java/JavaVirtualMachines/jdk-14-loom-20190902.jdk/Contents/Home/lib/libjimage.dylib
0x0000000132607000 	/Library/Java/JavaVirtualMachines/jdk-14-loom-20190902.jdk/Contents/Home/lib/libdt_socket.dylib
0x0000000132618000 	/Library/Java/JavaVirtualMachines/jdk-14-loom-20190902.jdk/Contents/Home/lib/libnio.dylib
0x0000000132626000 	/Library/Java/JavaVirtualMachines/jdk-14-loom-20190902.jdk/Contents/Home/lib/./libnet.dylib
0x00000001326e5000 	/Library/Java/JavaVirtualMachines/jdk-14-loom-20190902.jdk/Contents/Home/lib/libmanagement.dylib
0x000000013272e000 	/Library/Java/JavaVirtualMachines/jdk-14-loom-20190902.jdk/Contents/Home/lib/libmanagement_ext.dylib
0x0000000132695000 	/Library/Java/JavaVirtualMachines/jdk-14-loom-20190902.jdk/Contents/Home/lib/libextnet.dylib
0x000000013293b000 	/Library/Java/JavaVirtualMachines/jdk-14-loom-20190902.jdk/Contents/Home/lib/libsunec.dylib


VM Arguments:
jvm_args: -agentlib:jdwp=transport=dt_socket,server=n,suspend=y,address=49809 -Dfile.encoding=UTF-8 -Duser.country=PL -Duser.language=en -Duser.variant 
java_command: loom.workshop.WorkshopService
java_class_path (initial): /Users/jigga/projects/pl.jigga/loom-academy/workshop-service/build/classes/java/main:/Users/jigga/projects/pl.jigga/loom-academy/workshop-service/build/resources/main:/Users/jigga/.gradle/caches/modules-2/files-2.1/org.springframework.boot/spring-boot-starter-web/2.1.2.RELEASE/33749ef5bf458829eef0e0c45615bf536521a97a/spring-boot-starter-web-2.1.2.RELEASE.jar:/Users/jigga/.gradle/caches/modules-2/files-2.1/org.springframework.cloud/spring-cloud-starter-netflix-eureka-client/2.1.0.RELEASE/a61b33193531acf406a4e3cbb9c76e3ec6c77abd/spring-cloud-starter-netflix-eureka-client-2.1.0.RELEASE.jar:/Users/jigga/.gradle/caches/modules-2/files-2.1/org.springframework.boot/spring-boot-starter-json/2.1.2.RELEASE/db59b1857966985cec2cdb81cd6cfeb315f1c849/spring-boot-starter-json-2.1.2.RELEASE.jar:/Users/jigga/.gradle/caches/modules-2/files-2.1/org.springframework.cloud/spring-cloud-starter-netflix-ribbon/2.1.0.RELEASE/979c991d77b2f8fe9092f8d56d2f64d5f30cf385/spring-cloud-starter-netflix-ribbon-2.1.0.RELEASE.jar:/Users/jigga/.gradle/caches/modules-2/files-2.1/org.springframework.cloud/spring-cloud-starter-netflix-archaius/2.1.0.RELEASE/1e894ff28bca79c0581972797ca521cc276db08b/spring-cloud-starter-netflix-archaius-2.1.0.RELEASE.jar:/Users/jigga/.gradle/caches/modules-2/files-2.1/org.springframework.cloud/spring-cloud-starter/2.1.0.RELEASE/bc5df6550f2108f99ef5b62c7656123aee44c0d9/spring-cloud-starter-2.1.0.RELEASE.jar:/Users/jigga/.gradle/caches/modules-2/files-2.1/org.springframework.cloud/spring-cloud-netflix-eureka-client/2.1.0.RELEASE/90d9174bfdb439f47feb7b1fa2d597cfebfb3ea8/spring-cloud-netflix-eureka-client-2.1.0.RELEASE.jar:/Users/jigga/.gradle/caches/modules-2/files-2.1/org.springframework.cloud/spring-cloud-netflix-hystrix/2.1.0.RELEASE/475af941f77e5ef3e35fa3533bbd7aa1ec4f4cf7/spring-cloud-netflix-hystrix-2.1.0.RELEASE.jar:/Users/jigga/.gradle/caches/modules-2/files-2.1/org.springframework.boot/spring-boot-starter-aop/2.1.2.RELEASE/d4266d045585b54b0
Launcher Type: SUN_STANDARD

[Global flags]
     intx CICompilerCount                          = 4                                         {product} {ergonomic}
     uint ConcGCThreads                            = 3                                         {product} {ergonomic}
     uint G1ConcRefinementThreads                  = 10                                        {product} {ergonomic}
   size_t G1HeapRegionSize                         = 1048576                                   {product} {ergonomic}
    uintx GCDrainStackTargetSize                   = 64                                        {product} {ergonomic}
   size_t InitialHeapSize                          = 268435456                                 {product} {ergonomic}
   size_t MarkStackSize                            = 4194304                                   {product} {ergonomic}
   size_t MaxHeapSize                              = 4294967296                                {product} {ergonomic}
   size_t MaxNewSize                               = 2576351232                                {product} {ergonomic}
   size_t MinHeapDeltaBytes                        = 1048576                                   {product} {ergonomic}
   size_t MinHeapSize                              = 8388608                                   {product} {ergonomic}
    uintx NonNMethodCodeHeapSize                   = 5836300                                {pd product} {ergonomic}
    uintx NonProfiledCodeHeapSize                  = 122910970                              {pd product} {ergonomic}
    uintx ProfiledCodeHeapSize                     = 122910970                              {pd product} {ergonomic}
    uintx ReservedCodeCacheSize                    = 251658240                              {pd product} {ergonomic}
     bool SegmentedCodeCache                       = true                                      {product} {ergonomic}
   size_t SoftMaxHeapSize                          = 4294967296                             {manageable} {ergonomic}
     bool UseCompressedClassPointers               = true                                 {lp64_product} {ergonomic}
     bool UseCompressedOops                        = true                                 {lp64_product} {ergonomic}
     bool UseG1GC                                  = true                                      {product} {ergonomic}

Logging:
Log output configuration:
 #0: stdout all=warning uptime,level,tags
 #1: stderr all=off uptime,level,tags

Environment Variables:
PATH=/Users/jigga/google-cloud-sdk/bin:/usr/local/bin:/usr/bin:/bin:/usr/sbin:/sbin
SHELL=/bin/bash

Signal Handlers:
SIGSEGV: [libjvm.dylib+0x902aa0], sa_mask[0]=11111111011111110111111111111111, sa_flags=SA_ONSTACK|SA_RESTART|SA_SIGINFO
SIGBUS: [libjvm.dylib+0x902aa0], sa_mask[0]=11111111011111110111111111111111, sa_flags=SA_RESTART|SA_SIGINFO
SIGFPE: [libjvm.dylib+0x902aa0], sa_mask[0]=11111111011111110111111111111111, sa_flags=SA_RESTART|SA_SIGINFO
SIGPIPE: [libjvm.dylib+0x740253], sa_mask[0]=11111111011111110111111111111111, sa_flags=SA_RESTART|SA_SIGINFO
SIGXFSZ: [libjvm.dylib+0x740253], sa_mask[0]=11111111011111110111111111111111, sa_flags=SA_RESTART|SA_SIGINFO
SIGILL: [libjvm.dylib+0x902aa0], sa_mask[0]=11111111011111110111111111111111, sa_flags=SA_RESTART|SA_SIGINFO
SIGUSR2: [libjvm.dylib+0x74083b], sa_mask[0]=00100000000000000000000000000000, sa_flags=SA_RESTART|SA_SIGINFO
SIGHUP: [libjvm.dylib+0x73f84b], sa_mask[0]=11111111011111110111111111111111, sa_flags=SA_RESTART|SA_SIGINFO
SIGINT: [libjvm.dylib+0x73f84b], sa_mask[0]=11111111011111110111111111111111, sa_flags=SA_RESTART|SA_SIGINFO
SIGTERM: [libjvm.dylib+0x73f84b], sa_mask[0]=11111111011111110111111111111111, sa_flags=SA_RESTART|SA_SIGINFO
SIGQUIT: [libjvm.dylib+0x73f84b], sa_mask[0]=11111111011111110111111111111111, sa_flags=SA_RESTART|SA_SIGINFO


---------------  S Y S T E M  ---------------

OS:uname:Darwin 18.7.0 Darwin Kernel Version 18.7.0: Tue Aug 20 16:57:14 PDT 2019; root:xnu-4903.271.2~2/RELEASE_X86_64 x86_64
rlimit: STACK 8192k, CORE 0k, NPROC 1418, NOFILE 10240, AS infinity, DATA infinity, FSIZE infinity
load average:5.45 3.98 3.66

CPU:total 12 (initial active 12) (6 cores per cpu, 2 threads per core) family 6 model 158 stepping 10, cmov, cx8, fxsr, mmx, sse, sse2, sse3, ssse3, sse4.1, sse4.2, popcnt, avx, avx2, aes, clmul, erms, rtm, 3dnowpref, lzcnt, ht, tsc, tscinvbit, bmi1, bmi2, adx, fma

Memory: 4k page, physical 16777216k(125320k free), swap 4194304k(1312768k free)

vm_info: OpenJDK 64-Bit Server VM (14-internal+0-adhoc.jigga.loom) for bsd-amd64 JRE (14-internal+0-adhoc.jigga.loom), built on Sep  2 2019 21:37:06 by "jigga" with clang 4.2.1 Compatible Apple LLVM 10.0.1 (clang-1001.0.46.4)

END.
